16:17:20 §f                                  §6§lBESTIARY
16:17:20 §f                         §b§lGolden Ghoul §7§8XI §8➡§b §bXII
16:17:20 
16:17:20 §f                                  §r§6§lREWARDS
16:17:20 §f                      §r§8+§r§a4 §r§6Golden Ghoul §r§b✯ Magic Find
16:17:20 §f                       §r§8+§r§a4 §r§6Golden Ghoul §r§c❁ Strength
16:17:20 §f                          §r§8+§r§62% §r§a§r§6Golden Ghoul §r§7coins
16:17:20 §f                    §r§8+§r§a50% §r§7chance for extra XP orbs
16:17:20 §f                               §r§8+§r§b1 SkyBlock XP
16:17:20 
16:17:20 §3§l▬▬▬▬▬▬▬▬▬▬▬▬▬▬▬▬▬▬▬▬▬▬▬▬▬▬▬▬▬▬▬▬▬▬▬▬▬▬▬▬▬▬▬▬▬▬▬▬▬▬▬▬▬▬▬▬▬▬▬▬▬▬▬▬
17:33:20 §f                                  §6§lBESTIARY
17:33:20 §f                   §b§lAngry Archaeologist §7§8XX §8➡§b §bXXI
17:33:20 
17:33:20 §f                                  §r§6§lREWARDS
17:33:20 §f               §r§8+§r§a6 §r§d§lAngry Archaeologist §r§b✯ Magic Find
17:33:20 §f               §r§8+§r§a6 §r§d§lAngry Archaeologist §r§c❁ Strength
17:33:20 §f                   §r§8+§r§62% §r§a§r§d§lAngry Archaeologist §r§7coins
17:33:20 §f                    §r§8+§r§a50% §r§7chance for extra XP orbs
17:33:20 §f                               §r§8+§r§b1 SkyBlock XP
17:33:20 
17:33:20 §3§l▬▬▬▬▬▬▬▬▬▬▬▬▬▬▬▬▬▬▬▬▬▬▬▬▬▬▬▬▬▬▬▬▬▬▬▬▬▬▬▬▬▬▬▬▬▬▬▬▬▬▬▬▬▬▬▬▬▬▬▬▬▬▬▬
