20:44:23 `x1230t4z66`528 missed {
 is already Found: false).
 Position: LorenzVec(x=-6.5, y=55.0, z=-95.5)
 DistanceC: 23.290855076359808
Relative Position: LorenzVec(x=23.290855076359808, y=-15.104080378093045, z=-20.471827359419876)
 }
20:44:43 `cng4t9975h`228 missed {
 is already Found: false).
 Position: LorenzVec(x=22.0, y=71.0, z=-45.5)
 DistanceC: 15.84357912013477
Relative Position: LorenzVec(x=-15.84357912013477, y=0.7508129212553172, z=3.195743476167209)
 }
20:44:49 `4p7hnknsfs`519 missed {
 is already Found: false).
 Position: LorenzVec(x=66.0, y=71.0, z=-59.0)
 DistanceC: 20.0564189166643
Relative Position: LorenzVec(x=20.0564189166643, y=3.0, z=-14.07648741973977)
 }
20:45:47 `x1230t4z66`528 missed {
 is already Found: false).
 Position: LorenzVec(x=-6.5, y=55.0, z=-95.5)
 DistanceC: 23.317450801158287
Relative Position: LorenzVec(x=23.317450801158287, y=-15.419999986886978, z=-23.113723506658587)
 }
20:50:33 `Villager`358 missed {
 is already Found: false).
 Position: LorenzVec(x=-21.5, y=68.0, z=-124.5)
 DistanceC: 23.659564802648916
Relative Position: LorenzVec(x=-19.995071007173628, y=-4.0625, z=-23.659564802648916)
 }
20:52:56 `umqsr5g6fw`528 missed {
 is already Found: false).
 Position: LorenzVec(x=-6.5, y=55.0, z=-95.5)
 DistanceC: 20.0
Relative Position: LorenzVec(x=11.0, y=-15.0, z=-20.0)
 }
20:52:56 `1x7q46oo76`341 missed {
 is already Found: false).
 Position: LorenzVec(x=-41.5, y=70.0, z=-64.5)
 DistanceC: 24.0
Relative Position: LorenzVec(x=-24.0, y=0.0, z=11.0)
 }
20:52:56 `xb136947ln`423 missed {
 is already Found: false).
 Position: LorenzVec(x=-36.0, y=73.0, z=-95.5)
 DistanceC: 20.0
Relative Position: LorenzVec(x=-18.5, y=3.0, z=-20.0)
 }
20:53:11 `bbltx08i66`244 missed {
 is already Found: false).
 Position: LorenzVec(x=-42.5, y=72.0, z=-54.5)
 DistanceC: 22.029613287102123
Relative Position: LorenzVec(x=-11.800000011920929, y=1.2468000194787976, z=22.029613287102123)
 }
20:53:12 `20yd3g9bcv`245 missed {
 is already Found: false).
 Position: LorenzVec(x=-51.0, y=72.0, z=-60.5)
 DistanceC: 20.067791139155307
Relative Position: LorenzVec(x=-20.067791139155307, y=1.0, z=16.086725198311598)
 }
20:53:37 `Villager`356 missed {
 is already Found: false).
 Position: LorenzVec(x=-25.71875, y=68.0, z=-103.125)
 DistanceC: 18.870923468787225
Relative Position: LorenzVec(x=18.870923468787225, y=10.517500013113022, z=-6.342203094560048)
 }
20:53:45 `5eaq1r1n98`18 missed {
 is already Found: false).
 Position: LorenzVec(x=-3.5, y=72.0, z=-101.5)
 DistanceC: 18.764732122890816
Relative Position: LorenzVec(x=18.764732122890816, y=16.9375, z=-8.577581305365058)
 }
20:53:47 `u8ocy69ti7`1739 missed {
 is already Found: false).
 Position: LorenzVec(x=-2.5, y=72.0, z=-109.5)
 DistanceC: 19.764732122890816
Relative Position: LorenzVec(x=19.764732122890816, y=16.9375, z=-16.577581305365058)
 }
20:53:47 `5qkg28k8s5`1738 missed {
 is already Found: false).
 Position: LorenzVec(x=-0.5, y=72.0, z=-111.5)
 DistanceC: 21.764732122890816
Relative Position: LorenzVec(x=21.764732122890816, y=16.9375, z=-18.577581305365058)
 }
20:54:00 `d1116ja3ul`246 missed {
 is already Found: false).
 Position: LorenzVec(x=-55.5, y=72.0, z=-56.5)
 DistanceC: 23.552943582544927
Relative Position: LorenzVec(x=-10.430541991815566, y=1.5, z=23.552943582544927)
 }
