17:28:56 [allowed] §f §r§r§r§f §r§r§r§1 §r§r§r§0 §r§r§r§2 §r§r§r§f §r§r§r§f §r§r§r§2 §r§r§r§0 §r§r§r§4 §r§r§r§3 §r§r§r§9 §r§r§r§2 §r§r§r§0 §r§r§r§0 §r§r§r§3 §r§r§r§9 §r§r§r§2 §r§r§r§0 §r§r§r§0 §r§r§r§3 §r§r§r§9 §r§r§r§2 §r§r§r§0 §r§r§r§0 
17:28:56 [allowed] §b[MVP§4+§b] TommasoCreeper§f §6spooked into the lobby!
17:28:56 [allowed] §aYou have §b11 §aunclaimed leveling rewards!
17:28:56 [allowed] §eClick here to view them!
17:28:56 [allowed] §aYou have §64 §aunclaimed achievement rewards!
17:28:56 [allowed] §eClick here to view them!
17:28:56 [allowed] §b[MVP§c+§b] OseTheKiller§f §6spooked into the lobby!
17:28:57 [allowed] 
§r§f§l➔ §r§6§lWelcome to the Prototype Lobby§r
§r§aAll games in this lobby are currently in development.§r
§r§eClick here to leave feedback!§r§f ➤ §r§b§nhttps://hypixel.net/PTL

17:28:58 [allowed]   §r§f§l➤ §r§6You have reached your Hype limit! Add Hype to Prototype Lobby minigames by right-clicking with the Hype Diamond!
17:28:58 [allowed] §7Sending to server mini3CA...
17:28:58 [allowed] §8 §r§8 §r§1 §r§3 §r§3 §r§7 §r§8 
17:29:01 [allowed] 
17:29:01 [allowed] §eWelcome to §r§aHypixel SkyBlock§r§e!
17:29:01 [allowed] 
17:29:01 [allowed] §eLatest update: §bSkyBlock v0.23.4 §e§lCLICK
17:29:01 [allowed] §7Sending to server mini2DS...
17:29:01 [allowed] §8 §r§8 §r§1 §r§3 §r§3 §r§7 §r§8 
17:29:06 [allowed] §aA §r§bStranger §r§aappears on your island at §r§f8§r§a, §r§f100§r§a, §r§f41§r§a! You should go talk to them.
17:29:13 [allowed] §7Sending to server mini73P...
17:29:13 [allowed] §8 §r§8 §r§1 §r§3 §r§3 §r§7 §r§8 
17:29:14 [allowed] §8[§r§a155§r§8] §r§7§l㋖ §r§a[VIP] Roguebob135§f§r§f: thx
17:29:16 [allowed] §8[§r§2160§r§8] §r§7▒ §r§a[VIP§6+§a] huzpsb1§f§r§f: really cheap
17:29:35 [allowed] §8[§r§710§r§8] §r§7Nicksonc§r§7: day 2 of trading to hyperion (full unstable dragon rn)
17:30:02 [allowed] §6§LMINING FIESTA §eis now underway! Equip your pickaxe §eand head to the mines!
17:30:11 [allowed] §7Request join for Hub #1 (mega38E)...
17:30:11 [allowed] §7Sending to server mega38E...
17:30:11 [allowed] §8 §r§8 §r§1 §r§3 §r§3 §r§7 §r§8 
17:30:16 [allowed] §8[§r§710§r§8] §r§7Nicksonc§r§7: day 2 of trading to hyperion (full unstable dragon rn)
17:30:21 [allowed] §8[§r§e83§r§8] §r§a[VIP] FURY827561§f§r§f: free 50k at map
17:30:26 [allowed] §8[§r§b227§r§8] §r§a[VIP§6+§a] balenci23§f§r§f: -----LOWBALLING 900MIL /VISIT------
17:30:27 [allowed] §8[§r§713§r§8] §r§a[VIP] acinnnn§f§r§f: guide me pls anyone p me
17:30:31 [allowed] §8[§r§70§r§8] §r§7Steelballs67§7§r§7: bless me with jungle axe pls.
17:30:32 [allowed] §8[§r§3241§r§8] §r§7⸙ §r§a[VIP§6+§a] SoberCounsel§f§r§f: yoooo
17:30:35 [allowed] §8[§r§3241§r§8] §r§7⸙ §r§a[VIP§6+§a] SoberCounsel§f§r§f: 43!
17:30:37 [allowed] §aBeetleJuice__1 §ahas sent you a trade request. §bClick here §ato accept!
17:30:38 [allowed] §8[§r§79§r§8] §r§7_KreedMan_§7§r§7: guys pls rank up me pls,,(((((((((((
17:30:40 [allowed] §8[§r§f45§r§8] §r§a[VIP] custosvampyrus§f§r§f: selling t11 snow minion & t11 netherwart minion /p me
17:30:41 [allowed] §cThis /trade request is invalid or has expired!
17:30:43 [allowed] §cThis /trade request is invalid or has expired!
17:30:44 [allowed] §cThis /trade request is invalid or has expired!
17:30:46 [allowed] §8[§r§e83§r§8] §r§a[VIP] FURY827561§f§r§f: free 50k at the map :D
17:30:46 [allowed] §8[§r§e91§r§8] §r§a[VIP§6+§a] Maxey_tang§f§r§f: (!)(!)(!) Lowballing with a 600m purse /visit me 20m items plus great rates (!)(!)(!)ssssssssssssssssssss
17:30:51 [allowed] §8[§r§e83§r§8] §r§a[VIP] FURY827561§f§r§f: giving 50k at map
17:30:51 [allowed] §cThere are blocks in the way!
17:30:56 [allowed] §8[§r§3241§r§8] §r§7⸙ §r§a[VIP§6+§a] SoberCounsel§f§r§f: Hi1
17:30:58 [allowed] §8[§r§f45§r§8] §r§a[VIP] custosvampyrus§f§r§f: selling t11 snow minion & t11 netherwart minion /p me or /visit me
17:31:05 [allowed] §8[§r§3241§r§8] §r§7⸙ §r§a[VIP§6+§a] SoberCounsel§f§r§f: you remember me?
17:31:15 [allowed] §8[§r§f50§r§8] §r§7_LoxLox31_§7§r§7: guys who can buy a VIP, I will be very grateful<<<<<<<<<<<<<<<<<<<<
17:31:16 [allowed] §8[§r§2164§r§8] §r§6⛂ §r§a[VIP§6+§a] _ItzVoid§f§r§f: lb 600m, /visit me
17:31:19 [allowed] §8[§r§3241§r§8] §r§7⸙ §r§a[VIP§6+§a] SoberCounsel§f§r§f: hella cool seeing you here
17:31:20 [allowed] §8[§r§713§r§8] §r§a[VIP] acinnnn§f§r§f: hey can someone guides me plz party me
17:31:23 [allowed] §8[§r§e83§r§8] §r§a[VIP] FURY827561§f§r§f: giving 50k at the map
17:31:27 [allowed] §8[§r§79§r§8] §r§7_KreedMan_§7§r§7: guys pls rank up me >>>>>>>pls
17:31:28 [allowed] §8[§r§738§r§8] §r§7♦ §r§a[VIP] Odeezio§f§r§f: gimme 100m
17:31:29 [allowed] §8[§r§3241§r§8] §r§7⸙ §r§a[VIP§6+§a] SoberCounsel§f§r§f: are you muted?
17:31:37 [allowed] §8[§r§3241§r§8] §r§7⸙ §r§a[VIP§6+§a] SoberCounsel§f§r§f: very sad
17:31:39 [allowed] §8[§r§e91§r§8] §r§a[VIP§6+§a] Maxey_tang§f§r§f: (!)(!)(!) Lowballing with a 600m purse /visit me 20m items plus great rates (!)(!)(!) (!)(!)(!) Lowballing with a 600m purse /visit me 20m items plus great rates (!)(!)(!)
17:31:39 [allowed] §8[§r§e83§r§8] §r§a[VIP] FURY827561§f§r§f: free 50k at map :p
17:31:39 [allowed] §8[§r§b232§r§8] §r§7☠ §r§a[VIP§6+§a] naplays§f§r§f: ヽ(⌐■_■)ノ♬ Lowballing 1b /visit Naplays
17:31:41 [allowed] §8[§r§710§r§8] §r§7Nicksonc§r§7: trading to hyperion day 2 (full unstable dragon rn)
17:31:44 [allowed] §8[§r§f71§r§8] §r§7Paevmentt§7§r§7: Selling T11 Slimes 2m Per - Also Buying Recombed Accessories
17:31:50 [allowed] §8[§r§e104§r§8] §r§a[VIP] zBearr§f§r§f: FURY827561
17:31:52 [allowed] §8[§r§720§r§8] §r§7Snodybad23§7§r§7: anyone want to exchange armour with me come at map
17:31:54 [allowed] §8[§r§e104§r§8] §r§a[VIP] zBearr§f§r§f: GIMME money ;-;
17:31:57 [allowed] §8[§r§f77§r§8] §r§6[MVP§c++§6] MC_HIVE_001§f§r§f: free coins in my ahh
17:32:02 [allowed] §8[§r§3241§r§8] §r§7⸙ §r§a[VIP§6+§a] SoberCounsel§f§r§f: confirm that you read this message by turning twice
17:32:04 [allowed] §8[§r§e91§r§8] §r§a[VIP§6+§a] Maxey_tang§f§r§f: (!)(!)(!) Lowballing with a 600m purse /visit me 20m items plus great rates (!)(!)(!)
17:32:07 [allowed] §8[§r§e83§r§8] §r§a[VIP] FURY827561§f§r§f: free 50k at the ma[p
17:32:11 [allowed] §8[§r§70§r§8] §r§7Steelballs67§7§r§7: poor ahh
17:32:15 [allowed] §8[§r§e104§r§8] §r§a[VIP] zBearr§f§r§f: more !
17:32:19 [allowed] §8[§r§2161§r§8] §r§7☠ §r§b[MVP§d+§b] BigUncJ§f§r§f: lowballing 1.3b
17:32:25 [allowed] §8[§r§e104§r§8] §r§a[VIP] zBearr§f§r§f: MORE !
17:32:26 [allowed] §8[§r§79§r§8] §r§7_KreedMan_§7§r§7: guys pls rank up me >>pls
17:32:27 [allowed] §7Request join for Hub #2 (mega39D)...
17:32:27 [allowed] §7Sending to server mega39D...
17:32:28 [allowed] §8 §r§8 §r§1 §r§3 §r§3 §r§7 §r§8 
17:32:33 [allowed] §cPlease move away from spawn to chat!
17:32:41 [allowed] §cThis ability is on cooldown for 5s.
17:32:42 [allowed] §6§m-----------------------------------------
17:32:42 [allowed] §cYou cannot say the same message twice!
17:32:42 [allowed] §6§m-----------------------------------------
17:32:48 [allowed] §8[§r§710§r§8] §r§7Nicksonc§r§7: day 2 of trading to hyperion (full unstable dragon rn)
17:33:19 [allowed] §7Request join for Hub #1 (mega38E)...
17:33:19 [allowed] §7Sending to server mega38E...
17:33:19 [allowed] §8 §r§8 §r§1 §r§3 §r§3 §r§7 §r§8 
17:33:21 [allowed] §8[§r§a144§r§8] §r§7❤ §r§b[MVP§e+§b] d1kingfreakglaze§f§r§f: selling t11 slime minions
17:33:23 [allowed] §8[§r§e90§r§8] §r§b[MVP§c+§b] ulzee§f§r§f: where are the wolves?
17:33:24 [allowed] §8[§r§3241§r§8] §r§7⸙ §r§a[VIP§6+§a] SoberCounsel§f§r§f: you could go to your island an write something on a sign
17:33:27 [allowed] §8[§r§e83§r§8] §r§a[VIP] FURY827561§f§r§f: fre 50kat map :p
17:33:29 [allowed] §8[§r§710§r§8] §r§7Nicksonc§r§7: trading to hype ./p me
17:33:29 [allowed] §8[§r§f71§r§8] §r§7Paevmentt§7§r§7: Itx_colex do u got any other recombed accessories
17:33:30 [allowed] §8[§r§a144§r§8] §r§7❤ §r§b[MVP§e+§b] d1kingfreakglaze§f§r§f: selling t11 slime minions /p me
17:33:35 [allowed] §8[§r§3241§r§8] §r§7⸙ §r§a[VIP§6+§a] SoberCounsel§f§r§f: ok ok
17:33:38 [allowed] §8[§r§a148§r§8] §r§7⸎ §r§6[MVP§1++§6] Swtic§f§r§f: SELLING t1 and t11 flower minions
17:33:44 [allowed] §8[§r§e90§r§8] §r§b[MVP§c+§b] ulzee§f§r§f: where are the sven packmaster?
17:33:45 [allowed] §8[§r§e94§r§8] §r§7❤ §r§b[MVP] KissReceiver§f§r§f: can anyone carry me in eman T4 please
17:33:46 [allowed] §8[§r§3241§r§8] §r§7⸙ §r§a[VIP§6+§a] SoberCounsel§f§r§f: you dont have something to say anyways
17:33:46 [allowed] §8[§r§713§r§8] §r§a[VIP] acinnnn§f§r§f: need guides pls p me
17:33:47 [allowed] §8[§r§70§r§8] §r§7Steelballs67§7§r§7: ty fury
17:33:48 [allowed] §8[§r§f77§r§8] §r§6[MVP§c++§6] MC_HIVE_001§f§r§f: check my ah for free coins
17:33:50 [allowed] §8[§r§e83§r§8] §r§a[VIP] FURY827561§f§r§f: np
17:33:58 [allowed] §8[§r§e83§r§8] §r§a[VIP] FURY827561§f§r§f: giving 50k at mp
17:33:59 [allowed] §8[§r§e116§r§8] §r§7DarkHunk05§7§r§7: lowballing 700m /visit me
17:34:05 [allowed] §8[§r§a125§r§8] §r§6▒ §r§a[VIP§6+§a] HUGHFORD11§f§r§f: anyone have a spare 10m i can have at map please?
17:34:14 [allowed] §8[§r§a144§r§8] §r§7❤ §r§b[MVP§e+§b] d1kingfreakglaze§f§r§f: selling t11 slime minions /p me ////';/////
17:34:14 [allowed] §8[§r§70§r§8] §r§7Steelballs67§7§r§7: huge
17:34:17 [allowed] §8[§717§8] §r§7Ma1W4rE§7§7 is holding §r§8[§5Lion Tamarin Monkey Skin§8]
17:34:17 [allowed] §8[§r§e116§r§8] §r§7DarkHunk05§7§r§7: lowballing 700m /visit me FAST
17:34:17 [allowed] §8[§r§e83§r§8] §r§a[VIP] FURY827561§f§r§f: giving ppl 50k at map
17:34:22 [allowed] §cYou cannot trade while the server is lagging!
17:34:23 [allowed] §cThis ability is on cooldown for 1s.
17:34:23 [allowed] §cYou cannot trade while the server is lagging!
17:34:23 [allowed] §cYou cannot trade while the server is lagging!
17:34:24 [allowed] §cThis ability is on cooldown for 1s.
17:34:24 [allowed] §cYou cannot trade while the server is lagging!
17:34:24 [allowed] §cThis ability is on cooldown for 1s.
17:34:24 [allowed] §cYou cannot trade while the server is lagging!
17:34:24 [allowed] §cThis ability is on cooldown for 1s.
17:34:24 [allowed] §cYou cannot trade while the server is lagging!
17:34:25 [allowed] §cYou cannot trade while the server is lagging!
17:34:25 [allowed] §cYou cannot trade while the server is lagging!
17:34:25 [allowed] §cYou cannot trade while the server is lagging!
17:34:25 [allowed] §cYou cannot trade while the server is lagging!
17:34:25 [allowed] §cYou cannot trade while the server is lagging!
17:34:25 [allowed] §cYou cannot trade while the server is lagging!
17:34:25 [allowed] §cYou cannot trade while the server is lagging!
17:34:25 [allowed] §8[§r§b204§r§8] §r§6§lᛝ §r§b[MVP§6+§b] 7v_Ice§f§r§f: lowballing 300m
17:34:26 [allowed] §cYou cannot trade while the server is lagging!
17:34:26 [allowed] §cYou cannot trade while the server is lagging!
17:34:26 [allowed] §aYou have sent a trade request to §r§aFURY827561§r§a.
17:34:26 [allowed] §cWoah there! You already have an outgoing /trade request!
17:34:26 [allowed] §cWoah there! You already have an outgoing /trade request!
17:34:27 [allowed] §cWoah there! You already have an outgoing /trade request!
17:34:27 [allowed] §8[§r§70§r§8] §r§7Steelballs67§7§r§7: gyatt
17:34:32 [allowed] §8[§r§3265§r§8] §r§7§l℻ §r§a[VIP§6+§a] Death69_§f§r§f: 437926 u are very special
17:34:34 [allowed] §8[§r§2164§r§8] §r§6⛂ §r§a[VIP§6+§a] _ItzVoid§f§r§f: lowballing 600m
17:34:34 [allowed] §6Trade completed with §r§a[VIP] FURY827561§r§f§r§6!
17:34:34 [allowed]  §r§a§l+ §r§650k coins
17:34:35 [allowed] §8[§r§b227§r§8] §r§a[VIP§6+§a] balenci23§f§r§f: LOWBALLING 850MIL
17:34:40 [allowed] §8[§r§3265§r§8] §r§7§l℻ §r§a[VIP§6+§a] Death69_§f§r§f: bless u
17:34:45 [allowed] §8[§r§a148§r§8] §r§7⸎ §r§6[MVP§1++§6] Swtic§f§r§f: SELLING t1 and t11 flower minions /////////
17:34:45 [allowed] §8[§r§f43§r§8] §r§7▒ §r§b[MVP§4+§b] Minedare§f§r§f: thanks lol
17:34:46 [allowed] §8[§r§d331§r§8] §r§6[MVP§9++§6] zokkae§f§r§f: LB 11B PURSE /VISIT zokkae LF 100M+ only §r§c❤
17:34:46 [allowed] §8[§r§3241§r§8] §r§7⸙ §r§a[VIP§6+§a] SoberCounsel§f§r§f: hol up
17:34:47 [allowed] §8[§r§b232§r§8] §r§7☠ §r§a[VIP§6+§a] naplays§f§r§f: ヽ(⌐■_■)ノ♬ Lowballing 1b /visit Naplays ( ﾟ◡ﾟ)/ ヽ(⌐■_■)ノ♬
17:34:54 [allowed] §8[§r§3241§r§8] §r§7⸙ §r§a[VIP§6+§a] SoberCounsel§f§r§f: giving money away again?
17:34:59 [allowed] §8[§r§e83§r§8] §r§a[VIP] FURY827561§f§r§f: 437926 is very special
17:35:05 [allowed] §8[§r§a134§r§8] §r§b[MVP] Bigslime56§f§r§f: some 1 buy my ah
17:35:10 [allowed] §8[§r§710§r§8] §r§7Nicksonc§r§7: trading to hype ./p me /////////
17:35:11 [allowed] §8[§r§a144§r§8] §r§7❤ §r§b[MVP§e+§b] d1kingfreakglaze§f§r§f: selling t11 slime minions /p me\\\\\\\\
17:35:11 [allowed] §8[§r§3265§r§8] §r§7§l℻ §r§a[VIP§6+§a] Death69_§f§r§f: Looking for a Guild? /g join You Name It (we are an active and a mid game friendly guild) reqs - 2b+ nw and lvl 150+
17:35:12 [allowed] §8[§r§e83§r§8] §r§a[VIP] FURY827561§f§r§f: free 50k at the map <3
17:35:19 [allowed] §8[§r§a148§r§8] §r§7⸎ §r§6[MVP§1++§6] Swtic§f§r§f: [10] Nicksonc: trading to hype ./p me /////////
17:35:19 [allowed] §8[§r§70§r§8] §r§7Steelballs67§7§r§7: sober im gonna touch you
17:35:28 [allowed] §8[§r§b232§r§8] §r§7☠ §r§a[VIP§6+§a] naplays§f§r§f: Lowballing 1b /visit Naplays o.
17:35:31 [allowed] §8[§r§b204§r§8] §r§6§lᛝ §r§b[MVP§6+§b] 7v_Ice§f§r§f: lb 300m
17:35:31 [allowed] §8[§r§710§r§8] §r§7Nicksonc§r§7: ye
17:35:38 [allowed] §8[§r§e91§r§8] §r§a[VIP§6+§a] Maxey_tang§f§r§f: (!)(!)(!) Lowballing with a 600m purse /visit me 20m items plus great rates (!)(!)(!)
17:35:38 [allowed] §8[§r§a148§r§8] §r§7⸎ §r§6[MVP§1++§6] Swtic§f§r§f: SELLING t1 and t11 flower minion
17:35:39 [allowed] §8[§r§d331§r§8] §r§6[MVP§9++§6] zokkae§f§r§f: LB 11B /VISIT zokkae 100M+ only !! §r§c❤
17:35:39 [allowed] §8[§r§f77§r§8] §r§6[MVP§c++§6] MC_HIVE_001§f§r§f: free million see my ah
17:35:40 [allowed] §8[§r§b227§r§8] §r§a[VIP§6+§a] balenci23§f§r§f: t/bz
17:35:49 [allowed] §8[§r§70§r§8] §r§7Steelballs67§7§r§7: you
17:35:53 [allowed] §8[§r§4492§r§8] §r§b♔ §r§b[MVP§4+§b] Okkm§f§r§f: Lowballing 5.1b 100m+
17:35:54 [allowed] §8[§r§3241§r§8] §r§7⸙ §r§a[VIP§6+§a] SoberCounsel§f§r§f: hm?
17:35:55 [allowed] §8[§r§e83§r§8] §r§a[VIP] FURY827561§f§r§f: free 50k at map :>
17:35:57 [allowed] §8[§r§e91§r§8] §r§a[VIP§6+§a] Maxey_tang§f§r§f: (!)(!)(!) Lowballing with a 600m purse /visit me 20m items plus great rates (!)(!)(!) xxxxxxxxxxxxxxxx
17:36:00 [allowed] §8[§r§70§r§8] §r§7Steelballs67§7§r§7: :)
17:36:01 [allowed] §8[§r§a134§r§8] §r§b[MVP] Bigslime56§f§r§f: very good shadow fury in my ahhhhhhhhhh
17:36:02 [allowed] §8[§r§4492§r§8] §r§b♔ §r§b[MVP§4+§b] Okkm§f§r§f: Lowballing 5.1b 100m+ /visit okkm
17:36:08 [allowed] §8[§r§f50§r§8] §r§7_LoxLox31_§7§r§7: guys who can buy a VIP, I will be very grateful<<<<<<<<<<<<
17:36:09 [allowed] §8[§r§e94§r§8] §r§7❤ §r§b[MVP] KissReceiver§f§r§f: can someone carry me in T4 eman pls bruiser
17:36:10 [allowed] §8[§r§2192§r§8] §r§6☠ §r§6[MVP§f++§6] IAMFIXXY§f§r§f: Lowballing 950m
