23:11:35 §eOne or more items didn't fit in your inventory and were added to your material stash! §6Click here §eto pick them up!
23:11:35 §eOne or more items didn't fit in your inventory and were added to your item stash! §6Click here §eto pick them up!
23:11:38 §eOne or more items didn't fit in your inventory and were added to your material stash! §6Click here §eto pick them up!
23:11:38 §eOne or more items didn't fit in your inventory and were added to your item stash! §6Click here §eto pick them up!
23:11:40 §eOne or more items didn't fit in your inventory and were added to your material stash! §6Click here §eto pick them up!
23:11:40 §eOne or more items didn't fit in your inventory and were added to your item stash! §6Click here §eto pick them up!
23:11:40 §eOne or more items didn't fit in your inventory and were added to your material stash! §6Click here §eto pick them up!
23:11:40 §eOne or more items didn't fit in your inventory and were added to your item stash! §6Click here §eto pick them up!
23:11:40 §eOne or more items didn't fit in your inventory and were added to your material stash! §6Click here §eto pick them up!
23:11:40 §eOne or more items didn't fit in your inventory and were added to your item stash! §6Click here §eto pick them up!
23:11:41 §eOne or more items didn't fit in your inventory and were added to your material stash! §6Click here §eto pick them up!
23:11:41 §eOne or more items didn't fit in your inventory and were added to your item stash! §6Click here §eto pick them up!
23:11:45 §eOne or more items didn't fit in your inventory and were added to your material stash! §6Click here §eto pick them up!
23:11:45 §eOne or more items didn't fit in your inventory and were added to your item stash! §6Click here §eto pick them up!
23:11:48  
23:11:48 §f                 §7You have §388 §7materials stashed away!
23:11:48 §f               §8(This totals 1 type of material stashed!)
23:11:48 §f                §3§l>>> §3§lCLICK HERE§b to pick them up! §3§l<<<
23:11:48   
23:11:49 §eOne or more items didn't fit in your inventory and were added to your material stash! §6Click here §eto pick them up!
23:11:49 §eOne or more items didn't fit in your inventory and were added to your item stash! §6Click here §eto pick them up!
23:11:49 §eOne or more items didn't fit in your inventory and were added to your material stash! §6Click here §eto pick them up!
23:11:49 §eOne or more items didn't fit in your inventory and were added to your item stash! §6Click here §eto pick them up!
23:11:50 §eOne or more items didn't fit in your inventory and were added to your material stash! §6Click here §eto pick them up!
23:11:50 §eOne or more items didn't fit in your inventory and were added to your item stash! §6Click here §eto pick them up!
23:11:52 §eOne or more items didn't fit in your inventory and were added to your material stash! §6Click here §eto pick them up!
23:11:52 §eOne or more items didn't fit in your inventory and were added to your item stash! §6Click here §eto pick them up!
23:11:52 §eOne or more items didn't fit in your inventory and were added to your material stash! §6Click here §eto pick them up!
23:11:52 §eOne or more items didn't fit in your inventory and were added to your item stash! §6Click here §eto pick them up!
23:11:52 §eOne or more items didn't fit in your inventory and were added to your material stash! §6Click here §eto pick them up!
23:11:52 §eOne or more items didn't fit in your inventory and were added to your item stash! §6Click here §eto pick them up!
23:11:56 §eOne or more items didn't fit in your inventory and were added to your material stash! §6Click here §eto pick them up!
23:11:56 §eOne or more items didn't fit in your inventory and were added to your item stash! §6Click here §eto pick them up!
23:11:56 §eOne or more items didn't fit in your inventory and were added to your material stash! §6Click here §eto pick them up!
23:11:56 §eOne or more items didn't fit in your inventory and were added to your item stash! §6Click here §eto pick them up!
23:11:57 §eOne or more items didn't fit in your inventory and were added to your material stash! §6Click here §eto pick them up!
23:11:57 §eOne or more items didn't fit in your inventory and were added to your item stash! §6Click here §eto pick them up!
23:11:57 §eOne or more items didn't fit in your inventory and were added to your material stash! §6Click here §eto pick them up!
23:11:57 §eOne or more items didn't fit in your inventory and were added to your item stash! §6Click here §eto pick them up!
23:11:57 §eOne or more items didn't fit in your inventory and were added to your material stash! §6Click here §eto pick them up!
23:11:57 §eOne or more items didn't fit in your inventory and were added to your item stash! §6Click here §eto pick them up!
23:12:00 §eOne or more items didn't fit in your inventory and were added to your material stash! §6Click here §eto pick them up!
23:12:00 §eOne or more items didn't fit in your inventory and were added to your item stash! §6Click here §eto pick them up!
23:12:00 §eOne or more items didn't fit in your inventory and were added to your material stash! §6Click here §eto pick them up!
23:12:00 §eOne or more items didn't fit in your inventory and were added to your item stash! §6Click here §eto pick them up!
23:12:05 §eOne or more items didn't fit in your inventory and were added to your material stash! §6Click here §eto pick them up!
23:12:05 §eOne or more items didn't fit in your inventory and were added to your item stash! §6Click here §eto pick them up!
23:12:06 §eOne or more items didn't fit in your inventory and were added to your material stash! §6Click here §eto pick them up!
23:12:06 §eOne or more items didn't fit in your inventory and were added to your item stash! §6Click here §eto pick them up!
23:12:07 §eOne or more items didn't fit in your inventory and were added to your material stash! §6Click here §eto pick them up!
23:12:07 §eOne or more items didn't fit in your inventory and were added to your item stash! §6Click here §eto pick them up!
23:12:09 §eOne or more items didn't fit in your inventory and were added to your material stash! §6Click here §eto pick them up!
23:12:09 §eOne or more items didn't fit in your inventory and were added to your item stash! §6Click here §eto pick them up!
23:12:11 §eOne or more items didn't fit in your inventory and were added to your material stash! §6Click here §eto pick them up!
23:12:11 §eOne or more items didn't fit in your inventory and were added to your item stash! §6Click here §eto pick them up!
23:12:13 §eOne or more items didn't fit in your inventory and were added to your material stash! §6Click here §eto pick them up!
23:12:13 §eOne or more items didn't fit in your inventory and were added to your item stash! §6Click here §eto pick them up!
23:12:15 §eOne or more items didn't fit in your inventory and were added to your material stash! §6Click here §eto pick them up!
23:12:15 §eOne or more items didn't fit in your inventory and were added to your item stash! §6Click here §eto pick them up!
23:12:19 §eOne or more items didn't fit in your inventory and were added to your material stash! §6Click here §eto pick them up!
23:12:19 §eOne or more items didn't fit in your inventory and were added to your item stash! §6Click here §eto pick them up!
23:12:23 §eOne or more items didn't fit in your inventory and were added to your material stash! §6Click here §eto pick them up!
23:12:23 §eOne or more items didn't fit in your inventory and were added to your item stash! §6Click here §eto pick them up!
23:12:25 §eOne or more items didn't fit in your inventory and were added to your material stash! §6Click here §eto pick them up!
23:12:25 §eOne or more items didn't fit in your inventory and were added to your item stash! §6Click here §eto pick them up!
23:12:49 §f                 §7You have §3626 §7materials stashed away!
23:12:49 §f               §8(This totals 1 type of material stashed!)
23:12:49 §f                §3§l>>> §3§lCLICK HERE§b to pick them up! §3§l<<<
23:12:49   
