09:01:23 §e[SkyHanni] Updated NEU repo§r
09:01:25 §e[SkyHanni] Reloaded 7646 items in the NEU repo§r
09:02:03 §c[SkyHanni 4.0.0 1.8.9]: Caught a NullPointerException in at.hannibal2.skyhanni.data.mob.MobDetection.onTick() at SkyHanniTickEvent: group(...) must not be null§c. Click here to copy the error into the clipboard.§r
09:02:44 §e[SkyHanni] You have gained §b17 §eBits.§r
09:03:30 §e[SkyHanni] You have gained §b17 §eBits.§r
09:04:29 §e[SkyHanni] You have gained §b17 §eBits.§r
09:05:17 §e[SkyHanni] You have gained §b34 §eBits.§r
09:06:10 §e[SkyHanni] You have gained §b17 §eBits.§r
09:07:10 §e[SkyHanni] You have gained §b34 §eBits.§r
09:07:50 §e[SkyHanni] You have gained §b17 §eBits.§r
09:08:33 §e[SkyHanni] You have gained §b17 §eBits.§r
09:09:49 §e[SkyHanni] You have gained §b17 §eBits.§r
09:11:24 §e[SkyHanni] You have gained §b17 §eBits.§r
09:12:03 §c[SkyHanni 4.0.0 1.8.9]: Caught a NullPointerException in at.hannibal2.skyhanni.data.mob.MobDetection.onTick() at SkyHanniTickEvent: group(...) must not be null§c. Click here to copy the error into the clipboard.§r
09:12:14 §e[SkyHanni] You have gained §b17 §eBits.§r
09:13:05 §e[SkyHanni] You have gained §b17 §eBits.§r
09:13:45 §e[SkyHanni] You have gained §b17 §eBits.§r
09:14:38 §e[SkyHanni] You have gained §b17 §eBits.§r
09:15:24 §e[SkyHanni] You have gained §b17 §eBits.§r
09:16:11 §e[SkyHanni] You have gained §b17 §eBits.§r
09:16:54 §e[SkyHanni] You have gained §b17 §eBits.§r
09:18:11 §e[SkyHanni] You have gained §b17 §eBits.§r
09:18:58 §e[SkyHanni] You have gained §b17 §eBits.§r
09:19:53 §e[SkyHanni] You have gained §b17 §eBits.§r
09:20:54 §e[SkyHanni] You have gained §b17 §eBits.§r
09:21:39 §e[SkyHanni] You have gained §b17 §eBits.§r
09:22:34 §c[SkyHanni 4.0.0 1.8.9]: Caught a NullPointerException in at.hannibal2.skyhanni.data.mob.MobDetection.onTick() at SkyHanniTickEvent: group(...) must not be null§c. Click here to copy the error into the clipboard.§r
09:22:48 §e[SkyHanni] You have gained §b17 §eBits.§r
09:23:26 §e[SkyHanni] You have gained §b17 §eBits.§r
09:24:18 §e[SkyHanni] You have gained §b17 §eBits.§r
09:29:24 §e[SkyHanni] You have gained §b17 §eBits.§r
09:30:17 §e[SkyHanni] You have gained §b17 §eBits.§r
09:31:03 §e[SkyHanni] You have gained §b275 §eBits.§r
09:35:05 §c[SkyHanni 4.0.0 1.8.9]: Caught a NullPointerException in at.hannibal2.skyhanni.data.mob.MobDetection.onTick() at SkyHanniTickEvent: group(...) must not be null§c. Click here to copy the error into the clipboard.§r
09:35:21 §e[SkyHanni] You have gained §b17 §eBits.§r
09:36:09 §e[SkyHanni] You have gained §b17 §eBits.§r
09:37:07 §e[SkyHanni] You have gained §b17 §eBits.§r
09:38:07 §e[SkyHanni] You have gained §b17 §eBits.§r
09:38:10 §e[SkyHanni] Start a new slayer quest! You have no Auto-Slayer active!§r
09:38:52 §e[SkyHanni] You have gained §b17 §eBits.§r
09:39:41 §e[SkyHanni] You have gained §b17 §eBits.§r
09:40:51 §e[SkyHanni] You have gained §b17 §eBits.§r
09:42:31 §e[SkyHanni] You have gained §b17 §eBits.§r
09:43:40 §e[SkyHanni] You have gained §b17 §eBits.§r
09:44:32 §e[SkyHanni] You have gained §b17 §eBits.§r
09:45:14 §c[SkyHanni 4.0.0 1.8.9]: Caught a NullPointerException in at.hannibal2.skyhanni.data.mob.MobDetection.onTick() at SkyHanniTickEvent: group(...) must not be null§c. Click here to copy the error into the clipboard.§r
09:45:32 §e[SkyHanni] You have gained §b17 §eBits.§r
09:46:30 §e[SkyHanni] You have gained §b17 §eBits.§r
09:48:30 §e[SkyHanni] Start a new slayer quest! The old slayer quest has failed!§r
09:50:16 §e[SkyHanni] You have gained §b17 §eBits.§r
09:51:03 §e[SkyHanni] You have gained §b17 §eBits.§r
09:52:16 §e[SkyHanni] You have gained §b17 §eBits.§r
09:52:45 §e[SkyHanni] §b+3 SkyBlock XP §7(Attribute Levels§7)§b (84/100)§r
09:54:20 §e[SkyHanni] You have gained §b17 §eBits.§r
09:55:08 §e[SkyHanni] You have gained §b17 §eBits.§r
09:55:34 §c[SkyHanni 4.0.0 1.8.9]: Caught a NullPointerException in at.hannibal2.skyhanni.data.mob.MobDetection.onTick() at SkyHanniTickEvent: group(...) must not be null§c. Click here to copy the error into the clipboard.§r
10:40:37 §6§lBESTIARY §r§b§lSniper §7§8IX §8➡§b §bX§r
10:46:52 §e[SkyHanni] §b+1 SkyBlock XP §7(Class Level Up§7)§b (85/100)§r
