17:04:38 [allowed] §f §r§r§r§f §r§r§r§1 §r§r§r§0 §r§r§r§2 §r§r§r§f §r§r§r§f §r§r§r§2 §r§r§r§0 §r§r§r§4 §r§r§r§3 §r§r§r§9 §r§r§r§2 §r§r§r§0 §r§r§r§0 §r§r§r§3 §r§r§r§9 §r§r§r§2 §r§r§r§0 §r§r§r§0 §r§r§r§3 §r§r§r§9 §r§r§r§2 §r§r§r§0 §r§r§r§0 
17:04:38 [allowed] §aYou have §b46 §aunclaimed leveling rewards!
17:04:38 [allowed] §eClick here to view them!
17:04:38 [allowed] §aYou have §69 §aunclaimed achievement rewards!
17:04:38 [allowed] §eClick here to view them!
17:04:42 [allowed] §7Sending to server mini80CN...
17:04:42 [allowed] §8 §r§8 §r§1 §r§3 §r§3 §r§7 §r§8 
17:04:44 [allowed] §cYou are sending commands too fast! Please slow down.
17:04:45 [allowed] 
17:04:45 [allowed] §eWelcome to §r§aHypixel SkyBlock§r§e!
17:04:45 [allowed] 
17:04:45 [allowed] §eLatest update: §bSkyBlock v0.23.4 §e§lCLICK
17:04:45 [allowed] §aYou are playing on profile: §eOrange
17:04:45 [allowed] §8Profile ID: ff830177-eb82-4d06-aa5d-336dd4acec83
17:04:46 [allowed] §9§m-----------------------------------------------------§r§9
§r§9                         §r§9 §6Friends (Page 1 of 10) §r§e§l>>§r§9
§r§9§b_mm6_ §eis in SkyBlock - Master Mode The Catacombs - §4[MM] §eFloor VI§r§9
§r§9§bPando_Wizz §eis in SkyBlock - Private Island§r§9
§r§9§a12MR §cis currently offline§r§9
§r§9§b26E §cis currently offline§r§9
§r§9§b__deg §cis currently offline§r§9
§r§9§a_Freggles_ §cis currently offline§r§9
§r§9§7Aclassicweeb §cis currently offline§r§9
§r§9§balberthulksmash6 §cis currently offline§r§9
§r§9§m-----------------------------------------------------
17:04:54 [allowed] §cThere are blocks in the way!
17:04:57 [allowed] §7Sending to server mini2BQ...
17:04:57 [allowed] §8 §r§8 §r§1 §r§3 §r§3 §r§7 §r§8 
17:05:00 [allowed] §8[§r§2181§r§8] §r§b[MVP§2+§b] arnv§f§r§f: +10%
17:05:00 [allowed] §cYou may only use this command after 4s on the server!
17:05:00 [allowed] §aYou are playing on profile: §eOrange
17:05:00 [allowed] §8Profile ID: ff830177-eb82-4d06-aa5d-336dd4acec83
17:05:03 [allowed] §6[Bazaar] §r§7Executing instant sell...
17:05:03 [allowed] §6[Bazaar] §r§7Sold §r§a1§r§7x §r§9Feather Falling VI §r§7for §r§61.0 coins§r§7!
17:05:03 [allowed] §6[Bazaar] §r§7Sold §r§a1§r§7x §r§aEnchanted Rotten Flesh §r§7for §r§6454.4 coins§r§7!
17:05:08 [allowed] §aYou sold §r§9Fine Soulstealer Bow§r§8 x1 §r§afor §r§638 Coins§r§a!
17:05:16 [allowed] §6[Bazaar] §r§7Executing instant buy...
17:05:16 [allowed] §6[Bazaar] §r§7Bought §r§a64§r§7x §r§9Superboom TNT §r§7for §r§66,976 coins§r§7!
17:05:19 [allowed] §6[Bazaar] §r§7Executing instant buy...
17:05:20 [allowed] §6[Bazaar] §r§7Bought §r§a16§r§7x §r§9Spirit Leap §r§7for §r§63,678.4 coins§r§7!
17:05:21 [allowed] §8[§r§2181§r§8] §r§b[MVP§2+§b] arnv§f§r§f: jerry boxes make alot of money
17:05:25 [allowed] §6[Bazaar] §r§7Executing instant buy...
17:05:25 [allowed] §6[Bazaar] §r§7Bought §r§a16§r§7x §r§fEnder Pearl §r§7for §r§6268.8 coins§r§7!
17:05:27 [allowed] §8[§r§2181§r§8] §r§b[MVP§2+§b] arnv§f§r§f: for early gmae atleast
17:05:33 [allowed] §aYou summoned your §r§6Black Cat§r§a!
17:05:37 [allowed] §2Guild > §r§bBurningAspect §r§ejoined.
17:05:42 [allowed] §9§m-----------------------------------------------------
17:05:42 [allowed] §7cwq97 §r§einvited §r§b[MVP§r§3+§r§b] BurningAspect §r§eto the party! They have §r§c60 §r§eseconds to accept.
17:05:42 [allowed] §9§m-----------------------------------------------------
17:05:44 [allowed] §9§m-----------------------------------------------------
17:05:44 [allowed] §b[MVP§r§3+§r§b] BurningAspect §r§ejoined the party.
17:05:44 [allowed] §9§m-----------------------------------------------------
17:05:45 [allowed] §7Sending to server mini62AT...
17:05:45 [allowed] §8 §r§8 §r§1 §r§3 §r§3 §r§7 §r§8 
17:05:48 [allowed] §9Party §8> §7cwq97§f: §rsup
17:05:49 [allowed] §aYou are playing on profile: §eOrange
17:05:49 [allowed] §8Profile ID: ff830177-eb82-4d06-aa5d-336dd4acec83
17:05:51 [allowed] §aRefreshing...
17:05:53 [allowed] §9Party §8> §b[MVP§3+§b] BurningAspect§f: §rhi
17:05:59 [allowed]  §9§l» §bBurningAspect §eis traveling to §aDungeon Hub §e§lFOLLOW
17:06:02 [allowed] §eSet note to: §r§fs+
17:06:08 [allowed] §eSet note to: §r§fchill run
17:06:12 [allowed] §eSet dungeon level required to: §r§b34
17:06:15 [allowed] §eSet floor to: §r§bFloor VII
17:06:18 [allowed] §eQueueing your party...
17:06:18 [allowed] §dParty Finder §r§f> §r§aYour party has been queued in the dungeon finder!
17:07:21 [allowed] §9§m-----------------------------------------------------§r§9
§r§9                         §r§9 §6Friends (Page 1 of 10) §r§e§l>>§r§9
§r§9§b_mm6_ §eis in SkyBlock - Dungeon Hub§r§9
§r§9§bBurningAspect §eis in SkyBlock - Dungeon Hub§r§9
§r§9§bPando_Wizz §eis in SkyBlock - Private Island§r§9
§r§9§a12MR §cis currently offline§r§9
§r§9§b26E §cis currently offline§r§9
§r§9§b__deg §cis currently offline§r§9
§r§9§a_Freggles_ §cis currently offline§r§9
§r§9§7Aclassicweeb §cis currently offline§r§9
§r§9§m-----------------------------------------------------
17:07:34 [allowed] §dParty Finder §r§f> §r§bFondMemories §r§ejoined the dungeon group! (§r§bMage Level 28§r§e)
17:07:36 [allowed] §aYou earned §r§2123 GEXP §r§a+ §r§5123 Event EXP §r§afrom playing SkyBlock!
17:07:36 [allowed] §dParty Finder §r§f> §r§aIceP3Be §r§ejoined the dungeon group! (§r§bMage Level 29§r§e)
17:07:40 [allowed] §9Party §8> §b[MVP§d+§b] FondMemories§f: §rdou mind dupe arch?
17:07:45 [allowed] §9Party §8> §7cwq97§f: §rnah
17:07:48 [allowed] §9Party §8> §b[MVP§d+§b] FondMemories§f: §rkk
17:07:59 [allowed] §9Party §8> §b[MVP§d+§b] FondMemories§f: §rbrooo 3 defuse kits
17:07:59 [allowed] §cThere are blocks in the way!
17:08:00 [allowed] §9Party §8> §b[MVP§d+§b] FondMemories§f: §rlike wtf
17:08:03 [allowed] §cThere are blocks in the way!
17:08:05 [allowed] §9Party §8> §7cwq97§f: §r?
17:08:11 [allowed] §9Party §8> §b[MVP§d+§b] FondMemories§f: §ri hate having my inv always full
17:08:13 [allowed] §9Party §8> §b[MVP§d+§b] FondMemories§f: §rcuz of secrets
17:08:18 [allowed] §9Party §8> §7cwq97§f: §ryea
17:08:24 [allowed] §9Party §8> §b[MVP§d+§b] FondMemories§f: §rwe lowk need a tank
17:08:24 [allowed] §9Party §8> §b[MVP§3+§b] BurningAspect§f: §ridk that deletor even works
17:08:33 [allowed] §8[§r§f49§r§8] §r§7AndreidinoxEpix§7§r§7: can anyone carry me in f6
17:08:34 [allowed] §9Party §8> §7cwq97§f: §rget a booster cookie and /trades
17:08:34 [allowed] §9Party §8> §b[MVP§d+§b] FondMemories§f: §rtheres a deletor?
17:08:35 [allowed] §9Party §8> §b[MVP§d+§b] FondMemories§f: §rssketch lol
17:08:37 [allowed] §9Party §8> §7cwq97§f: §rye
17:08:41 [allowed] §9Party §8> §b[MVP§d+§b] FondMemories§f: §ridk
17:08:45 [allowed] §aRefreshing...
17:08:45 [allowed] §aDe-listing your group...
17:08:45 [allowed] §dParty Finder §r§f> §r§aYour group has been de-listed!
17:08:46 [allowed] §9Party §8> §b[MVP§d+§b] FondMemories§f: §ri dont think booster cookie is worth it anymore
17:08:47 [allowed] §eQueueing your party...
17:08:47 [allowed] §dParty Finder §r§f> §r§aYour party has been queued in the dungeon finder!
17:08:52 [allowed] §9Party §8> §b[MVP§d+§b] FondMemories§f: §ri used to buy when they were 3 m ish
17:08:55 [allowed] §9Party §8> §7cwq97§f: §ri buy it just for the trades thingy
17:08:58 [allowed] §aRefreshing...
17:09:05 [allowed] §9Party §8> §7cwq97§f: §rdo you want to switch your class first
17:09:10 [allowed] §9Party §8> §7cwq97§f: §rso i can eq
17:09:12 [allowed] §9Party §8> §7cwq97§f: §rrq
17:09:12 [allowed] §9Party §8> §b[MVP§d+§b] FondMemories§f: §ri have switched already
17:09:16 [allowed] §aDe-listing your group...
17:09:16 [allowed] §dParty Finder §r§f> §r§aYour group has been de-listed!
17:09:17 [allowed] §9Party §8> §b[MVP§3+§b] BurningAspect§f: §rdo we need a tank
17:09:17 [allowed] §eQueueing your party...
17:09:17 [allowed] §dParty Finder §r§f> §r§aYour party has been queued in the dungeon finder!
17:09:26 [allowed] §9Party §8> §b[MVP§d+§b] FondMemories§f: §ri can try tank?
17:09:26 [allowed] §9Party §8> §7cwq97§f: §ridm no tank
17:09:32 [allowed] §aRefreshing...
17:09:33 [allowed] §9Party §8> §b[MVP§3+§b] BurningAspect§f: §rim fine no tank
17:09:38 [allowed] §9Party §8> §b[MVP§3+§b] BurningAspect§f: §rbut idk if someone does need
17:09:43 [allowed] §9Party §8> §b[MVP§d+§b] FondMemories§f: §rill tank
17:09:56 [allowed]  §9§l» §bFondMemories §eis traveling to §aHub §e§lFOLLOW
17:10:16 [allowed] §aRefreshing...
17:10:16 [allowed] §cPlease wait a few seconds between refreshing!
17:10:21 [allowed] §aRefreshing...
17:10:22 [allowed] §aDe-listing your group...
17:10:22 [allowed] §dParty Finder §r§f> §r§aYour group has been de-listed!
17:10:28 [allowed] §eSet note to: §r§fchill runs
17:10:29 [allowed] §eQueueing your party...
17:10:29 [allowed] §dParty Finder §r§f> §r§aYour party has been queued in the dungeon finder!
17:10:29 [allowed] §9Party §8> §b[MVP§d+§b] FondMemories§f: §rdang nb even plays berserker now
17:10:39 [allowed] §9Party §8> §b[MVP§3+§b] BurningAspect§f: §rim bers
17:10:44 [allowed] §9Party §8> §b[MVP§d+§b] FondMemories§f: §rwhats ur melee
17:10:53 [allowed] §9Party §8> §b[MVP§3+§b] BurningAspect§f: §ri just play bers for xp
17:10:58 [allowed] §9Party §8> §b[MVP§3+§b] BurningAspect§f: §rcause too many arch
17:11:00 [allowed] §9Party §8> §7cwq97§f: §raspect can you queue
17:11:01 [allowed] §9Party §8> §7cwq97§f: §rimma rs
17:11:03 [allowed] §9Party §8> §7cwq97§f: §rlauncher
17:11:05 [allowed] §9Party §8> §b[MVP§3+§b] BurningAspect§f: §rok
17:11:09 [allowed] §aFriend > §r§aINFERNICSNEH §r§eleft.
17:11:09 [allowed] §9§m-----------------------------------------------------
17:11:09 [allowed] §eThe party was transferred to §r§b[MVP§r§3+§r§b] BurningAspect §r§eby §r§7cwq97
17:11:09 [allowed] §9§m-----------------------------------------------------
