21:19:57 [allowed] §f §r§r§r§f §r§r§r§1 §r§r§r§0 §r§r§r§2 §r§r§r§f §r§r§r§f §r§r§r§2 §r§r§r§0 §r§r§r§4 §r§r§r§3 §r§r§r§9 §r§r§r§2 §r§r§r§0 §r§r§r§0 §r§r§r§3 §r§r§r§9 §r§r§r§2 §r§r§r§0 §r§r§r§0 §r§r§r§3 §r§r§r§9 §r§r§r§2 §r§r§r§0 §r§r§r§0 
21:19:57 [allowed] §aYou have §b11 §aunclaimed leveling rewards!
21:19:57 [allowed] §eClick here to view them!
21:19:57 [allowed] §aYou have §64 §aunclaimed achievement rewards!
21:19:57 [allowed] §eClick here to view them!
21:19:58 [allowed] 
§r§f§l➔ §r§6§lWelcome to the Prototype Lobby§r
§r§aAll games in this lobby are currently in development.§r
§r§eClick here to leave feedback!§r§f ➤ §r§b§nhttps://hypixel.net/PTL

21:19:59 [allowed] §7Sending to server mini193AB...
21:19:59 [allowed] §b[MVP§6+§b] shoesIAte§f §6spooked into the lobby!
21:19:59 [allowed] §8 §r§8 §r§1 §r§3 §r§3 §r§7 §r§8 
21:20:01 [allowed] 
21:20:01 [allowed] §eWelcome to §r§aHypixel SkyBlock§r§e!
21:20:01 [allowed] 
21:20:01 [allowed] §eLatest update: §bSkyBlock v0.23.4 §e§lCLICK
21:20:51 [allowed] §d§lHOPPITY'S HUNT §r§dA §r§6Chocolate Breakfast Egg §r§dhas appeared!
21:20:54 [allowed] §7Putting coins in escrow...
21:20:54 [allowed] §7Processing purchase...
21:20:54 [allowed] §eYou purchased §r§f§r§f§r§6Bat Artifact §r§efor §r§62,800,000 coins§r§e!
21:20:54 [allowed] §7Claiming BIN auction...
21:20:54 [allowed] §eYou claimed §r§f§r§6Bat Artifact §r§efrom §r§b[MVP§r§c+§r§b] theflpy§r§e's auction!
21:21:48 [allowed] §7Putting coins in escrow...
21:21:48 [allowed] §7Processing purchase...
21:21:48 [allowed] §eYou purchased §r§f§r§f§r§9Wolf Ring §r§efor §r§6925,000 coins§r§e!
21:21:48 [allowed] §7Claiming BIN auction...
21:21:48 [allowed] §eYou claimed §r§f§r§9Wolf Ring §r§efrom §r§b[MVP§r§9+§r§b] Solid_Red_Wolf§r§e's auction!
21:22:03 [allowed] §7Putting coins in escrow...
21:22:03 [allowed] §7Processing purchase...
21:22:03 [allowed] §eYou purchased §r§f§r§f§r§9Bucket of Dye §r§efor §r§6550,000 coins§r§e!
21:22:03 [allowed] §7Claiming BIN auction...
21:22:03 [allowed] §eYou claimed §r§f§r§9Bucket of Dye §r§efrom §r§b[MVP§r§c+§r§b] SachNochMal§r§e's auction!
21:22:15 [allowed] §7Putting coins in escrow...
21:22:15 [allowed] §7Processing purchase...
21:22:15 [allowed] §eYou purchased §r§f§r§f§r§9Sea Creature Artifact §r§efor §r§6598,000 coins§r§e!
21:22:15 [allowed] §7Claiming BIN auction...
21:22:15 [allowed] §eYou claimed §r§f§r§9Sea Creature Artifact §r§efrom §r§a[VIP] ERPlayz0714§r§e's auction!
21:22:28 [allowed] §7Putting coins in escrow...
21:22:28 [allowed] §7Processing purchase...
21:22:28 [allowed] §eYou purchased §r§f§r§f§r§9Moonglade Artifact §r§efor §r§61,339,000 coins§r§e!
21:22:28 [allowed] §7Claiming BIN auction...
21:22:28 [allowed] §eYou claimed §r§f§r§9Moonglade Artifact §r§efrom §r§a[VIP] ShadowTraton§r§e's auction!
21:22:41 [allowed] §7Putting coins in escrow...
21:22:41 [allowed] §7Processing purchase...
21:22:41 [allowed] §eYou purchased §r§f§r§f§r§aJungle Amulet §r§efor §r§61,389,888 coins§r§e!
21:22:41 [allowed] §7Claiming BIN auction...
21:22:41 [allowed] §eYou claimed §r§f§r§aJungle Amulet §r§efrom §r§a[VIP] barry2k11§r§e's auction!
21:22:43 [allowed] §cThere are blocks in the way!
21:22:51 [allowed]  
21:22:51 [allowed] §f                          §r§3§lSKYBLOCK LEVEL UP
21:22:51 [allowed] §f                               §r§7Level §r§89 ➡ §r§8[§r§710§r§8]
21:22:51 [allowed]  
21:22:51 [allowed] §f                                  §r§6§lREWARDS
21:22:51 [allowed] §f                             §r§fDiamond Emblem §r§7♦
21:22:51 [allowed] §f                               §r§8+§r§a1 §r§c❁ Strength
21:22:51 [allowed] §f                                 §r§8+§r§a5 §r§c❤ Health
21:22:51 [allowed]  
21:22:55 [allowed] §aYour §r§eTuning Points §r§awere auto-assigned as convenience!
21:23:05 [allowed] §aYou earned §r§580 Event EXP §r§afrom playing SkyBlock!
21:23:13 [allowed] §7Putting coins in escrow...
21:23:13 [allowed] §7Processing purchase...
21:23:13 [allowed] §eYou purchased §r§f§r§f§r§aGravity Talisman §r§efor §r§639,000 coins§r§e!
21:23:13 [allowed] §7Claiming BIN auction...
21:23:13 [allowed] §eYou claimed §r§f§r§aGravity Talisman §r§efrom §r§b[MVP§r§c+§r§b] Raptor7be§r§e's auction!
21:23:25 [allowed] §7Putting coins in escrow...
21:23:25 [allowed] §7Processing purchase...
21:23:25 [allowed] §eYou purchased §r§f§r§f§r§9Fish Affinity Talisman §r§efor §r§614,999 coins§r§e!
21:23:25 [allowed] §7Claiming BIN auction...
21:23:25 [allowed] §eYou claimed §r§f§r§9Fish Affinity Talisman §r§efrom §r§a[VIP] shkyer§r§e's auction!
21:23:35 [allowed] §aYour §r§eTuning Points §r§awere auto-assigned as convenience!
21:23:36 [allowed] §cThis ability is on cooldown for 5s.
21:24:06 [allowed] §8Depositing coins...
21:24:07 [allowed] §aYou have deposited §r§625.8M coins§r§a! You now have §r§625.8M coins §r§ain your account!
21:24:28 [allowed] §cYou already have an active Slayer Quest!
21:24:59 [allowed] §e§lLOOT SHARE §r§r§r§fYou received loot for assisting §r§7farhentosan§r§f!
