18:24:27 Trying to load config from config/skyhanni/config.json
18:24:27 load-config-now
18:24:28 Loaded config from file
18:24:28 Trying to load sacks from config/skyhanni/sacks.json
18:24:28 load-sacks-now
18:24:28 Loaded sacks from file
18:24:28 Trying to load friends from config/skyhanni/friends.json
18:24:28 load-friends-now
18:24:28 Loaded friends from file
18:24:28 Trying to load known_features from config/skyhanni/known_features.json
18:24:28 load-known_features-now
18:24:28 Loaded known_features from file
18:24:28 Trying to load jacob_contests from config/skyhanni/jacob_contests.json
18:24:28 Setting jacob_contests to be blank as it did not exist. It will be saved once something is written to it
18:24:28 Trying to load visual_words from config/skyhanni/visual_words.json
18:24:28 Setting visual_words to be blank as it did not exist. It will be saved once something is written to it
18:24:28 Trying to load pets from config/skyhanni/pets.json
18:24:28 load-pets-now
18:24:28 Loaded pets from file
18:24:51 saveConfig: Updated known feature flags
18:24:51 Saving known_features file
18:24:51 Saved known_features file successfully
18:24:51 saveConfig: Updated known feature flags
18:24:51 Saving known_features file
18:24:51 Saved known_features file successfully
18:25:28 saveConfig: auto-save-60s
18:25:28 Saving config file
18:25:28 Saved config file successfully
18:25:28 saveConfig: auto-save-60s
18:25:28 Saving config file
18:25:28 Saved config file successfully
18:26:28 saveConfig: auto-save-60s
18:26:28 Saving config file
18:26:28 Saved config file successfully
18:26:28 saveConfig: auto-save-60s
18:26:28 Saving config file
18:26:28 Saved config file successfully
18:27:28 saveConfig: auto-save-60s
18:27:28 Saving config file
18:27:28 Saved config file successfully
18:27:28 saveConfig: auto-save-60s
18:27:28 Saving config file
18:27:28 Saved config file successfully
18:28:28 saveConfig: auto-save-60s
18:28:28 Saving config file
18:28:28 Saved config file successfully
18:28:28 saveConfig: auto-save-60s
18:28:28 Saving config file
18:28:28 Saved config file successfully
18:29:28 saveConfig: auto-save-60s
18:29:28 Saving config file
18:29:28 Saved config file successfully
18:29:28 saveConfig: auto-save-60s
18:29:28 Saving config file
18:29:28 Saved config file successfully
18:30:28 saveConfig: auto-save-60s
18:30:28 Saving config file
18:30:28 Saved config file successfully
18:30:28 saveConfig: auto-save-60s
18:30:28 Saving config file
18:30:28 Saved config file successfully
18:31:28 saveConfig: auto-save-60s
18:31:28 Saving config file
18:31:28 Saved config file successfully
18:31:28 saveConfig: auto-save-60s
18:31:28 Saving config file
18:31:28 Saved config file successfully
18:32:28 saveConfig: auto-save-60s
18:32:28 Saving config file
18:32:28 Saved config file successfully
18:32:28 saveConfig: auto-save-60s
18:32:28 Saving config file
18:32:28 Saved config file successfully
18:33:28 saveConfig: auto-save-60s
18:33:28 Saving config file
18:33:28 Saved config file successfully
18:33:28 saveConfig: auto-save-60s
18:33:28 Saving config file
18:33:28 Saved config file successfully
18:34:28 saveConfig: auto-save-60s
18:34:28 Saving config file
18:34:28 Saved config file successfully
18:34:28 saveConfig: auto-save-60s
18:34:28 Saving config file
18:34:28 Saved config file successfully
18:35:28 saveConfig: auto-save-60s
18:35:28 Saving config file
18:35:28 Saved config file successfully
18:35:28 saveConfig: auto-save-60s
18:35:28 Saving config file
18:35:28 Saved config file successfully
18:36:28 saveConfig: auto-save-60s
18:36:28 Saving config file
18:36:28 Saved config file successfully
18:36:28 saveConfig: auto-save-60s
18:36:28 Saving config file
18:36:28 Saved config file successfully
18:37:28 saveConfig: auto-save-60s
18:37:28 Saving config file
18:37:28 Saved config file successfully
18:37:28 saveConfig: auto-save-60s
18:37:28 Saving config file
18:37:28 Saved config file successfully
18:38:28 saveConfig: auto-save-60s
18:38:28 Saving config file
18:38:28 Saved config file successfully
18:38:28 saveConfig: auto-save-60s
18:38:28 Saving config file
18:38:28 Saved config file successfully
18:39:28 saveConfig: auto-save-60s
18:39:28 Saving config file
18:39:28 Saved config file successfully
18:39:28 saveConfig: auto-save-60s
18:39:28 Saving config file
18:39:28 Saved config file successfully
18:40:28 saveConfig: auto-save-60s
18:40:28 Saving config file
18:40:28 Saved config file successfully
18:40:28 saveConfig: auto-save-60s
18:40:28 Saving config file
18:40:28 Saved config file successfully
18:41:22 saveConfig: shutdown-hook
18:41:22 Saving config file
18:41:22 Saved config file successfully
18:41:22 saveConfig: shutdown-hook
18:41:22 Saving config file
