21:09:01 HUB
21:09:07 NONE
21:09:08 HUB
21:25:37 NONE
21:25:37 GOLD_MINES
21:25:56 NONE
21:25:57 PRIVATE_ISLAND
21:26:38 HUB
21:27:15 NONE
21:27:15 GOLD_MINES
21:27:39 PRIVATE_ISLAND_GUEST
21:27:57 NONE
21:27:58 THE_FARMING_ISLANDS
21:28:06 NONE
21:28:07 HUB
21:30:02 PRIVATE_ISLAND_GUEST
21:30:07 NONE
21:30:08 THE_FARMING_ISLANDS
21:33:39 NONE
21:33:40 HUB
21:36:50 NONE
21:36:50 HUB
21:39:04 NONE
21:39:04 PRIVATE_ISLAND
21:41:19 NONE
21:41:19 HUB
21:41:39 PRIVATE_ISLAND
21:43:14 NONE
21:43:14 HUB
21:46:01 NONE
21:46:02 PRIVATE_ISLAND
21:46:34 NONE
21:46:34 HUB
21:53:10 NONE
21:53:11 HUB
