15:16:38 HUB
15:22:14 NONE
15:22:15 DUNGEON_HUB
15:23:22 NONE
15:23:24 CATACOMBS
15:26:45 NONE
15:26:46 CATACOMBS
15:30:39 NONE
15:30:40 CATACOMBS
15:33:44 NONE
15:33:47 CATACOMBS
15:36:54 NONE
15:36:55 CATACOMBS
15:39:44 CATACOMBS
15:42:46 NONE
15:42:46 DUNGEON_HUB
15:42:53 NONE
15:42:54 HUB
15:44:59 NONE
15:44:59 DUNGEON_HUB
15:45:46 NONE
15:45:47 CATACOMBS
15:50:52 DUNGEON_HUB
15:51:15 NONE
15:51:16 HUB
15:51:50 NONE
15:51:51 CATACOMBS
15:55:08 NONE
15:55:09 HUB
15:55:25 NONE
15:55:25 DUNGEON_HUB
15:57:19 NONE
15:57:20 CATACOMBS
16:07:13 NONE
16:07:14 DUNGEON_HUB
16:14:02 NONE
16:14:03 CATACOMBS
16:15:11 NONE
16:15:11 DUNGEON_HUB
16:17:06 NONE
16:17:07 CATACOMBS
16:25:31 NONE
16:25:32 DUNGEON_HUB
16:26:04 CATACOMBS
16:33:38 NONE
16:33:39 DUNGEON_HUB
16:33:56 NONE
16:33:58 CATACOMBS
16:41:39 NONE
16:41:40 CATACOMBS
16:49:26 NONE
16:49:26 DUNGEON_HUB
16:51:42 CATACOMBS
16:59:07 CATACOMBS
17:07:37 NONE
17:07:38 DUNGEON_HUB
17:08:07 NONE
17:08:08 HUB
17:08:26 PRIVATE_ISLAND
17:12:11 NONE
17:12:12 HUB
17:12:39 NONE
17:12:39 DUNGEON_HUB
17:19:20 NONE
17:19:21 HUB
