18:24:51 [allowed] §aYou were given 15,000 EXP for linking your website account!
18:24:51 [allowed] §e§ka§a>>   §aAchievement Unlocked: §6§r§6Creeperbook§r§a   <<§e§ka
18:24:51 [allowed] §f §r§r§r§f §r§r§r§1 §r§r§r§0 §r§r§r§2 §r§r§r§f §r§r§r§f §r§r§r§2 §r§r§r§0 §r§r§r§4 §r§r§r§3 §r§r§r§9 §r§r§r§2 §r§r§r§0 §r§r§r§0 §r§r§r§3 §r§r§r§9 §r§r§r§2 §r§r§r§0 §r§r§r§0 §r§r§r§3 §r§r§r§9 §r§r§r§2 §r§r§r§0 §r§r§r§0 
18:24:51 [allowed] §aYou have §b10 §aunclaimed leveling rewards!
18:24:51 [allowed] §eClick here to view them!
18:24:51 [allowed] §aYou have §64 §aunclaimed achievement rewards!
18:24:51 [allowed] §eClick here to view them!
18:24:51 [allowed] §b[MVP§c+§b] oittt§f §6spooked into the lobby!
18:24:53 [allowed]   §r§f§l➤ §r§6You have reached your Hype limit! Add Hype to Prototype Lobby minigames by right-clicking with the Hype Diamond!
18:24:53 [allowed] §b[MVP§c+§b] Synxq§f §6spooked into the lobby!
18:24:55 [allowed] §b[MVP§c+§b] DonkeyDork§f §6spooked into the lobby!
18:24:55 [allowed] 
§r§f§l➔ §r§6§lWelcome to the Prototype Lobby§r
§r§aAll games in this lobby are currently in development.§r
§r§eClick here to leave feedback!§r§f ➤ §r§b§nhttps://hypixel.net/PTL

18:24:57 [allowed] 
§r§f§l➔ §r§6§lWelcome to the Prototype Lobby§r
§r§aAll games in this lobby are currently in development.§r
§r§eClick here to leave feedback!§r§f ➤ §r§b§nhttps://hypixel.net/PTL

18:24:57 [allowed] §cPlayer visibility disabled!
18:24:58 [allowed] 
§r§f§l➔ §r§6§lWelcome to the Prototype Lobby§r
§r§aAll games in this lobby are currently in development.§r
§r§eClick here to leave feedback!§r§f ➤ §r§b§nhttps://hypixel.net/PTL

18:24:58 [allowed] §cYou must wait §r§e3s§r§c between uses!
18:25:02 [allowed] 
§r§f§l➔ §r§6§lWelcome to the Prototype Lobby§r
§r§aAll games in this lobby are currently in development.§r
§r§eClick here to leave feedback!§r§f ➤ §r§b§nhttps://hypixel.net/PTL

18:25:07 [allowed] §b[MVP§d+§b] Linuz89§f §6spooked into the lobby!
18:25:09 [allowed] §b[MVP§3+§b] PIROROKIN§f §6spooked into the lobby!
18:25:11 [allowed] §b[MVP§c+§b] natan376§f §6spooked into the lobby!
18:25:14 [allowed]  §b>§c>§a>§r §r§6[MVP§2++§6] Gurmehar328§f §6spooked into the lobby!§r §a<§c<§b<
18:25:17 [allowed] §b[MVP§9+§b] MaxLunar§f §6spooked into the lobby!
18:25:26 [allowed] §b[MVP§c+§b] Yongamgame§f §6spooked into the lobby!
18:25:30 [allowed] §b[MVP§c+§b] Aner_det_ikke§f §6spooked into the lobby!
18:25:30 [allowed] §b[MVP§c+§b] z3kr0mz§f §6spooked into the lobby!
18:25:32 [allowed] 
§r§f§l➔ §r§6§lWelcome to the Prototype Lobby§r
§r§aAll games in this lobby are currently in development.§r
§r§eClick here to leave feedback!§r§f ➤ §r§b§nhttps://hypixel.net/PTL

18:25:34 [allowed] §b[MVP§c+§b] Puuk§f §6spooked into the lobby!
18:25:34 [allowed] §7Sending to server mini143H...
18:25:35 [allowed] §8 §r§8 §r§1 §r§3 §r§3 §r§7 §r§8 
18:25:35 [allowed] §e§l▬▬▬▬▬▬▬▬▬▬▬▬▬▬▬▬▬▬▬▬▬▬▬▬▬▬▬▬▬▬▬▬▬▬▬▬▬▬▬▬▬▬▬▬▬▬▬▬▬▬▬▬▬▬▬▬▬▬▬▬▬▬▬▬
18:25:35 [allowed] §f                   §r§f§lWelcome to SkyBlock, §r§7Nicksonc§r§f§l!
18:25:35 [allowed] 
18:25:35 [allowed] §f           §r§7§r§eThis is your island! The SkyBlock universe has
18:25:35 [allowed] §f            §r§emany lands to discover, secrets to uncover,
18:25:35 [allowed] §f            §r§eand people to meet. Collect resources, craft
18:25:35 [allowed] §f              §r§eitems, and complete objectives to advance
18:25:35 [allowed] §f                       §r§eyour way through SkyBlock.
18:25:35 [allowed] 
18:25:35 [allowed] §f                                   §r§eHave fun!
18:25:35 [allowed] 
18:25:35 [allowed] §e§l▬▬▬▬▬▬▬▬▬▬▬▬▬▬▬▬▬▬▬▬▬▬▬▬▬▬▬▬▬▬▬▬▬▬▬▬▬▬▬▬▬▬▬▬▬▬▬▬▬▬▬▬▬▬▬▬▬▬▬▬▬▬▬▬
18:25:37 [allowed] 
18:25:37 [allowed] §eWelcome to §r§aHypixel SkyBlock§r§e!
18:25:37 [allowed] 
18:25:37 [allowed] §eLatest update: §bSkyBlock v0.23.4 §e§lCLICK
18:25:46 [allowed] §cYou don't have enough playtime to use this command, try again later!
18:25:48 [allowed] §7Warping...
18:25:48 [allowed] §7Sending to server mini181DN...
18:25:48 [allowed] §8 §r§8 §r§1 §r§3 §r§3 §r§7 §r§8 
18:25:49 [allowed] 
18:25:49 [allowed]  §r§6§lNEW AREA DISCOVERED!
18:25:49 [allowed] §7  ⏣ §r§b§r§bVillage
18:25:49 [allowed] 
18:25:49 [allowed] §7   ■ §r§f§r§7§r§fExplore the area to learn more about §r§bSkyBlock§r§f.
18:25:49 [allowed] §7   ■ §r§f§r§7§r§fVisit the §r§6Auction House§r§f.
18:25:49 [allowed] §7   ■ §r§f§r§7§r§fManage your §r§6coins §r§fin the §r§6Bank§r§f.
18:25:49 [allowed] §7   ■ §r§f§r§7§r§fEnchant items in the §r§bLibrary§r§f.
18:25:49 [allowed] 
18:25:50 [allowed] 
18:25:50 [allowed]   §r§6§lNEW OBJECTIVE
18:25:50 [allowed]   §r§fTalk to §9Fisherwoman Enid§f.
18:25:50 [allowed] 
18:25:52 [allowed] 
18:25:52 [allowed]  §r§6§lNEW AREA DISCOVERED!
18:25:52 [allowed] §7  ⏣ §r§b§r§eBazaar Alley
18:25:52 [allowed] 
18:25:52 [allowed] §7   ■ §r§f§r§7§r§fBuy and sell materials in bulk at the §r§6Bazaar§r§f.
18:25:52 [allowed] 
18:25:54 [allowed] §cYou need SkyBlock Level 7 to access this feature!
18:25:54 [allowed] §cYou need SkyBlock Level 7 to access this feature!
18:25:55 [allowed] §cYou need SkyBlock Level 7 to access this feature!
18:25:56 [allowed] §cYou need SkyBlock Level 7 to access this feature!
18:25:56 [allowed] §cYou need SkyBlock Level 7 to access this feature!
18:26:00 [allowed] §e[NPC] Vex§f: §rYou can shift click any player to trade with them!
18:26:01 [allowed] §e[NPC] Vex§f: §rOnce both players are ready to trade, click on §aAccept trade§r!
18:26:03 [allowed] §e[NPC] Vex§f: §rMake sure you don't give away all your belongings!
18:26:09 [allowed] §e[NPC] Jamie§f: §rYou might have noticed that you have a Mana bar!
18:26:10 [allowed] §e[NPC] Jamie§f: §rSome items have mysterious properties, called Abilities.
18:26:12 [allowed] §e[NPC] Jamie§f: §rAbilities use your Mana as a resource. Here, take this Rogue Sword. I don't need it!
18:26:16 [allowed] §aYou claimed a §r§fRogue Sword§r§a!
18:26:22 [allowed] §e[NPC] Liam§f: §r§fDid you know that you have a SkyBlock Level?
18:26:25 [allowed] §e[NPC] Liam§f: §r§fIn fact, everyone does! You can see them in the tablist by holding §a[TAB]§f!
18:26:28 [allowed] §e[NPC] Liam§f: §r§fYou can level up by playing every aspect of the game!
18:26:31 [allowed] §e[NPC] Liam§f: §r§fIf you're curious, you can view your level and more information in your §aSkyBlock Menu§f!
18:26:34 [allowed] §e[NPC] Leo§f: §rYou can unlock §aLeaflet Armor §fby progressing through your §r§aOak Log Collection§r§f.
18:26:36 [allowed] §e[NPC] Leo§f: §rThere is a §bForest §rwest of the §bVillage §rwhere you can gather Oak Logs.
18:26:39 [allowed] §e[NPC] Leo§f: §rTo check your Collection progress and rewards, open the §r§aCollection Menu§r§f in your §r§aSkyBlock Menu§r§f.
18:26:39 [allowed] §e[NPC] Duke§f: §r§fAre you new here? As you can see there is a lot to explore!
18:26:41 [allowed] §e[NPC] Duke§f: §r§fMy advice is to start by visiting the §bFarm§f or the §bCoal Mine§f, both North of here.
18:26:43 [allowed] §e[NPC] Duke§f: §r§fIf you do need some wood, the best place to get some is West of the §bVillage§f!
18:26:44 [allowed] §e[NPC] Felix§f: §rYou can access your §r§aEnder Chest§r§f in your §r§aSkyBlock Menu§r§f.
18:26:46 [allowed] §e[NPC] Felix§f: §rStore items in this chest and access them at any time!
18:26:46 [allowed] §e[NPC] Lynn§f: §rIf you ever get lost during a quest, open your §r§bQuest Log§r§f in your §r§aSkyBlock Menu§r§f!
18:26:46 [allowed] §e[NPC] Lynn§f: §rIf you ever get lost during a quest, open your §r§bQuest Log§r§f in your §r§aSkyBlock Menu§r§f!
18:26:47 [allowed] §e[NPC] Lynn§f: §rIf you ever get lost during a quest, open your §r§bQuest Log§r§f in your §r§aSkyBlock Menu§r§f!
18:26:47 [allowed] §e[NPC] Lynn§f: §rIf you ever get lost during a quest, open your §r§bQuest Log§r§f in your §r§aSkyBlock Menu§r§f!
18:26:47 [allowed] §e[NPC] Lynn§f: §rIf you ever get lost during a quest, open your §r§bQuest Log§r§f in your §r§aSkyBlock Menu§r§f!
18:26:48 [allowed] §e[NPC] Lynn§f: §rIf you ever get lost during a quest, open your §r§bQuest Log§r§f in your §r§aSkyBlock Menu§r§f!
18:26:48 [allowed] §e[NPC] Lynn§f: §rIf you ever get lost during a quest, open your §r§bQuest Log§r§f in your §r§aSkyBlock Menu§r§f!
18:26:48 [allowed] §e[NPC] Lynn§f: §rIf you ever get lost during a quest, open your §r§bQuest Log§r§f in your §r§aSkyBlock Menu§r§f!
18:26:55 [allowed] §c ☠ §r§7§r§bDargierXY§r§7 was killed by Sven Packmaster§r§7§r§7.
18:26:55 [allowed] §cThis ability is on cooldown for 3s.
18:27:00 [allowed] 
18:27:00 [allowed]  §r§6§lNEW AREA DISCOVERED!
18:27:00 [allowed] §7  ⏣ §r§b§r§bPet Care
18:27:00 [allowed] 
18:27:00 [allowed] §7   ■ §r§f§r§7§r§fBuy your first Pet!
18:27:00 [allowed] §7   ■ §r§f§r§7§r§fLearn about Pet Items.
18:27:00 [allowed] §7   ■ §r§f§r§7§r§fTrain your Pets, and more!
18:27:00 [allowed] 
18:27:04 [allowed]   §r§6§lCOLLECTION UNLOCKED §eWheat
18:27:05 [allowed] §3§l▬▬▬▬▬▬▬▬▬▬▬▬▬▬▬▬▬▬▬▬▬▬▬▬▬▬▬▬▬▬▬▬▬▬▬▬▬▬▬▬▬▬▬▬▬▬▬▬▬▬▬▬▬▬▬▬▬▬▬▬▬▬▬▬
18:27:05 [allowed]   §r§b§lSKILL LEVEL UP §3Farming §3I
18:27:05 [allowed] 
18:27:05 [allowed]   §r§a§lREWARDS
18:27:05 [allowed]    §r§7§8+§aAccess to §bThe Barn
18:27:05 [allowed]    §r§eFarmhand I
18:27:05 [allowed]    §r  §7§fGrants §a+§a4§f §6☘ Farming Fortune§f, which increases your chance
18:27:05 [allowed]    §r  §ffor multiple crops.
18:27:05 [allowed]    §r§7§8+§a2 §c❤ Health
18:27:05 [allowed]    §r§7§8+§6100 §7Coins
18:27:05 [allowed]    §r§7§8+§b5 SkyBlock XP
18:27:05 [allowed] §3§l▬▬▬▬▬▬▬▬▬▬▬▬▬▬▬▬▬▬▬▬▬▬▬▬▬▬▬▬▬▬▬▬▬▬▬▬▬▬▬▬▬▬▬▬▬▬▬▬▬▬▬▬▬▬▬▬▬▬▬▬▬▬▬▬
18:27:05 [allowed] §a▬▬▬▬▬▬▬▬▬▬▬▬▬▬▬▬▬▬▬▬▬▬▬▬▬▬▬▬▬▬▬▬▬▬▬▬▬▬▬▬▬▬▬▬▬▬▬▬▬▬▬▬▬▬▬▬▬▬▬▬▬▬▬▬
18:27:05 [allowed] §6§lNEW STAT DISCOVERED! §r§6☘ Farming Fortune
18:27:05 [allowed] 
18:27:05 [allowed] §6☘ Farming Fortune §r§7increases how many drops you get from breaking crops. For every §r§61☘ Farming Fortune§r§7, you gain a §r§a1% §r§7chance for an additional drop.
18:27:05 [allowed] 
18:27:05 [allowed] §e§lCLICK HERE §eto learn more on the Official SkyBlock Wiki!
18:27:05 [allowed] §a▬▬▬▬▬▬▬▬▬▬▬▬▬▬▬▬▬▬▬▬▬▬▬▬▬▬▬▬▬▬▬▬▬▬▬▬▬▬▬▬▬▬▬▬▬▬▬▬▬▬▬▬▬▬▬▬▬▬▬▬▬▬▬▬
18:27:05 [allowed] 
18:27:05 [allowed]  §r§6§lNEW AREA DISCOVERED!
18:27:05 [allowed] §7  ⏣ §r§b§r§bFarm
18:27:05 [allowed] 
18:27:05 [allowed] §7   ■ §r§f§r§7§r§fTalk to the Farmer.
18:27:05 [allowed] §7   ■ §r§f§r§7§r§fGather Wheat.
18:27:05 [allowed] §7   ■ §r§f§r§7§r§fTravel to §r§bThe Barn§r§f.
18:27:05 [allowed] 
18:27:09 [allowed]   §r§6§lCOLLECTION UNLOCKED §eSeeds
18:27:11 [allowed] §3§l▬▬▬▬▬▬▬▬▬▬▬▬▬▬▬▬▬▬▬▬▬▬▬▬▬▬▬▬▬▬▬▬▬▬▬▬▬▬▬▬▬▬▬▬▬▬▬▬▬▬▬▬▬▬▬▬▬▬▬▬▬▬▬▬
18:27:11 [allowed]   §r§b§lSKILL LEVEL UP §3Farming §8I➜§3II
18:27:11 [allowed] 
18:27:11 [allowed]   §r§a§lREWARDS
18:27:11 [allowed]    §r§eFarmhand II
18:27:11 [allowed]    §r  §7§fGrants §a+§84➜§a8§f §6☘ Farming Fortune§f, which increases your
18:27:11 [allowed]    §r  §fchance for multiple crops.
18:27:11 [allowed]    §r§7§8+§a2 §c❤ Health
18:27:11 [allowed]    §r§7§8+§6250 §7Coins
18:27:11 [allowed]    §r§7§8+§b5 SkyBlock XP
18:27:11 [allowed] §3§l▬▬▬▬▬▬▬▬▬▬▬▬▬▬▬▬▬▬▬▬▬▬▬▬▬▬▬▬▬▬▬▬▬▬▬▬▬▬▬▬▬▬▬▬▬▬▬▬▬▬▬▬▬▬▬▬▬▬▬▬▬▬▬▬
18:27:21 [allowed] §3§l▬▬▬▬▬▬▬▬▬▬▬▬▬▬▬▬▬▬▬▬▬▬▬▬▬▬▬▬▬▬▬▬▬▬▬▬▬▬▬▬▬▬▬▬▬▬▬▬▬▬▬▬▬▬▬▬▬▬▬▬▬▬▬▬
18:27:21 [allowed]   §r§b§lSKILL LEVEL UP §3Farming §8II➜§3III
18:27:21 [allowed] 
18:27:21 [allowed]   §r§a§lREWARDS
18:27:21 [allowed]    §r§eFarmhand III
18:27:21 [allowed]    §r  §7§fGrants §a+§88➜§a12§f §6☘ Farming Fortune§f, which increases your
18:27:21 [allowed]    §r  §fchance for multiple crops.
18:27:21 [allowed]    §r§7§8+§a2 §c❤ Health
18:27:21 [allowed]    §r§7§8+§6500 §7Coins
18:27:21 [allowed]    §r§7§8+§b5 SkyBlock XP
18:27:21 [allowed] §3§l▬▬▬▬▬▬▬▬▬▬▬▬▬▬▬▬▬▬▬▬▬▬▬▬▬▬▬▬▬▬▬▬▬▬▬▬▬▬▬▬▬▬▬▬▬▬▬▬▬▬▬▬▬▬▬▬▬▬▬▬▬▬▬▬
18:27:27 [allowed] §3§l▬▬▬▬▬▬▬▬▬▬▬▬▬▬▬▬▬▬▬▬▬▬▬▬▬▬▬▬▬▬▬▬▬▬▬▬▬▬▬▬▬▬▬▬▬▬▬▬▬▬▬▬▬▬▬▬▬▬▬▬▬▬▬▬
18:27:27 [allowed]   §r§b§lSKILL LEVEL UP §3Farming §8III➜§3IV
18:27:27 [allowed] 
18:27:27 [allowed]   §r§a§lREWARDS
18:27:27 [allowed]    §r§eFarmhand IV
18:27:27 [allowed]    §r  §7§fGrants §a+§812➜§a16§f §6☘ Farming Fortune§f, which increases your
18:27:27 [allowed]    §r  §fchance for multiple crops.
18:27:27 [allowed]    §r§7§8+§a2 §c❤ Health
18:27:27 [allowed]    §r§7§8+§6750 §7Coins
18:27:27 [allowed]    §r§7§8+§b5 SkyBlock XP
18:27:27 [allowed] §3§l▬▬▬▬▬▬▬▬▬▬▬▬▬▬▬▬▬▬▬▬▬▬▬▬▬▬▬▬▬▬▬▬▬▬▬▬▬▬▬▬▬▬▬▬▬▬▬▬▬▬▬▬▬▬▬▬▬▬▬▬▬▬▬▬
18:27:28 [allowed] §e§l▬▬▬▬▬▬▬▬▬▬▬▬▬▬▬▬▬▬▬▬▬▬▬▬▬▬▬▬▬▬▬▬▬▬▬▬▬▬▬▬▬▬▬▬▬▬▬▬▬▬▬▬▬▬▬▬▬▬▬▬▬▬▬▬
18:27:28 [allowed]   §r§6§lCOLLECTION LEVEL UP §eWheat §eI
18:27:28 [allowed] 
18:27:28 [allowed]   §r§a§lREWARDS
18:27:28 [allowed]     §r§7§9Wheat Minion §7Recipes
18:27:28 [allowed]     §r§7§8+§b4 SkyBlock XP
18:27:28 [allowed] §e§l▬▬▬▬▬▬▬▬▬▬▬▬▬▬▬▬▬▬▬▬▬▬▬▬▬▬▬▬▬▬▬▬▬▬▬▬▬▬▬▬▬▬▬▬▬▬▬▬▬▬▬▬▬▬▬▬▬▬▬▬▬▬▬▬
18:27:28 [allowed] §e§l▬▬▬▬▬▬▬▬▬▬▬▬▬▬▬▬▬▬▬▬▬▬▬▬▬▬▬▬▬▬▬▬▬▬▬▬▬▬▬▬▬▬▬▬▬▬▬▬▬▬▬▬▬▬▬▬▬▬▬▬▬▬▬▬
18:27:28 [allowed]   §r§6§lCOLLECTION LEVEL UP §eSeeds §eI
18:27:28 [allowed] 
18:27:28 [allowed]   §r§a§lREWARDS
18:27:28 [allowed]     §r§7§fDirt §7Trade
18:27:28 [allowed]     §r§7§8+§b4 SkyBlock XP
18:27:28 [allowed] §e§l▬▬▬▬▬▬▬▬▬▬▬▬▬▬▬▬▬▬▬▬▬▬▬▬▬▬▬▬▬▬▬▬▬▬▬▬▬▬▬▬▬▬▬▬▬▬▬▬▬▬▬▬▬▬▬▬▬▬▬▬▬▬▬▬
18:27:38 [allowed] §3§l▬▬▬▬▬▬▬▬▬▬▬▬▬▬▬▬▬▬▬▬▬▬▬▬▬▬▬▬▬▬▬▬▬▬▬▬▬▬▬▬▬▬▬▬▬▬▬▬▬▬▬▬▬▬▬▬▬▬▬▬▬▬▬▬
18:27:38 [allowed]   §r§b§lSKILL LEVEL UP §3Farming §8IV➜§3V
18:27:38 [allowed] 
18:27:38 [allowed]   §r§a§lREWARDS
18:27:38 [allowed]    §r§7§8+§aAccess to §eMushroom Desert
18:27:38 [allowed]    §r§eFarmhand V
18:27:38 [allowed]    §r  §7§fGrants §a+§816➜§a20§f §6☘ Farming Fortune§f, which increases your
18:27:38 [allowed]    §r  §fchance for multiple crops.
18:27:38 [allowed]    §r§7§8+§a2 §c❤ Health
18:27:38 [allowed]    §r§7§8+§61,000 §7Coins
18:27:38 [allowed]    §r§7§8+§b5 SkyBlock XP
18:27:38 [allowed] §3§l▬▬▬▬▬▬▬▬▬▬▬▬▬▬▬▬▬▬▬▬▬▬▬▬▬▬▬▬▬▬▬▬▬▬▬▬▬▬▬▬▬▬▬▬▬▬▬▬▬▬▬▬▬▬▬▬▬▬▬▬▬▬▬▬
18:27:39 [allowed] §e§l▬▬▬▬▬▬▬▬▬▬▬▬▬▬▬▬▬▬▬▬▬▬▬▬▬▬▬▬▬▬▬▬▬▬▬▬▬▬▬▬▬▬▬▬▬▬▬▬▬▬▬▬▬▬▬▬▬▬▬▬▬▬▬▬
18:27:39 [allowed]   §r§6§lCOLLECTION LEVEL UP §eWheat §8I➜§eII
18:27:39 [allowed] 
18:27:39 [allowed]   §r§a§lREWARDS
18:27:39 [allowed]     §r§7§9Harvesting §7Exp Discount §a(-25%)
18:27:39 [allowed]     §r§7§8+§b4 SkyBlock XP
18:27:39 [allowed] §e§l▬▬▬▬▬▬▬▬▬▬▬▬▬▬▬▬▬▬▬▬▬▬▬▬▬▬▬▬▬▬▬▬▬▬▬▬▬▬▬▬▬▬▬▬▬▬▬▬▬▬▬▬▬▬▬▬▬▬▬▬▬▬▬▬
18:27:39 [allowed] §e§l▬▬▬▬▬▬▬▬▬▬▬▬▬▬▬▬▬▬▬▬▬▬▬▬▬▬▬▬▬▬▬▬▬▬▬▬▬▬▬▬▬▬▬▬▬▬▬▬▬▬▬▬▬▬▬▬▬▬▬▬▬▬▬▬
18:27:39 [allowed]   §r§6§lCOLLECTION LEVEL UP §eSeeds §8I➜§eII
18:27:39 [allowed] 
18:27:39 [allowed]   §r§a§lREWARDS
18:27:39 [allowed]     §r§7§fClay Ball §7Trade
18:27:39 [allowed]     §r§7§8+§b4 SkyBlock XP
18:27:39 [allowed] §e§l▬▬▬▬▬▬▬▬▬▬▬▬▬▬▬▬▬▬▬▬▬▬▬▬▬▬▬▬▬▬▬▬▬▬▬▬▬▬▬▬▬▬▬▬▬▬▬▬▬▬▬▬▬▬▬▬▬▬▬▬▬▬▬▬
18:27:52 [allowed] §e§l▬▬▬▬▬▬▬▬▬▬▬▬▬▬▬▬▬▬▬▬▬▬▬▬▬▬▬▬▬▬▬▬▬▬▬▬▬▬▬▬▬▬▬▬▬▬▬▬▬▬▬▬▬▬▬▬▬▬▬▬▬▬▬▬
18:27:52 [allowed]   §r§6§lCOLLECTION LEVEL UP §eSeeds §8II➜§eIII
18:27:52 [allowed] 
18:27:52 [allowed]   §r§a§lREWARDS
18:27:52 [allowed]     §r§7§fLong Grass §7Trade
18:27:52 [allowed]     §r§7§aEnchanted Seeds §7Recipe
18:27:52 [allowed]     §r§7§8+§b4 SkyBlock XP
18:27:52 [allowed] §e§l▬▬▬▬▬▬▬▬▬▬▬▬▬▬▬▬▬▬▬▬▬▬▬▬▬▬▬▬▬▬▬▬▬▬▬▬▬▬▬▬▬▬▬▬▬▬▬▬▬▬▬▬▬▬▬▬▬▬▬▬▬▬▬▬
18:27:54 [allowed] §e§l▬▬▬▬▬▬▬▬▬▬▬▬▬▬▬▬▬▬▬▬▬▬▬▬▬▬▬▬▬▬▬▬▬▬▬▬▬▬▬▬▬▬▬▬▬▬▬▬▬▬▬▬▬▬▬▬▬▬▬▬▬▬▬▬
18:27:54 [allowed]   §r§6§lCOLLECTION LEVEL UP §eWheat §8II➜§eIII
18:27:54 [allowed] 
18:27:54 [allowed]   §r§a§lREWARDS
18:27:54 [allowed]     §r§7§fFarm Suit Helmet §7Recipe
18:27:54 [allowed]     §r§7§fFarm Suit Chestplate §7Recipe
18:27:54 [allowed]     §r§7§fFarm Suit Leggings §7Recipe
18:27:54 [allowed]     §r§7§fFarm Suit Boots §7Recipe
18:27:54 [allowed]     §r§7§8+§b4 SkyBlock XP
18:27:54 [allowed] §e§l▬▬▬▬▬▬▬▬▬▬▬▬▬▬▬▬▬▬▬▬▬▬▬▬▬▬▬▬▬▬▬▬▬▬▬▬▬▬▬▬▬▬▬▬▬▬▬▬▬▬▬▬▬▬▬▬▬▬▬▬▬▬▬▬
18:28:04 [allowed] §cThis Minion does not have any items stored!
18:28:16 [allowed] §7Request join for Hub #1 (mega23C)...
18:28:16 [allowed] §7Sending to server mega23C...
18:28:16 [allowed] §8 §r§8 §r§1 §r§3 §r§3 §r§7 §r§8 
18:28:23 [allowed] §8[§r§e84§r§8] §r§7§l⚝ §r§a[VIP] M1sTake01§f§r§f: buying decent midas staff for 215m /p me
18:28:25 [allowed] §8[§r§70§r§8] §r§7Nicksonc§r§7: can someone give me some money to start out
18:28:32 [allowed] §8[§r§3246§r§8] §r§7☠ §r§a[VIP] AvgMace§f§r§f: Lowballing 2bil purse /visit avgmace lf hyperion taking all tho
18:28:34 [allowed] §8[§r§e116§r§8] §r§a[VIP] debbiedebbie963§f§r§f: LOWBALLING 140M -------///VISIT ME------
18:28:36 [allowed] §8[§r§e105§r§8] §r§7tuch_me_not§7§r§7: LOWBALLING 250m no minion or hoe do/visit tuch_me_not
18:28:36 [allowed] §bLtAccomplisher §ahas sent you a trade request. §bClick here §ato accept!
18:28:36 [allowed] §bLtAccomplisher §ahas sent you a trade request. §bClick here §ato accept!
18:28:40 [allowed] §8[§r§f63§r§8] §r§7Loss_Girl§7§r§7: LB 30M /VISIT ME
18:28:42 [allowed] §7VegitoBestGogeta §ahas sent you a trade request. §bClick here §ato accept!
18:28:42 [allowed] §8[§r§2197§r§8] §r§6§lᛝ §r§7sneakyGame§7§r§7: LOWBALLIN 250M
18:28:46 [allowed] §6Trade completed with §r§b[MVP§r§c+§r§b] LtAccomplisher§r§f§r§6!
18:28:46 [allowed]  §r§a§l+ §r§81x §r§9Slime Minion XI
18:28:46 [allowed] §cThe /trade request from §r§b[MVP§r§c+§r§b] LtAccomplisher§r§f §r§cexpired!
18:28:50 [allowed] §8[§r§713§r§8] §r§7YourFirstDUI§7§r§7: :P
18:28:51 [allowed] §8[§r§70§r§8] §r§7Nicksonc§r§7: tyty
18:28:52 [allowed] §cThe /trade request from §r§7VegitoBestGogeta§r§7 §r§cexpired!
18:28:53 [allowed] §8[§r§3246§r§8] §r§7☠ §r§a[VIP] AvgMace§f§r§f: Lb 2b purse lf hype
18:28:54 [allowed] §8[§r§729§r§8] §r§b[MVP§c+§b] LtAccomplisher§f§r§f: thats worth 1-2m
18:28:54 [allowed] §8[§r§e105§r§8] §r§7tuch_me_not§7§r§7: LOWBALLING 250m no minion or hoe
18:28:55 [allowed] §8[§r§f65§r§8] §r§7❤ §r§a[VIP] starlunar_§f§r§f: lowballing 280m taking most things -----------////visit starlunar_
18:28:57 [allowed] §8[§r§719§r§8] §r§b[MVP§6+§b] VoltyErm§f§r§f: anyone got zucchini profile?
18:28:58 [allowed] §7VegitoBestGogeta §ahas sent you a trade request. §bClick here §ato accept!
18:28:58 [allowed] §8[§r§70§r§8] §r§7Nicksonc§r§7: oh nice
18:29:02 [allowed] §8[§r§78§r§8] §r§a[VIP§6+§a] Vov2000§f§r§f: yes
18:29:02 [allowed] §8[§r§e92§r§8] §r§7hyberfibre143§7§r§7: come try my casino and win big min 1m
18:29:07 [allowed] §8[§r§b213§r§8] §r§6ௐ §r§b[MVP§f+§b] oJoshh§f§r§f: xerotes
18:29:09 [allowed] §6Trade completed with §r§7VegitoBestGogeta§r§7§r§6!
18:29:09 [allowed]  §r§a§l+ §r§6100k coins
18:29:10 [allowed] §8[§r§719§r§8] §r§b[MVP§6+§b] VoltyErm§f§r§f: wya
18:29:11 [allowed] §8[§r§b214§r§8] §r§a[VIP§6+§a] Xerotes§f§r§f: ?
18:29:11 [allowed] §8[§r§e105§r§8] §r§7tuch_me_not§7§r§7: LOWBALLING 250m
18:29:11 [allowed] §8[§r§70§r§8] §r§7Nicksonc§r§7: tysm!
18:29:14 [allowed] §8[§r§f55§r§8] §r§a[VIP] pichu_314§f§r§f: add 2 coins
18:29:16 [allowed] §8[§r§e111§r§8] §r§a[VIP] LowballingToHype§f§r§f: lb 1bil
18:29:17 [allowed] §8[§r§2197§r§8] §r§6§lᛝ §r§7sneakyGame§7§r§7: lowballin 250m purse
18:29:17 [allowed] §8[§r§78§r§8] §r§a[VIP§6+§a] Vov2000§f§r§f: at farm merch
18:29:18 [allowed] §8[§r§e92§r§8] §r§7everyone_lol§7§r§7: tralalero tralala
18:29:19 [allowed] §8[§r§b213§r§8] §r§6ௐ §r§b[MVP§f+§b] oJoshh§f§r§f: what u lf on it
18:29:19 [allowed] §8[§r§e105§r§8] §r§7tuch_me_not§7§r§7: LB 250M
18:29:22 [allowed] §e[NPC] Adventurer§f: §r§fI've seen it all - every island from here to the edge of the world!
18:29:23 [allowed] §e[NPC] Adventurer§f: §r§fOver the years I've acquired a variety of §aTalismans§f.
18:29:24 [allowed] §8[§r§b214§r§8] §r§a[VIP§6+§a] Xerotes§f§r§f: gimme an offer
18:29:25 [allowed] §e[NPC] Adventurer§f: §r§fFor a price, you can have it all!
18:29:29 [allowed] §aYou sold §r§fSeeds§r§8 x64 §r§afor §r§6192 Coins§r§a!
18:29:29 [allowed] §aYou sold §r§fSeeds§r§8 x64 §r§afor §r§6192 Coins§r§a!
18:29:29 [allowed] §aYou sold §r§fWheat§r§8 x64 §r§afor §r§6384 Coins§r§a!
18:29:30 [allowed] §aYou sold §r§fWheat§r§8 x64 §r§afor §r§6384 Coins§r§a!
18:29:30 [allowed] §aYou sold §r§fSeeds§r§8 x64 §r§afor §r§6192 Coins§r§a!
18:29:30 [allowed] §aYou sold §r§fSeeds§r§8 x64 §r§afor §r§6192 Coins§r§a!
18:29:30 [allowed] §8[§r§728§r§8] §r§7Idioticbean§7§r§7: selling t11 melon minions 1.5m ea at map
18:29:30 [allowed] §aYou sold §r§fWheat§r§8 x64 §r§afor §r§6384 Coins§r§a!
18:29:31 [allowed] §aYou sold §r§fSeeds§r§8 x64 §r§afor §r§6192 Coins§r§a!
18:29:31 [allowed] §aYou sold §r§fWheat§r§8 x64 §r§afor §r§6384 Coins§r§a!
18:29:32 [allowed] §8[§r§5375§r§8] §r§b[MVP§9+§b] ziyno§f§r§f: selling handle 590m /p me
18:29:32 [allowed] §aYou sold §r§fSeeds§r§8 x64 §r§afor §r§6192 Coins§r§a!
18:29:33 [allowed] §aYou sold §r§fWheat§r§8 x30 §r§afor §r§6180 Coins§r§a!
18:29:33 [allowed] §cThat item cannot be sold!
18:29:34 [allowed] §8[§r§b213§r§8] §r§6ௐ §r§b[MVP§f+§b] oJoshh§f§r§f: one sold on collectors hub for 80m dont gimme that 550m bs
18:29:38 [allowed] §8[§r§f55§r§8] §r§a[VIP] pichu_314§f§r§f: thank you
18:29:38 [allowed] §8[§r§729§r§8] §r§b[MVP§c+§b] LtAccomplisher§f§r§f: ojosh how much is that ancient ladder or the think
18:29:42 [allowed] §8[§r§78§r§8] §r§a[VIP§6+§a] Vov2000§f§r§f: o
18:29:43 [allowed] §8[§r§78§r§8] §r§a[VIP§6+§a] Vov2000§f§r§f: ty
18:29:44 [allowed] §8[§r§729§r§8] §r§b[MVP§c+§b] LtAccomplisher§f§r§f: the thing
18:29:44 [allowed] §8[§r§b214§r§8] §r§a[VIP§6+§a] Xerotes§f§r§f: oh lmao
18:29:47 [allowed] §8[§r§f63§r§8] §r§7Loss_Girl§7§r§7: lowballing ...,30m,.,./visit me
18:29:47 [allowed] §8[§r§e105§r§8] §r§7tuch_me_not§7§r§7: LB 250MMMMM
18:29:49 [allowed] §8[§r§b213§r§8] §r§6ௐ §r§b[MVP§f+§b] oJoshh§f§r§f: the admin ones are worth alot LtAccomplisher
18:29:49 [allowed] §8[§r§e92§r§8] §r§7everyone_lol§7§r§7: any hype givewayas?
18:29:50 [allowed] §8[§r§a127§r§8] §r§b[MVP§c+§b] Dadagamer11§f§r§f: have fun with it
18:29:53 [allowed] §8[§r§729§r§8] §r§b[MVP§c+§b] LtAccomplisher§f§r§f: ohh
18:29:54 [allowed] §8[§r§e116§r§8] §r§a[VIP] debbiedebbie963§f§r§f: LOWBALLING 140M -------//DebbieDebbie963------
18:29:59 [allowed] §8[§r§e92§r§8] §r§7everyone_lol§7§r§7: giveaways*
18:30:01 [allowed] §8[§r§e105§r§8] §r§7tuch_me_not§7§r§7: LOWBALLING 250m
18:30:02 [allowed] §8[§r§f76§r§8] §r§a[VIP] P3ince§f§r§f: lowballer be aware from hhhq he is scammi g for mythic enderman a d putting epic
18:30:03 [allowed] §8[§r§729§r§8] §r§b[MVP§c+§b] LtAccomplisher§f§r§f: whats the ballpark price tho
18:30:05 [allowed] §8[§r§b214§r§8] §r§a[VIP§6+§a] Xerotes§f§r§f: isnt 80m too cheap for the amount of motes to purchase this
18:30:06 [allowed] §8[§r§e105§r§8] §r§7tuch_me_not§7§r§7: LOWBALLING 250m no minion or hoe do/visit tuch_me_not
18:30:10 [allowed] §8[§r§719§r§8] §r§b[MVP§6+§b] VoltyErm§f§r§f: anyone got zucchini
18:30:14 [allowed] §8[§r§b213§r§8] §r§6ௐ §r§b[MVP§f+§b] oJoshh§f§r§f: dont think so
18:30:18 [allowed] §8[§r§78§r§8] §r§a[VIP§6+§a] Vov2000§f§r§f: at farm merchant
18:30:19 [allowed] §8[§r§e84§r§8] §r§7§l⚝ §r§a[VIP] M1sTake01§f§r§f: buying decent midas staff for 215m /p me or /visit me
18:30:21 [allowed] §8[§r§f56§r§8] §r§7VegitoBestGogeta§7§r§7: ty!
18:30:24 [allowed] §8[§r§b213§r§8] §r§6ௐ §r§b[MVP§f+§b] oJoshh§f§r§f: i bought mine for 75m
18:30:27 [allowed] §8[§r§f41§r§8] §r§b[MVP§8+§b] TheHonoredTwo§f§r§f: who has mining lvl 30
18:30:27 [allowed] §e[NPC] Farm Merchant§f: §r§fYou can buy and sell harvested crops with me!
18:30:29 [allowed] §e[NPC] Farm Merchant§f: §r§fWheat, carrots, potatoes, and melon are my specialities!
18:30:34 [allowed] §aYou bought §r§fRookie Hoe §r§afor §r§610 Coins§r§a!
18:30:37 [allowed] §8[§r§729§r§8] §r§b[MVP§c+§b] LtAccomplisher§f§r§f: buying mithril infused slime minions
18:30:38 [allowed] §8[§r§f76§r§8] §r§a[VIP] P3ince§f§r§f: me
18:30:40 [allowed] 
18:30:40 [allowed]  §r§6§lNEW AREA DISCOVERED!
18:30:40 [allowed] §7  ⏣ §r§b§r§6Auction House
18:30:40 [allowed] 
18:30:40 [allowed] §7   ■ §r§f§r§7§r§fAuction off your special items.
18:30:40 [allowed] §7   ■ §r§f§r§7§r§fBid on other players' items.
18:30:40 [allowed] 
18:30:42 [allowed] §8[§r§728§r§8] §r§7Idioticbean§7§r§7: selling melon mions teir 11 at map for 1.5m ea
18:30:42 [allowed] §8[§r§b214§r§8] §r§a[VIP§6+§a] Xerotes§f§r§f: what do u do with ancient elevators
18:30:42 [allowed] §8[§r§f41§r§8] §r§b[MVP§8+§b] TheHonoredTwo§f§r§f: where r u
18:30:44 [allowed] §8[§r§2184§r§8] §r§7⸎ §r§b[MVP§6+§b] AxelVoss3Ier§f§r§f: where is inverted surius chest in this world?
18:30:46 [allowed] §8[§r§b213§r§8] §r§6ௐ §r§b[MVP§f+§b] oJoshh§f§r§f: legit nothing
18:30:46 [allowed] §8[§r§f76§r§8] §r§a[VIP] P3ince§f§r§f: ah
18:30:49 [allowed] §8[§r§b213§r§8] §r§6ௐ §r§b[MVP§f+§b] oJoshh§f§r§f: im js collecting them
18:30:54 [allowed] §8[§r§b214§r§8] §r§a[VIP§6+§a] Xerotes§f§r§f: ah ok
18:30:54 [allowed] §8[§r§f76§r§8] §r§a[VIP] P3ince§f§r§f: lb 131m visit me
18:31:00 [allowed] §7Request join for Hub #2 (mega20A)...
18:31:00 [allowed] §7Sending to server mega20A...
18:31:00 [allowed] §8 §r§8 §r§1 §r§3 §r§3 §r§7 §r§8 
18:31:12 [allowed] §3§l▬▬▬▬▬▬▬▬▬▬▬▬▬▬▬▬▬▬▬▬▬▬▬▬▬▬▬▬▬▬▬▬▬▬▬▬▬▬▬▬▬▬▬▬▬▬▬▬▬▬▬▬▬▬▬▬▬▬▬▬▬▬▬▬
18:31:12 [allowed]   §r§b§lSKILL LEVEL UP §3Farming §8V➜§3VI
18:31:12 [allowed] 
18:31:12 [allowed]   §r§a§lREWARDS
18:31:12 [allowed]    §r§eFarmhand VI
18:31:12 [allowed]    §r  §7§fGrants §a+§820➜§a24§f §6☘ Farming Fortune§f, which increases your
18:31:12 [allowed]    §r  §fchance for multiple crops.
18:31:12 [allowed]    §r§7§8+§a2 §c❤ Health
18:31:12 [allowed]    §r§7§8+§62,000 §7Coins
18:31:12 [allowed]    §r§7§8+§b5 SkyBlock XP
18:31:12 [allowed] §3§l▬▬▬▬▬▬▬▬▬▬▬▬▬▬▬▬▬▬▬▬▬▬▬▬▬▬▬▬▬▬▬▬▬▬▬▬▬▬▬▬▬▬▬▬▬▬▬▬▬▬▬▬▬▬▬▬▬▬▬▬▬▬▬▬
18:31:34 [allowed] §3§l▬▬▬▬▬▬▬▬▬▬▬▬▬▬▬▬▬▬▬▬▬▬▬▬▬▬▬▬▬▬▬▬▬▬▬▬▬▬▬▬▬▬▬▬▬▬▬▬▬▬▬▬▬▬▬▬▬▬▬▬▬▬▬▬
18:31:34 [allowed]   §r§b§lSKILL LEVEL UP §3Farming §8VI➜§3VII
18:31:34 [allowed] 
18:31:34 [allowed]   §r§a§lREWARDS
18:31:34 [allowed]    §r§eFarmhand VII
18:31:34 [allowed]    §r  §7§fGrants §a+§824➜§a28§f §6☘ Farming Fortune§f, which increases your
18:31:34 [allowed]    §r  §fchance for multiple crops.
18:31:34 [allowed]    §r§7§8+§a2 §c❤ Health
18:31:34 [allowed]    §r§7§8+§63,000 §7Coins
18:31:34 [allowed]    §r§7§8+§b5 SkyBlock XP
18:31:34 [allowed] §3§l▬▬▬▬▬▬▬▬▬▬▬▬▬▬▬▬▬▬▬▬▬▬▬▬▬▬▬▬▬▬▬▬▬▬▬▬▬▬▬▬▬▬▬▬▬▬▬▬▬▬▬▬▬▬▬▬▬▬▬▬▬▬▬▬
18:32:06 [allowed] §e§l▬▬▬▬▬▬▬▬▬▬▬▬▬▬▬▬▬▬▬▬▬▬▬▬▬▬▬▬▬▬▬▬▬▬▬▬▬▬▬▬▬▬▬▬▬▬▬▬▬▬▬▬▬▬▬▬▬▬▬▬▬▬▬▬
18:32:06 [allowed]   §r§6§lCOLLECTION LEVEL UP §eSeeds §8III➜§eIV
18:32:06 [allowed] 
18:32:06 [allowed]   §r§a§lREWARDS
18:32:06 [allowed]     §r§7§fFern §7Trade
18:32:06 [allowed]     §r§7§8+§b4 SkyBlock XP
18:32:06 [allowed] §e§l▬▬▬▬▬▬▬▬▬▬▬▬▬▬▬▬▬▬▬▬▬▬▬▬▬▬▬▬▬▬▬▬▬▬▬▬▬▬▬▬▬▬▬▬▬▬▬▬▬▬▬▬▬▬▬▬▬▬▬▬▬▬▬▬
18:32:07 [allowed] §e§l▬▬▬▬▬▬▬▬▬▬▬▬▬▬▬▬▬▬▬▬▬▬▬▬▬▬▬▬▬▬▬▬▬▬▬▬▬▬▬▬▬▬▬▬▬▬▬▬▬▬▬▬▬▬▬▬▬▬▬▬▬▬▬▬
18:32:07 [allowed]   §r§6§lCOLLECTION LEVEL UP §eWheat §8III➜§eIV
18:32:07 [allowed] 
18:32:07 [allowed]   §r§a§lREWARDS
18:32:07 [allowed]     §r§7§fFarming Talisman §7Recipe
18:32:07 [allowed]     §r§7§8+§b4 SkyBlock XP
18:32:07 [allowed] §e§l▬▬▬▬▬▬▬▬▬▬▬▬▬▬▬▬▬▬▬▬▬▬▬▬▬▬▬▬▬▬▬▬▬▬▬▬▬▬▬▬▬▬▬▬▬▬▬▬▬▬▬▬▬▬▬▬▬▬▬▬▬▬▬▬
18:32:24 [allowed] §3§l▬▬▬▬▬▬▬▬▬▬▬▬▬▬▬▬▬▬▬▬▬▬▬▬▬▬▬▬▬▬▬▬▬▬▬▬▬▬▬▬▬▬▬▬▬▬▬▬▬▬▬▬▬▬▬▬▬▬▬▬▬▬▬▬
18:32:24 [allowed]   §r§b§lSKILL LEVEL UP §3Farming §8VII➜§3VIII
18:32:24 [allowed] 
18:32:24 [allowed]   §r§a§lREWARDS
18:32:24 [allowed]    §r§eFarmhand VIII
18:32:24 [allowed]    §r  §7§fGrants §a+§828➜§a32§f §6☘ Farming Fortune§f, which increases your
18:32:24 [allowed]    §r  §fchance for multiple crops.
18:32:24 [allowed]    §r§7§8+§a2 §c❤ Health
18:32:24 [allowed]    §r§7§8+§64,000 §7Coins
18:32:24 [allowed]    §r§7§8+§b5 SkyBlock XP
18:32:24 [allowed] §3§l▬▬▬▬▬▬▬▬▬▬▬▬▬▬▬▬▬▬▬▬▬▬▬▬▬▬▬▬▬▬▬▬▬▬▬▬▬▬▬▬▬▬▬▬▬▬▬▬▬▬▬▬▬▬▬▬▬▬▬▬▬▬▬▬
18:32:36 [allowed] §9§m-----------------------------------------------------
18:32:36 [allowed] §cCouldn't find a player with that name!
18:32:36 [allowed] §9§m-----------------------------------------------------
18:32:38 [allowed] §9§m-----------------------------------------------------
18:32:38 [allowed] §cYou cannot invite that player since they're not online.
18:32:38 [allowed] §9§m-----------------------------------------------------
18:33:32 [allowed] §cThis ability is on cooldown for 3s.
18:33:36 [allowed] §e[NPC] Ryu§f: §rThere are §a13 Skills §rin SkyBlock!
18:33:38 [allowed] §e[NPC] Ryu§f: §rSome include Farming, Mining, Foraging, Fishing, and Combat. There are plenty more Skills to discover and level up!
18:33:40 [allowed] §e[NPC] Ryu§f: §rYou can learn all about them in the §r§aSkill Menu§r§f, located in your §r§aSkyBlock Menu§r§f.
18:33:41 [allowed] §e[NPC] Stella§f: §rAt any time you can create a Co-op with your friends!
18:33:43 [allowed] §e[NPC] Stella§f: §rSimply go in your §r§aSkyBlock Menu§r§f where you can find the §r§aProfile Menu§r§f.
18:33:45 [allowed] §e[NPC] Stella§f: §rThis is where you can create, delete or switch SkyBlock Profiles.
18:33:47 [allowed] §e[NPC] Stella§f: §rEnter §b/coopadd <name> §rfollowed by the name of a friend you want to invite!
18:33:49 [allowed] §e[NPC] Stella§f: §rYour friend must be online to accept!
18:33:49 [allowed] §e[NPC] Tom§f: §rI will teach you the §r§aPromising Axe Recipe§r§f to get you started!
18:33:51 [allowed] §e[NPC] Tom§f: §rAll SkyBlock recipes can be found by opening the §r§aRecipe Book§r§f in your §r§aSkyBlock Menu§r§f.
18:33:51 [allowed] §e[NPC] Andrew§f: §rIf you'd like to discuss SkyBlock with other players then check out the SkyBlock section of the §r§aforums§r§f!
18:33:52 [allowed] 
18:33:52 [allowed]  §r§6§lNEW AREA DISCOVERED!
18:33:52 [allowed] §7  ⏣ §r§b§r§6Thaumaturgist
18:33:52 [allowed] 
18:33:52 [allowed] §7   ■ §r§f§r§7§r§fUnleash the power of your accessories!
18:33:52 [allowed] 
18:33:53 [allowed] §e[NPC] Maxwell§f: §r§fAccessories are §6§kX§6 magical §kX§f pieces of gear.
18:33:55 [allowed] §e[NPC] Maxwell§f: §r§fTo truly harness their power, you need an §aAccessory Bag§f!
18:33:57 [allowed] §e[NPC] Maxwell§f: §r§fUnlock it from the §cRedstone §fcollection.
18:33:59 [allowed] §e[NPC] Maxwell§f: §r§fWe can talk after that!
18:34:19 [allowed] §aYou earned §r§5325 Event EXP §r§afrom playing SkyBlock!
18:34:25 [allowed] §7Request join for Hub #1 (mega23C)...
18:34:26 [allowed] §7Sending to server mega23C...
18:34:26 [allowed] §8 §r§8 §r§1 §r§3 §r§3 §r§7 §r§8 
18:34:31 [allowed] §8[§r§a127§r§8] §r§a[VIP§6+§a] TurkishFemboy§f§r§f: booster cookie is 1000% worth it
18:34:31 [allowed] §8[§r§728§r§8] §r§7Idioticbean§7§r§7: t11 melon minions for sale at map 1.5m each
18:34:31 [allowed] §8[§r§f56§r§8] §r§7VegitoBestGogeta§7§r§7: voltyerm yo
18:34:32 [allowed] §8[§r§5379§r§8] §r§b[MVP§c+§b] Its_sasu§f§r§f: LB 2b lf skins
18:34:33 [allowed] §8[§r§f46§r§8] §r§7✧ §r§b[MVP§c+§b] PhantomHalo45§f§r§f: hey guys i would love 2om rn please
18:34:33 [allowed] §8[§r§70§r§8] §r§7Nicksonc§r§7: can someone pls give me redstone minions
18:34:36 [allowed] §8[§r§b214§r§8] §r§a[VIP§6+§a] Xerotes§f§r§f: 5m aint gonna hurt that much
18:34:39 [allowed] §8[§r§d338§r§8] §r§6§lӃ §r§b[MVP§c+§b] HYUPIXEL§f§r§f: is 220 gold gifts a lot
18:34:39 [allowed] §8[§r§e88§r§8] §r§a[VIP] maikjimmi§f§r§f: Lowballing 850mil
18:34:46 [allowed] §8[§r§a127§r§8] §r§a[VIP§6+§a] TurkishFemboy§f§r§f: na
18:34:47 [allowed] §8[§r§e105§r§8] §r§7tuch_me_not§7§r§7: LOWBALLING 250m no minion or hoe do/visit tuch_me_not go guys
18:34:48 [allowed] §8[§r§b213§r§8] §r§6ௐ §r§b[MVP§f+§b] oJoshh§f§r§f: im alrdy overpaying like 10m or so
18:34:49 [allowed] §8[§r§e88§r§8] §r§a[VIP] maikjimmi§f§r§f: Lowballing 850mil purse
18:34:50 [allowed] §8[§r§f45§r§8] §r§7PiyushKumar§7§r§7: any one want to buy personal compacter /party me and /visit island
18:34:56 [allowed] §8[§r§e88§r§8] §r§a[VIP] maikjimmi§f§r§f: Lowballing 850mil purse /visit me
18:35:00 [allowed] §8[§r§e92§r§8] §r§7hyberfibre143§7§r§7: come tru my casino and win big min 1m come fast guys
18:35:01 [allowed] §cYou don't have enough playtime to use this command, try again later!
18:35:02 [allowed] §8[§r§e84§r§8] §r§7§l⚝ §r§a[VIP] M1sTake01§f§r§f: buying decent midas staff for 215m /p me
18:35:03 [allowed] §8[§r§2167§r§8] §r§6§lᛝ §r§b[MVP§6+§b] MustyFluffer§f§r§f: LOWBALLING 300m!
18:35:05 [allowed] §8[§r§e105§r§8] §r§7tuch_me_not§7§r§7: LB 250M
18:35:05 [allowed] §8[§r§f46§r§8] §r§7✧ §r§b[MVP§c+§b] PhantomHalo45§f§r§f: pwease 20 m guys
18:35:05 [allowed] §8[§r§3261§r§8] §r§a[VIP] MahinSiuuuu§f§r§f: anyone got pumpkin minion?
18:35:07 [allowed] §8[§r§71§r§8] §r§7elegyRLx§7§r§7: lol
18:35:08 [allowed] §8[§r§719§r§8] §r§b[MVP§6+§b] VoltyErm§f§r§f: who is zucchini
18:35:10 [allowed] §8[§r§b213§r§8] §r§6ௐ §r§b[MVP§f+§b] oJoshh§f§r§f: 95m?
18:35:10 [allowed] §8[§r§e105§r§8] §r§7tuch_me_not§7§r§7: LOWBALLING 250m no minion or hoe do/visit tuch_me_not
18:35:11 [allowed] §8[§r§719§r§8] §r§b[MVP§6+§b] VoltyErm§f§r§f: anyone zucchini profile?
18:35:13 [allowed] §7Warping you to your SkyBlock island...
18:35:13 [allowed] §8[§r§b214§r§8] §r§a[VIP§6+§a] Xerotes§f§r§f: lemme think
18:35:13 [allowed] §7Sending to server mini77AV...
18:35:13 [allowed] §8[§r§a132§r§8] §r§a[VIP§6+§a] ManshirovXD§f§r§f: ><><>< Minion Shop <><><><><><
18:35:13 [allowed] §8 §r§8 §r§1 §r§3 §r§3 §r§7 §r§8 
18:35:16 [allowed]   §r§6§lCOLLECTION UNLOCKED §eCobblestone
18:35:21 [allowed] §7Sending to server mini31CT...
18:35:21 [allowed] §8 §r§8 §r§1 §r§3 §r§3 §r§7 §r§8 
18:35:22 [allowed] §8[§r§5363§r§8] §r§6♣ §r§b[MVP§2+§b] GedasST§f§r§f: whered u get 1b from
18:35:26 [allowed] §8[§r§e105§r§8] §r§a[VIP] ksv123§f§r§f: minions
18:35:29 [allowed] §8[§r§5363§r§8] §r§6♣ §r§b[MVP§2+§b] GedasST§f§r§f: ah
18:35:39 [allowed] §8[§r§70§r§8] §r§7Nicksonc§r§7: can someone give me some money to start out ps
18:35:41 [allowed] §8[§r§a144§r§8] §r§7✎ §r§a[VIP] ERPlayz0714§f§r§f: what minions u got
18:35:49 [allowed] §8[§r§e105§r§8] §r§a[VIP] ksv123§f§r§f: i usually dont play much so yeah before i kind of stopped playing i set up slime minions
18:36:00 [allowed] §c ☠ §r§7§r§7Pikas222§r§7 was killed by Sea Guardian§r§7§r§7.
18:36:06 [allowed] §8[§r§723§r§8] §r§7NotchTheCreator§7§r§7: can someone help me crafting
18:36:08 [allowed] §8[§r§e105§r§8] §r§a[VIP] ksv123§f§r§f: which was almost 2 years ago
18:36:16 [allowed] §8[§r§e105§r§8] §r§a[VIP] ksv123§f§r§f: notch what do u wanna craft
18:36:19 [allowed] §8[§r§a144§r§8] §r§7✎ §r§a[VIP] ERPlayz0714§f§r§f: damn
18:36:27 [allowed] §8[§r§e105§r§8] §r§a[VIP] ksv123§f§r§f: ive given away like 2b lol
18:36:34 [allowed] §8[§r§a144§r§8] §r§7✎ §r§a[VIP] ERPlayz0714§f§r§f: gimme moneyz :(
18:36:36 [allowed] §8[§r§70§r§8] §r§7Nicksonc§r§7: fr
18:36:47 [allowed] §8[§r§70§r§8] §r§7Nicksonc§r§7: i have literally nothing
18:36:48 [allowed] §8[§r§731§r§8] §r§7CREEPYHEADEE§7§r§7: yo anyone got spare money i need 5 mill for cookie please
18:36:56 [allowed] §8[§r§723§r§8] §r§7NotchTheCreator§7§r§7: large combat sack
18:36:59 [allowed] §cInventory full? Don't forget to check out your Storage inside the SkyBlock Menu!
18:37:00 [allowed] §8[§r§723§r§8] §r§7NotchTheCreator§7§r§7: and backpack
18:37:06 [allowed] §8[§r§e105§r§8] §r§a[VIP] ksv123§f§r§f: creepyheade sure
18:37:13 [allowed] §aYou sold §r§fWheat§r§8 x64 §r§afor §r§6384 Coins§r§a!
18:37:14 [allowed] §8[§r§a144§r§8] §r§7✎ §r§a[VIP] ERPlayz0714§f§r§f: cant give u a combat sack
18:37:14 [allowed] §aYou sold §r§fWheat§r§8 x64 §r§afor §r§6384 Coins§r§a!
18:37:14 [allowed] §aYou sold §r§fSeeds§r§8 x64 §r§afor §r§6192 Coins§r§a!
18:37:15 [allowed] §aYou sold §r§fSeeds§r§8 x64 §r§afor §r§6192 Coins§r§a!
18:37:15 [allowed] §aYou sold §r§fWheat§r§8 x64 §r§afor §r§6384 Coins§r§a!
18:37:15 [allowed] §8[§r§e105§r§8] §r§a[VIP] ksv123§f§r§f: okay
18:37:16 [allowed] §aYou sold §r§fWheat§r§8 x64 §r§afor §r§6384 Coins§r§a!
18:37:16 [allowed] §aYou sold §r§fSeeds§r§8 x64 §r§afor §r§6192 Coins§r§a!
18:37:16 [allowed] §aYou sold §r§fSeeds§r§8 x64 §r§afor §r§6192 Coins§r§a!
18:37:17 [allowed] §aYou sold §r§fWheat§r§8 x64 §r§afor §r§6384 Coins§r§a!
18:37:17 [allowed] §aYou sold §r§fSeeds§r§8 x64 §r§afor §r§6192 Coins§r§a!
18:37:17 [allowed] §aYou sold §r§fWheat§r§8 x64 §r§afor §r§6384 Coins§r§a!
18:37:18 [allowed] §aYou sold §r§fSeeds§r§8 x64 §r§afor §r§6192 Coins§r§a!
18:37:18 [allowed] §aYou sold §r§fSeeds§r§8 x64 §r§afor §r§6192 Coins§r§a!
18:37:19 [allowed] §aYou sold §r§fWheat§r§8 x64 §r§afor §r§6384 Coins§r§a!
18:37:19 [allowed] §aYou sold §r§fSeeds§r§8 x64 §r§afor §r§6192 Coins§r§a!
18:37:19 [allowed] §aYou sold §r§fSeeds§r§8 x64 §r§afor §r§6192 Coins§r§a!
18:37:20 [allowed] §aYou sold §r§fSeeds§r§8 x64 §r§afor §r§6192 Coins§r§a!
18:37:21 [allowed] §aYou sold §r§fSeeds§r§8 x64 §r§afor §r§6192 Coins§r§a!
18:37:21 [allowed] §8[§r§e105§r§8] §r§a[VIP] ksv123§f§r§f: notch do u hav items for it ?
18:37:21 [allowed] §aYou sold §r§fSeeds§r§8 x64 §r§afor §r§6192 Coins§r§a!
18:37:21 [allowed] §aYou sold §r§fSeeds§r§8 x64 §r§afor §r§6192 Coins§r§a!
18:37:21 [allowed] §aYou sold §r§fSeeds§r§8 x64 §r§afor §r§6192 Coins§r§a!
18:37:22 [allowed] §aYou sold §r§fWheat§r§8 x64 §r§afor §r§6384 Coins§r§a!
18:37:23 [allowed] §aYou sold §r§fSeeds§r§8 x64 §r§afor §r§6192 Coins§r§a!
18:37:23 [allowed] §aYou sold §r§fCobblestone§r§8 x29 §r§afor §r§629 Coins§r§a!
18:37:23 [allowed] §aYou sold §r§fSeeds§r§8 x64 §r§afor §r§6192 Coins§r§a!
18:37:23 [allowed] §aYou sold §r§fSeeds§r§8 x64 §r§afor §r§6192 Coins§r§a!
18:37:24 [allowed] §aYou sold §r§fWheat§r§8 x64 §r§afor §r§6384 Coins§r§a!
18:37:24 [allowed] §aYou sold §r§fWheat§r§8 x64 §r§afor §r§6384 Coins§r§a!
18:37:25 [allowed] §aYou sold §r§fSeeds§r§8 x64 §r§afor §r§6192 Coins§r§a!
18:37:25 [allowed] §aYou sold §r§fSeeds§r§8 x64 §r§afor §r§6192 Coins§r§a!
18:37:26 [allowed] §aYou sold §r§fSeeds§r§8 x64 §r§afor §r§6192 Coins§r§a!
18:37:26 [allowed] §aYou sold §r§fSeeds§r§8 x64 §r§afor §r§6192 Coins§r§a!
18:37:26 [allowed] §8[§r§e105§r§8] §r§a[VIP] ksv123§f§r§f: i think i can craft backpack
18:37:29 [allowed] §8[§r§723§r§8] §r§7NotchTheCreator§7§r§7: backpack
18:37:39 [allowed] §8[§r§723§r§8] §r§7NotchTheCreator§7§r§7: what does it need
18:37:43 [allowed] §3§l▬▬▬▬▬▬▬▬▬▬▬▬▬▬▬▬▬▬▬▬▬▬▬▬▬▬▬▬▬▬▬▬▬▬▬▬▬▬▬▬▬▬▬▬▬▬▬▬▬▬▬▬▬▬▬▬▬▬▬▬▬▬▬▬
18:37:43 [allowed]   §r§b§lSKILL LEVEL UP §3Farming §8VIII➜§3IX
18:37:43 [allowed] 
18:37:43 [allowed]   §r§a§lREWARDS
18:37:43 [allowed]    §r§eFarmhand IX
18:37:43 [allowed]    §r  §7§fGrants §a+§832➜§a36§f §6☘ Farming Fortune§f, which increases your
18:37:43 [allowed]    §r  §fchance for multiple crops.
18:37:43 [allowed]    §r§7§8+§a2 §c❤ Health
18:37:43 [allowed]    §r§7§8+§65,000 §7Coins
18:37:43 [allowed]    §r§7§8+§b5 SkyBlock XP
18:37:43 [allowed] §3§l▬▬▬▬▬▬▬▬▬▬▬▬▬▬▬▬▬▬▬▬▬▬▬▬▬▬▬▬▬▬▬▬▬▬▬▬▬▬▬▬▬▬▬▬▬▬▬▬▬▬▬▬▬▬▬▬▬▬▬▬▬▬▬▬
18:37:48 [allowed] §8[§r§e105§r§8] §r§a[VIP] ksv123§f§r§f: wait ima jsut buy from ah for u
18:38:12 [allowed] §8[§r§70§r§8] §r§7Nicksonc§r§7: can someone give me 300k for aote
18:38:17 [allowed] §8[§r§75§r§8] §r§7JBR_§7§r§7: same
18:38:22 [allowed] §8[§r§723§r§8] §r§7NotchTheCreator§7§r§7: and can u craft yeti sword
18:38:26 [allowed] §e§l▬▬▬▬▬▬▬▬▬▬▬▬▬▬▬▬▬▬▬▬▬▬▬▬▬▬▬▬▬▬▬▬▬▬▬▬▬▬▬▬▬▬▬▬▬▬▬▬▬▬▬▬▬▬▬▬▬▬▬▬▬▬▬▬
18:38:26 [allowed]   §r§6§lCOLLECTION LEVEL UP §eWheat §8IV➜§eV
18:38:26 [allowed] 
18:38:26 [allowed]   §r§a§lREWARDS
18:38:26 [allowed]     §r§7§aEnchanted Wheat §7Recipe
18:38:26 [allowed]     §r§7§fEnchanted Bread §7Recipe
18:38:26 [allowed]     §r§7§8+§b4 SkyBlock XP
18:38:26 [allowed] §e§l▬▬▬▬▬▬▬▬▬▬▬▬▬▬▬▬▬▬▬▬▬▬▬▬▬▬▬▬▬▬▬▬▬▬▬▬▬▬▬▬▬▬▬▬▬▬▬▬▬▬▬▬▬▬▬▬▬▬▬▬▬▬▬▬
18:39:16 [allowed] §cYou need SkyBlock Level 7 to access this feature!
18:39:26 [allowed] §7Request join for Hub #1 (mega23C)...
18:39:27 [allowed] §7Sending to server mega23C...
18:39:27 [allowed] §8 §r§8 §r§1 §r§3 §r§3 §r§7 §r§8 
18:39:28 [allowed] §c ☠ §r§7§r§6KURON1219§r§7 was killed by §r§6KURON1219§r§7§r§7.
18:39:28 [allowed] §8[§r§2167§r§8] §r§6§lᛝ §r§b[MVP§6+§b] MustyFluffer§f§r§f: LOWBALLING 300m!
18:39:30 [allowed] §8[§r§b204§r§8] §r§6⛁ §r§6[MVP§0++§6] Borrk§f§r§f: anyone wanna join a skyblock coop together?
18:39:38 [allowed] §8[§r§2167§r§8] §r§6§lᛝ §r§b[MVP§6+§b] MustyFluffer§f§r§f: 300m LOWBALLING
18:39:40 [allowed] §8[§r§78§r§8] §r§a[VIP§6+§a] Vov2000§f§r§f: HYUPIXEL u wanna do gifts with me
18:39:42 [allowed] §cThis ability is on cooldown for 5s.
18:39:42 [allowed] §8[§r§e84§r§8] §r§7§l⚝ §r§a[VIP] M1sTake01§f§r§f: buying decent midas staff for 215m /p me !!!!!!!!!
18:39:42 [allowed] §cThis ability is on cooldown for 5s.
18:39:42 [allowed] §cThis ability is on cooldown for 5s.
18:39:42 [allowed] §cThis gift is for §r§a[VIP§r§6+§r§a] Samyyyi§r§f§r§c, sorry!
18:39:42 [allowed] §cThis gift is for §r§a[VIP§r§6+§r§a] Samyyyi§r§f§r§c, sorry!
18:39:43 [allowed] §8[§r§2179§r§8] §r§a[VIP§6+§a] Shadow_125§f§r§f: s
18:39:43 [allowed] §cThis gift is for §r§a[VIP§r§6+§r§a] Samyyyi§r§f§r§c, sorry!
18:39:43 [allowed] §8[§r§e105§r§8] §r§7tuch_me_not§7§r§7: LOWBALLING 250m no minion
18:39:43 [allowed] §cThis gift is for §r§a[VIP§r§6+§r§a] Samyyyi§r§f§r§c, sorry!
18:39:44 [allowed] §cThis ability is on cooldown for 3s.
18:39:44 [allowed] §aYou have sent a trade request to §r§7Sotaro9§r§a.
18:39:44 [allowed] §cThis gift is for §r§a[VIP§r§6+§r§a] Samyyyi§r§f§r§c, sorry!
18:39:44 [allowed] §cThis ability is on cooldown for 3s.
18:39:44 [allowed] §cWoah there! You already have an outgoing /trade request!
18:39:45 [allowed] §cThis ability is on cooldown for 2s.
18:39:45 [allowed] §cWoah there! You already have an outgoing /trade request!
18:39:45 [allowed] §cThis ability is on cooldown for 2s.
18:39:45 [allowed] §cWoah there! You already have an outgoing /trade request!
18:39:49 [allowed] §cThis ability is on cooldown for 5s.
18:39:49 [allowed] §8[§r§6419§r§8] §r§b§lᛝ §r§b[MVP§0+§b] Julliah§f§r§f: can u give me items bork
18:39:50 [allowed] §cThis ability is on cooldown for 4s.
18:39:50 [allowed] §cWoah there! You already have an outgoing /trade request!
18:39:51 [allowed] §cThis ability is on cooldown for 4s.
18:39:51 [allowed] §cWoah there! You already have an outgoing /trade request!
18:39:51 [allowed] §8[§r§2167§r§8] §r§6§lᛝ §r§b[MVP§6+§b] MustyFluffer§f§r§f: purse of 300m LOWBALLING
18:39:53 [allowed] §8[§r§2179§r§8] §r§a[VIP§6+§a] Shadow_125§f§r§f: lb 1.7b purse /visit
18:39:54 [allowed] §cThis ability is on cooldown for 1s.
18:39:54 [allowed] §cYour /trade request to §r§7Sotaro9§r§7 §r§cexpired!
18:39:56 [allowed] §aYou have sent a trade request to §r§aSamyyyi§r§a.
18:39:58 [allowed] §8[§r§6419§r§8] §r§b§lᛝ §r§b[MVP§0+§b] Julliah§f§r§f: i want to buy a sheep skin
18:39:59 [allowed] §8[§r§f76§r§8] §r§a[VIP] P3ince§f§r§f: lowballing 42m and do /ah P3ince for cheap stuff
18:39:59 [allowed] §cWoah there! You already have an outgoing /trade request!
18:39:59 [allowed] §cWoah there! You already have an outgoing /trade request!
18:40:00 [allowed] §3§l▬▬▬▬▬▬▬▬▬▬▬▬▬▬▬▬▬▬▬▬▬▬▬▬▬▬▬▬▬▬▬▬▬▬▬▬▬▬▬▬▬▬▬▬▬▬▬▬▬▬▬▬▬▬▬▬▬▬▬▬▬▬▬▬
18:40:00 [allowed]   §r§b§lSKILL LEVEL UP §3Foraging §3I
18:40:00 [allowed] 
18:40:00 [allowed]   §r§a§lREWARDS
18:40:00 [allowed]    §r§7§8+§aAccess to §aThe Park
18:40:00 [allowed]    §r§eLogger I
18:40:00 [allowed]    §r  §7§fGrants §a+§a4§f §6☘ Foraging Fortune§f, which increases your
18:40:00 [allowed]    §r  §fchance for multiple logs.
18:40:00 [allowed]    §r§7§8+§a1 §c❁ Strength
18:40:00 [allowed]    §r§7§8+§6100 §7Coins
18:40:00 [allowed]    §r§7§8+§b5 SkyBlock XP
18:40:00 [allowed] §3§l▬▬▬▬▬▬▬▬▬▬▬▬▬▬▬▬▬▬▬▬▬▬▬▬▬▬▬▬▬▬▬▬▬▬▬▬▬▬▬▬▬▬▬▬▬▬▬▬▬▬▬▬▬▬▬▬▬▬▬▬▬▬▬▬
18:40:00 [allowed] §3§l▬▬▬▬▬▬▬▬▬▬▬▬▬▬▬▬▬▬▬▬▬▬▬▬▬▬▬▬▬▬▬▬▬▬▬▬▬▬▬▬▬▬▬▬▬▬▬▬▬▬▬▬▬▬▬▬▬▬▬▬▬▬▬▬
18:40:00 [allowed]   §r§b§lSKILL LEVEL UP §3Foraging §8I➜§3II
18:40:00 [allowed] 
18:40:00 [allowed]   §r§a§lREWARDS
18:40:00 [allowed]    §r§eLogger II
18:40:00 [allowed]    §r  §7§fGrants §a+§84➜§a8§f §6☘ Foraging Fortune§f, which increases your
18:40:00 [allowed]    §r  §fchance for multiple logs.
18:40:00 [allowed]    §r§7§8+§a1 §c❁ Strength
18:40:00 [allowed]    §r§7§8+§6250 §7Coins
18:40:00 [allowed]    §r§7§8+§b5 SkyBlock XP
18:40:00 [allowed] §3§l▬▬▬▬▬▬▬▬▬▬▬▬▬▬▬▬▬▬▬▬▬▬▬▬▬▬▬▬▬▬▬▬▬▬▬▬▬▬▬▬▬▬▬▬▬▬▬▬▬▬▬▬▬▬▬▬▬▬▬▬▬▬▬▬
18:40:00 [allowed] §3§l▬▬▬▬▬▬▬▬▬▬▬▬▬▬▬▬▬▬▬▬▬▬▬▬▬▬▬▬▬▬▬▬▬▬▬▬▬▬▬▬▬▬▬▬▬▬▬▬▬▬▬▬▬▬▬▬▬▬▬▬▬▬▬▬
18:40:00 [allowed]   §r§b§lSKILL LEVEL UP §3Foraging §8II➜§3III
18:40:00 [allowed] 
18:40:00 [allowed]   §r§a§lREWARDS
18:40:00 [allowed]    §r§eLogger III
18:40:00 [allowed]    §r  §7§fGrants §a+§88➜§a12§f §6☘ Foraging Fortune§f, which increases your
18:40:00 [allowed]    §r  §fchance for multiple logs.
18:40:00 [allowed]    §r§7§8+§a1 §c❁ Strength
18:40:00 [allowed]    §r§7§8+§6500 §7Coins
18:40:00 [allowed]    §r§7§8+§b5 SkyBlock XP
18:40:00 [allowed] §3§l▬▬▬▬▬▬▬▬▬▬▬▬▬▬▬▬▬▬▬▬▬▬▬▬▬▬▬▬▬▬▬▬▬▬▬▬▬▬▬▬▬▬▬▬▬▬▬▬▬▬▬▬▬▬▬▬▬▬▬▬▬▬▬▬
18:40:00 [allowed] §f§lCOMMON! §r§3+500 Foraging XP §r§egift with §r§b[MVP§r§c+§r§b] HYUPIXEL§r§f§r§e!
18:40:00 [allowed] §8[§r§78§r§8] §r§a[VIP§6+§a] Vov2000§f§r§f: HYUPIXEL u wanna do gifts with me, join my party
18:40:00 [allowed] §cWoah there! You already have an outgoing /trade request!
18:40:02 [allowed] §a▬▬▬▬▬▬▬▬▬▬▬▬▬▬▬▬▬▬▬▬▬▬▬▬▬▬▬▬▬▬▬▬▬▬▬▬▬▬▬▬▬▬▬▬▬▬▬▬▬▬▬▬▬▬▬▬▬▬▬▬▬▬▬▬
18:40:02 [allowed] §6§lNEW STAT DISCOVERED! §r§6☘ Foraging Fortune
18:40:02 [allowed] 
18:40:02 [allowed] §6☘ Foraging Fortune §r§7increases how many drops you get from breaking wood. For every §r§61☘ Foraging Fortune§r§7, you gain a §r§a1% §r§7chance for an additional drop.
18:40:02 [allowed] 
18:40:02 [allowed] §e§lCLICK HERE §eto learn more on the Official SkyBlock Wiki!
18:40:02 [allowed] §a▬▬▬▬▬▬▬▬▬▬▬▬▬▬▬▬▬▬▬▬▬▬▬▬▬▬▬▬▬▬▬▬▬▬▬▬▬▬▬▬▬▬▬▬▬▬▬▬▬▬▬▬▬▬▬▬▬▬▬▬▬▬▬▬
18:40:02 [allowed] §8[§r§b226§r§8] §r§7☠ §r§b[MVP§c+§b] Keusingalvis§f§r§f: LowBall 2B
18:40:05 [allowed] §8[§r§a152§r§8] §r§a[VIP] derchicken§f§r§f: LOWBALLING 10b /visit derchicken
18:40:05 [allowed] §cWoah there! You already have an outgoing /trade request!
18:40:05 [allowed] §cWoah there! You already have an outgoing /trade request!
18:40:05 [allowed] §cWoah there! You already have an outgoing /trade request!
18:40:05 [allowed] §cWoah there! You already have an outgoing /trade request!
18:40:05 [allowed] §8[§r§2167§r§8] §r§6§lᛝ §r§b[MVP§6+§b] MustyFluffer§f§r§f: visit me for LOWBALLING 300m
18:40:05 [allowed] §cWoah there! You already have an outgoing /trade request!
18:40:06 [allowed] §cWoah there! You already have an outgoing /trade request!
18:40:06 [allowed] §cWoah there! You already have an outgoing /trade request!
18:40:07 [allowed] §cYour /trade request to §r§a[VIP§r§6+§r§a] Samyyyi§r§f §r§cexpired!
18:40:11 [allowed] §8[§r§713§r§8] §r§7YourFirstDUI§7§r§7: how much is a lvl 10 snow minion worth
18:40:14 [allowed] §f§lCOMMON! §r§3+250 Farming XP §r§egift with §r§b[MVP§r§c+§r§b] HYUPIXEL§r§f§r§e!
18:40:14 [allowed] §5§lEXTRA! §d+1 North Star
18:40:17 [allowed] §8[§r§2167§r§8] §r§6§lᛝ §r§b[MVP§6+§b] MustyFluffer§f§r§f: LOWBALLING 300m!
18:40:19 [allowed] §8[§r§b204§r§8] §r§6⛁ §r§6[MVP§0++§6] Borrk§f§r§f: anyone wanna create sb coop?
18:40:26 [allowed] §8[§r§6419§r§8] §r§b§lᛝ §r§b[MVP§0+§b] Julliah§f§r§f: borrk giv eme 600m
18:40:26 [allowed] §8[§r§a133§r§8] §r§a[VIP§6+§a] Samyyyi§f§r§f: slide 30 trophioes xD
18:40:26 [allowed] §8[§r§b205§r§8] §r§b[MVP§2+§b] oOr1§f§r§f: lowballing 900m purse
18:40:26 [allowed] §8[§r§f68§r§8] §r§a[VIP§6+§a] FatherFlunky§f§r§f: can some1 craft me a fire talisman, i have the stuff
18:40:27 [allowed] §8[§r§e84§r§8] §r§7§l⚝ §r§b[MVP] Brood§f§r§f: i also want to buy a sheep skin
18:40:29 [allowed] §8[§r§6419§r§8] §r§b§lᛝ §r§b[MVP§0+§b] Julliah§f§r§f: and il join
18:40:29 [allowed] §8[§r§b205§r§8] §r§b[MVP§2+§b] oOr1§f§r§f: lowballing 900m purse 20m+ items
18:40:30 [allowed] §8[§r§e116§r§8] §r§a[VIP] debbiedebbie963§f§r§f: LOWBALLING 13OM --------/VISIT DebbieDebbie963-------
18:40:34 [allowed] §8[§r§e105§r§8] §r§7tuch_me_not§7§r§7: LOWBALLING 250m no minion or hoe do/visit tuch_me_not LOWBALLING 250m no minion or hoe do/visit tuch
18:40:34 [allowed] §8[§r§f75§r§8] §r§7☠ §r§a[VIP] ReiEatsCheese§f§r§f: treasure talis on my ah
18:40:37 [allowed] §8[§r§70§r§8] §r§7Nicksonc§r§7: can someone give me some money to start out
18:40:39 [allowed] §8[§r§6419§r§8] §r§b§lᛝ §r§b[MVP§0+§b] Julliah§f§r§f: i need to buy a skin
18:40:39 [allowed] §8[§r§b204§r§8] §r§6⛁ §r§6[MVP§0++§6] Borrk§f§r§f: julliah im good ty
18:40:39 [allowed] §8[§r§e92§r§8] §r§7hyberfibre143§7§r§7: come try my casino and win big min 1m come fast
18:40:44 [allowed] §8[§r§a133§r§8] §r§a[VIP§6+§a] Samyyyi§f§r§f: slide 30 trophioes xD....
18:40:45 [allowed] §8[§r§6419§r§8] §r§b§lᛝ §r§b[MVP§0+§b] Julliah§f§r§f: why not? lol
18:40:48 [allowed] §8[§r§b205§r§8] §r§b[MVP§2+§b] oOr1§f§r§f: lowballing 900m purse 20m+ items visit me
18:40:49 [allowed] §8[§r§b204§r§8] §r§6⛁ §r§6[MVP§0++§6] Borrk§f§r§f: too expensive
18:40:50 [allowed] §8[§r§d338§r§8] §r§6§lӃ §r§b[MVP§c+§b] HYUPIXEL§f§r§f: nah I only gift my coop members for personal gain i apologize
18:40:50 [allowed] §8[§r§b204§r§8] §r§6⛁ §r§6[MVP§0++§6] Borrk§f§r§f: dont have money
18:40:51 [allowed] §8[§r§b205§r§8] §r§b[MVP§2+§b] oOr1§f§r§f: lowballing 900m purse 20m+ items visit me /visit or1
18:40:55 [allowed] §8[§r§e105§r§8] §r§7tuch_me_not§7§r§7: LOWBALLING 250m no minion or hoe do/visit tuch_me_not visit me asap
18:40:58 [allowed] §8[§r§b204§r§8] §r§6⛁ §r§6[MVP§0++§6] Borrk§f§r§f: if i need to give u 60m i need to sell hyp
18:40:59 [allowed] §8[§r§6419§r§8] §r§b§lᛝ §r§b[MVP§0+§b] Julliah§f§r§f: u calling me exspensive
18:41:00 [allowed] §8[§r§a133§r§8] §r§a[VIP§6+§a] Samyyyi§f§r§f: OOO
18:41:02 [allowed] §8[§r§e111§r§8] §r§a[VIP] LowballingToHype§f§r§f: lb 1bil
18:41:03 [allowed] §8[§r§a133§r§8] §r§a[VIP§6+§a] Samyyyi§f§r§f: all good
18:41:04 [allowed] §8[§r§b205§r§8] §r§b[MVP§2+§b] oOr1§f§r§f: lowballing 900m purse 20m+ items visit me /visit oor1 taking most items
18:41:13 [allowed] §8[§r§d338§r§8] §r§6§lӃ §r§b[MVP§c+§b] HYUPIXEL§f§r§f: I gotta get like
18:41:15 [allowed] §8[§r§b204§r§8] §r§6⛁ §r§6[MVP§0++§6] Borrk§f§r§f: sorry thats cheap, but i dont have the money
18:41:16 [allowed] §8[§r§d338§r§8] §r§6§lӃ §r§b[MVP§c+§b] HYUPIXEL§f§r§f: 60k north stars
