09:02:45 [SLAYER_RNG_METER]    §dRNG Meter §f- §d198,000 Stored XP
09:03:31 [SLAYER_RNG_METER]    §dRNG Meter §f- §d199,500 Stored XP
09:04:30 [SLAYER_RNG_METER]    §dRNG Meter §f- §d201,000 Stored XP
09:05:18 [SLAYER_RNG_METER]    §dRNG Meter §f- §d202,500 Stored XP
09:06:11 [SLAYER_RNG_METER]    §dRNG Meter §f- §d204,000 Stored XP
09:07:11 [SLAYER_RNG_METER]    §dRNG Meter §f- §d205,500 Stored XP
09:07:50 [SLAYER_RNG_METER]    §dRNG Meter §f- §d207,000 Stored XP
09:08:34 [SLAYER_RNG_METER]    §dRNG Meter §f- §d208,500 Stored XP
09:09:50 [SLAYER_RNG_METER]    §dRNG Meter §f- §d210,000 Stored XP
09:11:25 [SLAYER_RNG_METER]    §dRNG Meter §f- §d211,500 Stored XP
09:12:14 [SLAYER_RNG_METER]    §dRNG Meter §f- §d213,000 Stored XP
09:13:06 [SLAYER_RNG_METER]    §dRNG Meter §f- §d214,500 Stored XP
09:13:45 [SLAYER_RNG_METER]    §dRNG Meter §f- §d216,000 Stored XP
09:14:39 [SLAYER_RNG_METER]    §dRNG Meter §f- §d217,500 Stored XP
09:15:25 [SLAYER_RNG_METER]    §dRNG Meter §f- §d219,000 Stored XP
09:16:12 [SLAYER_RNG_METER]    §dRNG Meter §f- §d220,500 Stored XP
09:16:55 [SLAYER_RNG_METER]    §dRNG Meter §f- §d222,000 Stored XP
09:18:12 [SLAYER_RNG_METER]    §dRNG Meter §f- §d223,500 Stored XP
09:18:59 [SLAYER_RNG_METER]    §dRNG Meter §f- §d225,000 Stored XP
09:19:54 [SLAYER_RNG_METER]    §dRNG Meter §f- §d226,500 Stored XP
09:20:55 [SLAYER_RNG_METER]    §dRNG Meter §f- §d228,000 Stored XP
09:21:40 [SLAYER_RNG_METER]    §dRNG Meter §f- §d229,500 Stored XP
09:22:49 [SLAYER_RNG_METER]    §dRNG Meter §f- §d231,000 Stored XP
09:23:26 [SLAYER_RNG_METER]    §dRNG Meter §f- §d232,500 Stored XP
09:24:19 [SLAYER_RNG_METER]    §dRNG Meter §f- §d234,000 Stored XP
09:29:25 [SLAYER_RNG_METER]    §dRNG Meter §f- §d235,500 Stored XP
09:30:18 [SLAYER_RNG_METER]    §dRNG Meter §f- §d237,000 Stored XP
09:35:22 [SLAYER_RNG_METER]    §dRNG Meter §f- §d238,500 Stored XP
09:36:09 [SLAYER_RNG_METER]    §dRNG Meter §f- §d240,000 Stored XP
09:37:08 [SLAYER_RNG_METER]    §dRNG Meter §f- §d241,500 Stored XP
09:38:09 [SLAYER_RNG_METER]    §dRNG Meter §f- §d243,000 Stored XP
09:38:53 [SLAYER_RNG_METER]    §dRNG Meter §f- §d244,500 Stored XP
09:39:42 [SLAYER_RNG_METER]    §dRNG Meter §f- §d246,000 Stored XP
09:40:52 [SLAYER_RNG_METER]    §dRNG Meter §f- §d247,500 Stored XP
09:42:32 [SLAYER_RNG_METER]    §dRNG Meter §f- §d249,000 Stored XP
09:43:41 [SLAYER_RNG_METER]    §dRNG Meter §f- §d250,500 Stored XP
09:44:32 [SLAYER_RNG_METER]    §dRNG Meter §f- §d252,000 Stored XP
09:45:32 [SLAYER_RNG_METER]    §dRNG Meter §f- §d253,500 Stored XP
09:46:32 [SLAYER_RNG_METER]    §dRNG Meter §f- §d255,000 Stored XP
09:50:17 [SLAYER_RNG_METER]    §dRNG Meter §f- §d256,500 Stored XP
09:51:04 [SLAYER_RNG_METER]    §dRNG Meter §f- §d258,000 Stored XP
09:52:17 [SLAYER_RNG_METER]    §dRNG Meter §f- §d259,500 Stored XP
09:54:21 [SLAYER_RNG_METER]    §dRNG Meter §f- §d261,000 Stored XP
09:55:08 [SLAYER_RNG_METER]    §dRNG Meter §f- §d262,500 Stored XP
10:40:37 [BESTIARY] §f                                  §6§lBESTIARY
10:40:37 [BESTIARY] §f                               §b§lSniper §7§8IX §8➡§b §bX
10:40:37 [BESTIARY] 
10:40:37 [BESTIARY] §f                                  §r§6§lREWARDS
10:40:37 [BESTIARY] §f                          §r§8+§r§a3 Sniper §r§b✯ Magic Find
10:40:37 [BESTIARY] §f                           §r§8+§r§a3 Sniper §r§c❁ Strength
10:40:37 [BESTIARY] §f                              §r§8+§r§62% §r§aSniper §r§7coins
10:40:37 [BESTIARY] §f                    §r§8+§r§a50% §r§7chance for extra XP orbs
10:40:37 [BESTIARY] §f                               §r§8+§r§b1 SkyBlock XP
10:40:37 [BESTIARY] 
10:40:37 [BESTIARY] §3§l▬▬▬▬▬▬▬▬▬▬▬▬▬▬▬▬▬▬▬▬▬▬▬▬▬▬▬▬▬▬▬▬▬▬▬▬▬▬▬▬▬▬▬▬▬▬▬▬▬▬▬▬▬▬▬▬▬▬▬▬▬▬▬▬
