12:20:22 [allowed] §f §r§r§r§f §r§r§r§1 §r§r§r§0 §r§r§r§2 §r§r§r§f §r§r§r§f §r§r§r§2 §r§r§r§0 §r§r§r§4 §r§r§r§3 §r§r§r§9 §r§r§r§2 §r§r§r§0 §r§r§r§0 §r§r§r§3 §r§r§r§9 §r§r§r§2 §r§r§r§0 §r§r§r§0 §r§r§r§3 §r§r§r§9 §r§r§r§2 §r§r§r§0 §r§r§r§0 
12:20:22 [allowed] §b✦ §r§7You earned §r§b61 §r§7Mystery Dust!
12:20:22 [allowed] §aYou have §b46 §aunclaimed leveling rewards!
12:20:22 [allowed] §eClick here to view them!
12:20:22 [allowed] §aYou have §69 §aunclaimed achievement rewards!
12:20:22 [allowed] §eClick here to view them!
12:20:24 [allowed] §7Sending to server mini15CG...
12:20:24 [allowed] §8 §r§8 §r§1 §r§3 §r§3 §r§7 §r§8 
12:20:26 [allowed] 
12:20:26 [allowed] §eWelcome to §r§aHypixel SkyBlock§r§e!
12:20:26 [allowed] 
12:20:26 [allowed] §eLatest update: §bSkyBlock v0.23.4 §e§lCLICK
12:20:27 [allowed] §aYou are playing on profile: §eOrange
12:20:27 [allowed] §8Profile ID: ff830177-eb82-4d06-aa5d-336dd4acec83
12:20:28 [allowed] §6§lALLOWANCE! §r§eYou earned §r§640,000 coins§r§e!
12:21:48 [allowed] §cThere are blocks in the way!
12:21:51 [allowed] §e[NPC] Croesus§f: §rI wonder if they'll ever open more doors in here.
12:21:58 [allowed] §7Warping...
12:21:58 [allowed] §7Sending to server mini15CC...
12:21:59 [allowed] §8 §r§8 §r§1 §r§3 §r§3 §r§7 §r§8 
12:22:02 [allowed] §aYou are playing on profile: §eOrange
12:22:02 [allowed] §8Profile ID: ff830177-eb82-4d06-aa5d-336dd4acec83
12:22:12 [allowed] §aYou bought §r§9Kismet Feather§r§a!
12:22:13 [allowed] §aYou bought §r§9Kismet Feather§r§a!
12:22:14 [allowed] §aYou bought §r§9Kismet Feather§r§a!
12:22:15 [allowed] §aYou bought §r§9Kismet Feather§r§a!
12:22:16 [allowed] §aYou bought §r§9Kismet Feather§r§a!
12:22:17 [allowed] §aYou bought §r§9Kismet Feather§r§a!
12:22:18 [allowed] §aYou bought §r§9Kismet Feather§r§a!
12:22:18 [allowed] §6§l▬▬▬▬▬▬▬▬▬▬▬▬▬▬▬▬▬▬▬▬▬▬▬▬▬▬▬▬▬▬▬▬▬▬▬▬▬▬▬▬▬▬▬▬▬▬▬▬▬▬▬▬▬▬▬▬▬▬▬▬▬▬▬▬
12:22:18 [allowed] §6  §r§6§lFAME RANK UP §r§eCitizen
12:22:18 [allowed] §e    §r§8+§r§b1.2x Bits Multiplier
12:22:18 [allowed] §e    §r§8+§r§a2 Election Votes
12:22:18 [allowed] 
12:22:18 [allowed]  §eYou gained §36,720 Bits Available §ecompounded from all your §epreviously eaten §6cookies§e! Click here to open §6cookie menu§e!
12:22:18 [allowed] §6§l▬▬▬▬▬▬▬▬▬▬▬▬▬▬▬▬▬▬▬▬▬▬▬▬▬▬▬▬▬▬▬▬▬▬▬▬▬▬▬▬▬▬▬▬▬▬▬▬▬▬▬▬▬▬▬▬▬▬▬▬▬▬▬▬
12:22:20 [allowed] §aYou bought §r§9Kismet Feather§r§a!
12:22:24 [allowed] §7Warping...
12:22:24 [allowed] §7Sending to server mini79CG...
12:22:25 [allowed] §8 §r§8 §r§1 §r§3 §r§3 §r§7 §r§8 
12:22:28 [allowed] §aYou are playing on profile: §eOrange
12:22:28 [allowed] §8Profile ID: ff830177-eb82-4d06-aa5d-336dd4acec83
12:22:31 [allowed] 
12:22:31 [allowed]   §r§f§lWOOD CHEST REWARDS
12:22:31 [allowed]     §r§fEnchanted Book (Infinite Quiver VI§r§f)
12:22:31 [allowed]     §r§dWither Essence §r§8x19
12:22:31 [allowed]     §r§dUndead Essence §r§8x27
12:22:31 [allowed] 
12:22:37 [allowed] 
12:22:37 [allowed]   §r§f§lWOOD CHEST REWARDS
12:22:37 [allowed]     §r§fEnchanted Book (Infinite Quiver VI§r§f)
12:22:37 [allowed]     §r§dWither Essence §r§8x19
12:22:37 [allowed]     §r§dUndead Essence §r§8x27
12:22:37 [allowed] 
12:22:43 [allowed] §6§lRARE REWARD! §r§bsweatli §r§efound a §r§5Fuming Potato Book §r§ein their Obsidian Chest§r§e!
12:22:45 [allowed] 
12:22:45 [allowed]   §r§f§lWOOD CHEST REWARDS
12:22:45 [allowed]     §r§fEnchanted Book (Infinite Quiver VI§r§f)
12:22:45 [allowed]     §r§dUndead Essence §r§8x23
12:22:45 [allowed]     §r§dWither Essence §r§8x20
12:22:45 [allowed] 
12:22:54 [allowed] 
12:22:54 [allowed]   §r§5§lOBSIDIAN CHEST REWARDS
12:22:54 [allowed]     §r§6§lRARE REWARD! §r§5Fuming Potato Book
12:22:54 [allowed]     §r§fEnchanted Book (Rejuvenate II§r§f)
12:22:54 [allowed]     §r§dUndead Essence §r§8x56
12:22:54 [allowed]     §r§dWither Essence §r§8x44
12:22:54 [allowed] 
12:22:58 [allowed] §e[NPC] Croesus§f: §rIt's always best to keep a §ohandle §ron things!
12:23:02 [allowed] 
12:23:02 [allowed]   §r§f§lWOOD CHEST REWARDS
12:23:02 [allowed]     §r§fEnchanted Book (Feather Falling VI§r§f)
12:23:02 [allowed]     §r§dUndead Essence §r§8x23
12:23:02 [allowed]     §r§dWither Essence §r§8x20
12:23:02 [allowed] 
12:23:10 [allowed] 
12:23:10 [allowed]   §r§f§lWOOD CHEST REWARDS
12:23:10 [allowed]     §r§fEnchanted Book (Infinite Quiver VI§r§f)
12:23:10 [allowed]     §r§dWither Essence §r§8x21
12:23:10 [allowed]     §r§dUndead Essence §r§8x13
12:23:10 [allowed] 
12:23:15 [allowed] 
12:23:15 [allowed]   §r§6§lGOLD CHEST REWARDS
12:23:15 [allowed]     §r§9Wither Catalyst
12:23:15 [allowed]     §r§dWither Essence §r§8x20
12:23:15 [allowed]     §r§dUndead Essence §r§8x34
12:23:15 [allowed] 
12:23:15 [allowed] §6§lRARE REWARD! §r§axSalvation1 §r§efound a §r§6Recombobulator 3000 §r§ein their Bedrock Chest§r§e!
12:23:41 [allowed] 
12:23:41 [allowed]   §r§5§lOBSIDIAN CHEST REWARDS
12:23:41 [allowed]     §r§6§lRARE REWARD! §r§5Fuming Potato Book
12:23:41 [allowed]     §r§fEnchanted Book (§r§d§lUltimate Wise I§r§f)
12:23:41 [allowed]     §r§dUndead Essence §r§8x56
12:23:41 [allowed]     §r§dWither Essence §r§8x44
12:23:41 [allowed] 
12:23:49 [allowed] 
12:23:49 [allowed]   §r§f§lWOOD CHEST REWARDS
12:23:49 [allowed]     §r§fEnchanted Book (Rejuvenate I§r§f)
12:23:49 [allowed]     §r§dWither Essence §r§8x20
12:23:49 [allowed]     §r§dUndead Essence §r§8x23
12:23:49 [allowed] 
12:23:53 [allowed] 
12:23:53 [allowed]   §r§f§lWOOD CHEST REWARDS
12:23:53 [allowed]     §r§fEnchanted Book (Infinite Quiver VI§r§f)
12:23:53 [allowed]     §r§dUndead Essence §r§8x17
12:23:53 [allowed]     §r§dWither Essence §r§8x20
12:23:53 [allowed] 
12:23:58 [allowed] §7Warping...
12:23:58 [allowed] §7Sending to server mini9CD...
12:23:58 [allowed] §8 §r§8 §r§1 §r§3 §r§3 §r§7 §r§8 
12:24:02 [allowed] §aYou are playing on profile: §eOrange
12:24:02 [allowed] §8Profile ID: ff830177-eb82-4d06-aa5d-336dd4acec83
12:24:06 [allowed] §6[Bazaar] §r§7Executing instant sell...
12:24:06 [allowed] §6[Bazaar] §r§cCouldn't find any buyers for Feather Falling VI!
12:24:06 [allowed] §6[Bazaar] §r§7Sold §r§a1§r§7x §r§fRejuvenate II §r§7for §r§638,023 coins§r§7!
12:24:06 [allowed] §6[Bazaar] §r§7Sold §r§a5§r§7x §r§9Infinite Quiver VI §r§7for §r§66.5 coins§r§7!
12:24:06 [allowed] §6[Bazaar] §r§7Sold §r§a2§r§7x §r§5Fuming Potato Book §r§7for §r§62,657,900 coins§r§7!
12:24:06 [allowed] §6[Bazaar] §r§7Sold §r§a1§r§7x §r§fRejuvenate I §r§7for §r§613,396 coins§r§7!
12:24:06 [allowed] §6[Bazaar] §r§7Sold §r§a7§r§7x §r§fEnder Pearl §r§7for §r§628.0 coins§r§7!
12:24:06 [allowed] §6[Bazaar] §r§7Sold §r§a50§r§7x §r§9Superboom TNT §r§7for §r§62,560 coins§r§7!
12:24:06 [allowed] §6[Bazaar] §r§7Sold §r§a1§r§7x §r§9Wither Catalyst §r§7for §r§61,067,398 coins§r§7!
12:24:06 [allowed] §6[Bazaar] §r§7Sold §r§a16§r§7x §r§9Spirit Leap §r§7for §r§6491.2 coins§r§7!
12:24:06 [allowed] §6[Bazaar] §r§7Sold §r§a1§r§7x §r§d§lUltimate Wise I §r§7for §r§6119,759 coins§r§7!
12:24:08 [allowed] §6[Bazaar] §r§7Executing instant sell...
12:24:08 [allowed] §6[Bazaar] §r§cCouldn't find any buyers for Hunk of Ice!
12:24:08 [allowed] §6[Bazaar] §r§7Sold §r§a3§r§7x §r§aEnchanted Ice §r§7for §r§6961.8 coins§r§7!
12:24:13 [allowed] §6[Sacks] §r§c-3§r§e items§r§e.§r§8 (Last 5s.)
12:25:35 [allowed] §cThere are blocks in the way!
12:25:37 [allowed] §cThere are blocks in the way!
12:25:38 [allowed] §cThere are blocks in the way!
12:25:38 [allowed] §cThere are blocks in the way!
12:25:43 [allowed] §cThere are blocks in the way!
12:25:48 [allowed] §cThere are blocks in the way!
12:25:59 [allowed] §7Warping...
12:25:59 [allowed] §7Sending to server mini181BH...
12:26:00 [allowed] §8 §r§8 §r§1 §r§3 §r§3 §r§7 §r§8 
12:26:03 [allowed] §aYou are playing on profile: §eOrange
12:26:03 [allowed] §8Profile ID: ff830177-eb82-4d06-aa5d-336dd4acec83
12:26:05 [allowed] §cThere are blocks in the way!
12:26:10 [allowed] §9§m-----------------------------
§r§7cwq97§r§7 §r§eentered §r§c§lMM§r§c The Catacombs§r§e, §r§eFloor V§r§e!
§r§9§m-----------------------------
12:26:10 [allowed] §8Queuing... (Attempt 1/3)
12:26:11 [allowed] §7Sending to server mini257V...
12:26:11 [allowed] §8 §r§8 §r§1 §r§3 §r§3 §r§7 §r§8 
12:26:14 [allowed] §7cwq97§r§a is now ready!
12:26:14 [allowed] §aYou are playing on profile: §eOrange
12:26:14 [allowed] §8Profile ID: ff830177-eb82-4d06-aa5d-336dd4acec83
12:26:14 [allowed] §aStarting in 4 seconds.
12:26:15 [allowed] §aStarting in 3 seconds.
12:26:16 [allowed] §aStarting in 2 seconds.
12:26:17 [allowed] §aStarting in 1 second.
12:26:18 [allowed] §6Your §r§aArcher §r§6stats are doubled because you are the only player using this class!
12:26:18 [allowed] §a[Archer] §r§fExtra Arrow Chance §r§c86%§r§f -> §r§a136%
12:26:18 [allowed] §a[Archer] §r§fArrow Damage §r§c207.6%§r§f -> §r§a257.6%
12:26:18 [allowed] §e[NPC] §bMort§f: §rHere, I found this map when I first entered the dungeon.
12:26:20 [allowed] §e[NPC] §bMort§f: §rYou should find it useful if you get lost.
12:26:20 [allowed] §cThere are blocks in the way!
12:26:21 [allowed] §e§lArcher Milestone §r§e❷§r§7: You have dealt §r§c6,250,000§r§7 Ranged Damage so far! §r§a03s
12:26:22 [allowed] §e[NPC] §bMort§f: §rGood luck.
12:26:24 [allowed] §eYour bone plating reduced the damage you took by §r§c3,582.6§r§e!
12:26:24 [allowed] §e§lArcher Milestone §r§e❸§r§7: You have dealt §r§c25,000,000§r§7 Ranged Damage so far! §r§a05s
12:26:25 [allowed] §aYour §r§9⚚ Bonzo's Mask §r§asaved your life!
12:26:25 [allowed] §9§m-----------------------------------------------------
12:26:25 [allowed] §cYou are not in a party right now.
12:26:25 [allowed] §9§m-----------------------------------------------------
12:26:26 [allowed] §aUsed §r§6Rapid Fire§r§a!
12:26:27 [allowed] §e§lArcher Milestone §r§e❹§r§7: You have dealt §r§c62,500,000§r§7 Ranged Damage so far! §r§a08s
12:26:29 [allowed] §7cwq97§r§7 §r§ehas obtained §r§a§r§dBlessing of Stone§r§e!
12:26:29 [allowed] §6§lDUNGEON BUFF! §r§fYou found a §r§dBlessing of Stone V§r§f! (§r§a10s§r§f)
12:26:29 [allowed]      §r§7Granted you §r§a§r§a+24.5§r§7 & §r§a+1.12x §r§a❈ Defense §r§7and §r§a+36 §r§c❁ Damage§r§7.
12:26:29 [allowed] §7cwq97§r§7 §r§ehas obtained §r§a§r§6§r§8Wither Key§r§e!
12:26:29 [allowed] §e§lRIGHT CLICK §r§7on §r§7a §r§8WITHER §r§7door§r§7 to open it. This key can only be used to open §r§a1§r§7 door!
12:26:29 [allowed] §7cwq97§r§7 §r§ehas obtained §r§a§r§9Superboom TNT§r§e!
12:26:30 [allowed] §a§l+5 Kill Combo §r§b+3% §r§b✯ Magic Find
12:26:30 [allowed] §cThe Arrow Trap hit you for 3,694.8 damage!
12:26:32 [allowed] §cThere are blocks in the way!
12:26:32 [allowed] §cThere are blocks in the way!
12:26:32 [allowed] §a§r§7cwq97§r§a opened a §r§8§lWITHER §r§adoor!
12:26:35 [allowed] §c ☠ §r§7You were killed by Crypt Lurker§r§7 and became a ghost§r§7.
12:26:35 [allowed] §a§l▬▬▬▬▬▬▬▬▬▬▬▬▬▬▬▬▬▬▬▬▬▬▬▬▬▬▬▬▬▬▬▬▬▬▬▬▬▬▬▬▬▬▬▬▬▬▬▬▬▬▬▬▬▬▬▬▬▬▬▬▬▬▬▬
12:26:35 [allowed] §f                 §r§cMaster Mode The Catacombs §r§8- §r§eFloor V
12:26:35 [allowed] 
12:26:35 [allowed] §f                            §r§fTeam Score: §r§a11 §r§f(§r§cD§r§f)
12:26:35 [allowed] §f                             §6> §e§lEXTRA STATS §6<
12:26:35 [allowed] §f                      §r§8+§r§32,963 Catacombs Experience
12:26:35 [allowed] §f                       §r§8+§r§32,669.3 Archer Experience
12:26:35 [allowed] §a§l▬▬▬▬▬▬▬▬▬▬▬▬▬▬▬▬▬▬▬▬▬▬▬▬▬▬▬▬▬▬▬▬▬▬▬▬▬▬▬▬▬▬▬▬▬▬▬▬▬▬▬▬▬▬▬▬▬▬▬▬▬▬▬▬
12:26:35 [allowed] §eYour §r§6Spirit Pet §r§ehit 1 enemy for §r§c17,750 §r§edamage.
12:26:35 [allowed] §cYou are not allowed to use that command as a spectator!
12:26:35 [allowed] §cYou are not allowed to use that command as a spectator!
12:26:37 [allowed] 
12:26:37 [allowed] §a§l▬▬▬▬▬▬▬▬▬▬▬▬▬▬▬▬▬▬▬▬▬▬▬▬▬▬▬▬▬▬▬▬▬▬▬▬▬▬▬▬▬▬▬▬▬▬▬▬▬▬▬▬▬▬▬▬▬▬▬▬▬▬▬▬
12:26:37 [allowed]       §r§7Click §e§lHERE §7to re-queue into §c§a§c§lMM§c The Catacombs§7!
12:26:37 [allowed] §a§l▬▬▬▬▬▬▬▬▬▬▬▬▬▬▬▬▬▬▬▬▬▬▬▬▬▬▬▬▬▬▬▬▬▬▬▬▬▬▬▬▬▬▬▬▬▬▬▬▬▬▬▬▬▬▬▬▬▬▬▬▬▬▬▬
12:26:37 [allowed] 
12:26:39 [allowed] §7Warping...
12:26:39 [allowed] §7Sending to server mini2BH...
12:26:39 [allowed] §8 §r§8 §r§1 §r§3 §r§3 §r§7 §r§8 
12:26:42 [allowed] §aYou are playing on profile: §eOrange
12:26:42 [allowed] §8Profile ID: ff830177-eb82-4d06-aa5d-336dd4acec83
12:26:50 [allowed] §dWarped to §r§bElection Room§r§d!
12:27:02 [allowed] §d-----------------------------------------------------
12:27:02 [allowed] §eYou voted for §r§dJerry §r§ein the §r§bYear 449 Elections§r§e!
12:27:02 [allowed] §eAs a §bCitizen§e, your vote counts for §a2§e.
12:27:02 [allowed] §d-----------------------------------------------------
12:27:07 [allowed] §dWarped to §r§bCommunity Center§r§d!
12:30:50 [allowed] §aYou earned §r§2128 GEXP §r§a+ §r§5128 Event EXP §r§afrom playing SkyBlock!
12:31:26 [allowed] §c ☠ §r§7§r§7sleexce§r§7 was killed by Sea Witch§r§7§r§7.
12:32:04 [allowed] §c ☠ §r§7§r§7sleexce§r§7 was killed by Sea Witch§r§7§r§7.
12:32:31 [allowed] §c ☠ §r§7§r§7sleexce§r§7 was killed by Sea Witch§r§7§r§7.
12:32:58 [allowed] §c ☠ §r§7§r§7sleexce§r§7 was killed by Sea Witch§r§7§r§7.
12:33:12 [allowed] §c ☠ §r§7§r§7Gunniebear§r§7 was killed by §r§6Golden Ghoul§r§7§r§7.
12:39:27 [allowed] §8[§r§9300§r§8] §r§6ௐ §r§b[MVP§c+§b] Pywrax06§f§r§f: Level 299 ➡ [300]
12:39:37 [allowed] §8[§r§2176§r§8] §r§7☠ §r§b[MVP§2+§b] NoobWoofDog§f§r§f: gj
12:39:45 [allowed] §8[§r§9300§r§8] §r§6ௐ §r§b[MVP§c+§b] Pywrax06§f§r§f: on having no life?
12:39:47 [allowed] §8[§r§9300§r§8] §r§6ௐ §r§b[MVP§c+§b] Pywrax06§f§r§f: thank you
12:39:48 [allowed] §8[§r§2176§r§8] §r§7☠ §r§b[MVP§2+§b] NoobWoofDog§f§r§f: yuh
12:39:51 [allowed] §8[§r§c454§r§8] §r§7α §r§b[MVP§f+§b] SparkleMaido§f§r§f: 100 more levels until basic human rights
12:39:52 [allowed] §8[§r§2176§r§8] §r§7☠ §r§b[MVP§2+§b] NoobWoofDog§f§r§f: npnp
12:39:59 [allowed] §8[§r§2176§r§8] §r§7☠ §r§b[MVP§2+§b] NoobWoofDog§f§r§f: ruh roh
12:40:01 [allowed] §8[§r§e107§r§8] §r§a[VIP] PobyMoby§f§r§f: anyone wanna give me 130m for a warden helmet
12:40:05 [allowed] §8[§r§9300§r§8] §r§6ௐ §r§b[MVP§c+§b] Pywrax06§f§r§f: lmao
12:40:07 [allowed] §8[§r§2176§r§8] §r§7☠ §r§b[MVP§2+§b] NoobWoofDog§f§r§f: i dont get human rights for another 224 levels!?
12:40:12 [allowed] §8[§r§9300§r§8] §r§6ௐ §r§b[MVP§c+§b] Pywrax06§f§r§f: yes ill get right on that PobyMoby
12:40:12 [allowed] §8[§r§c454§r§8] §r§7α §r§b[MVP§f+§b] SparkleMaido§f§r§f: sadly. yes
12:40:17 [allowed] §8[§r§e107§r§8] §r§a[VIP] PobyMoby§f§r§f: really?
12:40:19 [allowed] §8[§r§2176§r§8] §r§7☠ §r§b[MVP§2+§b] NoobWoofDog§f§r§f: i hate
12:40:22 [allowed] §8[§r§2176§r§8] §r§7☠ §r§b[MVP§2+§b] NoobWoofDog§f§r§f: galatea
12:40:23 [allowed] §8[§r§c454§r§8] §r§7α §r§b[MVP§f+§b] SparkleMaido§f§r§f: i don't even get premium human rights until 500
12:40:25 [allowed] §8[§r§2176§r§8] §r§7☠ §r§b[MVP§2+§b] NoobWoofDog§f§r§f: i dont understand it
12:40:27 [allowed] §8[§r§9300§r§8] §r§6ௐ §r§b[MVP§c+§b] Pywrax06§f§r§f: no find your own money
12:40:34 [allowed] §8[§r§2176§r§8] §r§7☠ §r§b[MVP§2+§b] NoobWoofDog§f§r§f: SparkleMaido so basically you're like
12:40:36 [allowed] §8[§r§2176§r§8] §r§7☠ §r§b[MVP§2+§b] NoobWoofDog§f§r§f: irish in the us
12:40:39 [allowed] §8[§r§c454§r§8] §r§7α §r§b[MVP§f+§b] SparkleMaido§f§r§f: yeah basically
12:40:41 [allowed] §8[§r§2176§r§8] §r§7☠ §r§b[MVP§2+§b] NoobWoofDog§f§r§f: i'd be black
12:40:47 [allowed] §c[Important] §r§eThis server will restart soon: §r§bScheduled Reboot
12:40:47 [allowed] §eYou have §a60 seconds §eto warp out! §a§l§nCLICK§e to warp now!
12:40:55 [allowed] §8[§r§2176§r§8] §r§7☠ §r§b[MVP§2+§b] NoobWoofDog§f§r§f: and Pywrax06 would be asian
12:41:02 [allowed] §8[§r§2176§r§8] §r§7☠ §r§b[MVP§2+§b] NoobWoofDog§f§r§f: or jewish
12:41:46 [allowed] §7Evacuating to Your Island...
12:41:46 [allowed] §7Sending to server mini71AQ...
12:41:46 [allowed] §8 §r§8 §r§1 §r§3 §r§3 §r§7 §r§8 
12:41:49 [allowed] §aYou are playing on profile: §eOrange
12:41:49 [allowed] §8Profile ID: ff830177-eb82-4d06-aa5d-336dd4acec83
12:54:12 [allowed] §aFriend > §r§b_mm6_ §r§eleft.
