23:11:35 [STASH_COMPACT] §eOne or more items didn't fit in your inventory and were added to your material stash! §6Click here §eto pick them up!
23:11:35 [STASH_COMPACT] §eOne or more items didn't fit in your inventory and were added to your item stash! §6Click here §eto pick them up!
23:11:38 [STASH_COMPACT] §eOne or more items didn't fit in your inventory and were added to your material stash! §6Click here §eto pick them up!
23:11:38 [STASH_COMPACT] §eOne or more items didn't fit in your inventory and were added to your item stash! §6Click here §eto pick them up!
23:11:40 [STASH_COMPACT] §eOne or more items didn't fit in your inventory and were added to your material stash! §6Click here §eto pick them up!
23:11:40 [STASH_COMPACT] §eOne or more items didn't fit in your inventory and were added to your item stash! §6Click here §eto pick them up!
23:11:40 [STASH_COMPACT] §eOne or more items didn't fit in your inventory and were added to your material stash! §6Click here §eto pick them up!
23:11:40 [STASH_COMPACT] §eOne or more items didn't fit in your inventory and were added to your item stash! §6Click here §eto pick them up!
23:11:40 [STASH_COMPACT] §eOne or more items didn't fit in your inventory and were added to your material stash! §6Click here §eto pick them up!
23:11:40 [STASH_COMPACT] §eOne or more items didn't fit in your inventory and were added to your item stash! §6Click here §eto pick them up!
23:11:41 [STASH_COMPACT] §eOne or more items didn't fit in your inventory and were added to your material stash! §6Click here §eto pick them up!
23:11:41 [STASH_COMPACT] §eOne or more items didn't fit in your inventory and were added to your item stash! §6Click here §eto pick them up!
23:11:45 [STASH_COMPACT] §eOne or more items didn't fit in your inventory and were added to your material stash! §6Click here §eto pick them up!
23:11:45 [STASH_COMPACT] §eOne or more items didn't fit in your inventory and were added to your item stash! §6Click here §eto pick them up!
23:11:48 [STASH_COMPACT]  
23:11:48 [STASH_COMPACT] §f                 §7You have §388 §7materials stashed away!
23:11:48 [STASH_COMPACT] §f               §8(This totals 1 type of material stashed!)
23:11:48 [STASH_COMPACT] §f                §3§l>>> §3§lCLICK HERE§b to pick them up! §3§l<<<
23:11:48 [STASH_COMPACT]   
23:11:49 [STASH_COMPACT] §eOne or more items didn't fit in your inventory and were added to your material stash! §6Click here §eto pick them up!
23:11:49 [STASH_COMPACT] §eOne or more items didn't fit in your inventory and were added to your item stash! §6Click here §eto pick them up!
23:11:49 [STASH_COMPACT] §eOne or more items didn't fit in your inventory and were added to your material stash! §6Click here §eto pick them up!
23:11:49 [STASH_COMPACT] §eOne or more items didn't fit in your inventory and were added to your item stash! §6Click here §eto pick them up!
23:11:50 [STASH_COMPACT] §eOne or more items didn't fit in your inventory and were added to your material stash! §6Click here §eto pick them up!
23:11:50 [STASH_COMPACT] §eOne or more items didn't fit in your inventory and were added to your item stash! §6Click here §eto pick them up!
23:11:52 [STASH_COMPACT] §eOne or more items didn't fit in your inventory and were added to your material stash! §6Click here §eto pick them up!
23:11:52 [STASH_COMPACT] §eOne or more items didn't fit in your inventory and were added to your item stash! §6Click here §eto pick them up!
23:11:52 [STASH_COMPACT] §eOne or more items didn't fit in your inventory and were added to your material stash! §6Click here §eto pick them up!
23:11:52 [STASH_COMPACT] §eOne or more items didn't fit in your inventory and were added to your item stash! §6Click here §eto pick them up!
23:11:52 [STASH_COMPACT] §eOne or more items didn't fit in your inventory and were added to your material stash! §6Click here §eto pick them up!
23:11:52 [STASH_COMPACT] §eOne or more items didn't fit in your inventory and were added to your item stash! §6Click here §eto pick them up!
23:11:56 [STASH_COMPACT] §eOne or more items didn't fit in your inventory and were added to your material stash! §6Click here §eto pick them up!
23:11:56 [STASH_COMPACT] §eOne or more items didn't fit in your inventory and were added to your item stash! §6Click here §eto pick them up!
23:11:56 [STASH_COMPACT] §eOne or more items didn't fit in your inventory and were added to your material stash! §6Click here §eto pick them up!
23:11:56 [STASH_COMPACT] §eOne or more items didn't fit in your inventory and were added to your item stash! §6Click here §eto pick them up!
23:11:57 [STASH_COMPACT] §eOne or more items didn't fit in your inventory and were added to your material stash! §6Click here §eto pick them up!
23:11:57 [STASH_COMPACT] §eOne or more items didn't fit in your inventory and were added to your item stash! §6Click here §eto pick them up!
23:11:57 [STASH_COMPACT] §eOne or more items didn't fit in your inventory and were added to your material stash! §6Click here §eto pick them up!
23:11:57 [STASH_COMPACT] §eOne or more items didn't fit in your inventory and were added to your item stash! §6Click here §eto pick them up!
23:11:57 [STASH_COMPACT] §eOne or more items didn't fit in your inventory and were added to your material stash! §6Click here §eto pick them up!
23:11:57 [STASH_COMPACT] §eOne or more items didn't fit in your inventory and were added to your item stash! §6Click here §eto pick them up!
23:12:00 [STASH_COMPACT] §eOne or more items didn't fit in your inventory and were added to your material stash! §6Click here §eto pick them up!
23:12:00 [STASH_COMPACT] §eOne or more items didn't fit in your inventory and were added to your item stash! §6Click here §eto pick them up!
23:12:00 [STASH_COMPACT] §eOne or more items didn't fit in your inventory and were added to your material stash! §6Click here §eto pick them up!
23:12:00 [STASH_COMPACT] §eOne or more items didn't fit in your inventory and were added to your item stash! §6Click here §eto pick them up!
23:12:05 [STASH_COMPACT] §eOne or more items didn't fit in your inventory and were added to your material stash! §6Click here §eto pick them up!
23:12:05 [STASH_COMPACT] §eOne or more items didn't fit in your inventory and were added to your item stash! §6Click here §eto pick them up!
23:12:06 [STASH_COMPACT] §eOne or more items didn't fit in your inventory and were added to your material stash! §6Click here §eto pick them up!
23:12:06 [STASH_COMPACT] §eOne or more items didn't fit in your inventory and were added to your item stash! §6Click here §eto pick them up!
23:12:07 [STASH_COMPACT] §eOne or more items didn't fit in your inventory and were added to your material stash! §6Click here §eto pick them up!
23:12:07 [STASH_COMPACT] §eOne or more items didn't fit in your inventory and were added to your item stash! §6Click here §eto pick them up!
23:12:09 [STASH_COMPACT] §eOne or more items didn't fit in your inventory and were added to your material stash! §6Click here §eto pick them up!
23:12:09 [STASH_COMPACT] §eOne or more items didn't fit in your inventory and were added to your item stash! §6Click here §eto pick them up!
23:12:11 [STASH_COMPACT] §eOne or more items didn't fit in your inventory and were added to your material stash! §6Click here §eto pick them up!
23:12:11 [STASH_COMPACT] §eOne or more items didn't fit in your inventory and were added to your item stash! §6Click here §eto pick them up!
23:12:13 [STASH_COMPACT] §eOne or more items didn't fit in your inventory and were added to your material stash! §6Click here §eto pick them up!
23:12:13 [STASH_COMPACT] §eOne or more items didn't fit in your inventory and were added to your item stash! §6Click here §eto pick them up!
23:12:15 [STASH_COMPACT] §eOne or more items didn't fit in your inventory and were added to your material stash! §6Click here §eto pick them up!
23:12:15 [STASH_COMPACT] §eOne or more items didn't fit in your inventory and were added to your item stash! §6Click here §eto pick them up!
23:12:19 [STASH_COMPACT] §eOne or more items didn't fit in your inventory and were added to your material stash! §6Click here §eto pick them up!
23:12:19 [STASH_COMPACT] §eOne or more items didn't fit in your inventory and were added to your item stash! §6Click here §eto pick them up!
23:12:23 [STASH_COMPACT] §eOne or more items didn't fit in your inventory and were added to your material stash! §6Click here §eto pick them up!
23:12:23 [STASH_COMPACT] §eOne or more items didn't fit in your inventory and were added to your item stash! §6Click here §eto pick them up!
23:12:25 [STASH_COMPACT] §eOne or more items didn't fit in your inventory and were added to your material stash! §6Click here §eto pick them up!
23:12:25 [STASH_COMPACT] §eOne or more items didn't fit in your inventory and were added to your item stash! §6Click here §eto pick them up!
23:12:49 [STASH_COMPACT] §f                 §7You have §3626 §7materials stashed away!
23:12:49 [STASH_COMPACT] §f               §8(This totals 1 type of material stashed!)
23:12:49 [STASH_COMPACT] §f                §3§l>>> §3§lCLICK HERE§b to pick them up! §3§l<<<
23:12:49 [STASH_COMPACT]   
23:42:18 [COMPACT_POTION_EFFECT] §a§lBUFF! §fYou have gained §r§9Speed V§r§f! Press TAB or type /effects to view your active effects!
