21:20:09 `22452597m9`340 missed {
 is already Found: false).
 Position: LorenzVec(x=-49.5, y=70.0, z=-67.5)
 DistanceC: 23.802354469464404
Relative Position: LorenzVec(x=-21.405446392217737, y=-2.0625, z=23.802354469464404)
 }
21:23:48 `94tm9d7w01`519 missed {
 is already Found: false).
 Position: LorenzVec(x=66.0, y=71.0, z=-59.0)
 DistanceC: 22.699999988079078
Relative Position: LorenzVec(x=19.424649187310408, y=2.0, z=-22.699999988079078)
 }
21:23:49 `gilm4jibw4`350 missed {
 is already Found: false).
 Position: LorenzVec(x=51.5, y=79.0, z=-13.5)
 DistanceC: 22.800000011920922
Relative Position: LorenzVec(x=4.924649187310408, y=10.0, z=22.800000011920922)
 }
21:23:57 `q4jxf4rq4z`228 missed {
 is already Found: false).
 Position: LorenzVec(x=22.0, y=71.0, z=-45.5)
 DistanceC: 13.00193601396154
Relative Position: LorenzVec(x=-13.00193601396154, y=2.0, z=4.456476563875015)
 }
21:23:58 `Zombie`238974 missed {
 is already Found: false).
 Position: LorenzVec(x=24.46875, y=69.0, z=-29.25)
 DistanceC: 21.96047846046026
Relative Position: LorenzVec(x=7.29225278286653, y=-1.0, z=21.96047846046026)
 }
