22:47:44 §e[SkyHanni] Updated NEU repo§r
22:47:47 §e[SkyHanni] Reloaded 7646 items in the NEU repo§r
22:49:53 §e[SkyHanni] §b+4 SkyBlock XP §7(Collections§7)§b (55/100)§r
23:05:01 §e[SkyHanni] §b+12 SkyBlock XP §7(Pet Score§7)§b (82/100)§r
23:07:39 §e[SkyHanni] §eRemoved invalid Account Upgrade information.§r
23:11:48 §e[SkyHanni] §bYou have §388 §bmaterials in stash, §btotalling §31 type§b. §bClick to §3pickup §byour stash!§r
23:12:49 §e[SkyHanni] §bYou have §3626 §bmaterials in stash, §btotalling §31 type§b. §bClick to §3pickup §byour stash!§r
23:23:01 §e[SkyHanni] §b+16 SkyBlock XP §7(Accessory Bag§7)§b (13/100)§r
23:32:04 §e[SkyHanni] §b+8 SkyBlock XP §7(Accessory Bag§7)§b (33/100)§r
23:32:54 §e[SkyHanni] §b+8 SkyBlock XP §7(Accessory Bag§7)§b (49/100)§r
23:34:02 §e[SkyHanni] §b+5 SkyBlock XP §7(Accessory Bag§7)§b (59/100)§r
23:34:07 §e[SkyHanni] §b+7 SkyBlock XP §7(Accessory Bag§7)§b (66/100)§r
23:41:06 §e[SkyHanni] Start a new slayer quest! You have no Auto-Slayer active!§r
23:41:41 §e[SkyHanni] §b+15 SkyBlock XP §7(Slayer Level Up§7)§b (16/100)§r
23:42:18 §a§lPotion Effect! §r§9Speed V§r
23:43:37 §e[SkyHanni] §b+5 SkyBlock XP §7(Skill Level Up§7)§b (26/100)§r
23:47:58 §e[SkyHanni] Automatically enabling the Deep Caverns Guide, helping you find the way to the bottom of the Deep Caverns and the path to Rhys.§r
23:51:14 §e[SkyHanni] §b+5 SkyBlock XP §7(Accessory Bag§7)§b (36/100)§r
23:52:03 §e[SkyHanni] Start a new slayer quest! You have no Auto-Slayer active!§r
23:52:06 §e[SkyHanni] §b+4 SkyBlock XP §7(Collections§7)§b (45/100)§r
23:52:16 §e[SkyHanni] Start a new slayer quest! You have no Auto-Slayer active!§r
23:53:44 §e[SkyHanni] §b+5 SkyBlock XP §7(Collections§7)§b (56/100)§r
00:08:15 §e[SkyHanni] §b+5 SkyBlock XP §7(Complete Objective§7)§b (93/100)§r
