20:45:40 [allowed] §f §r§r§r§f §r§r§r§1 §r§r§r§0 §r§r§r§2 §r§r§r§f §r§r§r§f §r§r§r§2 §r§r§r§0 §r§r§r§4 §r§r§r§3 §r§r§r§9 §r§r§r§2 §r§r§r§0 §r§r§r§0 §r§r§r§3 §r§r§r§9 §r§r§r§2 §r§r§r§0 §r§r§r§0 §r§r§r§3 §r§r§r§9 §r§r§r§2 §r§r§r§0 §r§r§r§0 
20:45:41 [allowed] §aYou have §b45 §aunclaimed leveling rewards!
20:45:41 [allowed] §eClick here to view them!
20:45:41 [allowed] §aYou have §68 §aunclaimed achievement rewards!
20:45:41 [allowed] §eClick here to view them!
20:45:44 [allowed] §7Sending to server mini183DP...
20:45:44 [allowed] §8 §r§8 §r§1 §r§3 §r§3 §r§7 §r§8 
20:45:46 [allowed] 
20:45:46 [allowed] §eWelcome to §r§aHypixel SkyBlock§r§e!
20:45:46 [allowed] 
20:45:46 [allowed] §eLatest update: §bSkyBlock v0.23.4 §e§lCLICK
20:45:48 [allowed] §aYou are playing on profile: §eOrange
20:45:48 [allowed] §8Profile ID: ff830177-eb82-4d06-aa5d-336dd4acec83
20:45:48 [allowed] §9§m-----------------------------------------------------§r§9
§r§9                         §r§9 §6Friends (Page 1 of 10) §r§e§l>>§r§9
§r§9§b_mm6_ §eis in SkyBlock - Master Mode The Catacombs - §4[MM] §eFloor VI§r§9
§r§9§bDRAGONMANGO3453 §eis in SkyBlock - The End§r§9
§r§9§aMrChampion666 §eis in SkyBlock - Private Island§r§9
§r§9§bPando_Wizz §eis in SkyBlock - The Catacombs - Floor VII§r§9
§r§9§bTuff_Luff §eis in SkyBlock - The Catacombs - Floor V§r§9
§r§9§6zZ6 §eis in Limbo§r§9
§r§9§a12MR §cis currently offline§r§9
§r§9§b26E §cis currently offline§r§9
§r§9§m-----------------------------------------------------
20:45:48 [allowed] §6§lALLOWANCE! §r§eYou earned §r§640,000 coins§r§e!
20:45:54 [allowed] §6[Bazaar] §r§7Claiming order...
20:45:54 [allowed] §6[Bazaar] §r§7§r§7Claimed §r§a9§r§7x §r§6Bubba Blister §r§7worth §r§63,317,104 coins §r§7bought for §r§6368,567 §r§7each!
20:45:57 [allowed] §cThere are blocks in the way!
20:46:07 [allowed] §eYou permanently unlocked the §r§aBubba §r§epower!
20:46:07 [allowed] §eYour selected power was set to §r§aBubba§r§e!
20:46:08 [allowed] §e[NPC] Maxwell§f: §rA wise choice, cwq97!
20:46:24 [allowed] §eYou selected the §r§aPrepared §r§epower for your §r§aAccessory Bag§r§e!
20:46:27 [allowed] §eYou selected the §r§aFortuitous §r§epower for your §r§aAccessory Bag§r§e!
20:46:38 [allowed] §eYou collected §r§629,699,999 coins §r§efrom selling §r§f§r§7[Lvl 88] §r§6Baby Yeti §r§eto §r§a[VIP] Ukau §r§ein an auction!
20:47:18 [allowed] §cThere are blocks in the way!
20:47:21 [allowed] §7Sending to server mini34H...
20:47:21 [allowed] §8 §r§8 §r§1 §r§3 §r§3 §r§7 §r§8 
20:47:24 [allowed] §cThere are blocks in the way!
20:47:24 [allowed] §aYou are playing on profile: §eOrange
20:47:24 [allowed] §8Profile ID: ff830177-eb82-4d06-aa5d-336dd4acec83
20:47:32 [allowed] §cYou must be admin or higher to use this command!
20:47:36 [allowed] Unknown command. Type "/help" for help. ('mb')
20:47:53 [allowed] §aRefreshing...
20:48:06 [allowed] §7Sending to server mini34BQ...
20:48:06 [allowed] §8 §r§8 §r§1 §r§3 §r§3 §r§7 §r§8 
20:48:13 [allowed] §aYou are playing on profile: §eOrange
20:48:13 [allowed] §8Profile ID: ff830177-eb82-4d06-aa5d-336dd4acec83
20:50:45 [allowed] §aYou earned §r§298 GEXP §r§a+ §r§598 Event EXP §r§afrom playing SkyBlock!
20:51:37 [allowed] §6[Bazaar] §r§7Putting goods in escrow...
20:51:37 [allowed] §6[Bazaar] §r§7Submitting buy order...
20:51:37 [allowed] §6[Bazaar] §r§7§r§eBuy Order Setup! §r§a1§r§7x §r§6Booster Cookie §r§7for §r§610,800,002 coins§r§7.
20:52:38 [allowed] §7Sending to server mini235S...
20:52:38 [allowed] §8 §r§8 §r§1 §r§3 §r§3 §r§7 §r§8 
20:52:40 [allowed] §cThere are blocks in the way!
20:52:41 [allowed] §aYou are playing on profile: §eOrange
20:52:41 [allowed] §8Profile ID: ff830177-eb82-4d06-aa5d-336dd4acec83
20:52:47 [allowed] §cThis ability is on cooldown for 1s.
20:53:15 [allowed] §6[Sacks] §r§a+3,416§r§e items§r§e.§r§8 (Last 30s.)
20:53:25 [allowed] §aYour §r§6Black Cat §r§aleveled up to level §r§984§r§a!
20:53:30 [allowed] §6[Sacks] §r§a+1,518§r§e items§r§e.§r§8 (Last 13s.)
20:53:37 [allowed] §6[Sacks] §r§a+33§r§e items§r§e.§r§8 (Last 5s.)
20:53:40 [allowed] §cThis Minion does not have any items stored!
20:53:45 [allowed] §6[Sacks] §r§a+33§r§e items§r§e.§r§8 (Last 5s.)
20:53:53 [allowed] §7Warping...
20:53:53 [allowed] §7Sending to server mini8BM...
20:53:54 [allowed] §8 §r§8 §r§1 §r§3 §r§3 §r§7 §r§8 
20:54:06 [allowed] §aYou are playing on profile: §eOrange
20:54:06 [allowed] §8Profile ID: ff830177-eb82-4d06-aa5d-336dd4acec83
20:54:14 [allowed] §8[§r§719§r§8] §r§b[MVP§c+§b] Mimkz§f§r§f: yo
20:54:22 [allowed] §8[§r§719§r§8] §r§b[MVP§c+§b] Mimkz§f§r§f: can any1 help me with a slayer
20:54:24 [allowed] §8[§r§719§r§8] §r§b[MVP§c+§b] Mimkz§f§r§f: rev t3
20:54:29 [allowed] §cInventory full? Don't forget to check out your Storage inside the SkyBlock Menu!
20:54:34 [allowed] §bYou internalized §r§3+16,640⸎ Soulflow §r§band have a total of §r§332,165⸎§r§b!
20:54:34 [allowed] §6[Sacks] §r§c-104§r§e items§r§e.§r§8 (Last 5s.)
20:54:36 [allowed] §8[§r§a120§r§8] §r§7☃ §r§b[MVP§6+§b] IamHit§f§r§f: i can
20:54:37 [allowed] §8[§r§3255§r§8] §r§7❤ §r§b[MVP§c+§b] Th1s_gui§f§r§f: spawn it
20:54:39 [allowed] §9§m-----------------------------------------------------
20:54:39 [allowed] §cYou are not in a party and were moved to the ALL channel.
20:54:39 [allowed] §9§m-----------------------------------------------------
20:54:44 [allowed] §6[Bazaar] §r§7Executing instant sell...
20:54:44 [allowed] §6[Bazaar] §r§7Sold §r§a248§r§7x §r§aRevenant Flesh §r§7for §r§657,338 coins§r§7!
20:54:44 [allowed] §6[Bazaar] §r§7Sold §r§a1,613§r§7x §r§fSnow Block §r§7for §r§6806.5 coins§r§7!
20:54:44 [allowed] §6[Bazaar] §r§7Sold §r§a159§r§7x §r§aRaw Soulflow §r§7for §r§636,300 coins§r§7!
20:54:44 [allowed] §6[Bazaar] §r§7Sold §r§a3,150§r§7x §r§aEnchanted Snow Block §r§7for §r§61,803,060 coins§r§7!
20:54:44 [allowed] §6[Bazaar] §r§7Sold §r§a6§r§7x §r§fSnowball §r§7for §r§61.8 coins§r§7!
20:54:48 [allowed] §6[Bazaar] §eYour §aBuy Order §efor §a1§7x §6Booster Cookie §ewas filled!
20:54:49 [allowed] §6[Sacks] §r§c-5,176§r§e items§r§e.§r§8 (Last 5s.)
20:54:59 [allowed] §6[Bazaar] §r§7Claiming order...
20:54:59 [allowed] §6[Bazaar] §r§7§r§7Claimed §r§a1§r§7x §r§6Booster Cookie §r§7worth §r§610,800,002 coins §r§7bought for §r§610,800,002 §r§7each!
20:55:03 [allowed] §eYou consumed a §r§6Booster Cookie§r§e! §r§dScrumptious!
20:55:07 [allowed] §6[Bazaar] §r§7Executing instant sell...
20:55:07 [allowed] §6[Bazaar] §r§7Sold §r§a29§r§7x §r§aEnchanted Slimeball §r§7for §r§631,668 coins§r§7!
20:55:07 [allowed] §6[Bazaar] §r§7Sold §r§a58§r§7x §r§aEnchanted Leather §r§7for §r§648,355 coins§r§7!
20:55:07 [allowed] §6[Bazaar] §r§7Sold §r§a48§r§7x §r§fLeather §r§7for §r§62,347.2 coins§r§7!
20:55:07 [allowed] §6[Bazaar] §r§7Sold §r§a42§r§7x §r§fRaw Beef §r§7for §r§6113.4 coins§r§7!
20:55:07 [allowed] §6[Bazaar] §r§7Sold §r§a70§r§7x §r§aEnchanted Diamond §r§7for §r§687,430 coins§r§7!
20:55:07 [allowed] §6[Bazaar] §r§7Sold §r§a20§r§7x §r§fDiamond §r§7for §r§6128.0 coins§r§7!
20:55:07 [allowed] §6[Bazaar] §r§7Sold §r§a1§r§7x §r§9Enchanted Slime Block §r§7for §r§6124,168 coins§r§7!
20:55:07 [allowed] §6[Bazaar] §r§7Sold §r§a126§r§7x §r§aEnchanted Raw Mutton §r§7for §r§694,629 coins§r§7!
20:55:07 [allowed] §6[Bazaar] §r§7Sold §r§a126§r§7x §r§aEnchanted Wool §r§7for §r§634,763 coins§r§7!
20:55:07 [allowed] §6[Bazaar] §r§7Sold §r§a58§r§7x §r§aEnchanted Raw Beef §r§7for §r§633,083 coins§r§7!
20:55:07 [allowed] §6[Bazaar] §r§7Sold §r§a3§r§7x §r§fSlimeball §r§7for §r§654.3 coins§r§7!
20:55:07 [allowed] §6[Bazaar] §r§7Sold §r§a51§r§7x §r§fRaw Mutton §r§7for §r§61,448.4 coins§r§7!
20:55:07 [allowed] §6[Bazaar] §r§7Sold §r§a85§r§7x §r§fWhite Wool §r§7for §r§617.0 coins§r§7!
20:55:10 [allowed] §aYou sold §r§fSlime Block§r§8 x7 §r§afor §r§6315 Coins§r§a!
20:55:15 [allowed] §8[§r§3255§r§8] §r§7❤ §r§b[MVP§c+§b] Th1s_gui§f§r§f: crypt?
20:55:24 [allowed] §eYou selected the §r§aBubba §r§epower for your §r§aAccessory Bag§r§e!
20:55:33 [allowed] §8[§r§a120§r§8] §r§7☃ §r§b[MVP§6+§b] IamHit§f§r§f: where is bro
20:55:42 [allowed] §cThere are blocks in the way!
20:55:42 [allowed] §cThere are blocks in the way!
20:55:42 [allowed] §cThere are blocks in the way!
20:55:51 [allowed] §cThere are blocks in the way!
20:55:56 [allowed] §a§l+5 Kill Combo §r§b+3% §r§b✯ Magic Find
20:55:56 [allowed] §6§lSLAYER MINI-BOSS §r§c§lAtoned Champion§r§7 has spawned!
20:55:59 [allowed] §8[§r§3255§r§8] §r§7❤ §r§b[MVP§c+§b] Th1s_gui§f§r§f: wya sir
20:55:59 [allowed] §6§lSLAYER MINI-BOSS §r§c§lAtoned Champion§r§7 has spawned!
20:56:05 [allowed] §a§l+10 Kill Combo §r§8+§r§610 §r§7coins per kill
20:56:06 [allowed] §6[Sacks] §r§a+10§r§e items§r§e.§r§8 (Last 7s.)
20:56:09 [allowed] §8[§r§a120§r§8] §r§7☃ §r§b[MVP§6+§b] IamHit§f§r§f: he is at fountain
20:56:10 [allowed] §aYou earned §r§2165 GEXP §r§a+ §r§5165 Event EXP §r§afrom playing SkyBlock!
20:56:13 [allowed] §cYour Kill Combo has expired! You reached a 12 Kill Combo!
20:56:15 [allowed] §8[§r§a120§r§8] §r§7☃ §r§b[MVP§6+§b] IamHit§f§r§f: told him to come crypt
20:56:18 [allowed] §a§l+5 Kill Combo §r§b+3% §r§b✯ Magic Find
20:56:20 [allowed]   §r§a§lSLAYER QUEST COMPLETE!
20:56:20 [allowed]    §r§eZombie Slayer LVL 7 §r§5- §r§7Next LVL in §r§d148,546 XP§r§7!
20:56:20 [SLAYER_RNG_METER]    §dRNG Meter §f- §d172,500 Stored XP
20:56:20 [allowed]   §r§5§lSLAYER QUEST STARTED!
20:56:20 [allowed]    §5§l» §7Slay §c7,200 Combat XP §7worth of Zombies§7.
20:56:23 [allowed] §6[Sacks] §r§a+64§r§e items§r§e.§r§8 (Last 5s.)
20:56:25 [allowed] §cYour Kill Combo has expired! You reached a 5 Kill Combo!
20:56:42 [allowed] §a§l+5 Kill Combo §r§b+3% §r§b✯ Magic Find
20:56:50 [allowed] §a§l+10 Kill Combo §r§8+§r§610 §r§7coins per kill
20:56:52 [allowed] §9§l+15 Kill Combo §r§b+3% §r§b✯ Magic Find
20:56:57 [allowed] §5§l+20 Kill Combo §r§8§r§3+15☯ Combat Wisdom
20:57:02 [allowed] §cYour Kill Combo has expired! You reached a 22 Kill Combo!
20:57:04 [allowed] §cThere are blocks in the way!
20:57:10 [allowed] §e§lLOOT SHARE §r§r§r§fYou received loot for assisting §r§bTh1s_gui§r§f!
20:57:31 [allowed] §e§lLOOT SHARE §r§r§r§fYou received loot for assisting §r§bMimkz§r§f!
20:57:47 [allowed] §a§l+5 Kill Combo §r§b+3% §r§b✯ Magic Find
20:57:52 [allowed] §8[§r§a120§r§8] §r§7☃ §r§b[MVP§6+§b] IamHit§f§r§f: this guy
20:57:56 [allowed] §8[§r§3255§r§8] §r§7❤ §r§b[MVP§c+§b] Th1s_gui§f§r§f: ?
20:57:57 [allowed] §a§l+10 Kill Combo §r§8+§r§610 §r§7coins per kill
20:57:59 [allowed] §8[§r§a120§r§8] §r§7☃ §r§b[MVP§6+§b] IamHit§f§r§f: u need to recombobulate ur pooch
20:58:00 [allowed] §8[§r§a138§r§8] §r§7☠ §r§7cwq97§r§7: ?
20:58:05 [allowed] §cYour Kill Combo has expired! You reached a 12 Kill Combo!
20:58:07 [allowed] §8[§r§3255§r§8] §r§7❤ §r§b[MVP§c+§b] Th1s_gui§f§r§f: not in plan
20:58:08 [allowed] §5§lCHARM§7 You charmed a §fGolden Ghoul§7 and captured §92 Shards §7from it.
20:58:08 [allowed] §6§lSLAYER MINI-BOSS §r§c§lAtoned Champion§r§7 has spawned!
20:58:10 [allowed] §a§l+5 Kill Combo §r§b+3% §r§b✯ Magic Find
20:58:11 [allowed] §6§lSLAYER MINI-BOSS §r§4§lAtoned Revenant§r§7 has spawned!
20:58:16 [allowed] §a§l+10 Kill Combo §r§8+§r§610 §r§7coins per kill
20:58:21 [allowed] §cYour Kill Combo has expired! You reached a 10 Kill Combo!
20:58:21 [allowed] §6[Sacks] §r§a+13§r§e items§r§e.§r§8 (Last 9s.)
20:58:22 [allowed] §8[§r§a120§r§8] §r§7☃ §r§b[MVP§6+§b] IamHit§f§r§f: gap
20:58:23 [allowed] §e§lLOOT SHARE §r§r§r§fYou received loot for assisting §r§bTh1s_gui§r§f!
20:58:37 [allowed] §a§lYou healed yourself for 387.3 health!
20:58:37 [allowed] §a§lYou healed yourself for 387.3 health!
20:58:38 [allowed] §b§lRARE DROP! §r§7(§r§f§r§9Revenant Viscera§r§7) §r§b(+160% §r§b✯ Magic Find§r§b)
20:58:38 [allowed]   §r§a§lSLAYER QUEST COMPLETE!
20:58:38 [allowed]    §r§eZombie Slayer LVL 7 §r§5- §r§7Next LVL in §r§d147,046 XP§r§7!
20:58:38 [SLAYER_RNG_METER]    §dRNG Meter §f- §d174,000 Stored XP
20:58:38 [allowed]   §r§5§lSLAYER QUEST STARTED!
20:58:38 [allowed]    §5§l» §7Slay §c7,200 Combat XP §7worth of Zombies§7.
20:58:44 [allowed] §6[Sacks] §r§a+64§r§e items§r§e.§r§8 (Last 5s.)
20:58:46 [allowed] §a§l+5 Kill Combo §r§b+3% §r§b✯ Magic Find
20:58:51 [allowed] §a§l+10 Kill Combo §r§8+§r§610 §r§7coins per kill
20:58:54 [allowed] §9§l+15 Kill Combo §r§b+3% §r§b✯ Magic Find
20:59:00 [allowed] §aFriend > §r§aMrChampion666 §r§eleft.
20:59:02 [allowed] §c ☠ §r§7§r§bMimkz§r§7 was killed by Crypt Ghoul§r§7§r§7.
20:59:02 [allowed] §cYour Kill Combo has expired! You reached a 18 Kill Combo!
20:59:04 [allowed] §c ☠ §r§7§r§aDechiranu00§r§7 was killed by Zombie Villager§r§7§r§7.
20:59:07 [allowed] §aFriend > §r§aMrChampion666 §r§ejoined.
20:59:08 [allowed] §6§lSLAYER MINI-BOSS §r§c§lAtoned Champion§r§7 has spawned!
20:59:10 [allowed] §a§l+5 Kill Combo §r§b+3% §r§b✯ Magic Find
20:59:13 [allowed] §a§l+10 Kill Combo §r§8+§r§610 §r§7coins per kill
20:59:16 [allowed] §6[Sacks] §r§a+5§r§e items§r§e.§r§8 (Last 5s.)
20:59:25 [allowed] §9§l+15 Kill Combo §r§b+3% §r§b✯ Magic Find
20:59:27 [allowed] §6§lSLAYER MINI-BOSS §r§c§lAtoned Champion§r§7 has spawned!
20:59:29 [allowed] §5§l+20 Kill Combo §r§8§r§3+15☯ Combat Wisdom
20:59:34 [allowed] §cYour Kill Combo has expired! You reached a 22 Kill Combo!
20:59:36 [allowed] §6[Sacks] §r§a+5§r§e items§r§e.§r§8 (Last 5s.)
20:59:43 [allowed] §8[§r§2193§r§8] §r§6⛂ §r§a[VIP§6+§a] Xkingz_§f§r§f: bro did i just saw someone bid stone hoe for 100m
20:59:48 [allowed] §a§l+5 Kill Combo §r§b+3% §r§b✯ Magic Find
20:59:50 [allowed]   §r§a§lSLAYER QUEST COMPLETE!
20:59:50 [allowed]    §r§eZombie Slayer LVL 7 §r§5- §r§7Next LVL in §r§d145,546 XP§r§7!
20:59:50 [SLAYER_RNG_METER]    §dRNG Meter §f- §d175,500 Stored XP
20:59:50 [allowed]   §r§5§lSLAYER QUEST STARTED!
20:59:50 [allowed]    §5§l» §7Slay §c7,200 Combat XP §7worth of Zombies§7.
20:59:54 [allowed] §8[§r§2193§r§8] §r§6⛂ §r§a[VIP§6+§a] Xkingz_§f§r§f: least noticeable irl trader
20:59:55 [allowed] §6[Sacks] §r§a+64§r§e items§r§e.§r§8 (Last 5s.)
20:59:59 [allowed] §a§l+10 Kill Combo §r§8+§r§610 §r§7coins per kill
21:00:04 [allowed] §9§l+15 Kill Combo §r§b+3% §r§b✯ Magic Find
21:00:05 [allowed] §8[§r§f53§r§8] §r§a[VIP] R2D2YeetsObiwan§f§r§f: i saw godp ot go for 1 bil
21:00:09 [allowed] §8[§r§2193§r§8] §r§6⛂ §r§a[VIP§6+§a] Xkingz_§f§r§f: lol
21:00:11 [allowed] §5§l+20 Kill Combo §r§8§r§3+15☯ Combat Wisdom
21:00:14 [allowed] §6§lSLAYER MINI-BOSS §r§c§lAtoned Champion§r§7 has spawned!
21:00:17 [allowed] §8[§r§3255§r§8] §r§7❤ §r§b[MVP§c+§b] Th1s_gui§f§r§f: not ur money bro
21:00:17 [allowed] §5§l+25 Kill Combo §r§b+3% §r§b✯ Magic Find
21:00:17 [allowed] §6§lSLAYER MINI-BOSS §r§4§lAtoned Revenant§r§7 has spawned!
21:00:19 [allowed] §8[§r§3255§r§8] §r§7❤ §r§b[MVP§c+§b] Th1s_gui§f§r§f: :>
21:00:19 [allowed] §cYour Kill Combo has expired! You reached a 27 Kill Combo!
21:00:22 [allowed] §8[§r§2193§r§8] §r§6⛂ §r§a[VIP§6+§a] Xkingz_§f§r§f: :(
21:00:27 [allowed] §8[§r§f53§r§8] §r§a[VIP] R2D2YeetsObiwan§f§r§f: yeah wish
21:00:27 [allowed] §6[Sacks] §r§a+13§r§e items§r§e.§r§8 (Last 9s.)
21:00:29 [allowed] §a§l+5 Kill Combo §r§b+3% §r§b✯ Magic Find
21:00:30 [allowed] §8[§r§2193§r§8] §r§6⛂ §r§a[VIP§6+§a] Xkingz_§f§r§f: ik but just silly
21:00:32 [allowed] §aFriend > §r§b_mm6_ §r§eleft.
21:00:35 [allowed] §8[§r§3255§r§8] §r§7❤ §r§b[MVP§c+§b] Th1s_gui§f§r§f: fr
21:00:41 [allowed] §cYour Kill Combo has expired! You reached a 7 Kill Combo!
21:00:44 [allowed] §a§l+5 Kill Combo §r§b+3% §r§b✯ Magic Find
21:00:45 [allowed]   §r§a§lSLAYER QUEST COMPLETE!
21:00:45 [allowed]    §r§eZombie Slayer LVL 7 §r§5- §r§7Next LVL in §r§d144,046 XP§r§7!
21:00:45 [SLAYER_RNG_METER]    §dRNG Meter §f- §d177,000 Stored XP
21:00:45 [allowed]   §r§5§lSLAYER QUEST STARTED!
21:00:45 [allowed]    §5§l» §7Slay §c7,200 Combat XP §7worth of Zombies§7.
21:00:50 [allowed] §6[Sacks] §r§a+64§r§e items§r§e.§r§8 (Last 5s.)
21:00:54 [allowed] §cYour Kill Combo has expired! You reached a 7 Kill Combo!
21:01:01 [allowed] §6[Bazaar] §r§7Executing instant sell...
21:01:01 [allowed] §6[Bazaar] §r§7Sold §r§a302§r§7x §r§aRevenant Flesh §r§7for §r§669,822 coins§r§7!
21:01:03 [allowed] §6[Bazaar] §r§7Executing instant sell...
21:01:03 [allowed] §6[Bazaar] §r§7Sold §r§a117§r§7x §r§fGold Ingot §r§7for §r§6234.0 coins§r§7!
21:01:03 [allowed] §6[Bazaar] §r§7Sold §r§a1§r§7x §r§9Revenant Viscera §r§7for §r§654,158 coins§r§7!
21:01:03 [allowed] §6[Bazaar] §r§7Sold §r§a283§r§7x §r§fRotten Flesh §r§7for §r§6339.6 coins§r§7!
21:01:06 [allowed] §6[Sacks] §r§c-302§r§e items§r§e.§r§8 (Last 5s.)
21:01:15 [allowed] §aYou earned §r§2750 GEXP §r§a+ §r§5750 Event EXP §r§afrom playing SkyBlock!
21:01:35 [allowed] §8[§r§2193§r§8] §r§6⛂ §r§a[VIP§6+§a] Xkingz_§f§r§f: does bid on damia will get refunded once its over
21:01:37 [allowed] §aFriend > §r§b_mm6_ §r§ejoined.
21:01:50 [allowed] §aFriend > §r§bPando_Wizz §r§eleft.
21:01:55 [allowed] §a§l+5 Kill Combo §r§b+3% §r§b✯ Magic Find
21:02:00 [allowed] §a§l+10 Kill Combo §r§8+§r§610 §r§7coins per kill
21:02:04 [allowed] §6§lSLAYER MINI-BOSS §r§c§lAtoned Champion§r§7 has spawned!
21:02:05 [allowed] §9§l+15 Kill Combo §r§b+3% §r§b✯ Magic Find
21:02:11 [allowed] §5§l+20 Kill Combo §r§8§r§3+15☯ Combat Wisdom
21:02:12 [allowed] §6§lSLAYER MINI-BOSS §r§4§lAtoned Revenant§r§7 has spawned!
21:02:15 [allowed] §cYour Kill Combo has expired! You reached a 20 Kill Combo!
21:02:15 [allowed] §6[Sacks] §r§a+5§r§e items§r§e.§r§8 (Last 5s.)
21:02:22 [allowed] §6[Sacks] §r§a+8§r§e items§r§e.§r§8 (Last 5s.)
21:02:33 [allowed] §a§l+5 Kill Combo §r§b+3% §r§b✯ Magic Find
21:02:35 [allowed]   §r§a§lSLAYER QUEST COMPLETE!
21:02:35 [allowed]    §r§eZombie Slayer LVL 7 §r§5- §r§7Next LVL in §r§d142,546 XP§r§7!
21:02:35 [SLAYER_RNG_METER]    §dRNG Meter §f- §d178,500 Stored XP
21:02:35 [allowed]   §r§5§lSLAYER QUEST STARTED!
21:02:35 [allowed]    §5§l» §7Slay §c7,200 Combat XP §7worth of Zombies§7.
21:02:40 [allowed] §6[Sacks] §r§a+63§r§e items§r§e.§r§8 (Last 5s.)
21:02:40 [allowed] §8[§r§739§r§8] §r§b[MVP§c+§b] MiniPoofers§f§r§f: guys whats the best money making method?
21:02:45 [allowed] §cYour Kill Combo has expired! You reached a 7 Kill Combo!
21:02:49 [allowed] §8[§r§2193§r§8] §r§6⛂ §r§a[VIP§6+§a] Xkingz_§f§r§f: flip
21:02:50 [allowed] §aFriend > §r§aMrChampion666 §r§eleft.
21:02:52 [allowed] §8[§r§739§r§8] §r§b[MVP§c+§b] MiniPoofers§f§r§f: i got 83 mil purse but like 200m networth
21:02:56 [allowed] §8[§r§2190§r§8] §r§a[VIP] FerryMaster010§f§r§f: question when is year of the seal, playing for many years now and never ever seen one in the calender
21:03:09 [allowed] §aFriend > §r§aMrChampion666 §r§ejoined.
21:03:17 [allowed] §a§l+5 Kill Combo §r§b+3% §r§b✯ Magic Find
21:03:17 [allowed] §8[§r§2193§r§8] §r§6⛂ §r§a[VIP§6+§a] Xkingz_§f§r§f: invest like half of ur bank on bz or something
21:03:20 [allowed] §8[§r§739§r§8] §r§b[MVP§c+§b] MiniPoofers§f§r§f: wait so flip what, do ah flip or
21:03:24 [allowed] §cYour Kill Combo has expired! You reached a 6 Kill Combo!
21:03:26 [allowed] §8[§r§711§r§8] §r§7miland200§7§r§7: wheres maddox?
21:03:29 [allowed] §8[§r§739§r§8] §r§b[MVP§c+§b] MiniPoofers§f§r§f: cuz i used to do ah fli[p
21:03:34 [allowed] §8[§r§2193§r§8] §r§6⛂ §r§a[VIP§6+§a] Xkingz_§f§r§f: b
21:03:35 [allowed] §8[§r§2193§r§8] §r§6⛂ §r§a[VIP§6+§a] Xkingz_§f§r§f: z
21:03:36 [allowed] §8[§r§739§r§8] §r§b[MVP§c+§b] MiniPoofers§f§r§f: the building by the graveyard
21:03:42 [allowed] §8[§r§711§r§8] §r§7miland200§7§r§7: akr
21:03:48 [allowed] §8[§r§711§r§8] §r§7miland200§7§r§7: alr
21:03:51 [allowed] §8[§r§a138§r§8] §r§7☠ §r§7cwq97§r§7: for the aatrox loot perk, does it increase your magic find or another way
21:03:56 [allowed] §a§l+5 Kill Combo §r§b+3% §r§b✯ Magic Find
21:04:03 [allowed] §aFriend > §r§bPando_Wizz §r§ejoined.
21:04:06 [allowed] §cYour Kill Combo has expired! You reached a 8 Kill Combo!
21:04:45 [allowed] §6§lSLAYER MINI-BOSS §r§c§lAtoned Champion§r§7 has spawned!
21:04:47 [allowed] §a§l+5 Kill Combo §r§b+3% §r§b✯ Magic Find
21:04:53 [allowed] §6[Sacks] §r§a+5§r§e items§r§e.§r§8 (Last 5s.)
21:04:54 [allowed] §cYour Kill Combo has expired! You reached a 6 Kill Combo!
21:06:20 [allowed] §aYou earned §r§2616 GEXP §r§a+ §r§5616 Event EXP §r§afrom playing SkyBlock!
21:06:22 [allowed] §8[§r§a138§r§8] §r§7☠ §r§7cwq97§r§7: h
21:07:24 [allowed] §a§l+5 Kill Combo §r§b+3% §r§b✯ Magic Find
21:07:24 [allowed] §6§lSLAYER MINI-BOSS §r§c§lAtoned Champion§r§7 has spawned!
21:07:36 [allowed] §6[Sacks] §r§a+5§r§e items§r§e.§r§8 (Last 5s.)
21:07:37 [allowed] §cYour Kill Combo has expired! You reached a 7 Kill Combo!
21:07:51 [allowed]   §r§a§lSLAYER QUEST COMPLETE!
21:07:51 [allowed]    §r§eZombie Slayer LVL 7 §r§5- §r§7Next LVL in §r§d141,046 XP§r§7!
21:07:51 [SLAYER_RNG_METER]    §dRNG Meter §f- §d180,000 Stored XP
21:07:51 [allowed]   §r§5§lSLAYER QUEST STARTED!
21:07:51 [allowed]    §5§l» §7Slay §c7,200 Combat XP §7worth of Zombies§7.
21:07:55 [allowed] §6[Sacks] §r§a+64§r§e items§r§e.§r§8 (Last 5s.)
21:07:56 [allowed] §a§l+5 Kill Combo §r§b+3% §r§b✯ Magic Find
21:07:56 [allowed] §aFriend > §r§bPando_Wizz §r§eleft.
21:07:58 [allowed] §a§l+10 Kill Combo §r§8+§r§610 §r§7coins per kill
21:08:09 [allowed] §cYour Kill Combo has expired! You reached a 13 Kill Combo!
21:08:30 [allowed] §aFriend > §r§aINFERNICSNEH §r§ejoined.
