20:51:57 `37av15qyzq`11 missed {
 is already Found: false).
 Position: LorenzVec(x=-98.5, y=75.99375, z=153.9375)
 DistanceC: 23.3465884051582
Relative Position: LorenzVec(x=-23.3465884051582, y=9.992414020887864, z=-7.995765848162023)
 }
21:02:20 `ksyhibj9f3`20 missed {
 is already Found: false).
 Position: LorenzVec(x=-136.40625, y=88.0, z=114.0)
 DistanceC: 18.333514709256406
Relative Position: LorenzVec(x=-18.333514709256406, y=19.0, z=17.869193535735363)
 }
21:03:36 `xddm7jjy3h`8 missed {
 is already Found: false).
 Position: LorenzVec(x=-145.03125, y=93.09375, z=140.0)
 DistanceC: 18.270425215431914
Relative Position: LorenzVec(x=-18.270425215431914, y=-9.90625, z=16.04637812827397)
 }
21:03:45 `cenls4a9dh`10 missed {
 is already Found: false).
 Position: LorenzVec(x=-95.0, y=110.0, z=95.28125)
 DistanceC: 20.378344440186993
Relative Position: LorenzVec(x=20.378344440186993, y=6.0, z=-19.711060314305428)
 }
21:03:45 `3xiz4as6vc`16 missed {
 is already Found: false).
 Position: LorenzVec(x=-93.0, y=99.0625, z=95.1875)
 DistanceC: 22.38390305853136
Relative Position: LorenzVec(x=22.38390305853136, y=-4.9375, z=-19.77594057736576)
 }
21:03:47 `3e8obnet8r`19 missed {
 is already Found: false).
 Position: LorenzVec(x=-91.5, y=90.0, z=106.53125)
 DistanceC: 16.130719963044257
Relative Position: LorenzVec(x=16.130719963044257, y=-15.249187078744683, z=-6.084880422481177)
 }
21:04:12 `cenls4a9dh`10 missed {
 is already Found: false).
 Position: LorenzVec(x=-95.0, y=110.0, z=95.28125)
 DistanceC: 22.101461730220038
Relative Position: LorenzVec(x=20.959377911213352, y=-9.0, z=-22.101461730220038)
 }
21:06:59 `vt101z5v8u`19 missed {
 is already Found: false).
 Position: LorenzVec(x=-91.5, y=90.0, z=106.53125)
 DistanceC: 19.035681309533544
Relative Position: LorenzVec(x=2.5543092489342456, y=16.07840000152588, z=19.035681309533544)
 }
21:07:15 `tl6d32u391`327 missed {
 is already Found: false).
 Position: LorenzVec(x=-128.59375, y=73.025, z=164.3125)
 DistanceC: 12.401703527828545
Relative Position: LorenzVec(x=-9.463088579864788, y=3.854212922781201, z=12.401703527828545)
 }
21:07:15 `x4xft97cqm`332 missed {
 is already Found: false).
 Position: LorenzVec(x=-127.625, y=79.025, z=166.3125)
 DistanceC: 15.085063309346822
Relative Position: LorenzVec(x=-6.437776513632514, y=10.605000013113028, z=15.085063309346822)
 }
21:07:15 `g85g7341i7`326 missed {
 is already Found: false).
 Position: LorenzVec(x=-130.3125, y=73.025, z=166.5)
 DistanceC: 15.383424598113777
Relative Position: LorenzVec(x=-8.786220099500682, y=4.271800019478803, z=15.383424598113777)
 }
21:07:16 `vdu1u454q9`325 missed {
 is already Found: false).
 Position: LorenzVec(x=-128.59375, y=73.025, z=168.65625)
 DistanceC: 18.26384414171349
Relative Position: LorenzVec(x=-4.840841065019788, y=4.239972296210766, z=18.26384414171349)
 }
21:07:16 `6j83457d1t`333 missed {
 is already Found: false).
 Position: LorenzVec(x=-129.3125, y=79.025, z=168.5)
 DistanceC: 18.10759414171349
Relative Position: LorenzVec(x=-5.559591065019788, y=10.239972296210766, z=18.10759414171349)
 }
21:07:16 `m74ztd5574`324 missed {
 is already Found: false).
 Position: LorenzVec(x=-130.625, y=73.025, z=169.65625)
 DistanceC: 19.649441064279586
Relative Position: LorenzVec(x=-5.679579857900464, y=5.885365467995356, z=19.649441064279586)
 }
21:07:16 `c1n10nf85u`331 missed {
 is already Found: false).
 Position: LorenzVec(x=-128.59375, y=79.025, z=170.65625)
 DistanceC: 21.145429488340028
Relative Position: LorenzVec(x=-2.1058577447903275, y=11.023664020887864, z=21.145429488340028)
 }
21:07:16 `r85wt3993k`329 missed {
 is already Found: false).
 Position: LorenzVec(x=-118.3125, y=73.025, z=172.5)
 DistanceC: 23.281580205853345
Relative Position: LorenzVec(x=11.530091452304134, y=6.025000000000006, z=23.281580205853345)
 }
21:07:16 `4hrk921062`334 missed {
 is already Found: false).
 Position: LorenzVec(x=-124.3125, y=73.025, z=172.5)
 DistanceC: 23.281580205853345
Relative Position: LorenzVec(x=5.530091452304134, y=6.025000000000006, z=23.281580205853345)
 }
21:07:17 `2h2i4673t6`330 missed {
 is already Found: false).
 Position: LorenzVec(x=-127.59375, y=73.025, z=172.65625)
 DistanceC: 23.24778636200881
Relative Position: LorenzVec(x=2.4657999273140945, y=6.025000000000006, z=23.24778636200881)
 }
21:07:17 `k212856fnf`328 missed {
 is already Found: false).
 Position: LorenzVec(x=-130.59375, y=73.025, z=173.3125)
 DistanceC: 23.452434557242213
Relative Position: LorenzVec(x=-0.11815395781113125, y=6.025000000000006, z=23.452434557242213)
 }
21:09:23 `tl6d32u391`327 missed {
 is already Found: false).
 Position: LorenzVec(x=-128.59375, y=73.025, z=164.3125)
 DistanceC: 8.239293277938998
Relative Position: LorenzVec(x=8.042983229727128, y=5.664852053946788, z=8.239293277938998)
 }
21:09:24 `x4xft97cqm`332 missed {
 is already Found: false).
 Position: LorenzVec(x=-127.625, y=79.025, z=166.3125)
 DistanceC: 10.352444320702745
Relative Position: LorenzVec(x=10.352444320702745, y=-34.21175800602532, z=9.460197142768862)
 }
21:10:17 `1ah4m9b368`327 missed {
 is already Found: false).
 Position: LorenzVec(x=-128.59375, y=73.025, z=164.3125)
 DistanceC: 6.197829324968893
Relative Position: LorenzVec(x=-1.9438384743484391, y=4.775812921255323, z=6.197829324968893)
 }
21:10:17 `hc1oqc14c0`326 missed {
 is already Found: false).
 Position: LorenzVec(x=-130.3125, y=73.025, z=166.5)
 DistanceC: 6.958226873187812
Relative Position: LorenzVec(x=-5.640850979736882, y=3.858890739061792, z=6.958226873187812)
 }
21:10:17 `2565ao2y48`332 missed {
 is already Found: false).
 Position: LorenzVec(x=-127.625, y=79.025, z=166.3125)
 DistanceC: 6.770726873187812
Relative Position: LorenzVec(x=-2.953350979736882, y=9.858890739061792, z=6.770726873187812)
 }
21:10:17 `71j8a056l0`325 missed {
 is already Found: false).
 Position: LorenzVec(x=-128.59375, y=73.025, z=168.65625)
 DistanceC: 7.390355119703713
Relative Position: LorenzVec(x=-4.3421669007319394, y=5.025000000000006, z=7.390355119703713)
 }
21:10:17 `71sq1vidzs`333 missed {
 is already Found: false).
 Position: LorenzVec(x=-129.3125, y=79.025, z=168.5)
 DistanceC: 7.234105119703713
Relative Position: LorenzVec(x=-5.0609169007319394, y=11.025000000000006, z=7.234105119703713)
 }
21:10:18 `lpp09zz2t7`324 missed {
 is already Found: false).
 Position: LorenzVec(x=-130.625, y=73.025, z=169.65625)
 DistanceC: 7.958051288664336
Relative Position: LorenzVec(x=-6.3734169007319394, y=5.025000000000006, z=7.958051288664336)
 }
21:10:18 `08049jedrf`331 missed {
 is already Found: false).
 Position: LorenzVec(x=-128.59375, y=79.025, z=170.65625)
 DistanceC: 8.942576655525414
Relative Position: LorenzVec(x=-4.3421669007319394, y=11.025000000000006, z=8.942576655525414)
 }
21:10:18 `81fw158jdw`329 missed {
 is already Found: false).
 Position: LorenzVec(x=-118.3125, y=73.025, z=172.5)
 DistanceC: 10.104968386335969
Relative Position: LorenzVec(x=6.484871217947642, y=5.025000000000006, z=10.104968386335969)
 }
21:10:18 `277ci6me09`330 missed {
 is already Found: false).
 Position: LorenzVec(x=-127.59375, y=73.025, z=172.65625)
 DistanceC: 10.261218386335969
Relative Position: LorenzVec(x=-2.796378782052358, y=5.025000000000006, z=10.261218386335969)
 }
21:10:18 `v4piq3lm06`334 missed {
 is already Found: false).
 Position: LorenzVec(x=-124.3125, y=73.025, z=172.5)
 DistanceC: 10.104968386335969
Relative Position: LorenzVec(x=0.4848712179476422, y=5.025000000000006, z=10.104968386335969)
 }
21:10:18 `37z80y20by`328 missed {
 is already Found: false).
 Position: LorenzVec(x=-130.59375, y=73.025, z=173.3125)
 DistanceC: 10.781094131113036
Relative Position: LorenzVec(x=-5.645520146317921, y=5.025000000000006, z=10.781094131113036)
 }
21:10:20 `Skeleton`323 missed {
 is already Found: false).
 Position: LorenzVec(x=-120.5, y=73.0, z=174.5)
 DistanceC: 11.949984759369528
Relative Position: LorenzVec(x=4.468815736468457, y=5.0, z=11.949984759369528)
 }
21:10:33 `5z4fzk3eul`115 missed {
 is already Found: false).
 Position: LorenzVec(x=-157.5, y=70.5, z=162.0)
 DistanceC: 22.682158675561396
Relative Position: LorenzVec(x=-22.682158675561396, y=3.5, z=9.50998458654172)
 }
21:10:33 `lpp09zz2t7`324 missed {
 is already Found: false).
 Position: LorenzVec(x=-130.625, y=73.025, z=169.65625)
 DistanceC: 17.16623458654172
Relative Position: LorenzVec(x=4.192841324438604, y=6.025000000000006, z=17.16623458654172)
 }
21:10:33 `71j8a056l0`325 missed {
 is already Found: false).
 Position: LorenzVec(x=-128.59375, y=73.025, z=168.65625)
 DistanceC: 16.16623458654172
Relative Position: LorenzVec(x=6.224091324438604, y=6.025000000000006, z=16.16623458654172)
 }
21:10:33 `hc1oqc14c0`326 missed {
 is already Found: false).
 Position: LorenzVec(x=-130.3125, y=73.025, z=166.5)
 DistanceC: 14.00998458654172
Relative Position: LorenzVec(x=4.505341324438604, y=6.025000000000006, z=14.00998458654172)
 }
21:10:33 `1ah4m9b368`327 missed {
 is already Found: false).
 Position: LorenzVec(x=-128.59375, y=73.025, z=164.3125)
 DistanceC: 11.82248458654172
Relative Position: LorenzVec(x=6.224091324438604, y=6.025000000000006, z=11.82248458654172)
 }
21:10:33 `37z80y20by`328 missed {
 is already Found: false).
 Position: LorenzVec(x=-130.59375, y=73.025, z=173.3125)
 DistanceC: 20.82248458654172
Relative Position: LorenzVec(x=4.224091324438604, y=6.025000000000006, z=20.82248458654172)
 }
21:10:33 `81fw158jdw`329 missed {
 is already Found: false).
 Position: LorenzVec(x=-118.3125, y=73.025, z=172.5)
 DistanceC: 20.00998458654172
Relative Position: LorenzVec(x=16.505341324438604, y=6.025000000000006, z=20.00998458654172)
 }
21:10:33 `277ci6me09`330 missed {
 is already Found: false).
 Position: LorenzVec(x=-127.59375, y=73.025, z=172.65625)
 DistanceC: 20.16623458654172
Relative Position: LorenzVec(x=7.224091324438604, y=6.025000000000006, z=20.16623458654172)
 }
21:10:33 `08049jedrf`331 missed {
 is already Found: false).
 Position: LorenzVec(x=-128.59375, y=79.025, z=170.65625)
 DistanceC: 18.16623458654172
Relative Position: LorenzVec(x=6.224091324438604, y=12.025000000000006, z=18.16623458654172)
 }
21:10:33 `2565ao2y48`332 missed {
 is already Found: false).
 Position: LorenzVec(x=-127.625, y=79.025, z=166.3125)
 DistanceC: 13.82248458654172
Relative Position: LorenzVec(x=7.192841324438604, y=12.025000000000006, z=13.82248458654172)
 }
21:10:33 `71sq1vidzs`333 missed {
 is already Found: false).
 Position: LorenzVec(x=-129.3125, y=79.025, z=168.5)
 DistanceC: 16.00998458654172
Relative Position: LorenzVec(x=5.505341324438604, y=12.025000000000006, z=16.00998458654172)
 }
21:10:33 `v4piq3lm06`334 missed {
 is already Found: false).
 Position: LorenzVec(x=-124.3125, y=73.025, z=172.5)
 DistanceC: 20.00998458654172
Relative Position: LorenzVec(x=10.505341324438604, y=6.025000000000006, z=20.00998458654172)
 }
21:11:52 `v4piq3lm06`334 missed {
 is already Found: false).
 Position: LorenzVec(x=-124.3125, y=73.025, z=172.5)
 DistanceC: 15.840162872135096
Relative Position: LorenzVec(x=15.840162872135096, y=5.7934762024129896, z=5.727515832055673)
 }
21:13:22 `hc1oqc14c0`326 missed {
 is already Found: false).
 Position: LorenzVec(x=-130.3125, y=73.025, z=166.5)
 DistanceC: 22.98750001192093
Relative Position: LorenzVec(x=22.98750001192093, y=3.1500000000000057, z=9.047586526646967)
 }
21:13:29 `71sq1vidzs`333 missed {
 is already Found: false).
 Position: LorenzVec(x=-129.3125, y=79.025, z=168.5)
 DistanceC: 19.61250001192093
Relative Position: LorenzVec(x=19.61250001192093, y=7.025000000000006, z=-3.6413809467976535)
 }
21:13:30 `71j8a056l0`325 missed {
 is already Found: false).
 Position: LorenzVec(x=-128.59375, y=73.025, z=168.65625)
 DistanceC: 16.084533018277853
Relative Position: LorenzVec(x=16.084533018277853, y=4.25863200604249, z=-4.824131207077841)
 }
21:13:30 `1ah4m9b368`327 missed {
 is already Found: false).
 Position: LorenzVec(x=-128.59375, y=73.025, z=164.3125)
 DistanceC: 16.084533018277853
Relative Position: LorenzVec(x=16.084533018277853, y=4.25863200604249, z=-9.16788120707784)
 }
21:13:30 `08049jedrf`331 missed {
 is already Found: false).
 Position: LorenzVec(x=-128.59375, y=79.025, z=170.65625)
 DistanceC: 16.084533018277853
Relative Position: LorenzVec(x=16.084533018277853, y=10.25863200604249, z=-2.8241312070778406)
 }
21:13:31 `2565ao2y48`332 missed {
 is already Found: false).
 Position: LorenzVec(x=-127.625, y=79.025, z=166.3125)
 DistanceC: 16.787662058146736
Relative Position: LorenzVec(x=16.787662058146736, y=11.150000000000006, z=-7.385193357432513)
 }
21:13:31 `277ci6me09`330 missed {
 is already Found: false).
 Position: LorenzVec(x=-127.59375, y=73.025, z=172.65625)
 DistanceC: 16.745581565840354
Relative Position: LorenzVec(x=16.745581565840354, y=5.150000000000006, z=-1.189406545212762)
 }
21:13:34 `v4piq3lm06`334 missed {
 is already Found: false).
 Position: LorenzVec(x=-124.3125, y=73.025, z=172.5)
 DistanceC: 18.269862434505853
Relative Position: LorenzVec(x=18.269862434505853, y=6.025000000000006, z=-1.9325754234049555)
 }
21:13:50 `81fw158jdw`329 missed {
 is already Found: false).
 Position: LorenzVec(x=-118.3125, y=73.025, z=172.5)
 DistanceC: 23.283169876084713
Relative Position: LorenzVec(x=4.844459470502272, y=6.7934762024129896, z=23.283169876084713)
 }
21:13:55 `i5ciddomwb`11 missed {
 is already Found: false).
 Position: LorenzVec(x=-98.5, y=75.99375, z=153.9375)
 DistanceC: 21.743819746056886
Relative Position: LorenzVec(x=21.743819746056886, y=8.827640739061792, z=5.2312464928254485)
 }
21:16:47 `2tddoy8342`19 missed {
 is already Found: false).
 Position: LorenzVec(x=-91.5, y=90.0, z=106.53125)
 DistanceC: 18.456318718416554
Relative Position: LorenzVec(x=-18.456318718416554, y=15.0, z=10.880645271800887)
 }
21:18:24 `3n1j9606x0`15 missed {
 is already Found: false).
 Position: LorenzVec(x=-97.5, y=66.0, z=147.5)
 DistanceC: 23.12211770916548
Relative Position: LorenzVec(x=-23.12211770916548, y=-12.921599998474122, z=16.374613069546626)
 }
21:18:31 `6f20g6kg1r`6 missed {
 is already Found: false).
 Position: LorenzVec(x=-92.3125, y=65.0, z=156.875)
 DistanceC: 23.57953238307664
Relative Position: LorenzVec(x=-20.97850488409911, y=-15.0, z=23.57953238307664)
 }
21:18:53 `b7j9by9b0w`21 missed {
 is already Found: false).
 Position: LorenzVec(x=-96.0, y=100.0, z=156.1875)
 DistanceC: 23.93612120724336
Relative Position: LorenzVec(x=-23.93612120724336, y=20.0, z=22.346496908692757)
 }
21:19:53 `7b4jytiw10`245 missed {
 is already Found: false).
 Position: LorenzVec(x=-51.0, y=72.0, z=-60.5)
 DistanceC: 20.300000011920933
Relative Position: LorenzVec(x=-20.300000011920933, y=2.0, z=15.319795073933264)
 }
21:20:01 `Villager`356 missed {
 is already Found: false).
 Position: LorenzVec(x=-25.71875, y=68.0, z=-103.125)
 DistanceC: 22.42500001192093
Relative Position: LorenzVec(x=18.72788906728894, y=-3.0, z=-22.42500001192093)
 }
