08:52:39 [COMPACT_NEW_AREA_DISCOVERED] §7   ■ §r§f§r§7§r§fExplore the area to learn more about §r§bSkyBlock§r§f.
08:52:39 [COMPACT_NEW_AREA_DISCOVERED] §7   ■ §r§f§r§7§r§fVisit the §r§6Auction House§r§f.
08:52:39 [COMPACT_NEW_AREA_DISCOVERED] §7   ■ §r§f§r§7§r§fManage your §r§6coins §r§fin the §r§6Bank§r§f.
08:52:39 [COMPACT_NEW_AREA_DISCOVERED] §7   ■ §r§f§r§7§r§fEnchant items in the §r§bLibrary§r§f.
08:52:48 [COMPACT_POTION_EFFECT] §a§lBUFF! §fYou have gained §r§5Night Vision I§r§f! Press TAB or type /effects to view your active effects!
08:52:48 [COMPACT_POTION_EFFECT] §a§lBUFF! §fYou have gained §r§bPet Luck I§r§f! Press TAB or type /effects to view your active effects!
08:52:49 [COMPACT_POTION_EFFECT] §a§lBUFF! §fYou have gained §r§4Critical I§r§f! Press TAB or type /effects to view your active effects!
08:52:49 [COMPACT_POTION_EFFECT] §a§lBUFF! §fYou have gained §r§aRabbit I§r§f! Press TAB or type /effects to view your active effects!
08:52:50 [COMPACT_POTION_EFFECT] §a§lBUFF! §fYou have gained §r§9Experience II§r§f! Press TAB or type /effects to view your active effects!
08:52:50 [COMPACT_POTION_EFFECT] §a§lBUFF! §fYou have gained §r§eHaste I§r§f! Press TAB or type /effects to view your active effects!
08:52:50 [COMPACT_POTION_EFFECT] §a§lBUFF! §fYou have gained §r§aResistance III§r§f! Press TAB or type /effects to view your active effects!
08:52:51 [COMPACT_POTION_EFFECT] §a§lBUFF! §fYou have gained §r§cFire Resistance I§r§f! Press TAB or type /effects to view your active effects!
08:52:51 [COMPACT_POTION_EFFECT] §a§lBUFF! §fYou have gained §r§9Mana III§r§f! Press TAB or type /effects to view your active effects!
08:52:51 [COMPACT_POTION_EFFECT] §a§lBUFF! §fYou have gained §r§cAdrenaline III§r§f! Press TAB or type /effects to view your active effects!
08:52:52 [COMPACT_POTION_EFFECT] §a§lBUFF! §fYou have gained §r§bMagic Find I§r§f! Press TAB or type /effects to view your active effects!
08:52:52 [COMPACT_POTION_EFFECT] §a§lBUFF! §fYou have gained §r§9Speed III§r§f! Press TAB or type /effects to view your active effects!
08:52:52 [COMPACT_POTION_EFFECT] §a§lBUFF! §fYou have gained §r§6Absorption III§r§f! Press TAB or type /effects to view your active effects!
08:52:53 [COMPACT_POTION_EFFECT] §a§lBUFF! §fYou have gained §r§9Dodge I§r§f! Press TAB or type /effects to view your active effects!
08:52:53 [COMPACT_POTION_EFFECT] §a§lBUFF! §fYou have gained §r§4Strength III§r§f! Press TAB or type /effects to view your active effects!
08:52:53 [COMPACT_POTION_EFFECT] §a§lBUFF! §fYou have gained §r§9Water Breathing I§r§f! Press TAB or type /effects to view your active effects!
08:52:54 [COMPACT_POTION_EFFECT] §a§lBUFF! §fYou have gained §r§bArchery I§r§f! Press TAB or type /effects to view your active effects!
08:52:54 [COMPACT_POTION_EFFECT] §a§lBUFF! §fYou have gained §r§4Regeneration II§r§f! Press TAB or type /effects to view your active effects!
08:53:00 [COMPACT_NEW_AREA_DISCOVERED] §7   ■ §r§f§r§7§r§fBuy your first Pet!
08:53:00 [COMPACT_NEW_AREA_DISCOVERED] §7   ■ §r§f§r§7§r§fLearn about Pet Items.
08:53:00 [COMPACT_NEW_AREA_DISCOVERED] §7   ■ §r§f§r§7§r§fTrain your Pets, and more!
08:53:19 [COMPACT_NEW_AREA_DISCOVERED] §7   ■ §r§f§r§7§r§fPurchase farming supplies.
08:53:19 [COMPACT_NEW_AREA_DISCOVERED] §7   ■ §r§f§r§7§r§fParticipate in §r§eJacob's Farming Contests§r§f.
08:53:55 [COMPACT_NEW_AREA_DISCOVERED] §7   ■ §r§f§r§7§r§fBuy and sell materials in bulk at the §r§6Bazaar§r§f.
10:35:36 [BESTIARY] §f                                  §6§lBESTIARY
10:35:36 [BESTIARY] §f                       §b§lSkeleton Lord §7§8XIII §8➡§b §bXIV
10:35:36 [BESTIARY] 
10:35:36 [BESTIARY] §f                                  §r§6§lREWARDS
10:35:36 [BESTIARY] §f                     §r§8+§r§a4 Skeleton Lord §r§b✯ Magic Find
10:35:36 [BESTIARY] §f                      §r§8+§r§a4 Skeleton Lord §r§c❁ Strength
10:35:36 [BESTIARY] §f                         §r§8+§r§62% §r§aSkeleton Lord §r§7coins
10:35:36 [BESTIARY] §f                    §r§8+§r§a50% §r§7chance for extra XP orbs
10:35:36 [BESTIARY] §f                               §r§8+§r§b1 SkyBlock XP
10:35:36 [BESTIARY] 
10:35:36 [BESTIARY] §3§l▬▬▬▬▬▬▬▬▬▬▬▬▬▬▬▬▬▬▬▬▬▬▬▬▬▬▬▬▬▬▬▬▬▬▬▬▬▬▬▬▬▬▬▬▬▬▬▬▬▬▬▬▬▬▬▬▬▬▬▬▬▬▬▬
