17:12:00 Trying to load config from config/skyhanni/config.json
17:12:00 load-config-now
17:12:01 Loaded config from file
17:12:01 Trying to load sacks from config/skyhanni/sacks.json
17:12:01 load-sacks-now
17:12:01 Loaded sacks from file
17:12:01 Trying to load friends from config/skyhanni/friends.json
17:12:01 load-friends-now
17:12:01 Loaded friends from file
17:12:01 Trying to load known_features from config/skyhanni/known_features.json
17:12:01 load-known_features-now
17:12:01 Loaded known_features from file
17:12:01 Trying to load jacob_contests from config/skyhanni/jacob_contests.json
17:12:01 Setting jacob_contests to be blank as it did not exist. It will be saved once something is written to it
17:12:01 Trying to load visual_words from config/skyhanni/visual_words.json
17:12:01 Setting visual_words to be blank as it did not exist. It will be saved once something is written to it
17:12:01 Trying to load pets from config/skyhanni/pets.json
17:12:01 load-pets-now
17:12:01 Loaded pets from file
17:12:19 saveConfig: Updated known feature flags
17:12:19 Saving known_features file
17:12:19 Saved known_features file successfully
17:12:19 saveConfig: Updated known feature flags
17:12:19 Saving known_features file
17:12:19 Saved known_features file successfully
17:13:01 saveConfig: auto-save-60s
17:13:01 Saving config file
17:13:01 Saved config file successfully
17:13:01 saveConfig: auto-save-60s
17:13:01 Saving config file
17:13:01 Saved config file successfully
17:14:01 saveConfig: auto-save-60s
17:14:01 Saving config file
17:14:01 Saved config file successfully
17:14:01 saveConfig: auto-save-60s
17:14:01 Saving config file
17:14:01 Saved config file successfully
17:15:01 saveConfig: auto-save-60s
17:15:01 Saving config file
17:15:01 Saved config file successfully
17:15:01 saveConfig: auto-save-60s
17:15:01 Saving config file
17:15:01 Saved config file successfully
17:16:01 saveConfig: auto-save-60s
17:16:01 Saving config file
17:16:01 Saved config file successfully
17:16:01 saveConfig: auto-save-60s
17:16:01 Saving config file
17:16:01 Saved config file successfully
17:17:01 saveConfig: auto-save-60s
17:17:01 Saving config file
17:17:01 Saved config file successfully
17:17:01 saveConfig: auto-save-60s
17:17:01 Saving config file
17:17:01 Saved config file successfully
17:18:01 saveConfig: auto-save-60s
17:18:01 Saving config file
17:18:01 Saved config file successfully
17:18:01 saveConfig: auto-save-60s
17:18:01 Saving config file
17:18:01 Saved config file successfully
17:19:01 saveConfig: auto-save-60s
17:19:01 Saving config file
17:19:01 Saved config file successfully
17:19:01 saveConfig: auto-save-60s
17:19:01 Saving config file
17:19:01 Saved config file successfully
17:20:01 saveConfig: auto-save-60s
17:20:01 Saving config file
17:20:01 Saved config file successfully
17:20:01 saveConfig: auto-save-60s
17:20:01 Saving config file
17:20:01 Saved config file successfully
17:21:01 saveConfig: auto-save-60s
17:21:01 Saving config file
17:21:01 Saved config file successfully
17:21:01 saveConfig: auto-save-60s
17:21:01 Saving config file
17:21:01 Saved config file successfully
17:22:01 saveConfig: auto-save-60s
17:22:01 Saving config file
17:22:01 Saved config file successfully
17:22:01 saveConfig: auto-save-60s
17:22:01 Saving config file
17:22:01 Saved config file successfully
17:23:01 saveConfig: auto-save-60s
17:23:01 Saving config file
17:23:01 Saved config file successfully
17:23:01 saveConfig: auto-save-60s
17:23:01 Saving config file
17:23:01 Saved config file successfully
17:24:01 saveConfig: auto-save-60s
17:24:01 Saving config file
17:24:01 Saved config file successfully
17:24:01 saveConfig: auto-save-60s
17:24:01 Saving config file
17:24:01 Saved config file successfully
17:24:48 saveConfig: saving-data
17:24:48 Saving pets file
17:24:48 Saved pets file successfully
17:24:48 saveConfig: saving-data
17:24:48 Saving pets file
17:24:48 Saved pets file successfully
17:25:01 saveConfig: auto-save-60s
17:25:01 Saving config file
17:25:01 Saved config file successfully
17:25:01 saveConfig: auto-save-60s
17:25:01 Saving config file
17:25:01 Saved config file successfully
17:25:19 saveConfig: saving-data
17:25:19 Saving pets file
17:25:19 Saved pets file successfully
17:25:19 saveConfig: saving-data
17:25:19 Saving pets file
17:25:19 Saved pets file successfully
17:26:01 saveConfig: auto-save-60s
17:26:01 Saving config file
17:26:01 Saved config file successfully
17:26:01 saveConfig: auto-save-60s
17:26:01 Saving config file
17:26:01 Saved config file successfully
17:27:01 saveConfig: auto-save-60s
17:27:01 Saving config file
17:27:01 Saved config file successfully
17:27:01 saveConfig: auto-save-60s
17:27:01 Saving config file
17:27:01 Saved config file successfully
17:28:01 saveConfig: auto-save-60s
17:28:01 Saving config file
17:28:01 Saved config file successfully
17:28:01 saveConfig: auto-save-60s
17:28:01 Saving config file
17:28:01 Saved config file successfully
17:29:01 saveConfig: auto-save-60s
17:29:01 Saving config file
17:29:01 Saved config file successfully
17:29:01 saveConfig: auto-save-60s
17:29:01 Saving config file
17:29:01 Saved config file successfully
17:30:01 saveConfig: auto-save-60s
17:30:01 Saving config file
17:30:01 Saved config file successfully
17:30:01 saveConfig: auto-save-60s
17:30:01 Saving config file
17:30:01 Saved config file successfully
17:31:01 saveConfig: auto-save-60s
17:31:01 Saving config file
17:31:01 Saved config file successfully
17:31:01 saveConfig: auto-save-60s
17:31:01 Saving config file
17:31:01 Saved config file successfully
17:32:01 saveConfig: auto-save-60s
17:32:01 Saving config file
17:32:01 Saved config file successfully
17:32:01 saveConfig: auto-save-60s
17:32:01 Saving config file
17:32:01 Saved config file successfully
17:33:01 saveConfig: auto-save-60s
17:33:01 Saving config file
17:33:01 Saved config file successfully
17:33:01 saveConfig: auto-save-60s
17:33:01 Saving config file
17:33:01 Saved config file successfully
17:34:01 saveConfig: auto-save-60s
17:34:01 Saving config file
17:34:01 Saved config file successfully
17:34:01 saveConfig: auto-save-60s
17:34:01 Saving config file
17:34:01 Saved config file successfully
17:35:01 saveConfig: auto-save-60s
17:35:01 Saving config file
17:35:01 Saved config file successfully
17:35:01 saveConfig: auto-save-60s
17:35:01 Saving config file
17:35:01 Saved config file successfully
17:35:32 saveConfig: saving-data
17:35:32 Saving pets file
17:35:32 Saved pets file successfully
17:35:32 saveConfig: saving-data
17:35:32 Saving pets file
17:35:32 Saved pets file successfully
17:36:01 saveConfig: auto-save-60s
17:36:01 Saving config file
17:36:01 Saved config file successfully
17:36:01 saveConfig: auto-save-60s
17:36:01 Saving config file
17:36:01 Saved config file successfully
17:37:01 saveConfig: auto-save-60s
17:37:01 Saving config file
17:37:01 Saved config file successfully
17:37:01 saveConfig: auto-save-60s
17:37:01 Saving config file
17:37:01 Saved config file successfully
17:38:01 saveConfig: auto-save-60s
17:38:01 Saving config file
17:38:01 Saved config file successfully
17:38:01 saveConfig: auto-save-60s
17:38:01 Saving config file
17:38:01 Saved config file successfully
17:39:01 saveConfig: auto-save-60s
17:39:01 Saving config file
17:39:01 Saved config file successfully
17:39:01 saveConfig: auto-save-60s
17:39:01 Saving config file
17:39:01 Saved config file successfully
17:40:01 saveConfig: auto-save-60s
17:40:01 Saving config file
17:40:01 Saved config file successfully
17:40:01 saveConfig: auto-save-60s
17:40:01 Saving config file
17:40:01 Saved config file successfully
17:41:01 saveConfig: auto-save-60s
17:41:01 Saving config file
17:41:01 Saved config file successfully
17:41:01 saveConfig: auto-save-60s
17:41:01 Saving config file
17:41:01 Saved config file successfully
17:42:01 saveConfig: auto-save-60s
17:42:01 Saving config file
17:42:01 Saved config file successfully
17:42:01 saveConfig: auto-save-60s
17:42:01 Saving config file
17:42:01 Saved config file successfully
17:43:01 saveConfig: auto-save-60s
17:43:01 Saving config file
17:43:01 Saved config file successfully
17:43:01 saveConfig: auto-save-60s
17:43:01 Saving config file
17:43:01 Saved config file successfully
17:44:01 saveConfig: auto-save-60s
17:44:01 Saving config file
17:44:01 Saved config file successfully
17:44:01 saveConfig: auto-save-60s
17:44:01 Saving config file
17:44:01 Saved config file successfully
17:45:01 saveConfig: auto-save-60s
17:45:01 Saving config file
17:45:01 Saved config file successfully
17:45:01 saveConfig: auto-save-60s
17:45:01 Saving config file
17:45:01 Saved config file successfully
17:46:01 saveConfig: auto-save-60s
17:46:01 Saving config file
17:46:01 Saved config file successfully
17:46:01 saveConfig: auto-save-60s
17:46:01 Saving config file
17:46:01 Saved config file successfully
17:47:01 saveConfig: auto-save-60s
17:47:01 Saving config file
17:47:01 Saved config file successfully
17:47:01 saveConfig: auto-save-60s
17:47:01 Saving config file
17:47:01 Saved config file successfully
17:48:01 saveConfig: auto-save-60s
17:48:01 Saving config file
17:48:01 Saved config file successfully
17:48:01 saveConfig: auto-save-60s
17:48:01 Saving config file
17:48:01 Saved config file successfully
17:49:01 saveConfig: auto-save-60s
17:49:01 Saving config file
17:49:01 Saved config file successfully
17:49:01 saveConfig: auto-save-60s
17:49:01 Saving config file
17:49:01 Saved config file successfully
17:50:01 saveConfig: auto-save-60s
17:50:01 Saving config file
17:50:01 Saved config file successfully
17:50:01 saveConfig: auto-save-60s
17:50:01 Saving config file
17:50:01 Saved config file successfully
17:51:01 saveConfig: auto-save-60s
17:51:01 Saving config file
17:51:01 Saved config file successfully
17:51:01 saveConfig: auto-save-60s
17:51:01 Saving config file
17:51:01 Saved config file successfully
17:52:01 saveConfig: auto-save-60s
17:52:01 Saving config file
17:52:01 Saved config file successfully
17:52:01 saveConfig: auto-save-60s
17:52:01 Saving config file
17:52:01 Saved config file successfully
17:53:01 saveConfig: auto-save-60s
17:53:01 Saving config file
17:53:01 Saved config file successfully
17:53:01 saveConfig: auto-save-60s
17:53:01 Saving config file
17:53:01 Saved config file successfully
17:54:01 saveConfig: auto-save-60s
17:54:01 Saving config file
17:54:01 Saved config file successfully
17:54:01 saveConfig: auto-save-60s
17:54:01 Saving config file
17:54:01 Saved config file successfully
17:55:01 saveConfig: auto-save-60s
17:55:01 Saving config file
17:55:01 Saved config file successfully
17:55:01 saveConfig: auto-save-60s
17:55:01 Saving config file
17:55:01 Saved config file successfully
17:56:00 saveConfig: saving-data
17:56:00 Saving pets file
17:56:00 Saved pets file successfully
17:56:00 saveConfig: saving-data
17:56:00 Saving pets file
17:56:00 Saved pets file successfully
17:56:01 saveConfig: auto-save-60s
17:56:01 Saving config file
17:56:01 Saved config file successfully
17:56:01 saveConfig: auto-save-60s
17:56:01 Saving config file
17:56:01 Saved config file successfully
17:56:54 saveConfig: saving-data
17:56:54 Saving pets file
17:56:54 Saved pets file successfully
17:56:54 saveConfig: saving-data
17:56:54 Saving pets file
17:56:54 Saved pets file successfully
17:57:01 saveConfig: auto-save-60s
17:57:01 Saving config file
17:57:01 Saved config file successfully
17:57:01 saveConfig: auto-save-60s
17:57:01 Saving config file
17:57:01 Saved config file successfully
17:57:10 saveConfig: Save file
17:57:10 Saving friends file
17:57:10 Saved friends file successfully
17:57:10 saveConfig: Save file
17:57:10 Saving friends file
17:57:10 Saved friends file successfully
17:57:25 saveConfig: saving-data
17:57:25 Saving pets file
17:57:25 Saved pets file successfully
17:57:25 saveConfig: saving-data
17:57:25 Saving pets file
17:57:25 Saved pets file successfully
17:58:01 saveConfig: auto-save-60s
17:58:01 Saving config file
17:58:01 Saved config file successfully
17:58:01 saveConfig: auto-save-60s
17:58:01 Saving config file
17:58:01 Saved config file successfully
17:58:25 saveConfig: Save file
17:58:25 Saving friends file
17:58:25 Saved friends file successfully
17:58:25 saveConfig: Save file
17:58:25 Saving friends file
17:58:25 Saved friends file successfully
17:59:01 saveConfig: auto-save-60s
17:59:01 Saving config file
17:59:01 Saved config file successfully
17:59:01 saveConfig: auto-save-60s
17:59:01 Saving config file
17:59:01 Saved config file successfully
18:00:01 saveConfig: auto-save-60s
18:00:01 Saving config file
18:00:01 Saved config file successfully
18:00:01 saveConfig: auto-save-60s
18:00:01 Saving config file
18:00:01 Saved config file successfully
18:01:01 saveConfig: auto-save-60s
18:01:01 Saving config file
18:01:01 Saved config file successfully
18:01:01 saveConfig: auto-save-60s
18:01:01 Saving config file
18:01:01 Saved config file successfully
18:01:51 saveConfig: saving-data
18:01:51 Saving pets file
18:01:51 Saved pets file successfully
18:01:51 saveConfig: saving-data
18:01:51 Saving pets file
18:01:51 Saved pets file successfully
18:02:01 saveConfig: auto-save-60s
18:02:01 Saving config file
18:02:01 Saved config file successfully
18:02:01 saveConfig: auto-save-60s
18:02:01 Saving config file
18:02:01 Saved config file successfully
18:03:01 saveConfig: auto-save-60s
18:03:01 Saving config file
18:03:01 Saved config file successfully
18:03:01 saveConfig: auto-save-60s
18:03:01 Saving config file
18:03:01 Saved config file successfully
18:04:01 saveConfig: auto-save-60s
18:04:01 Saving config file
18:04:01 Saved config file successfully
18:04:01 saveConfig: auto-save-60s
18:04:01 Saving config file
18:04:01 Saved config file successfully
18:05:01 saveConfig: auto-save-60s
18:05:01 Saving config file
18:05:01 Saved config file successfully
18:05:01 saveConfig: auto-save-60s
18:05:01 Saving config file
18:05:01 Saved config file successfully
18:05:42 saveConfig: saving-data
18:05:42 Saving pets file
18:05:42 Saved pets file successfully
18:05:42 saveConfig: saving-data
18:05:42 Saving pets file
18:05:42 Saved pets file successfully
18:06:01 saveConfig: auto-save-60s
18:06:01 Saving config file
18:06:01 Saved config file successfully
18:06:01 saveConfig: auto-save-60s
18:06:01 Saving config file
18:06:01 Saved config file successfully
18:07:01 saveConfig: auto-save-60s
18:07:01 Saving config file
18:07:01 Saved config file successfully
18:07:01 saveConfig: auto-save-60s
18:07:01 Saving config file
18:07:01 Saved config file successfully
18:08:01 saveConfig: auto-save-60s
18:08:01 Saving config file
18:08:01 Saved config file successfully
18:08:01 saveConfig: auto-save-60s
18:08:01 Saving config file
18:08:01 Saved config file successfully
18:09:01 saveConfig: auto-save-60s
18:09:01 Saving config file
18:09:01 Saved config file successfully
18:09:01 saveConfig: auto-save-60s
18:09:01 Saving config file
18:09:01 Saved config file successfully
18:09:31 saveConfig: saving-data
18:09:31 Saving pets file
18:09:31 Saved pets file successfully
18:09:31 saveConfig: saving-data
18:09:31 Saving pets file
18:09:31 Saved pets file successfully
18:10:01 saveConfig: auto-save-60s
18:10:01 Saving config file
18:10:01 Saved config file successfully
18:10:01 saveConfig: auto-save-60s
18:10:01 Saving config file
18:10:01 Saved config file successfully
18:10:01 saveConfig: saving-data
18:10:01 Saving pets file
18:10:01 Saved pets file successfully
18:10:01 saveConfig: saving-data
18:10:01 Saving pets file
18:10:01 Saved pets file successfully
18:11:01 saveConfig: auto-save-60s
18:11:01 Saving config file
18:11:01 Saved config file successfully
18:11:01 saveConfig: auto-save-60s
18:11:01 Saving config file
18:11:01 Saved config file successfully
18:11:53 saveConfig: saving-data
18:11:53 Saving pets file
18:11:53 Saved pets file successfully
18:11:53 saveConfig: saving-data
18:11:53 Saving pets file
18:11:53 Saved pets file successfully
18:12:01 saveConfig: auto-save-60s
18:12:01 Saving config file
18:12:01 Saved config file successfully
18:12:01 saveConfig: auto-save-60s
18:12:01 Saving config file
18:12:01 Saved config file successfully
18:12:23 saveConfig: saving-data
18:12:23 Saving pets file
18:12:23 Saved pets file successfully
18:12:23 saveConfig: saving-data
18:12:23 Saving pets file
18:12:23 Saved pets file successfully
18:12:53 saveConfig: saving-data
18:12:53 Saving pets file
18:12:53 Saved pets file successfully
18:12:53 saveConfig: saving-data
18:12:53 Saving pets file
18:12:53 Saved pets file successfully
18:13:01 saveConfig: auto-save-60s
18:13:01 Saving config file
18:13:01 Saved config file successfully
18:13:01 saveConfig: auto-save-60s
18:13:01 Saving config file
18:13:01 Saved config file successfully
18:14:01 saveConfig: auto-save-60s
18:14:01 Saving config file
18:14:01 Saved config file successfully
18:14:01 saveConfig: auto-save-60s
18:14:01 Saving config file
18:14:01 Saved config file successfully
18:15:01 saveConfig: auto-save-60s
18:15:01 Saving config file
18:15:01 Saved config file successfully
18:15:01 saveConfig: auto-save-60s
18:15:01 Saving config file
18:15:01 Saved config file successfully
18:16:01 saveConfig: auto-save-60s
18:16:01 Saving config file
18:16:01 Saved config file successfully
18:16:01 saveConfig: auto-save-60s
18:16:01 Saving config file
18:16:01 Saved config file successfully
18:16:32 saveConfig: saving-data
18:16:32 Saving pets file
18:16:32 Saved pets file successfully
18:16:32 saveConfig: saving-data
18:16:32 Saving pets file
18:16:32 Saved pets file successfully
18:17:01 saveConfig: auto-save-60s
18:17:01 Saving config file
18:17:01 Saved config file successfully
18:17:01 saveConfig: auto-save-60s
18:17:01 Saving config file
18:17:01 Saved config file successfully
18:18:01 saveConfig: auto-save-60s
18:18:01 Saving config file
18:18:01 Saved config file successfully
18:18:01 saveConfig: auto-save-60s
18:18:01 Saving config file
18:18:01 Saved config file successfully
18:19:01 saveConfig: auto-save-60s
18:19:01 Saving config file
18:19:01 Saved config file successfully
18:19:01 saveConfig: auto-save-60s
18:19:01 Saving config file
18:19:01 Saved config file successfully
18:20:01 saveConfig: auto-save-60s
18:20:01 Saving config file
18:20:01 Saved config file successfully
18:20:01 saveConfig: auto-save-60s
18:20:01 Saving config file
18:20:01 Saved config file successfully
18:21:01 saveConfig: auto-save-60s
18:21:01 Saving config file
18:21:01 Saved config file successfully
18:21:01 saveConfig: auto-save-60s
18:21:01 Saving config file
18:21:01 Saved config file successfully
18:22:01 saveConfig: auto-save-60s
18:22:01 Saving config file
18:22:01 Saved config file successfully
18:22:01 saveConfig: auto-save-60s
18:22:01 Saving config file
18:22:01 Saved config file successfully
18:22:45 saveConfig: saving-data
18:22:45 Saving pets file
18:22:45 Saved pets file successfully
18:22:45 saveConfig: saving-data
18:22:45 Saving pets file
18:22:45 Saved pets file successfully
18:23:01 saveConfig: auto-save-60s
18:23:01 Saving config file
18:23:01 Saved config file successfully
18:23:01 saveConfig: auto-save-60s
18:23:01 Saving config file
18:23:01 Saved config file successfully
18:23:16 saveConfig: saving-data
18:23:16 Saving pets file
18:23:16 Saved pets file successfully
18:23:16 saveConfig: saving-data
18:23:16 Saving pets file
18:23:16 Saved pets file successfully
18:23:44 saveConfig: shutdown-hook
18:23:44 Saving config file
