15:12:05 [allowed] §f §r§r§r§f §r§r§r§1 §r§r§r§0 §r§r§r§2 §r§r§r§f §r§r§r§f §r§r§r§2 §r§r§r§0 §r§r§r§4 §r§r§r§3 §r§r§r§9 §r§r§r§2 §r§r§r§0 §r§r§r§0 §r§r§r§3 §r§r§r§9 §r§r§r§2 §r§r§r§0 §r§r§r§0 §r§r§r§3 §r§r§r§9 §r§r§r§2 §r§r§r§0 §r§r§r§0 
15:12:05 [allowed] §aYou have §b11 §aunclaimed leveling rewards!
15:12:05 [allowed] §eClick here to view them!
15:12:05 [allowed] §aYou have §64 §aunclaimed achievement rewards!
15:12:05 [allowed] §eClick here to view them!
15:12:07 [allowed]   §r§f§l➤ §r§6You have reached your Hype limit! Add Hype to Prototype Lobby minigames by right-clicking with the Hype Diamond!
15:12:19 [allowed] §b[MVP§0+§b] Joual§f §6spooked into the lobby!
15:12:20 [allowed] §b[MVP§9+§b] Mew_21§f §6spooked into the lobby!
15:12:23 [allowed] 
§r§f§l➔ §r§6§lWelcome to the Prototype Lobby§r
§r§aAll games in this lobby are currently in development.§r
§r§eClick here to leave feedback!§r§f ➤ §r§b§nhttps://hypixel.net/PTL

15:12:24 [allowed] §b[MVP§6+§b] Dadgerr§f §6spooked into the lobby!
15:12:24 [allowed] §7Sending to server mini193AB...
15:12:24 [allowed] §8 §r§8 §r§1 §r§3 §r§3 §r§7 §r§8 
15:12:24 [allowed] §aSince you've been away you earned §r§6500,000 coins §r§aas interest in your personal bank account!
15:12:26 [allowed] 
15:12:26 [allowed] §eWelcome to §r§aHypixel SkyBlock§r§e!
15:12:26 [allowed] 
15:12:26 [allowed] §eLatest update: §bSkyBlock v0.23.4 §e§lCLICK
15:12:38 [allowed] §6[Bazaar] §r§7Claiming order...
15:12:38 [allowed] §6[Bazaar] §r§7§r§7Claimed §r§659,250 coins §r§7from selling §r§a1§r§7x §r§dInfinite Quiver X §r§7at §r§660,000 §r§7each!
15:12:39 [allowed] §6[Bazaar] §r§7Claiming order...
15:12:39 [allowed] §6[Bazaar] §r§7§r§7Claimed §r§659,250 coins §r§7from selling §r§a1§r§7x §r§dInfinite Quiver X §r§7at §r§660,000 §r§7each!
15:12:40 [allowed] §6[Bazaar] §r§7Claiming order...
15:12:40 [allowed] §6[Bazaar] §r§7§r§7Claimed §r§659,250 coins §r§7from selling §r§a1§r§7x §r§dInfinite Quiver X §r§7at §r§660,000 §r§7each!
15:12:51 [allowed] §cThere are blocks in the way!
15:12:54 [allowed] §aYou summoned your §r§6Silverfish§r§a!
15:12:55 [allowed] §7Sending to server mini62BB...
15:12:56 [allowed] §8 §r§8 §r§1 §r§3 §r§3 §r§7 §r§8 
15:12:58 [allowed] §e§l▬▬▬▬▬▬▬▬▬▬▬▬▬▬▬▬▬▬▬▬▬▬▬▬▬▬▬▬▬▬▬▬▬▬▬▬▬▬▬▬▬▬▬▬▬▬▬▬▬▬▬▬▬▬▬▬▬▬▬▬▬▬▬▬
15:12:58 [allowed]   §r§6§lCOLLECTION LEVEL UP §eDiamond §8VI➜§eVII
15:12:58 [allowed] 
15:12:58 [allowed]   §r§a§lREWARDS
15:12:58 [allowed]     §r§7§9Hardened Diamond Helmet §7Recipe
15:12:58 [allowed]     §r§7§9Hardened Diamond Chestplate §7Recipe
15:12:58 [allowed]     §r§7§9Hardened Diamond Leggings §7Recipe
15:12:58 [allowed]     §r§7§9Hardened Diamond Boots §7Recipe
15:12:58 [allowed]     §r§7§8+§b4 SkyBlock XP
15:12:58 [allowed] §e§l▬▬▬▬▬▬▬▬▬▬▬▬▬▬▬▬▬▬▬▬▬▬▬▬▬▬▬▬▬▬▬▬▬▬▬▬▬▬▬▬▬▬▬▬▬▬▬▬▬▬▬▬▬▬▬▬▬▬▬▬▬▬▬▬
15:13:00 [allowed] §aA §r§bStranger §r§aappears on your island at §r§f8§r§a, §r§f100§r§a, §r§f41§r§a! You should go talk to them.
15:13:01 [allowed] §3§l▬▬▬▬▬▬▬▬▬▬▬▬▬▬▬▬▬▬▬▬▬▬▬▬▬▬▬▬▬▬▬▬▬▬▬▬▬▬▬▬▬▬▬▬▬▬▬▬▬▬▬▬▬▬▬▬▬▬▬▬▬▬▬▬
15:13:01 [allowed]   §r§b§lSKILL LEVEL UP §3Mining §8XIII➜§3XIV
15:13:01 [allowed] 
15:13:01 [allowed]   §r§a§lREWARDS
15:13:01 [allowed]    §r§eSpelunker XIV
15:13:01 [allowed]    §r  §7§fGrants §a+§852➜§a56§f §6☘ Mining Fortune§f, which increases your
15:13:01 [allowed]    §r  §fchance for multiple ore drops.
15:13:01 [allowed]    §r§7§8+§a1 §a❈ Defense
15:13:01 [allowed]    §r§7§9Dwarven Treasure §7Reforge
15:13:01 [allowed]    §r§7§9End Stone Geode §7Reforge
15:13:01 [allowed]    §r§7§8+§625,000 §7Coins
15:13:01 [allowed]    §r§7§8+§b10 SkyBlock XP
15:13:01 [allowed] §3§l▬▬▬▬▬▬▬▬▬▬▬▬▬▬▬▬▬▬▬▬▬▬▬▬▬▬▬▬▬▬▬▬▬▬▬▬▬▬▬▬▬▬▬▬▬▬▬▬▬▬▬▬▬▬▬▬▬▬▬▬▬▬▬▬
15:13:04 [allowed] §3§l▬▬▬▬▬▬▬▬▬▬▬▬▬▬▬▬▬▬▬▬▬▬▬▬▬▬▬▬▬▬▬▬▬▬▬▬▬▬▬▬▬▬▬▬▬▬▬▬▬▬▬▬▬▬▬▬▬▬▬▬▬▬▬▬
15:13:04 [allowed]   §r§b§lSKILL LEVEL UP §3Taming §8XI➜§3XII
15:13:04 [allowed] 
15:13:04 [allowed]   §r§a§lREWARDS
15:13:04 [allowed]    §r§eZoologist XII
15:13:04 [allowed]    §r  §7§fGain §811➜§a12%§f extra pet exp.
15:13:04 [allowed]    §r§7§8+§fGain §82.2➜§a2.4% §fExp Share rate.
15:13:04 [allowed]    §r§7§8+§a1 §d♣ Pet Luck
15:13:04 [allowed]    §r§7§8+§615,000 §7Coins
15:13:04 [allowed]    §r§7§8+§b10 SkyBlock XP
15:13:04 [allowed] §3§l▬▬▬▬▬▬▬▬▬▬▬▬▬▬▬▬▬▬▬▬▬▬▬▬▬▬▬▬▬▬▬▬▬▬▬▬▬▬▬▬▬▬▬▬▬▬▬▬▬▬▬▬▬▬▬▬▬▬▬▬▬▬▬▬
15:13:07 [allowed] §e§l▬▬▬▬▬▬▬▬▬▬▬▬▬▬▬▬▬▬▬▬▬▬▬▬▬▬▬▬▬▬▬▬▬▬▬▬▬▬▬▬▬▬▬▬▬▬▬▬▬▬▬▬▬▬▬▬▬▬▬▬▬▬▬▬
15:13:07 [allowed]   §r§6§lCOLLECTION LEVEL UP §eCobblestone §8II➜§eIII
15:13:07 [allowed] 
15:13:07 [allowed]   §r§a§lREWARDS
15:13:07 [allowed]     §r§7§7[Lvl 1] §fSilverfish §7Recipe
15:13:07 [allowed]     §r§7§fAuto Smelter §7Recipe
15:13:07 [allowed]     §r§7§8+§b4 SkyBlock XP
15:13:07 [allowed] §e§l▬▬▬▬▬▬▬▬▬▬▬▬▬▬▬▬▬▬▬▬▬▬▬▬▬▬▬▬▬▬▬▬▬▬▬▬▬▬▬▬▬▬▬▬▬▬▬▬▬▬▬▬▬▬▬▬▬▬▬▬▬▬▬▬
15:13:09 [allowed] §6[Sacks] §r§a+193§r§e items§r§e.§r§8 (Last 5s.)
15:13:09 [allowed] §7Warping...
15:13:09 [allowed] §7Sending to server mini3CA...
15:13:10 [allowed] §8 §r§8 §r§1 §r§3 §r§3 §r§7 §r§8 
15:13:12 [allowed] §8[§r§b213§r§8] §r§b[MVP§c+§b] PoopMan2000§f§r§f: no need to do it for t5
15:13:13 [allowed] §cYou may only use this command after 4s on the server!
15:13:14 [allowed] §8[§r§2180§r§8] §r§7❁ §r§b[MVP§d+§b] The_1337_Hunt3r§f§r§f: yea
15:13:15 [allowed] §8[§r§b215§r§8] §r§7☬ §r§b[MVP] Speedynamo§f§r§f: true
15:13:16 [allowed] §6[Bazaar] §r§7Executing instant sell...
15:13:16 [allowed] §6[Bazaar] §r§7Sold §r§a64§r§7x §r§fCobblestone §r§7for §r§612.8 coins§r§7!
15:13:16 [allowed] §6[Bazaar] §r§7Sold §r§a28§r§7x §r§aEnchanted Diamond §r§7for §r§635,064 coins§r§7!
15:13:16 [allowed] §6[Bazaar] §r§7Sold §r§a282§r§7x §r§fDiamond §r§7for §r§61,607.4 coins§r§7!
15:13:16 [allowed] §6[Bazaar] §r§7Sold §r§a271§r§7x §r§fRedstone Dust §r§7for §r§6487.8 coins§r§7!
15:13:16 [allowed] §6[Bazaar] §r§7Sold §r§a296§r§7x §r§aEnchanted Redstone Dust §r§7for §r§6236,652 coins§r§7!
15:13:16 [allowed] §6[Bazaar] §r§7Sold §r§a11§r§7x §r§fRotten Flesh §r§7for §r§65.5 coins§r§7!
15:13:17 [allowed] §6[Bazaar] §r§7Executing instant sell...
15:13:17 [allowed] §6[Bazaar] §r§7Sold §r§a91§r§7x §r§aEnchanted Snow Block §r§7for §r§650,123 coins§r§7!
15:13:17 [allowed] §6[Bazaar] §r§7Sold §r§a102§r§7x §r§fSnow Block §r§7for §r§6142.8 coins§r§7!
15:13:22 [allowed] §6[Sacks] §r§c-193§r§e items§r§e.§r§8 (Last 5s.)
