09:06:46 Trying to load config from config/skyhanni/config.json
09:06:46 load-config-now
09:06:46 Loaded config from file
09:06:46 Trying to load sacks from config/skyhanni/sacks.json
09:06:46 load-sacks-now
09:06:46 Loaded sacks from file
09:06:46 Trying to load friends from config/skyhanni/friends.json
09:06:46 load-friends-now
09:06:46 Loaded friends from file
09:06:46 Trying to load known_features from config/skyhanni/known_features.json
09:06:46 load-known_features-now
09:06:46 Loaded known_features from file
09:06:46 Trying to load jacob_contests from config/skyhanni/jacob_contests.json
09:06:46 Setting jacob_contests to be blank as it did not exist. It will be saved once something is written to it
09:06:46 Trying to load visual_words from config/skyhanni/visual_words.json
09:06:46 Setting visual_words to be blank as it did not exist. It will be saved once something is written to it
09:06:46 Trying to load pets from config/skyhanni/pets.json
09:06:46 load-pets-now
09:06:46 Loaded pets from file
09:07:46 saveConfig: auto-save-60s
09:07:46 Saving config file
09:07:46 Saved config file successfully
09:07:46 saveConfig: auto-save-60s
09:07:46 Saving config file
09:07:46 Saved config file successfully
09:08:46 saveConfig: auto-save-60s
09:08:46 Saving config file
09:08:46 Saved config file successfully
09:08:46 saveConfig: auto-save-60s
09:08:46 Saving config file
09:08:46 Saved config file successfully
09:09:46 saveConfig: auto-save-60s
09:09:46 Saving config file
09:09:46 Saved config file successfully
09:09:46 saveConfig: auto-save-60s
09:09:46 Saving config file
09:09:46 Saved config file successfully
09:10:46 saveConfig: auto-save-60s
09:10:46 Saving config file
09:10:46 Saved config file successfully
09:10:46 saveConfig: auto-save-60s
09:10:46 Saving config file
09:10:46 Saved config file successfully
09:11:46 saveConfig: auto-save-60s
09:11:46 Saving config file
09:11:46 Saved config file successfully
09:11:46 saveConfig: auto-save-60s
09:11:46 Saving config file
09:11:46 Saved config file successfully
09:12:46 saveConfig: auto-save-60s
09:12:46 Saving config file
09:12:46 Saved config file successfully
09:12:46 saveConfig: auto-save-60s
09:12:46 Saving config file
09:12:46 Saved config file successfully
09:13:46 saveConfig: auto-save-60s
09:13:46 Saving config file
09:13:46 Saved config file successfully
09:13:46 saveConfig: auto-save-60s
09:13:46 Saving config file
09:13:46 Saved config file successfully
09:14:46 saveConfig: auto-save-60s
09:14:46 Saving config file
09:14:46 Saved config file successfully
09:14:46 saveConfig: auto-save-60s
09:14:46 Saving config file
09:14:46 Saved config file successfully
09:15:46 saveConfig: auto-save-60s
09:15:46 Saving config file
09:15:46 Saved config file successfully
09:15:46 saveConfig: auto-save-60s
09:15:46 Saving config file
09:15:46 Saved config file successfully
09:16:46 saveConfig: auto-save-60s
09:16:46 Saving config file
09:16:46 Saved config file successfully
09:16:46 saveConfig: auto-save-60s
09:16:46 Saving config file
09:16:46 Saved config file successfully
09:17:46 saveConfig: auto-save-60s
09:17:46 Saving config file
09:17:46 Saved config file successfully
09:17:46 saveConfig: auto-save-60s
09:17:46 Saving config file
09:17:46 Saved config file successfully
09:18:46 saveConfig: auto-save-60s
09:18:46 Saving config file
09:18:46 Saved config file successfully
09:18:46 saveConfig: auto-save-60s
09:18:46 Saving config file
09:18:46 Saved config file successfully
09:18:59 saveConfig: Updated known feature flags
09:18:59 Saving known_features file
09:18:59 Saved known_features file successfully
09:18:59 saveConfig: Updated known feature flags
09:18:59 Saving known_features file
09:18:59 Saved known_features file successfully
09:19:11 saveConfig: saving-data
09:19:11 Saving pets file
09:19:11 Saved pets file successfully
09:19:11 saveConfig: saving-data
09:19:11 Saving pets file
09:19:11 Saved pets file successfully
09:19:42 saveConfig: saving-data
09:19:42 Saving pets file
09:19:42 Saved pets file successfully
09:19:42 saveConfig: saving-data
09:19:42 Saving pets file
09:19:42 Saved pets file successfully
09:19:46 saveConfig: auto-save-60s
09:19:46 Saving config file
09:19:46 Saved config file successfully
09:19:46 saveConfig: auto-save-60s
09:19:46 Saving config file
09:19:46 Saved config file successfully
09:20:13 saveConfig: saving-data
09:20:13 Saving pets file
09:20:13 Saved pets file successfully
09:20:13 saveConfig: saving-data
09:20:13 Saving pets file
09:20:13 Saved pets file successfully
09:20:46 saveConfig: auto-save-60s
09:20:46 Saving config file
09:20:46 Saved config file successfully
09:20:46 saveConfig: auto-save-60s
09:20:46 Saving config file
09:20:46 Saved config file successfully
09:21:46 saveConfig: auto-save-60s
09:21:46 Saving config file
09:21:46 Saved config file successfully
09:21:46 saveConfig: auto-save-60s
09:21:46 Saving config file
09:21:46 Saved config file successfully
09:22:46 saveConfig: auto-save-60s
09:22:46 Saving config file
09:22:46 Saved config file successfully
09:22:46 saveConfig: auto-save-60s
09:22:46 Saving config file
09:22:46 Saved config file successfully
09:23:25 saveConfig: saving-data
09:23:25 Saving pets file
09:23:25 Saved pets file successfully
09:23:25 saveConfig: saving-data
09:23:25 Saving pets file
09:23:25 Saved pets file successfully
09:23:46 saveConfig: auto-save-60s
09:23:46 Saving config file
09:23:46 Saved config file successfully
09:23:46 saveConfig: auto-save-60s
09:23:46 Saving config file
09:23:46 Saved config file successfully
09:23:56 saveConfig: saving-data
09:23:56 Saving pets file
09:23:56 Saved pets file successfully
09:23:56 saveConfig: saving-data
09:23:56 Saving pets file
09:23:56 Saved pets file successfully
09:24:08 saveConfig: saving-data
09:24:08 Saving sacks file
09:24:08 Saved sacks file successfully
09:24:08 saveConfig: saving-data
09:24:08 Saving sacks file
09:24:08 Saved sacks file successfully
09:24:27 saveConfig: saving-data
09:24:27 Saving pets file
09:24:27 Saved pets file successfully
09:24:27 saveConfig: saving-data
09:24:27 Saving pets file
09:24:27 Saved pets file successfully
09:24:36 saveConfig: saving-data
09:24:36 Saving sacks file
09:24:36 Saved sacks file successfully
09:24:36 saveConfig: saving-data
09:24:36 Saving sacks file
09:24:36 Saved sacks file successfully
09:24:46 saveConfig: auto-save-60s
09:24:46 Saving config file
09:24:46 Saved config file successfully
09:24:46 saveConfig: auto-save-60s
09:24:46 Saving config file
09:24:46 Saved config file successfully
09:24:55 saveConfig: saving-data
09:24:55 Saving sacks file
09:24:55 Saved sacks file successfully
09:24:55 saveConfig: saving-data
09:24:55 Saving sacks file
09:24:55 Saved sacks file successfully
09:24:58 saveConfig: saving-data
09:24:58 Saving pets file
09:24:58 Saved pets file successfully
09:24:58 saveConfig: saving-data
09:24:58 Saving pets file
09:24:58 Saved pets file successfully
09:25:28 saveConfig: saving-data
09:25:28 Saving pets file
09:25:28 Saved pets file successfully
09:25:28 saveConfig: saving-data
09:25:28 Saving pets file
09:25:28 Saved pets file successfully
09:25:46 saveConfig: auto-save-60s
09:25:46 Saving config file
09:25:46 Saved config file successfully
09:25:46 saveConfig: auto-save-60s
09:25:46 Saving config file
09:25:46 Saved config file successfully
09:25:59 saveConfig: saving-data
09:25:59 Saving pets file
09:25:59 Saved pets file successfully
09:25:59 saveConfig: saving-data
09:25:59 Saving pets file
09:25:59 Saved pets file successfully
09:26:13 saveConfig: saving-data
09:26:13 Saving sacks file
09:26:13 Saved sacks file successfully
09:26:13 saveConfig: saving-data
09:26:13 Saving sacks file
09:26:13 Saved sacks file successfully
09:26:27 saveConfig: saving-data
09:26:27 Saving sacks file
09:26:27 Saved sacks file successfully
09:26:27 saveConfig: saving-data
09:26:27 Saving sacks file
09:26:27 Saved sacks file successfully
09:26:30 saveConfig: saving-data
09:26:30 Saving pets file
09:26:30 Saved pets file successfully
09:26:30 saveConfig: saving-data
09:26:30 Saving pets file
09:26:30 Saved pets file successfully
09:26:46 saveConfig: auto-save-60s
09:26:46 Saving config file
09:26:46 Saved config file successfully
09:26:46 saveConfig: auto-save-60s
09:26:46 Saving config file
09:26:46 Saved config file successfully
09:27:25 saveConfig: saving-data
09:27:25 Saving pets file
09:27:25 Saved pets file successfully
09:27:25 saveConfig: saving-data
09:27:25 Saving pets file
09:27:25 Saved pets file successfully
09:27:46 saveConfig: auto-save-60s
09:27:46 Saving config file
09:27:46 Saved config file successfully
09:27:46 saveConfig: auto-save-60s
09:27:46 Saving config file
09:27:46 Saved config file successfully
09:27:55 saveConfig: saving-data
09:27:55 Saving pets file
09:27:55 Saved pets file successfully
09:27:55 saveConfig: saving-data
09:27:55 Saving pets file
09:27:55 Saved pets file successfully
09:28:26 saveConfig: saving-data
09:28:26 Saving pets file
09:28:26 Saved pets file successfully
09:28:26 saveConfig: saving-data
09:28:26 Saving pets file
09:28:26 Saved pets file successfully
09:28:46 saveConfig: auto-save-60s
09:28:46 Saving config file
09:28:46 Saved config file successfully
09:28:46 saveConfig: auto-save-60s
09:28:46 Saving config file
09:28:46 Saved config file successfully
09:28:56 saveConfig: saving-data
09:28:56 Saving pets file
09:28:56 Saved pets file successfully
09:28:56 saveConfig: saving-data
09:28:56 Saving pets file
09:28:56 Saved pets file successfully
09:29:27 saveConfig: saving-data
09:29:27 Saving pets file
09:29:27 Saved pets file successfully
09:29:27 saveConfig: saving-data
09:29:27 Saving pets file
09:29:27 Saved pets file successfully
09:29:41 saveConfig: saving-data
09:29:41 Saving sacks file
09:29:41 Saved sacks file successfully
09:29:41 saveConfig: saving-data
09:29:41 Saving sacks file
09:29:41 Saved sacks file successfully
09:29:46 saveConfig: auto-save-60s
09:29:46 Saving config file
09:29:46 Saved config file successfully
09:29:46 saveConfig: auto-save-60s
09:29:46 Saving config file
09:29:46 Saved config file successfully
09:29:54 saveConfig: saving-data
09:29:54 Saving sacks file
09:29:54 Saved sacks file successfully
09:29:54 saveConfig: saving-data
09:29:54 Saving sacks file
09:29:54 Saved sacks file successfully
09:29:58 saveConfig: saving-data
09:29:58 Saving pets file
09:29:58 Saved pets file successfully
09:29:58 saveConfig: saving-data
09:29:58 Saving pets file
09:29:58 Saved pets file successfully
09:30:09 saveConfig: saving-data
09:30:09 Saving sacks file
09:30:09 Saved sacks file successfully
09:30:09 saveConfig: saving-data
09:30:09 Saving sacks file
09:30:09 Saved sacks file successfully
09:30:29 saveConfig: saving-data
09:30:29 Saving pets file
09:30:29 Saved pets file successfully
09:30:29 saveConfig: saving-data
09:30:29 Saving pets file
09:30:29 Saved pets file successfully
09:30:36 saveConfig: saving-data
09:30:36 Saving sacks file
09:30:36 Saved sacks file successfully
09:30:36 saveConfig: saving-data
09:30:36 Saving sacks file
09:30:36 Saved sacks file successfully
09:30:46 saveConfig: saving-data
09:30:46 Saving sacks file
09:30:46 Saved sacks file successfully
09:30:46 saveConfig: saving-data
09:30:46 Saving sacks file
09:30:46 Saved sacks file successfully
09:30:46 saveConfig: auto-save-60s
09:30:46 Saving config file
09:30:46 Saved config file successfully
09:30:46 saveConfig: auto-save-60s
09:30:46 Saving config file
09:30:46 Saved config file successfully
09:30:59 saveConfig: saving-data
09:30:59 Saving pets file
09:30:59 Saved pets file successfully
09:30:59 saveConfig: saving-data
09:30:59 Saving pets file
09:30:59 Saved pets file successfully
09:31:04 saveConfig: saving-data
09:31:04 Saving sacks file
09:31:04 Saved sacks file successfully
09:31:04 saveConfig: saving-data
09:31:04 Saving sacks file
09:31:04 Saved sacks file successfully
09:31:28 saveConfig: saving-data
09:31:28 Saving sacks file
09:31:28 Saved sacks file successfully
09:31:28 saveConfig: saving-data
09:31:28 Saving sacks file
09:31:28 Saved sacks file successfully
09:31:30 saveConfig: saving-data
09:31:30 Saving pets file
09:31:30 Saved pets file successfully
09:31:30 saveConfig: saving-data
09:31:30 Saving pets file
09:31:30 Saved pets file successfully
09:31:39 saveConfig: saving-data
09:31:39 Saving sacks file
09:31:39 Saved sacks file successfully
09:31:39 saveConfig: saving-data
09:31:39 Saving sacks file
09:31:39 Saved sacks file successfully
09:31:46 saveConfig: auto-save-60s
09:31:46 Saving config file
09:31:46 Saved config file successfully
09:31:46 saveConfig: auto-save-60s
09:31:46 Saving config file
09:31:46 Saved config file successfully
09:32:00 saveConfig: saving-data
09:32:00 Saving sacks file
09:32:00 Saved sacks file successfully
09:32:00 saveConfig: saving-data
09:32:00 Saving sacks file
09:32:00 Saved sacks file successfully
09:32:00 saveConfig: saving-data
09:32:00 Saving pets file
09:32:00 Saved pets file successfully
09:32:00 saveConfig: saving-data
09:32:00 Saving pets file
09:32:00 Saved pets file successfully
09:32:30 saveConfig: saving-data
09:32:30 Saving pets file
09:32:30 Saved pets file successfully
09:32:30 saveConfig: saving-data
09:32:30 Saving pets file
09:32:30 Saved pets file successfully
09:32:46 saveConfig: auto-save-60s
09:32:46 Saving config file
09:32:46 Saved config file successfully
09:32:46 saveConfig: auto-save-60s
09:32:46 Saving config file
09:32:46 Saved config file successfully
09:33:46 saveConfig: auto-save-60s
09:33:46 Saving config file
09:33:46 Saved config file successfully
09:33:46 saveConfig: auto-save-60s
09:33:46 Saving config file
09:33:46 Saved config file successfully
09:34:46 saveConfig: auto-save-60s
09:34:46 Saving config file
09:34:46 Saved config file successfully
09:34:46 saveConfig: auto-save-60s
09:34:46 Saving config file
09:34:46 Saved config file successfully
09:35:07 saveConfig: saving-data
09:35:07 Saving pets file
09:35:07 Saved pets file successfully
09:35:07 saveConfig: saving-data
09:35:07 Saving pets file
09:35:07 Saved pets file successfully
09:35:37 saveConfig: saving-data
09:35:37 Saving pets file
09:35:37 Saved pets file successfully
09:35:37 saveConfig: saving-data
09:35:37 Saving pets file
09:35:37 Saved pets file successfully
09:35:46 saveConfig: auto-save-60s
09:35:46 Saving config file
09:35:46 Saved config file successfully
09:35:46 saveConfig: auto-save-60s
09:35:46 Saving config file
09:35:46 Saved config file successfully
09:36:08 saveConfig: saving-data
09:36:08 Saving pets file
09:36:08 Saved pets file successfully
09:36:08 saveConfig: saving-data
09:36:08 Saving pets file
09:36:08 Saved pets file successfully
09:36:39 saveConfig: saving-data
09:36:39 Saving pets file
09:36:39 Saved pets file successfully
09:36:39 saveConfig: saving-data
09:36:39 Saving pets file
09:36:39 Saved pets file successfully
09:36:46 saveConfig: auto-save-60s
09:36:46 Saving config file
09:36:46 Saved config file successfully
09:36:46 saveConfig: auto-save-60s
09:36:46 Saving config file
09:36:46 Saved config file successfully
09:37:09 saveConfig: saving-data
09:37:09 Saving sacks file
09:37:09 Saved sacks file successfully
09:37:09 saveConfig: saving-data
09:37:09 Saving sacks file
09:37:09 Saved sacks file successfully
09:37:10 saveConfig: saving-data
09:37:10 Saving pets file
09:37:10 Saved pets file successfully
09:37:10 saveConfig: saving-data
09:37:10 Saving pets file
09:37:10 Saved pets file successfully
09:37:31 saveConfig: saving-data
09:37:31 Saving sacks file
09:37:31 Saved sacks file successfully
09:37:31 saveConfig: saving-data
09:37:31 Saving sacks file
09:37:31 Saved sacks file successfully
09:37:41 saveConfig: saving-data
09:37:41 Saving pets file
09:37:41 Saved pets file successfully
09:37:41 saveConfig: saving-data
09:37:41 Saving pets file
09:37:41 Saved pets file successfully
09:37:46 saveConfig: auto-save-60s
09:37:46 Saving config file
09:37:46 Saved config file successfully
09:37:46 saveConfig: auto-save-60s
09:37:46 Saving config file
09:37:46 Saved config file successfully
09:38:12 saveConfig: saving-data
09:38:12 Saving pets file
09:38:12 Saved pets file successfully
09:38:12 saveConfig: saving-data
09:38:12 Saving pets file
09:38:12 Saved pets file successfully
09:38:14 saveConfig: saving-data
09:38:14 Saving sacks file
09:38:14 Saved sacks file successfully
09:38:14 saveConfig: saving-data
09:38:14 Saving sacks file
09:38:14 Saved sacks file successfully
09:38:35 saveConfig: saving-data
09:38:35 Saving sacks file
09:38:35 Saved sacks file successfully
09:38:35 saveConfig: saving-data
09:38:35 Saving sacks file
09:38:35 Saved sacks file successfully
09:38:43 saveConfig: saving-data
09:38:43 Saving pets file
09:38:43 Saved pets file successfully
09:38:43 saveConfig: saving-data
09:38:43 Saving pets file
09:38:43 Saved pets file successfully
09:38:46 saveConfig: auto-save-60s
09:38:46 Saving config file
09:38:46 Saved config file successfully
09:38:46 saveConfig: auto-save-60s
09:38:46 Saving config file
09:38:46 Saved config file successfully
09:38:54 saveConfig: saving-data
09:38:54 Saving sacks file
09:38:54 Saved sacks file successfully
09:38:54 saveConfig: saving-data
09:38:54 Saving sacks file
09:38:54 Saved sacks file successfully
09:39:14 saveConfig: saving-data
09:39:14 Saving pets file
09:39:14 Saved pets file successfully
09:39:14 saveConfig: saving-data
09:39:14 Saving pets file
09:39:14 Saved pets file successfully
09:39:28 saveConfig: saving-data
09:39:28 Saving sacks file
09:39:28 Saved sacks file successfully
09:39:28 saveConfig: saving-data
09:39:28 Saving sacks file
09:39:28 Saved sacks file successfully
09:39:45 saveConfig: saving-data
09:39:45 Saving pets file
09:39:45 Saved pets file successfully
09:39:45 saveConfig: saving-data
09:39:45 Saving pets file
09:39:45 Saved pets file successfully
09:39:46 saveConfig: auto-save-60s
09:39:46 Saving config file
09:39:46 Saved config file successfully
09:39:46 saveConfig: auto-save-60s
09:39:46 Saving config file
09:39:46 Saved config file successfully
09:39:52 saveConfig: saving-data
09:39:52 Saving sacks file
09:39:52 Saved sacks file successfully
09:39:52 saveConfig: saving-data
09:39:52 Saving sacks file
09:39:52 Saved sacks file successfully
09:40:16 saveConfig: saving-data
09:40:16 Saving pets file
09:40:16 Saved pets file successfully
09:40:16 saveConfig: saving-data
09:40:16 Saving pets file
09:40:16 Saved pets file successfully
09:40:46 saveConfig: auto-save-60s
09:40:46 Saving config file
09:40:46 Saved config file successfully
09:40:46 saveConfig: auto-save-60s
09:40:46 Saving config file
09:40:46 Saved config file successfully
09:40:46 saveConfig: saving-data
09:40:46 Saving pets file
09:40:46 Saved pets file successfully
09:40:46 saveConfig: saving-data
09:40:46 Saving pets file
09:40:46 Saved pets file successfully
09:41:46 saveConfig: auto-save-60s
09:41:46 Saving config file
09:41:46 Saved config file successfully
09:41:46 saveConfig: auto-save-60s
09:41:46 Saving config file
09:41:46 Saved config file successfully
09:42:16 saveConfig: saving-data
09:42:16 Saving pets file
09:42:16 Saved pets file successfully
09:42:16 saveConfig: saving-data
09:42:16 Saving pets file
09:42:16 Saved pets file successfully
09:42:46 saveConfig: auto-save-60s
09:42:46 Saving config file
09:42:46 Saved config file successfully
09:42:46 saveConfig: auto-save-60s
09:42:46 Saving config file
09:42:46 Saved config file successfully
09:42:47 saveConfig: saving-data
09:42:47 Saving pets file
09:42:47 Saved pets file successfully
09:42:47 saveConfig: saving-data
09:42:47 Saving pets file
09:42:47 Saved pets file successfully
09:43:18 saveConfig: saving-data
09:43:18 Saving pets file
09:43:18 Saved pets file successfully
09:43:18 saveConfig: saving-data
09:43:18 Saving pets file
09:43:18 Saved pets file successfully
09:43:35 saveConfig: saving-data
09:43:35 Saving sacks file
09:43:35 Saved sacks file successfully
09:43:35 saveConfig: saving-data
09:43:35 Saving sacks file
09:43:35 Saved sacks file successfully
09:43:46 saveConfig: auto-save-60s
09:43:46 Saving config file
09:43:46 Saved config file successfully
09:43:46 saveConfig: auto-save-60s
09:43:46 Saving config file
09:43:46 Saved config file successfully
09:43:49 saveConfig: saving-data
09:43:49 Saving pets file
09:43:49 Saved pets file successfully
09:43:49 saveConfig: saving-data
09:43:49 Saving pets file
09:43:49 Saved pets file successfully
09:43:53 saveConfig: saving-data
09:43:53 Saving sacks file
09:43:53 Saved sacks file successfully
09:43:53 saveConfig: saving-data
09:43:53 Saving sacks file
09:43:53 Saved sacks file successfully
09:44:20 saveConfig: saving-data
09:44:20 Saving pets file
09:44:20 Saved pets file successfully
09:44:20 saveConfig: saving-data
09:44:20 Saving pets file
09:44:20 Saved pets file successfully
09:44:43 saveConfig: saving-data
09:44:43 Saving sacks file
09:44:43 Saved sacks file successfully
09:44:43 saveConfig: saving-data
09:44:43 Saving sacks file
09:44:43 Saved sacks file successfully
09:44:46 saveConfig: auto-save-60s
09:44:46 Saving config file
09:44:46 Saved config file successfully
09:44:46 saveConfig: auto-save-60s
09:44:46 Saving config file
09:44:46 Saved config file successfully
09:44:50 saveConfig: saving-data
09:44:50 Saving pets file
09:44:50 Saved pets file successfully
09:44:50 saveConfig: saving-data
09:44:50 Saving pets file
09:44:50 Saved pets file successfully
09:45:01 saveConfig: saving-data
09:45:01 Saving sacks file
09:45:01 Saved sacks file successfully
09:45:01 saveConfig: saving-data
09:45:01 Saving sacks file
09:45:01 Saved sacks file successfully
09:45:18 saveConfig: saving-data
09:45:18 Saving sacks file
09:45:18 Saved sacks file successfully
09:45:18 saveConfig: saving-data
09:45:18 Saving sacks file
09:45:18 Saved sacks file successfully
09:45:21 saveConfig: saving-data
09:45:21 Saving pets file
09:45:21 Saved pets file successfully
09:45:21 saveConfig: saving-data
09:45:21 Saving pets file
09:45:21 Saved pets file successfully
09:45:39 saveConfig: saving-data
09:45:39 Saving sacks file
09:45:39 Saved sacks file successfully
09:45:39 saveConfig: saving-data
09:45:39 Saving sacks file
09:45:39 Saved sacks file successfully
09:45:46 saveConfig: auto-save-60s
09:45:46 Saving config file
09:45:46 Saved config file successfully
09:45:46 saveConfig: auto-save-60s
09:45:46 Saving config file
09:45:46 Saved config file successfully
09:45:52 saveConfig: saving-data
09:45:52 Saving pets file
09:45:52 Saved pets file successfully
09:45:52 saveConfig: saving-data
09:45:52 Saving pets file
09:45:52 Saved pets file successfully
09:45:55 saveConfig: saving-data
09:45:55 Saving sacks file
09:45:55 Saved sacks file successfully
09:45:55 saveConfig: saving-data
09:45:55 Saving sacks file
09:45:55 Saved sacks file successfully
09:46:20 saveConfig: saving-data
09:46:20 Saving sacks file
09:46:20 Saved sacks file successfully
09:46:20 saveConfig: saving-data
09:46:20 Saving sacks file
09:46:20 Saved sacks file successfully
09:46:23 saveConfig: saving-data
09:46:23 Saving pets file
09:46:23 Saved pets file successfully
09:46:23 saveConfig: saving-data
09:46:23 Saving pets file
09:46:23 Saved pets file successfully
09:46:46 saveConfig: auto-save-60s
09:46:46 Saving config file
09:46:46 Saved config file successfully
09:46:46 saveConfig: auto-save-60s
09:46:46 Saving config file
09:46:46 Saved config file successfully
09:46:48 saveConfig: saving-data
09:46:48 Saving sacks file
09:46:48 Saved sacks file successfully
09:46:48 saveConfig: saving-data
09:46:48 Saving sacks file
09:46:48 Saved sacks file successfully
09:46:54 saveConfig: saving-data
09:46:54 Saving pets file
09:46:54 Saved pets file successfully
09:46:54 saveConfig: saving-data
09:46:54 Saving pets file
09:46:54 Saved pets file successfully
09:47:21 saveConfig: saving-data
09:47:21 Saving sacks file
09:47:21 Saved sacks file successfully
09:47:21 saveConfig: saving-data
09:47:21 Saving sacks file
09:47:21 Saved sacks file successfully
09:47:24 saveConfig: saving-data
09:47:24 Saving pets file
09:47:24 Saved pets file successfully
09:47:24 saveConfig: saving-data
09:47:24 Saving pets file
09:47:24 Saved pets file successfully
09:47:30 saveConfig: saving-data
09:47:30 Saving sacks file
09:47:30 Saved sacks file successfully
09:47:30 saveConfig: saving-data
09:47:30 Saving sacks file
09:47:30 Saved sacks file successfully
09:47:37 saveConfig: saving-data
09:47:37 Saving sacks file
09:47:37 Saved sacks file successfully
09:47:37 saveConfig: saving-data
09:47:37 Saving sacks file
09:47:37 Saved sacks file successfully
09:47:46 saveConfig: auto-save-60s
09:47:46 Saving config file
09:47:46 Saved config file successfully
09:47:46 saveConfig: auto-save-60s
09:47:46 Saving config file
09:47:46 Saved config file successfully
09:47:52 saveConfig: saving-data
09:47:52 Saving sacks file
09:47:52 Saved sacks file successfully
09:47:52 saveConfig: saving-data
09:47:52 Saving sacks file
09:47:52 Saved sacks file successfully
09:47:55 saveConfig: saving-data
09:47:55 Saving pets file
09:47:55 Saved pets file successfully
09:47:55 saveConfig: saving-data
09:47:55 Saving pets file
09:47:55 Saved pets file successfully
09:48:26 saveConfig: saving-data
09:48:26 Saving pets file
09:48:26 Saved pets file successfully
09:48:26 saveConfig: saving-data
09:48:26 Saving pets file
09:48:26 Saved pets file successfully
09:48:30 saveConfig: saving-data
09:48:30 Saving sacks file
09:48:30 Saved sacks file successfully
09:48:30 saveConfig: saving-data
09:48:30 Saving sacks file
09:48:30 Saved sacks file successfully
09:48:38 saveConfig: saving-data
09:48:38 Saving sacks file
09:48:38 Saved sacks file successfully
09:48:38 saveConfig: saving-data
09:48:38 Saving sacks file
09:48:38 Saved sacks file successfully
09:48:46 saveConfig: saving-data
09:48:46 Saving sacks file
09:48:46 Saved sacks file successfully
09:48:46 saveConfig: saving-data
09:48:46 Saving sacks file
09:48:46 Saved sacks file successfully
09:48:46 saveConfig: auto-save-60s
09:48:46 Saving config file
09:48:46 Saved config file successfully
09:48:46 saveConfig: auto-save-60s
09:48:46 Saving config file
09:48:46 Saved config file successfully
09:48:57 saveConfig: saving-data
09:48:57 Saving pets file
09:48:57 Saved pets file successfully
09:48:57 saveConfig: saving-data
09:48:57 Saving pets file
09:48:57 Saved pets file successfully
09:49:05 saveConfig: saving-data
09:49:05 Saving sacks file
09:49:05 Saved sacks file successfully
09:49:05 saveConfig: saving-data
09:49:05 Saving sacks file
09:49:05 Saved sacks file successfully
09:49:28 saveConfig: saving-data
09:49:28 Saving pets file
09:49:28 Saved pets file successfully
09:49:28 saveConfig: saving-data
09:49:28 Saving pets file
09:49:28 Saved pets file successfully
09:49:44 saveConfig: saving-data
09:49:44 Saving sacks file
09:49:44 Saved sacks file successfully
09:49:44 saveConfig: saving-data
09:49:44 Saving sacks file
09:49:44 Saved sacks file successfully
09:49:46 saveConfig: auto-save-60s
09:49:46 Saving config file
09:49:46 Saved config file successfully
09:49:46 saveConfig: auto-save-60s
09:49:46 Saving config file
09:49:46 Saved config file successfully
09:49:55 saveConfig: saving-data
09:49:55 Saving sacks file
09:49:55 Saved sacks file successfully
09:49:55 saveConfig: saving-data
09:49:55 Saving sacks file
09:49:55 Saved sacks file successfully
09:49:59 saveConfig: saving-data
09:49:59 Saving pets file
09:49:59 Saved pets file successfully
09:49:59 saveConfig: saving-data
09:49:59 Saving pets file
09:49:59 Saved pets file successfully
09:50:46 saveConfig: auto-save-60s
09:50:46 Saving config file
09:50:46 Saved config file successfully
09:50:46 saveConfig: auto-save-60s
09:50:46 Saving config file
09:50:46 Saved config file successfully
09:51:46 saveConfig: auto-save-60s
09:51:46 Saving config file
09:51:46 Saved config file successfully
09:51:46 saveConfig: auto-save-60s
09:51:46 Saving config file
09:51:46 Saved config file successfully
09:52:01 saveConfig: saving-data
09:52:01 Saving pets file
09:52:01 Saved pets file successfully
09:52:01 saveConfig: saving-data
09:52:01 Saving pets file
09:52:01 Saved pets file successfully
09:52:25 saveConfig: saving-data
09:52:25 Saving sacks file
09:52:25 Saved sacks file successfully
09:52:25 saveConfig: saving-data
09:52:25 Saving sacks file
09:52:25 Saved sacks file successfully
09:52:31 saveConfig: saving-data
09:52:31 Saving pets file
09:52:31 Saved pets file successfully
09:52:31 saveConfig: saving-data
09:52:31 Saving pets file
09:52:31 Saved pets file successfully
09:52:46 saveConfig: auto-save-60s
09:52:46 Saving config file
09:52:46 Saved config file successfully
09:52:46 saveConfig: auto-save-60s
09:52:46 Saving config file
09:52:46 Saved config file successfully
09:52:57 saveConfig: saving-data
09:52:57 Saving sacks file
09:52:57 Saved sacks file successfully
09:52:57 saveConfig: saving-data
09:52:57 Saving sacks file
09:52:57 Saved sacks file successfully
09:53:02 saveConfig: saving-data
09:53:02 Saving pets file
09:53:02 Saved pets file successfully
09:53:02 saveConfig: saving-data
09:53:02 Saving pets file
09:53:02 Saved pets file successfully
09:53:31 saveConfig: saving-data
09:53:31 Saving sacks file
09:53:31 Saved sacks file successfully
09:53:31 saveConfig: saving-data
09:53:31 Saving sacks file
09:53:31 Saved sacks file successfully
09:53:33 saveConfig: saving-data
09:53:33 Saving pets file
09:53:33 Saved pets file successfully
09:53:33 saveConfig: saving-data
09:53:33 Saving pets file
09:53:33 Saved pets file successfully
09:53:43 saveConfig: saving-data
09:53:43 Saving sacks file
09:53:43 Saved sacks file successfully
09:53:43 saveConfig: saving-data
09:53:43 Saving sacks file
09:53:43 Saved sacks file successfully
09:53:46 saveConfig: auto-save-60s
09:53:46 Saving config file
09:53:46 Saved config file successfully
09:53:46 saveConfig: auto-save-60s
09:53:46 Saving config file
09:53:46 Saved config file successfully
09:53:58 saveConfig: saving-data
09:53:58 Saving sacks file
09:53:58 Saved sacks file successfully
09:53:58 saveConfig: saving-data
09:53:58 Saving sacks file
09:53:58 Saved sacks file successfully
09:54:04 saveConfig: saving-data
09:54:04 Saving pets file
09:54:04 Saved pets file successfully
09:54:04 saveConfig: saving-data
09:54:04 Saving pets file
09:54:04 Saved pets file successfully
09:54:20 saveConfig: saving-data
09:54:20 Saving sacks file
09:54:20 Saved sacks file successfully
09:54:20 saveConfig: saving-data
09:54:20 Saving sacks file
09:54:20 Saved sacks file successfully
09:54:33 saveConfig: saving-data
09:54:33 Saving sacks file
09:54:33 Saved sacks file successfully
09:54:33 saveConfig: saving-data
09:54:33 Saving sacks file
09:54:33 Saved sacks file successfully
09:54:35 saveConfig: saving-data
09:54:35 Saving pets file
09:54:35 Saved pets file successfully
09:54:35 saveConfig: saving-data
09:54:35 Saving pets file
09:54:35 Saved pets file successfully
09:54:46 saveConfig: auto-save-60s
09:54:46 Saving config file
09:54:46 Saved config file successfully
09:54:46 saveConfig: auto-save-60s
09:54:46 Saving config file
09:54:46 Saved config file successfully
09:55:06 saveConfig: saving-data
09:55:06 Saving pets file
09:55:06 Saved pets file successfully
09:55:06 saveConfig: saving-data
09:55:06 Saving pets file
09:55:06 Saved pets file successfully
09:55:14 saveConfig: saving-data
09:55:14 Saving sacks file
09:55:14 Saved sacks file successfully
09:55:14 saveConfig: saving-data
09:55:14 Saving sacks file
09:55:14 Saved sacks file successfully
09:55:27 saveConfig: saving-data
09:55:27 Saving sacks file
09:55:27 Saved sacks file successfully
09:55:27 saveConfig: saving-data
09:55:27 Saving sacks file
09:55:27 Saved sacks file successfully
09:55:37 saveConfig: saving-data
09:55:37 Saving pets file
09:55:37 Saved pets file successfully
09:55:37 saveConfig: saving-data
09:55:37 Saving pets file
09:55:37 Saved pets file successfully
09:55:43 saveConfig: saving-data
09:55:43 Saving sacks file
09:55:43 Saved sacks file successfully
09:55:43 saveConfig: saving-data
09:55:43 Saving sacks file
09:55:43 Saved sacks file successfully
09:55:46 saveConfig: auto-save-60s
09:55:46 Saving config file
09:55:46 Saved config file successfully
09:55:46 saveConfig: auto-save-60s
09:55:46 Saving config file
09:55:46 Saved config file successfully
09:56:08 saveConfig: saving-data
09:56:08 Saving pets file
09:56:08 Saved pets file successfully
09:56:08 saveConfig: saving-data
09:56:08 Saving pets file
09:56:08 Saved pets file successfully
09:56:46 saveConfig: auto-save-60s
09:56:46 Saving config file
09:56:46 Saved config file successfully
09:56:46 saveConfig: auto-save-60s
09:56:46 Saving config file
09:56:46 Saved config file successfully
09:57:46 saveConfig: auto-save-60s
09:57:46 Saving config file
09:57:46 Saved config file successfully
09:57:46 saveConfig: auto-save-60s
09:57:46 Saving config file
09:57:46 Saved config file successfully
09:58:46 saveConfig: auto-save-60s
09:58:46 Saving config file
09:58:46 Saved config file successfully
09:58:46 saveConfig: auto-save-60s
09:58:46 Saving config file
09:58:46 Saved config file successfully
09:59:46 saveConfig: auto-save-60s
09:59:46 Saving config file
09:59:46 Saved config file successfully
09:59:46 saveConfig: auto-save-60s
09:59:46 Saving config file
09:59:46 Saved config file successfully
10:00:46 saveConfig: auto-save-60s
10:00:46 Saving config file
10:00:46 Saved config file successfully
10:00:46 saveConfig: auto-save-60s
10:00:46 Saving config file
10:00:46 Saved config file successfully
10:00:50 saveConfig: saving-data
10:00:50 Saving pets file
10:00:50 Saved pets file successfully
10:00:50 saveConfig: saving-data
10:00:50 Saving pets file
10:00:50 Saved pets file successfully
10:01:18 saveConfig: saving-data
10:01:18 Saving sacks file
10:01:18 Saved sacks file successfully
10:01:18 saveConfig: saving-data
10:01:18 Saving sacks file
10:01:18 Saved sacks file successfully
10:01:21 saveConfig: saving-data
10:01:21 Saving pets file
10:01:21 Saved pets file successfully
10:01:21 saveConfig: saving-data
10:01:21 Saving pets file
10:01:21 Saved pets file successfully
10:01:41 saveConfig: saving-data
10:01:41 Saving sacks file
10:01:41 Saved sacks file successfully
10:01:41 saveConfig: saving-data
10:01:41 Saving sacks file
10:01:41 Saved sacks file successfully
10:01:46 saveConfig: auto-save-60s
10:01:46 Saving config file
10:01:46 Saved config file successfully
10:01:46 saveConfig: auto-save-60s
10:01:46 Saving config file
10:01:46 Saved config file successfully
10:01:52 saveConfig: saving-data
10:01:52 Saving pets file
10:01:52 Saved pets file successfully
10:01:52 saveConfig: saving-data
10:01:52 Saving pets file
10:01:52 Saved pets file successfully
10:02:13 saveConfig: saving-data
10:02:13 Saving sacks file
10:02:13 Saved sacks file successfully
10:02:13 saveConfig: saving-data
10:02:13 Saving sacks file
10:02:13 Saved sacks file successfully
10:02:23 saveConfig: saving-data
10:02:23 Saving sacks file
10:02:23 Saved sacks file successfully
10:02:23 saveConfig: saving-data
10:02:23 Saving sacks file
10:02:23 Saved sacks file successfully
10:02:23 saveConfig: saving-data
10:02:23 Saving pets file
10:02:23 Saved pets file successfully
10:02:23 saveConfig: saving-data
10:02:23 Saving pets file
10:02:23 Saved pets file successfully
10:02:42 saveConfig: saving-data
10:02:42 Saving sacks file
10:02:42 Saved sacks file successfully
10:02:42 saveConfig: saving-data
10:02:42 Saving sacks file
10:02:42 Saved sacks file successfully
10:02:46 saveConfig: auto-save-60s
10:02:46 Saving config file
10:02:46 Saved config file successfully
10:02:46 saveConfig: auto-save-60s
10:02:46 Saving config file
10:02:46 Saved config file successfully
10:02:54 saveConfig: saving-data
10:02:54 Saving pets file
10:02:54 Saved pets file successfully
10:02:54 saveConfig: saving-data
10:02:54 Saving pets file
10:02:54 Saved pets file successfully
10:02:56 saveConfig: saving-data
10:02:56 Saving sacks file
10:02:56 Saved sacks file successfully
10:02:56 saveConfig: saving-data
10:02:56 Saving sacks file
10:02:56 Saved sacks file successfully
10:03:18 saveConfig: saving-data
10:03:18 Saving sacks file
10:03:18 Saved sacks file successfully
10:03:18 saveConfig: saving-data
10:03:18 Saving sacks file
10:03:18 Saved sacks file successfully
10:03:25 saveConfig: saving-data
10:03:25 Saving pets file
10:03:25 Saved pets file successfully
10:03:25 saveConfig: saving-data
10:03:25 Saving pets file
10:03:25 Saved pets file successfully
10:03:36 saveConfig: saving-data
10:03:36 Saving sacks file
10:03:36 Saved sacks file successfully
10:03:36 saveConfig: saving-data
10:03:36 Saving sacks file
10:03:36 Saved sacks file successfully
10:03:42 saveConfig: saving-data
10:03:42 Saving sacks file
10:03:42 Saved sacks file successfully
10:03:42 saveConfig: saving-data
10:03:42 Saving sacks file
10:03:42 Saved sacks file successfully
10:03:46 saveConfig: auto-save-60s
10:03:46 Saving config file
10:03:46 Saved config file successfully
10:03:46 saveConfig: auto-save-60s
10:03:46 Saving config file
10:03:46 Saved config file successfully
10:03:56 saveConfig: saving-data
10:03:56 Saving pets file
10:03:56 Saved pets file successfully
10:03:56 saveConfig: saving-data
10:03:56 Saving pets file
10:03:56 Saved pets file successfully
10:04:01 saveConfig: saving-data
10:04:01 Saving sacks file
10:04:01 Saved sacks file successfully
10:04:01 saveConfig: saving-data
10:04:01 Saving sacks file
10:04:01 Saved sacks file successfully
10:04:26 saveConfig: saving-data
10:04:26 Saving sacks file
10:04:26 Saved sacks file successfully
10:04:26 saveConfig: saving-data
10:04:26 Saving sacks file
10:04:26 Saved sacks file successfully
10:04:26 saveConfig: saving-data
10:04:26 Saving pets file
10:04:26 Saved pets file successfully
10:04:26 saveConfig: saving-data
10:04:26 Saving pets file
10:04:26 Saved pets file successfully
10:04:41 saveConfig: saving-data
10:04:41 Saving sacks file
10:04:41 Saved sacks file successfully
10:04:41 saveConfig: saving-data
10:04:41 Saving sacks file
10:04:41 Saved sacks file successfully
10:04:46 saveConfig: auto-save-60s
10:04:46 Saving config file
10:04:46 Saved config file successfully
10:04:46 saveConfig: auto-save-60s
10:04:46 Saving config file
10:04:46 Saved config file successfully
10:04:54 saveConfig: saving-data
10:04:54 Saving sacks file
10:04:54 Saved sacks file successfully
10:04:54 saveConfig: saving-data
10:04:54 Saving sacks file
10:04:54 Saved sacks file successfully
10:04:57 saveConfig: saving-data
10:04:57 Saving pets file
10:04:57 Saved pets file successfully
10:04:57 saveConfig: saving-data
10:04:57 Saving pets file
10:04:57 Saved pets file successfully
10:05:27 saveConfig: saving-data
10:05:27 Saving pets file
10:05:27 Saved pets file successfully
10:05:27 saveConfig: saving-data
10:05:27 Saving pets file
10:05:27 Saved pets file successfully
10:05:46 saveConfig: auto-save-60s
10:05:46 Saving config file
10:05:46 Saved config file successfully
10:05:46 saveConfig: auto-save-60s
10:05:46 Saving config file
10:05:46 Saved config file successfully
10:05:58 saveConfig: saving-data
10:05:58 Saving pets file
10:05:58 Saved pets file successfully
10:05:58 saveConfig: saving-data
10:05:58 Saving pets file
10:05:58 Saved pets file successfully
10:06:07 saveConfig: saving-data
10:06:07 Saving sacks file
10:06:07 Saved sacks file successfully
10:06:07 saveConfig: saving-data
10:06:07 Saving sacks file
10:06:07 Saved sacks file successfully
10:06:23 saveConfig: saving-data
10:06:23 Saving sacks file
10:06:23 Saved sacks file successfully
10:06:23 saveConfig: saving-data
10:06:23 Saving sacks file
10:06:23 Saved sacks file successfully
10:06:29 saveConfig: saving-data
10:06:29 Saving pets file
10:06:29 Saved pets file successfully
10:06:29 saveConfig: saving-data
10:06:29 Saving pets file
10:06:29 Saved pets file successfully
10:06:41 saveConfig: saving-data
10:06:41 Saving sacks file
10:06:41 Saved sacks file successfully
10:06:41 saveConfig: saving-data
10:06:41 Saving sacks file
10:06:41 Saved sacks file successfully
10:06:46 saveConfig: auto-save-60s
10:06:46 Saving config file
10:06:46 Saved config file successfully
10:06:46 saveConfig: auto-save-60s
10:06:46 Saving config file
10:06:46 Saved config file successfully
10:07:00 saveConfig: saving-data
10:07:00 Saving pets file
10:07:00 Saved pets file successfully
10:07:00 saveConfig: saving-data
10:07:00 Saving pets file
10:07:00 Saved pets file successfully
10:07:31 saveConfig: saving-data
10:07:31 Saving pets file
10:07:31 Saved pets file successfully
10:07:31 saveConfig: saving-data
10:07:31 Saving pets file
10:07:31 Saved pets file successfully
10:07:46 saveConfig: auto-save-60s
10:07:46 Saving config file
10:07:46 Saved config file successfully
10:07:46 saveConfig: auto-save-60s
10:07:46 Saving config file
10:07:46 Saved config file successfully
10:08:46 saveConfig: auto-save-60s
10:08:46 Saving config file
10:08:46 Saved config file successfully
10:08:46 saveConfig: auto-save-60s
10:08:46 Saving config file
10:08:46 Saved config file successfully
10:09:46 saveConfig: auto-save-60s
10:09:46 Saving config file
10:09:46 Saved config file successfully
10:09:46 saveConfig: auto-save-60s
10:09:46 Saving config file
10:09:46 Saved config file successfully
10:10:19 saveConfig: saving-data
10:10:19 Saving pets file
10:10:19 Saved pets file successfully
10:10:19 saveConfig: saving-data
10:10:19 Saving pets file
10:10:19 Saved pets file successfully
10:10:46 saveConfig: auto-save-60s
10:10:46 Saving config file
10:10:46 Saved config file successfully
10:10:46 saveConfig: auto-save-60s
10:10:46 Saving config file
10:10:46 Saved config file successfully
10:11:46 saveConfig: auto-save-60s
10:11:46 Saving config file
10:11:46 Saved config file successfully
10:11:46 saveConfig: auto-save-60s
10:11:46 Saving config file
10:11:46 Saved config file successfully
10:12:46 saveConfig: auto-save-60s
10:12:46 Saving config file
10:12:46 Saved config file successfully
10:12:46 saveConfig: auto-save-60s
10:12:46 Saving config file
10:12:46 Saved config file successfully
10:13:46 saveConfig: auto-save-60s
10:13:46 Saving config file
10:13:46 Saved config file successfully
10:13:46 saveConfig: auto-save-60s
10:13:46 Saving config file
10:13:46 Saved config file successfully
10:14:46 saveConfig: auto-save-60s
10:14:46 Saving config file
10:14:46 Saved config file successfully
10:14:46 saveConfig: auto-save-60s
10:14:46 Saving config file
10:14:46 Saved config file successfully
10:15:46 saveConfig: auto-save-60s
10:15:46 Saving config file
10:15:46 Saved config file successfully
10:15:46 saveConfig: auto-save-60s
10:15:46 Saving config file
10:15:46 Saved config file successfully
10:16:32 saveConfig: saving-data
10:16:32 Saving pets file
10:16:32 Saved pets file successfully
10:16:32 saveConfig: saving-data
10:16:32 Saving pets file
10:16:32 Saved pets file successfully
10:16:46 saveConfig: auto-save-60s
10:16:46 Saving config file
10:16:46 Saved config file successfully
10:16:46 saveConfig: auto-save-60s
10:16:46 Saving config file
10:16:46 Saved config file successfully
10:17:02 saveConfig: saving-data
10:17:02 Saving pets file
10:17:02 Saved pets file successfully
10:17:02 saveConfig: saving-data
10:17:02 Saving pets file
10:17:02 Saved pets file successfully
10:17:46 saveConfig: auto-save-60s
10:17:46 Saving config file
10:17:46 Saved config file successfully
10:17:46 saveConfig: auto-save-60s
10:17:46 Saving config file
10:17:46 Saved config file successfully
10:18:46 saveConfig: auto-save-60s
10:18:46 Saving config file
10:18:46 Saved config file successfully
10:18:46 saveConfig: auto-save-60s
10:18:46 Saving config file
10:18:46 Saved config file successfully
10:18:51 saveConfig: saving-data
10:18:51 Saving pets file
10:18:51 Saved pets file successfully
10:18:51 saveConfig: saving-data
10:18:51 Saving pets file
10:18:51 Saved pets file successfully
10:19:38 saveConfig: saving-data
10:19:38 Saving pets file
10:19:38 Saved pets file successfully
10:19:38 saveConfig: saving-data
10:19:38 Saving pets file
10:19:38 Saved pets file successfully
10:19:46 saveConfig: auto-save-60s
10:19:46 Saving config file
10:19:46 Saved config file successfully
10:19:46 saveConfig: auto-save-60s
10:19:46 Saving config file
10:19:46 Saved config file successfully
10:20:09 saveConfig: saving-data
10:20:09 Saving pets file
10:20:09 Saved pets file successfully
10:20:09 saveConfig: saving-data
10:20:09 Saving pets file
10:20:09 Saved pets file successfully
10:20:46 saveConfig: auto-save-60s
10:20:46 Saving config file
10:20:46 Saved config file successfully
10:20:46 saveConfig: auto-save-60s
10:20:46 Saving config file
10:20:46 Saved config file successfully
10:21:46 saveConfig: auto-save-60s
10:21:46 Saving config file
10:21:46 Saved config file successfully
10:21:46 saveConfig: auto-save-60s
10:21:46 Saving config file
10:21:46 Saved config file successfully
10:22:46 saveConfig: auto-save-60s
10:22:46 Saving config file
10:22:46 Saved config file successfully
10:22:46 saveConfig: auto-save-60s
10:22:46 Saving config file
10:22:46 Saved config file successfully
10:23:46 saveConfig: auto-save-60s
10:23:46 Saving config file
10:23:46 Saved config file successfully
10:23:46 saveConfig: auto-save-60s
10:23:46 Saving config file
10:23:46 Saved config file successfully
10:24:46 saveConfig: auto-save-60s
10:24:46 Saving config file
10:24:46 Saved config file successfully
10:24:46 saveConfig: auto-save-60s
10:24:46 Saving config file
10:24:46 Saved config file successfully
10:25:46 saveConfig: auto-save-60s
10:25:46 Saving config file
10:25:46 Saved config file successfully
10:25:46 saveConfig: auto-save-60s
10:25:46 Saving config file
10:25:46 Saved config file successfully
10:26:46 saveConfig: auto-save-60s
10:26:46 Saving config file
10:26:46 Saved config file successfully
10:26:46 saveConfig: auto-save-60s
10:26:46 Saving config file
10:26:46 Saved config file successfully
10:27:46 saveConfig: auto-save-60s
10:27:46 Saving config file
10:27:46 Saved config file successfully
10:27:46 saveConfig: auto-save-60s
10:27:46 Saving config file
10:27:46 Saved config file successfully
10:28:46 saveConfig: auto-save-60s
10:28:46 Saving config file
10:28:46 Saved config file successfully
10:28:46 saveConfig: auto-save-60s
10:28:46 Saving config file
10:28:46 Saved config file successfully
10:29:46 saveConfig: auto-save-60s
10:29:46 Saving config file
10:29:46 Saved config file successfully
10:29:46 saveConfig: auto-save-60s
10:29:46 Saving config file
10:29:46 Saved config file successfully
10:30:46 saveConfig: auto-save-60s
10:30:46 Saving config file
10:30:46 Saved config file successfully
10:30:46 saveConfig: auto-save-60s
10:30:46 Saving config file
10:30:46 Saved config file successfully
10:31:46 saveConfig: auto-save-60s
10:31:46 Saving config file
10:31:46 Saved config file successfully
10:31:46 saveConfig: auto-save-60s
10:31:46 Saving config file
10:31:46 Saved config file successfully
10:32:46 saveConfig: auto-save-60s
10:32:46 Saving config file
10:32:46 Saved config file successfully
10:32:46 saveConfig: auto-save-60s
10:32:46 Saving config file
10:32:46 Saved config file successfully
10:33:46 saveConfig: auto-save-60s
10:33:46 Saving config file
10:33:46 Saved config file successfully
10:33:46 saveConfig: auto-save-60s
10:33:46 Saving config file
10:33:46 Saved config file successfully
10:34:46 saveConfig: auto-save-60s
10:34:46 Saving config file
10:34:46 Saved config file successfully
10:34:46 saveConfig: auto-save-60s
10:34:46 Saving config file
10:34:46 Saved config file successfully
10:35:46 saveConfig: auto-save-60s
10:35:46 Saving config file
10:35:46 Saved config file successfully
10:35:46 saveConfig: auto-save-60s
10:35:46 Saving config file
10:35:46 Saved config file successfully
10:36:46 saveConfig: auto-save-60s
10:36:46 Saving config file
10:36:46 Saved config file successfully
10:36:46 saveConfig: auto-save-60s
10:36:46 Saving config file
10:36:46 Saved config file successfully
10:37:46 saveConfig: auto-save-60s
10:37:46 Saving config file
10:37:46 Saved config file successfully
10:37:46 saveConfig: auto-save-60s
10:37:46 Saving config file
10:37:46 Saved config file successfully
10:38:41 saveConfig: saving-data
10:38:41 Saving pets file
10:38:41 Saved pets file successfully
10:38:41 saveConfig: saving-data
10:38:41 Saving pets file
10:38:41 Saved pets file successfully
10:38:46 saveConfig: auto-save-60s
10:38:46 Saving config file
10:38:46 Saved config file successfully
10:38:46 saveConfig: auto-save-60s
10:38:46 Saving config file
10:38:46 Saved config file successfully
10:39:02 saveConfig: shutdown-hook
10:39:02 Saving config file
