21:34:09 §f                                  §6§lBESTIARY
21:34:09 §f                          §b§lMinos Hunter §7§8X §8➡§b §bXI
21:34:09 
21:34:09 §f                                  §r§6§lREWARDS
21:34:09 §f                      §r§8+§r§a4 Minos Hunter §r§b✯ Magic Find
21:34:09 §f                       §r§8+§r§a4 Minos Hunter §r§c❁ Strength
21:34:09 §f                          §r§8+§r§62% §r§aMinos Hunter §r§7coins
21:34:09 §f                    §r§8+§r§a50% §r§7chance for extra XP orbs
21:34:10 §f                               §r§8+§r§b1 SkyBlock XP
21:34:10 
21:34:10 §3§l▬▬▬▬▬▬▬▬▬▬▬▬▬▬▬▬▬▬▬▬▬▬▬▬▬▬▬▬▬▬▬▬▬▬▬▬▬▬▬▬▬▬▬▬▬▬▬▬▬▬▬▬▬▬▬▬▬▬▬▬▬▬▬▬
21:45:34 §f                                  §6§lBESTIARY
21:45:34 §f                        §b§lZombie Lord §7§8XIII §8➡§b §bXIV
21:45:34 
21:45:34 §f                                  §r§6§lREWARDS
21:45:34 §f                      §r§8+§r§a4 Zombie Lord §r§b✯ Magic Find
21:45:34 §f                       §r§8+§r§a4 Zombie Lord §r§c❁ Strength
21:45:34 §f                          §r§8+§r§62% §r§aZombie Lord §r§7coins
21:45:34 §f                    §r§8+§r§a50% §r§7chance for extra XP orbs
21:45:34 §f                               §r§8+§r§b1 SkyBlock XP
21:45:34 
21:45:34 §3§l▬▬▬▬▬▬▬▬▬▬▬▬▬▬▬▬▬▬▬▬▬▬▬▬▬▬▬▬▬▬▬▬▬▬▬▬▬▬▬▬▬▬▬▬▬▬▬▬▬▬▬▬▬▬▬▬▬▬▬▬▬▬▬▬
