15:27:07 DUNGEON_HUB
15:28:41 HUB
15:39:30 NONE
15:39:31 HUB
15:43:31 PRIVATE_ISLAND
15:44:06 NONE
15:44:06 HUB
15:46:42 NONE
15:46:43 DUNGEON_HUB
15:46:56 HUB
15:53:36 NONE
15:53:36 DUNGEON_HUB
15:54:46 NONE
15:54:47 HUB
16:30:03 NONE
16:30:03 HUB
16:44:59 NONE
16:45:00 HUB
16:49:30 NONE
16:49:31 PRIVATE_ISLAND
16:50:34 NONE
16:50:35 HUB
17:01:02 DUNGEON_HUB
17:01:27 HUB
17:08:03 DUNGEON_HUB
17:12:43 NONE
17:12:44 CATACOMBS
17:21:10 NONE
17:21:10 DUNGEON_HUB
17:29:49 NONE
17:29:50 CATACOMBS
17:30:20 NONE
17:30:21 DUNGEON_HUB
17:31:12 NONE
17:31:12 DUNGEON_HUB
17:31:20 NONE
17:31:21 CATACOMBS
17:42:10 NONE
17:42:11 DUNGEON_HUB
17:50:04 NONE
17:50:04 CATACOMBS
17:52:54 NONE
17:52:54 HUB
17:53:08 NONE
17:53:10 CATACOMBS
17:56:00 NONE
17:56:01 HUB
17:56:15 DUNGEON_HUB
17:56:24 NONE
17:56:26 CATACOMBS
17:59:12 NONE
17:59:13 CATACOMBS
18:02:49 NONE
18:02:50 CATACOMBS
18:05:45 NONE
18:05:46 CATACOMBS
18:08:33 NONE
18:08:33 CATACOMBS
18:11:18 NONE
18:11:19 CATACOMBS
18:14:15 NONE
18:14:15 DUNGEON_HUB
