20:53:20 DUNGEON_HUB
20:53:43 HUB
20:54:55 NONE
20:54:56 DUNGEON_HUB
20:56:12 NONE
20:56:13 DUNGEON_HUB
20:56:31 NONE
20:56:31 CATACOMBS
20:59:42 NONE
20:59:43 CATACOMBS
21:03:15 CATACOMBS
21:06:31 CATACOMBS
21:09:58 NONE
21:09:59 CATACOMBS
21:13:47 NONE
21:13:47 HUB
21:27:18 NONE
21:27:19 SPIDER_DEN
21:27:23 HUB
21:27:26 NONE
21:27:27 SPIDER_DEN
21:27:28 NONE
21:27:28 HUB
21:33:19 NONE
21:33:19 DUNGEON_HUB
21:33:40 NONE
21:33:40 HUB
21:41:19 DUNGEON_HUB
21:41:38 NONE
21:41:39 CATACOMBS
21:42:29 NONE
21:42:30 HUB
21:43:31 NONE
21:43:32 DUNGEON_HUB
21:44:24 NONE
21:44:24 CATACOMBS
21:45:07 HUB
21:48:17 DUNGEON_HUB
21:49:01 NONE
21:49:01 CATACOMBS
21:49:50 NONE
21:49:51 HUB
21:56:18 NONE
21:56:18 DUNGEON_HUB
21:56:37 HUB
21:56:52 NONE
21:56:52 DUNGEON_HUB
21:57:00 NONE
21:57:01 CATACOMBS
21:58:55 NONE
21:58:57 HUB
22:02:18 DUNGEON_HUB
22:02:23 NONE
22:02:24 HUB
22:03:59 DUNGEON_HUB
22:04:06 NONE
22:04:06 CATACOMBS
22:08:12 NONE
22:08:12 HUB
22:08:59 NONE
22:09:00 DUNGEON_HUB
22:09:16 NONE
22:09:16 CATACOMBS
22:09:33 NONE
22:09:34 DUNGEON_HUB
22:10:21 CATACOMBS
22:11:32 NONE
22:11:33 HUB
