20:48:25 [allowed] §f §r§r§r§f §r§r§r§1 §r§r§r§0 §r§r§r§2 §r§r§r§f §r§r§r§f §r§r§r§2 §r§r§r§0 §r§r§r§4 §r§r§r§3 §r§r§r§9 §r§r§r§2 §r§r§r§0 §r§r§r§0 §r§r§r§3 §r§r§r§9 §r§r§r§2 §r§r§r§0 §r§r§r§0 §r§r§r§3 §r§r§r§9 §r§r§r§2 §r§r§r§0 §r§r§r§0 
20:48:25 [allowed] §b✦ §r§7You earned §r§b50 §r§7Mystery Dust!
20:48:25 [allowed] §aYou have §b45 §aunclaimed leveling rewards!
20:48:25 [allowed] §eClick here to view them!
20:48:25 [allowed] §aYou have §68 §aunclaimed achievement rewards!
20:48:25 [allowed] §eClick here to view them!
20:48:26 [allowed] §7Sending to server mini98D...
20:48:27 [allowed] §8 §r§8 §r§1 §r§3 §r§3 §r§7 §r§8 
20:48:29 [allowed] 
20:48:29 [allowed] §eWelcome to §r§aHypixel SkyBlock§r§e!
20:48:29 [allowed] 
20:48:29 [allowed] §eLatest update: §bSkyBlock v0.23.4 §e§lCLICK
20:48:30 [allowed] §aYou are playing on profile: §eOrange
20:48:30 [allowed] §8Profile ID: ff830177-eb82-4d06-aa5d-336dd4acec83
20:48:32 [allowed] §e[NPC] Croesus§f: §rThe Wither King now lives in the deepest floor of §cThe Catacombs§r, but where is the Wither Prince?
20:48:41 [allowed] §cThere are blocks in the way!
20:48:43 [allowed] §7Sending to server mega15E...
20:48:43 [allowed] §8 §r§8 §r§1 §r§3 §r§3 §r§7 §r§8 
20:48:44 [allowed] §8[§r§3247§r§8] §r§6§lᛝ §r§7Dadoul§7§r§7: oh yes
20:48:46 [allowed] §aYou are playing on profile: §eOrange
20:48:46 [allowed] §8Profile ID: ff830177-eb82-4d06-aa5d-336dd4acec83
20:48:50 [allowed] §8[§r§3265§r§8] §r§7☠ §r§a[VIP§6+§a] Pengggg§f§r§f: You bought [Lvl 1] Black Cat!
20:48:54 [allowed] §8[§r§a152§r§8] §r§7§lᛝ §r§7Dziecko__§7§r§7: 9m profit Pengggg
20:48:55 [allowed] §aPilulka12 §r§elaunched a §r§9Bat Firework §r§ein the Village. It's dropping candies for everyone!
20:49:00 [allowed] §cThere are blocks in the way!
20:49:01 [allowed] §cThere are blocks in the way!
20:49:01 [allowed] §cThere are blocks in the way!
20:49:01 [allowed] §cThere are blocks in the way!
20:49:02 [allowed] §cThere are blocks in the way!
20:49:02 [allowed] §cThere are blocks in the way!
20:49:02 [allowed] §cThere are blocks in the way!
20:49:06 [allowed] §cThere are blocks in the way!
20:49:06 [allowed] §cThere are blocks in the way!
20:49:06 [allowed] §cThere are blocks in the way!
20:49:06 [allowed] §cThere are blocks in the way!
20:49:09 [allowed] §cThere are blocks in the way!
20:49:09 [allowed] §cThere are blocks in the way!
20:49:09 [allowed] §cThere are blocks in the way!
20:49:12 [allowed] §cThere are blocks in the way!
20:49:13 [allowed] §c ☠ §r§7§r§7Xantus974§r§7 fell to their death§r§7.
20:49:16 [allowed] §cThere are blocks in the way!
20:49:16 [allowed] §cThere are blocks in the way!
20:49:17 [allowed] §cThere are blocks in the way!
20:49:17 [allowed] §cThere are blocks in the way!
20:49:22 [allowed] §8[§r§713§r§8] §r§7Titanic7412§7§r§7: who ever beats me in a race to the top of the mountain wins 100,000 coins!
20:49:23 [allowed] §cThere are blocks in the way!
20:49:23 [allowed] §cThere are blocks in the way!
20:49:23 [allowed] §cThere are blocks in the way!
20:49:23 [allowed] §cThere are blocks in the way!
20:49:23 [allowed] §cThere are blocks in the way!
20:49:26 [allowed] §cThere are blocks in the way!
20:49:27 [allowed] §cThere are blocks in the way!
20:49:28 [allowed] §e[NPC] §dWizard§f: §rGreetings, traveler!
20:49:29 [allowed] §e[NPC] §dWizard§f: §rI can sense that you possess some §dmagical prowess§r, and I find myself in need of assistance.
20:49:31 [allowed] §e[NPC] §dWizard§f: §rThe matter at hand is rather complex, but I shall be brief.
20:49:31 [allowed] §8[§r§713§r§8] §r§7Titanic7412§7§r§7: starting AT MAP
20:49:33 [allowed] §e[NPC] §dWizard§f: §rAre you interested in learning more?
20:49:33 [allowed] §eSelect an option: §r§a[Yes] §r§c[No] 
20:49:36 [allowed] §e[NPC] §dWizard§f: §rExcellent!
20:49:37 [allowed] §e[NPC] §dWizard§f: §rYou see, long ago a §5breach §rmaterialized atop the Mountain.
20:49:39 [allowed] §e[NPC] §dWizard§f: §rCrossing through §5it §ris a daunting task, but not entirely impossible.
20:49:41 [allowed] §8[§r§713§r§8] §r§7Titanic7412§7§r§7: 3
20:49:42 [allowed] §e[NPC] §dWizard§f: §rThe problem is... those who ventured through... never returned.
20:49:46 [allowed] §e[NPC] §dWizard§f: §rI've dedicated much of my life to developing a §dportal §rthat allows §asafe passage §rbetween our world and this mysterious dimension.
20:49:47 [allowed] §eSelect an option: §r§a[And did you succeed?] 
20:49:49 [allowed] §8[§r§713§r§8] §r§7Titanic7412§7§r§7: GO
20:49:49 [allowed] §e[NPC] §dWizard§f: §rIndeed!
20:49:50 [allowed] §e[NPC] §dWizard§f: §rWith the invaluable help of my dear friend §9Barry§r, we managed to create a functioning §dportal§r.
20:49:53 [allowed] §e[NPC] §dWizard§f: §r§9Barry §rtested it himself and successfully returned.
20:49:55 [allowed] §e[NPC] §dWizard§f: §rHe now uh... §6§o"studies" §rthe §dRift §racross.
20:49:56 [allowed] §eSelect an option: §r§a[Why aren't you there yourself?] 
20:49:58 [allowed] §e[NPC] §dWizard§f: §r§9Barry §rinformed me that an alternate version of §dmyself §ris §ctrapped §rin that dimension, hailing from §4another §rworld.
20:49:59 [allowed] §e[NPC] §dWizard§f: §rAccording to the laws of causality, we must never meet, preventing me from crossing over.
20:50:01 [allowed] §8[§r§a152§r§8] §r§7§lᛝ §r§7Dziecko__§7§r§7: gg
20:50:02 [allowed] §e[NPC] §dWizard§f: §rImagine that! After devoting my life to this project, I cannot use it!
20:50:02 [allowed] §eSelect an option: §r§a[Sounds bad. Why do you need me?] 
20:50:06 [allowed] §e[NPC] §dWizard§f: §rI have a reason to believe that a §4catastrophic event §rlooms in our world's future.
20:50:07 [allowed] §8[§r§711§r§8] §r§b[MVP§c+§b] FALRCOD§f§r§f: yo
20:50:07 [allowed] §8[§r§f42§r§8] §r§b[MVP§f+§b] mrglazed§f§r§f: Lowballing tiny 50m purse, visit me
20:50:09 [allowed] §e[NPC] §dWizard§f: §rUnraveling the mysteries of the §dRift §rcould prove crucial to our survival.
20:50:12 [allowed] §e[NPC] §dWizard§f: §rWe need all the help we can muster, and you appear to be §oquite talented§r.
20:50:13 [allowed] §eSelect an option: §r§a[Absolutely.] §r§6[I'm doing it for gear.] 
20:50:16 [allowed] §8[§r§a152§r§8] §r§7§lᛝ §r§7Dziecko__§7§r§7: i won give me my 100k
20:50:17 [allowed] §e[NPC] §dWizard§f: §r§oSplendid§r.
20:50:18 [allowed] §e[NPC] §dWizard§f: §rAll you need is a §dDimensional Infusion§r...
20:50:20 [allowed] §e[NPC] §dWizard§f: §r... then you can safely travel across.
20:50:22 [allowed] §e[NPC] §dWizard§f: §rI can apply it to you every few hours, otherwise you will need to bring me §benchanting orbs§r.
20:50:28 [allowed] §e[NPC] §dWizard§f: §rYou should be able to jump into the portal now.
20:50:29 [allowed] §e[NPC] §dWizard§f: §r§oMost §rpeople survive it!
20:50:31 [allowed] §7Sending to server mini19BJ...
20:50:31 [allowed] §e§ka§a>>   §aAchievement Unlocked: §6§r§6I'm Not Dead!§r§a   <<§e§ka
20:50:31 [allowed] §8 §r§8 §r§1 §r§3 §r§3 §r§7 §r§8 
20:50:34 [allowed] §aYou are playing on profile: §eOrange
20:50:34 [allowed] §8Profile ID: ff830177-eb82-4d06-aa5d-336dd4acec83
20:50:38 [allowed] §e[NPC] §dElise§f: §r§fSorry, I'm busy right now.
20:50:40 [allowed] §e[NPC] §dElise§f: §r§fI'm working on the §dnext big thing§f!
20:50:45 [allowed] §e[NPC] Wizard§f: §r§fWelcome to the §5Rift Dimension§f, §7cwq97§f!
20:50:47 [allowed] §e[NPC] Wizard§f: §r§fI remember meeting you, §aout there§f.
20:50:48 [allowed] §eSelect an option: §r§a[§aWhat is this place?§a] 
20:50:50 [allowed] §e[NPC] Wizard§f: §r§fWe're in a separate dimension.
20:50:51 [allowed] §e[NPC] Wizard§f: §r§fAn alternative universe of sorts.
20:50:53 [allowed] §e[NPC] Wizard§f: §r§fBoth §dmarvelous §fand §cdangerous §fat the same time.
20:50:55 [allowed] §e[NPC] Wizard§f: §r§fBut §olisten carefully§f.
20:50:56 [allowed] §e[NPC] Wizard§f: §r§fSome §aSkyBlock §fdwellers feel §5lost §fhere.
20:50:58 [allowed] §e[NPC] Wizard§f: §r§fAlways §4anxious §fof laying out their §oown §fpath.
20:51:00 [allowed] §e[NPC] Wizard§f: §r§fI can help you with finding a path, literally.
20:51:01 [allowed] §e[NPC] Wizard§f: §r§fHere, take these §ebreadcrumbs§f.
20:51:04 [allowed] §e[NPC] Wizard§f: §rOops!
20:51:05 [allowed] §5§l▬▬▬▬▬▬▬▬▬▬▬▬▬▬▬▬▬▬▬▬▬▬▬▬▬▬▬▬▬▬▬▬▬▬▬▬▬▬▬▬▬▬▬▬▬▬▬▬▬▬▬▬▬▬▬▬▬▬▬▬▬▬▬▬
20:51:05 [allowed]   §r§d§lRIFT INSTABILITY WARNING
20:51:05 [allowed]     §r§7Venturing in the §r§dRift §r§7breaches spacetime.
20:51:05 [allowed]     §r§7You have §r§a8m00sф §r§7left before the rift collapses!
20:51:05 [allowed]     §r§8Your dimensional infusion has been consumed!
20:51:05 [allowed] §5§l▬▬▬▬▬▬▬▬▬▬▬▬▬▬▬▬▬▬▬▬▬▬▬▬▬▬▬▬▬▬▬▬▬▬▬▬▬▬▬▬▬▬▬▬▬▬▬▬▬▬▬▬▬▬▬▬▬▬▬▬▬▬▬▬
20:51:09 [allowed] §eSelect an option: §r§a[Teleport to the Wizard's Path] 
20:51:14 [allowed] §c ☠ §r§7§r§bBelloHD§r§7 was killed by Riftstalker Bloodfiend§r§7§r§7.
20:51:15 [allowed] §5You can't pick this Soul up yet! Find Enigma at the base of the Wizard Tower!
20:51:15 [allowed] §5You can't pick this Soul up yet! Find Enigma at the base of the Wizard Tower!
20:51:16 [allowed] §5You can't pick this Soul up yet! Find Enigma at the base of the Wizard Tower!
20:51:19 [allowed] §7§oMake sure to enable particles on your client!
20:51:19 [allowed] §e[NPC] Wizard§f: §r§fNow set a path for yourself.
20:51:20 [allowed] §e[NPC] Wizard§f: §r§fUse the §ebreadcrumbs §fon the §eyellow particles§f.
20:51:23 [allowed] §e[NPC] Inverted Sirius§f: §rHowdy!
20:51:24 [allowed] §e[NPC] Inverted Sirius§f: §rAs you see, I've done all the §d§oleg§r§owork§r... all the research!
20:51:26 [allowed] §7§oMmh... I should look ahead for more crumbs...
20:51:26 [allowed] §7§oMmh... I should look ahead for more crumbs...
20:51:26 [allowed] §e[NPC] Inverted Sirius§f: §rI found a way to §csmuggle §fitems in and out of the Rift Dimension.
20:51:29 [allowed] §e[NPC] Inverted Sirius§f: §rBring me a §9Stability Elixir §rand I'll show you how!
20:51:50 [allowed] §aYou earned §r§235 GEXP §r§a+ §r§535 Event EXP §r§afrom playing SkyBlock!
20:52:00 [allowed] §e[NPC] §dMotes Grubber§f: §r§fMe eat items, give §dMotes§f.
20:52:01 [allowed] §e[NPC] §dMotes Grubber§f: §r§fBefore, me items, give §6Coins§f!
20:52:02 [allowed] §e[NPC] §dMotes Grubber§f: §r§fBut now, me eat items, give §dMotes§f.
20:52:16 [allowed] §e[NPC] Hound§f: §r§fThe §aArgofays §fare not a bad people.
20:52:17 [allowed] §e[NPC] Hound§f: §r§fThey grew from the trees after the §dRift §fopened.
20:52:18 [allowed] §5§lORB! §r§dPicked up §r§5+25 Motes§r§d, recovered §r§a+2ф Rift Time§r§d!
20:52:19 [allowed] §e[NPC] Hound§f: §r§fYou should try to get a complete §aWyld Armor §fset from them.
20:52:21 [allowed] §eSelect an option: §r§a[§aI'm sorry but who are you?§a] 
20:52:24 [allowed] §e[NPC] Hound§f: §r§fListen here.
20:52:25 [allowed] §e[NPC] Hound§f: §r§fIf you want your §dmind §fintact when you get out of here...
20:52:28 [allowed] §e[NPC] Hound§f: §r§f... it's best not to ask too many questions and just accept reality as you see it.
20:53:08 [allowed] §5You can't pick this Soul up yet! Find Enigma at the base of the Wizard Tower!
20:53:17 [allowed] §c ☠ §r§7§r§7ftsimo§r§7 fell into the void§r§7.
20:53:18 [allowed] §7Warping...
20:53:18 [allowed] §7Sending to server mini143DG...
20:53:19 [allowed] §8 §r§8 §r§1 §r§3 §r§3 §r§7 §r§8 
20:53:22 [allowed] §aYou are playing on profile: §eOrange
20:53:22 [allowed] §8Profile ID: ff830177-eb82-4d06-aa5d-336dd4acec83
20:53:23 [allowed] §a§l▬▬▬▬▬▬▬▬▬▬▬▬▬▬▬▬▬▬▬▬▬▬▬▬▬▬▬▬▬▬▬▬▬▬▬▬▬▬▬▬▬▬▬▬▬▬▬▬▬▬▬▬▬▬▬▬▬▬▬▬▬▬▬▬
20:53:23 [allowed] §f                        §r§6§lHORSEMAN HORSE DOWN!
20:53:23 [allowed] 
20:53:23 [allowed] §f               §r§b[MVP§r§d+§r§b] Davidasaname§r§f §r§7dealt the final blow.
20:53:23 [allowed] 
20:53:23 [allowed] §f         §r§e§l1st Damager §r§7- §r§b[MVP§r§d+§r§b] Davidasaname§r§f §r§7- §r§e1,663,797
20:53:23 [allowed] §f          §r§6§l2nd Damager §r§7- §r§a[VIP] EeeeOoo1313§r§f §r§7- §r§e1,482,967
20:53:23 [allowed] §f              §r§c§l3rd Damager §r§7- §r§a[VIP] diorelide§r§f §r§7- §r§e886,559
20:53:23 [allowed] 
20:53:23 [allowed] §f                      §r§eYour Damage: §r§a0 §r§7(Position #22)
20:53:23 [allowed] 
20:53:23 [allowed] §a§l▬▬▬▬▬▬▬▬▬▬▬▬▬▬▬▬▬▬▬▬▬▬▬▬▬▬▬▬▬▬▬▬▬▬▬▬▬▬▬▬▬▬▬▬▬▬▬▬▬▬▬▬▬▬▬▬▬▬▬▬▬▬▬▬
20:53:26 [allowed] §cThere are blocks in the way!
20:53:26 [allowed] §cThere are blocks in the way!
20:53:28 [allowed] §8[§r§3248§r§8] §r§b§lᛝ §r§b[MVP§d+§b] Davidasaname§f§r§f: 179➡180
20:53:43 [allowed] §aFriend > §r§bDungeonWhitecat §r§eleft.
20:54:00 [allowed] §adiorelide §r§ehas spawned the §r§6Headless Horseman boss §r§ein the §r§cGraveyard§r§e!
20:54:30 [allowed] §a§l▬▬▬▬▬▬▬▬▬▬▬▬▬▬▬▬▬▬▬▬▬▬▬▬▬▬▬▬▬▬▬▬▬▬▬▬▬▬▬▬▬▬▬▬▬▬▬▬▬▬▬▬▬▬▬▬▬▬▬▬▬▬▬▬
20:54:30 [allowed] §f                        §r§6§lHORSEMAN HORSE DOWN!
20:54:30 [allowed] 
20:54:30 [allowed] §f                  §r§a[VIP] Andr1x66§r§f §r§7dealt the final blow.
20:54:30 [allowed] 
20:54:30 [allowed] §f         §r§e§l1st Damager §r§7- §r§b[MVP§r§d+§r§b] Davidasaname§r§f §r§7- §r§e2,314,565
20:54:30 [allowed] §f           §r§6§l2nd Damager §r§7- §r§a[VIP] EeeeOoo1313§r§f §r§7- §r§e857,836
20:54:30 [allowed] §f             §r§c§l3rd Damager §r§7- §r§a[VIP] Andr1x66§r§f §r§7- §r§e539,786
20:54:30 [allowed] 
20:54:30 [allowed] §f                      §r§eYour Damage: §r§a0 §r§7(Position #18)
20:54:30 [allowed] 
20:54:30 [allowed] §a§l▬▬▬▬▬▬▬▬▬▬▬▬▬▬▬▬▬▬▬▬▬▬▬▬▬▬▬▬▬▬▬▬▬▬▬▬▬▬▬▬▬▬▬▬▬▬▬▬▬▬▬▬▬▬▬▬▬▬▬▬▬▬▬▬
20:54:48 [allowed] §aYou earned §r§268 GEXP §r§a+ §r§568 Event EXP §r§afrom playing SkyBlock!
20:55:21 [allowed] §adiorelide §r§ehas spawned the §r§6Headless Horseman boss §r§ein the §r§cGraveyard§r§e!
20:55:37 [allowed] §a§l▬▬▬▬▬▬▬▬▬▬▬▬▬▬▬▬▬▬▬▬▬▬▬▬▬▬▬▬▬▬▬▬▬▬▬▬▬▬▬▬▬▬▬▬▬▬▬▬▬▬▬▬▬▬▬▬▬▬▬▬▬▬▬▬
20:55:37 [allowed] §f                        §r§6§lHORSEMAN HORSE DOWN!
20:55:37 [allowed] 
20:55:37 [allowed] §f               §r§b[MVP§r§d+§r§b] Davidasaname§r§f §r§7dealt the final blow.
20:55:37 [allowed] 
20:55:37 [allowed] §f            §r§e§l1st Damager §r§7- §r§a[VIP§r§6+§r§a] COOLM13§r§f §r§7- §r§e1,964,031
20:55:37 [allowed] §f         §r§6§l2nd Damager §r§7- §r§b[MVP§r§d+§r§b] Davidasaname§r§f §r§7- §r§e1,042,936
20:55:37 [allowed] §f           §r§c§l3rd Damager §r§7- §r§a[VIP] EeeeOoo1313§r§f §r§7- §r§e729,386
20:55:37 [allowed] 
20:55:37 [allowed] §f                      §r§eYour Damage: §r§a0 §r§7(Position #19)
20:55:37 [allowed] 
20:55:37 [allowed] §a§l▬▬▬▬▬▬▬▬▬▬▬▬▬▬▬▬▬▬▬▬▬▬▬▬▬▬▬▬▬▬▬▬▬▬▬▬▬▬▬▬▬▬▬▬▬▬▬▬▬▬▬▬▬▬▬▬▬▬▬▬▬▬▬▬
20:55:57 [allowed] §adiorelide §r§ehas spawned the §r§6Headless Horseman boss §r§ein the §r§cGraveyard§r§e!
20:55:57 [allowed] §7Sending to server mini19BJ...
20:55:57 [allowed] §d§lINFUSED! §r§7Used one of your free Rift charges!
20:55:57 [allowed] §8If this was unintended, you can leave at no cost whatsoever.
20:55:57 [allowed] §8 §r§8 §r§1 §r§3 §r§3 §r§7 §r§8 
20:56:01 [allowed] §aYou are playing on profile: §eOrange
20:56:01 [allowed] §8Profile ID: ff830177-eb82-4d06-aa5d-336dd4acec83
20:56:02 [allowed] §e[NPC] Wizard§f: §rAre you lost already?
20:56:03 [allowed] §e[NPC] Wizard§f: §rI can take you back to my path!
20:56:04 [allowed] §eSelect an option: §r§a[Teleport to the Wizard's Path] 
20:56:04 [allowed] §e[NPC] Wizard§f: §rOops!
20:56:06 [allowed] §7§oMake sure to enable particles on your client!
20:56:06 [allowed] §e[NPC] Wizard§f: §r§fNow set a path for yourself.
20:56:07 [allowed] §5§l▬▬▬▬▬▬▬▬▬▬▬▬▬▬▬▬▬▬▬▬▬▬▬▬▬▬▬▬▬▬▬▬▬▬▬▬▬▬▬▬▬▬▬▬▬▬▬▬▬▬▬▬▬▬▬▬▬▬▬▬▬▬▬▬
20:56:07 [allowed]   §r§d§lRIFT INSTABILITY WARNING
20:56:07 [allowed]     §r§7Venturing in the §r§dRift §r§7breaches spacetime.
20:56:07 [allowed]     §r§7You have §r§a8m00sф §r§7left before the rift collapses!
20:56:07 [allowed]     §r§8Your dimensional infusion has been consumed!
20:56:07 [allowed] §5§l▬▬▬▬▬▬▬▬▬▬▬▬▬▬▬▬▬▬▬▬▬▬▬▬▬▬▬▬▬▬▬▬▬▬▬▬▬▬▬▬▬▬▬▬▬▬▬▬▬▬▬▬▬▬▬▬▬▬▬▬▬▬▬▬
20:56:07 [allowed] §e[NPC] Wizard§f: §r§fUse the §ebreadcrumbs §fon the §eyellow particles§f.
20:56:08 [allowed] §7§oMmh... I should look ahead for more crumbs...
20:56:09 [allowed] §7§oTeleported back to the wizard tower...
20:56:09 [allowed] §eYou should talk to §r§dElise II§r§e!
20:56:12 [allowed] §e[NPC] Wizard§f: §rI think §dElise II §rwants to talk with you.
20:56:14 [allowed] §c§lWOAH THERE! §r§eTalk to §r§d§r§dElise II§r§e! She has something for you!
20:56:20 [allowed] §e[NPC] §dElise§f: §r§fI finally did it!
20:56:21 [allowed] §e[NPC] §dElise§f: §r§fFinally figured it out!
20:56:23 [allowed] §e[NPC] §dElise§f: §r§fBy combining the §5magic §fof the §dRift §fwith the rest of the §auniverse§f...
20:56:24 [allowed] §c§lWOAH THERE! §r§eTalk to §r§d§r§dElise II§r§e! She has something for you!
20:56:26 [allowed] §e[NPC] §dElise§f: §r§f... I'm able to create the §cmost powerful necklace §fever devised.
20:56:27 [allowed] §eSelect an option: §r§a[§aCan I have one?§a] 
20:56:29 [allowed] §e[NPC] §dElise§f: §r§fOf course! But there's one tiny hiccup...
20:56:30 [allowed] §e[NPC] §dElise§f: §r§fIn order to §ocombine §fthe §5magic§f, we will need to §ohave §fthe §5magic§f.
20:56:32 [allowed] §e[NPC] §dElise§f: §r§fBut I suppose for an adventurer of your caliber, traversing the §dweirdest §fparallel universe...
20:56:35 [allowed] §e[NPC] §dElise§f: §r§fAvoiding being §5stuck §fforever...
20:56:37 [allowed] §e[NPC] §dElise§f: §r§fDodging giant, tripled-stacked, §cINSTAKILLING §ftemporal pillars...
20:56:39 [allowed] §e[NPC] §dElise§f: §r§fPotentially fighting §4vampires§f...
20:56:40 [allowed] §e[NPC] §dElise§f: §r§fIs NO problem at all?
20:56:41 [allowed] §eSelect an option: §r§a[§aWhat do I need to do for the necklace?§a] 
20:56:43 [allowed] §e[NPC] §dElise§f: §r§fVery well.
20:56:44 [allowed] §e[NPC] §dElise§f: §r§fFirst, bring me the §cSupreme Timecharm§f.
20:56:46 [allowed] §e[NPC] §dElise§f: §r§fDespite the name, it's not the best one.
20:56:47 [allowed] §e[NPC] §dElise§f: §r§fIt's the first of like §c8 Timecharms§f.
20:56:49 [allowed] §e[NPC] §dElise§f: §r§fWe'll need that before going any further.
20:56:51 [allowed] §aYou earned §r§2300 GEXP §r§a+ §r§5300 Event EXP §r§afrom playing SkyBlock!
20:56:58 [allowed] §e[NPC] §5Enigma§f: §rSpirit of many souls, I am.
20:56:58 [allowed] §eSelect an option: §r§a[Fairy Souls?] 
20:57:00 [allowed] §e[NPC] §5Enigma§f: §rFairy Souls, of I've never heard?
20:57:02 [allowed] §e[NPC] §5Enigma§f: §rEnigma Souls, I consume all!
20:57:04 [allowed] §e[NPC] §5Enigma§f: §rPower of Souls, cloak you through with me share!
20:57:06 [allowed] §7....
20:57:08 [allowed] §eSelect an option: §r§a[Uh... What?] 
20:57:09 [allowed] §e[NPC] §5Enigma§f: §r4 souls come back, you find and.
20:57:09 [allowed] §aYou bought §r§5Enigma Cloak§r§a!
20:57:12 [allowed] §aYou equipped an §r§5Enigma Cloak§r§a!
20:57:26 [allowed] §5§lORB! §r§dPicked up §r§5+10 Motes§r§d!
20:57:33 [allowed] §5§lORB! §r§dPicked up §r§5+10 Motes§r§d!
20:57:35 [allowed] §5§lORB! §r§dPicked up §r§5+10 Motes§r§d!
20:57:37 [allowed] §5§lORB! §r§dPicked up §r§5+10 Motes§r§d!
20:57:40 [allowed] §5§lORB! §r§dPicked up §r§5+10 Motes§r§d!
20:57:43 [allowed] §5§lSOUL! §r§fYou unlocked an §r§5Enigma Soul§r§r§r!
20:57:43 [allowed] §fYou have found §r§d1§r§5/52 Souls §r§fin the Rift Dimension!
20:57:43 [allowed] §fYour §r§5Enigma Cloak §r§fnow has §r§a+20ф Rift Time§r§r§r!
20:57:43 [allowed] §5You have already found that Enigma Soul!
20:57:44 [allowed] §5You have already found that Enigma Soul!
20:57:44 [allowed] §5You have already found that Enigma Soul!
20:57:45 [allowed] §5You have already found that Enigma Soul!
20:57:45 [allowed] §8[§r§e109§r§8] §r§a[VIP§6+§a] alonvv§f§r§f: where is maddox?
20:57:55 [allowed] §5§lORB! §r§dPicked up §r§5+10 Motes§r§d!
20:58:00 [allowed] §8[§r§3267§r§8] §r§6§lꕪ §r§b[MVP§d+§b] FireFrames§f§r§f: in the batphone
20:58:08 [allowed] §dWarped to §r§dTop of Tower§r§d!
20:58:10 [allowed] §8[§r§e109§r§8] §r§a[VIP§6+§a] alonvv§f§r§f: gang
20:58:11 [allowed] §e[NPC] Wizard§f: §rAre you lost already?
20:58:12 [allowed] §e[NPC] Wizard§f: §rI can take you back to my path!
20:58:13 [allowed] §eSelect an option: §r§a[Teleport to the Wizard's Path] 
20:58:15 [allowed] §7§oMake sure to enable particles on your client!
20:58:15 [allowed] §e[NPC] Wizard§f: §r§fNow set a path for yourself.
20:58:16 [allowed] §e[NPC] Wizard§f: §r§fUse the §ebreadcrumbs §fon the §eyellow particles§f.
20:58:18 [allowed] §5§lORB! §r§dPicked up §r§5+25 Motes§r§d, recovered §r§a+2ф Rift Time§r§d!
20:58:22 [allowed] §8[§r§e109§r§8] §r§a[VIP§6+§a] alonvv§f§r§f: i dont have that
20:58:48 [allowed] §7§oThe breadcrumbs disappear in your hand...
20:58:50 [allowed] §7§oI should go talk to the Wizard again...
20:59:11 [allowed] §cThe eye doesn't react to your feeble attempt at damage! You must first talk to Porhtal!
20:59:24 [allowed] §e[NPC] Alatar§f: §r§f§eTime §fflows differently in this §ddimension§f.
20:59:26 [allowed] §e[NPC] Alatar§f: §r§fA lot of wizards, including me, try and study §eTime §faround here.
20:59:28 [allowed] §e[NPC] Alatar§f: §r§f§bTomorrow §fyou might come back here §ayesterday§f.
20:59:31 [allowed] §e[NPC] Alatar§f: §r§fMaybe we already §ahad §fthis conversation in the §bfuture§f.
20:59:33 [allowed] §e[NPC] Alatar§f: §r§fIs there even a §abefore §fand an §bafter §fin this place?
20:59:35 [allowed] §e[NPC] Alatar§f: §r§fSome speculate that we are in the §apast§f, some say in the §bfuture§f, perhaps we're always in the §epresent§f.
20:59:36 [allowed] §e[NPC] Wizard§f: §r§fNow that you've laid out a path, you have at least §aone thing to do §fif you follow it!
20:59:38 [allowed] §e[NPC] Wizard§f: §r§fSome of us prefer a §eclear path ahead§f, while others would rather §aexplore on their own§f.
20:59:41 [allowed] §e[NPC] Wizard§f: §r§fEither is fine! One has to experience the universe at their own pace.
20:59:43 [allowed] §e[NPC] Wizard§f: §r§fOne thing is certain, dropping §ebreadcrumbs §feverywhere would take too long!
20:59:46 [allowed] §e[NPC] Wizard§f: §r§fThat's why we §dwizards §fhave prepared the §dRift Guide§f, in case you're unsure what to do.
20:59:47 [allowed] 
20:59:47 [allowed]    §d§lRIFT GUIDE UNLOCKED
20:59:47 [allowed]    §7Available in SkyBlock Menu (or click this)
20:59:47 [allowed] 
21:00:25 [allowed] §5§lORB! §r§dPicked up §r§5+10 Motes§r§d!
21:01:32 [allowed] §9§m-----------------------------------------------------
21:01:32 [allowed] §cYou are not in a party and were moved to the ALL channel.
21:01:32 [allowed] §9§m-----------------------------------------------------
21:01:34 [allowed] §8[§r§a137§r§8] §r§7☠ §r§7cwq97§r§7: can someone help me with the pressure pad thingy for the soul
21:01:46 [allowed] §8[§r§a128§r§8] §r§b[MVP§c+§b] lapisantuli§f§r§f: sure
21:01:51 [allowed] §aYou earned §r§2576 GEXP §r§a+ §r§5576 Event EXP §r§afrom playing SkyBlock!
21:01:51 [allowed] §c ☠ §r§7§r§blapisantuli§r§7 fell into the void§r§7.
21:01:54 [allowed] §8[§r§a137§r§8] §r§7☠ §r§7cwq97§r§7: thanks goat
21:02:03 [allowed] §aFriend > §r§aMhans_W §r§eleft.
21:02:10 [allowed] §5§lSOUL! §r§fYou unlocked an §r§5Enigma Soul§r§r§r!
21:02:10 [allowed] §fYou have found §r§d2§r§5/52 Souls §r§fin the Rift Dimension!
21:02:10 [allowed] §fYour §r§5Enigma Cloak §r§fnow has §r§a+40ф Rift Time§r§r§r!
21:02:10 [allowed] §5You have already found that Enigma Soul!
21:02:10 [allowed] §5You have already found that Enigma Soul!
21:02:12 [allowed] §8[§r§a137§r§8] §r§7☠ §r§7cwq97§r§7: tyfr
21:02:16 [allowed] §8[§r§a128§r§8] §r§b[MVP§c+§b] lapisantuli§f§r§f: np <3
21:02:29 [allowed] §aFriend > §r§bDRAGONMANGO3453 §r§eleft.
21:02:40 [allowed] §5§lORB! §r§dPicked up §r§5+25 Motes§r§d, recovered §r§a+2ф Rift Time§r§d!
21:03:41 [allowed] §7You hear a voice from within: §r§7§lEAT THEM!
21:03:47 [allowed] §5§lORB! §r§dPicked up §r§5+25 Motes§r§d, recovered §r§a+2ф Rift Time§r§d!
21:04:20 [allowed] §e[NPC] §9Jacquelle§f: §rThe Argofays have been so kind to welcome me in one of their huts.
21:04:23 [allowed] §e[NPC] §9Jacquelle§f: §rIt's been rough since I lost my §9cat§r.
21:04:24 [allowed] §e[NPC] §9Jacquelle§f: §rIt just left my sight!
21:04:27 [allowed] §e[NPC] §9Jacquelle§f: §rI think it's playing around the §5Rift§r!
21:04:28 [allowed] §e[NPC] §9Jacquelle§f: §rPlease!
21:04:29 [allowed] §e[NPC] §9Jacquelle§f: §rPlease!!
21:04:29 [allowed] §e[NPC] §9Jacquelle§f: §rPlease!!!
21:04:30 [allowed] §e[NPC] §9Jacquelle§f: §rFind my cat §9Montezuma§r!
21:04:32 [allowed] §e[NPC] §9Jacquelle§f: §rOpen my §6chest §rand take my §9Cat Detector§r!
21:04:37 [allowed] §e[NPC] §9Jacquelle§f: §rFind my cat §9Montezuma§r!
21:04:39 [allowed] §e[NPC] §9Jacquelle§f: §rOpen my §6chest §rand take my §9Cat Detector§r!
21:04:47 [allowed] §e[NPC] §9Jacquelle§f: §rFind my cat §9Montezuma§r!
21:04:48 [allowed] §e[NPC] §9Jacquelle§f: §rOpen my §6chest §rand take my §9Cat Detector§r!
21:04:58 [allowed] §e[NPC] §9Jacquelle§f: §rNot that chest!
21:04:59 [allowed] §e[NPC] §9Jacquelle§f: §rThat's where I store all the pictures of little Monte!
21:05:05 [allowed] §e[NPC] §9Jacquelle§f: §rNow please go and find my dear §9Montezuma§r!
21:05:41 [allowed] §7You feel a powerful cat-like energy rushing to your body...
21:05:41 [allowed] §7You have already found this Montezuma soul piece!
21:05:41 [allowed] §7You have already found this Montezuma soul piece!
21:05:42 [allowed] §7You have already found this Montezuma soul piece!
21:05:42 [allowed] §7You have already found this Montezuma soul piece!
21:05:42 [allowed] §7You have already found this Montezuma soul piece!
21:05:42 [allowed] §7You have already found this Montezuma soul piece!
21:05:42 [allowed] §7You have already found this Montezuma soul piece!
21:05:42 [allowed] §7You have already found this Montezuma soul piece!
21:05:43 [allowed] §7You have already found this Montezuma soul piece!
21:05:43 [allowed] §7You have already found this Montezuma soul piece!
21:05:44 [allowed] §7You have already found this Montezuma soul piece!
21:05:44 [allowed] §7You have already found this Montezuma soul piece!
21:05:45 [allowed] §eYou found §r§9Montezuma§r§e, or whatever is left of it...
21:05:47 [allowed] §7§oI should report back to Jacquelle...
21:06:15 [allowed] §e[NPC] §9Jacquelle§f: §rHey you're back!
21:06:16 [allowed] §e[NPC] §9Jacquelle§f: §rDid you find §9Montezuma§r?
21:06:18 [allowed] §eSelect an option: §r§a[I'm sorry but your cat is dead.] 
21:06:18 [allowed] §5§l▬▬▬▬▬▬▬▬▬▬▬▬▬▬▬▬▬▬▬▬▬▬▬▬▬▬▬▬▬▬▬▬▬▬▬▬▬▬▬▬▬▬▬▬▬▬▬▬▬▬▬▬▬▬▬▬▬▬▬▬▬▬▬▬
21:06:18 [allowed]   §r§d§lTHE RIFT IS COLLAPSING
21:06:18 [allowed]     §r§7You only have §r§a10ф seconds §r§7left before you are sent back
21:06:18 [allowed]     §r§7to the Wizard in the SkyBlock Hub!
21:06:18 [allowed] §5§l▬▬▬▬▬▬▬▬▬▬▬▬▬▬▬▬▬▬▬▬▬▬▬▬▬▬▬▬▬▬▬▬▬▬▬▬▬▬▬▬▬▬▬▬▬▬▬▬▬▬▬▬▬▬▬▬▬▬▬▬▬▬▬▬
21:06:20 [allowed] §e[NPC] §9Jacquelle§f: §r...
21:06:21 [allowed] §e[NPC] §9Jacquelle§f: §rI know that!
21:06:22 [allowed] §e[NPC] §9Jacquelle§f: §rI'm so glad you found him!
21:06:24 [allowed] §e[NPC] §9Jacquelle§f: §rIts soul fractured into §99 parts §rwhen we crossed into the §5Rift§r.
21:06:27 [allowed] §e[NPC] §9Jacquelle§f: §rI've been living in this cabin with 1/9th of §9Montezuma §rfor an eternity now.
21:06:28 [allowed] §7Sending back to hub...
21:06:28 [allowed] §7Sending to server mega29E...
21:06:28 [allowed] §8 §r§8 §r§1 §r§3 §r§3 §r§7 §r§8 
21:06:31 [allowed] §aYou are playing on profile: §eOrange
21:06:31 [allowed] §8Profile ID: ff830177-eb82-4d06-aa5d-336dd4acec83
21:06:35 [allowed] §e[NPC] §dWizard§f: §rJump in the portal now!
21:06:36 [allowed] §7Sending to server mini147M...
21:06:36 [allowed] §8 §r§8 §r§1 §r§3 §r§3 §r§7 §r§8 
21:06:37 [allowed] §8[§r§2189§r§8] §r§6ჶ §r§6[MVP§1++§6] smi§f§r§f: stand on me
21:06:38 [allowed] §8[§r§2189§r§8] §r§6ჶ §r§6[MVP§1++§6] smi§f§r§f: okay?
21:06:39 [allowed] §8[§r§a126§r§8] §r§7Majorslegend§7§r§7: that was so close so many times
21:06:40 [allowed] §aYou are playing on profile: §eOrange
21:06:40 [allowed] §8Profile ID: ff830177-eb82-4d06-aa5d-336dd4acec83
21:06:42 [allowed] §8[§r§2189§r§8] §r§6ჶ §r§6[MVP§1++§6] smi§f§r§f: when it does the blood rain
21:06:42 [allowed] §5§l▬▬▬▬▬▬▬▬▬▬▬▬▬▬▬▬▬▬▬▬▬▬▬▬▬▬▬▬▬▬▬▬▬▬▬▬▬▬▬▬▬▬▬▬▬▬▬▬▬▬▬▬▬▬▬▬▬▬▬▬▬▬▬▬
21:06:42 [allowed]   §r§d§lRIFT INSTABILITY WARNING
21:06:42 [allowed]     §r§7Venturing in the §r§dRift §r§7breaches spacetime.
21:06:42 [allowed]     §r§7You have §r§a8m40sф §r§7left before the rift collapses!
21:06:42 [allowed]     §r§8Your dimensional infusion has been consumed!
21:06:42 [allowed] §5§l▬▬▬▬▬▬▬▬▬▬▬▬▬▬▬▬▬▬▬▬▬▬▬▬▬▬▬▬▬▬▬▬▬▬▬▬▬▬▬▬▬▬▬▬▬▬▬▬▬▬▬▬▬▬▬▬▬▬▬▬▬▬▬▬
21:06:51 [allowed] §c ☠ §r§7§r§7ftsimo§r§7 was killed by Riftstalker Bloodfiend§r§7§r§7.
21:06:53 [allowed] §8[§r§f47§r§8] §r§7ftsimo§7§r§7: wtf
21:06:55 [allowed] §8[§r§2189§r§8] §r§6ჶ §r§6[MVP§1++§6] smi§f§r§f: dont attack it
21:06:57 [allowed] §8[§r§f47§r§8] §r§7ftsimo§7§r§7: i didnt see it coming
21:07:05 [allowed] §8[§r§f47§r§8] §r§7ftsimo§7§r§7: k, next time gotta go for a few
21:07:05 [allowed] §8[§r§2189§r§8] §r§6ჶ §r§6[MVP§1++§6] smi§f§r§f: dont attack it, just let it target me
21:07:18 [allowed] §e[NPC] §aRibbit§f: §rIt's way too high.
21:07:20 [allowed] §e[NPC] §aKiermet§f: §rSpeak for yourself, I almost got it!
21:07:21 [allowed] §e[NPC] §aRibbit§f: §rOh yeah? Prove it.
21:07:23 [allowed] §e[NPC] §aKiermet§f: §rI can't right now. Maybe next time you ask me I will.
21:07:47 [allowed] §e[NPC] Argofay Serialbather§f: §rCan't you see I'm busy?
21:07:53 [allowed] §e[NPC] §9Jacquelle§f: §rHey you're back!
21:07:54 [allowed] §e[NPC] §9Jacquelle§f: §rDid you find §9Montezuma§r?
21:07:56 [allowed] §e[NPC] §9Jacquelle§f: §rHey you're back!
21:07:56 [allowed] §eSelect an option: §r§a[I'm sorry but your cat is dead.] 
21:07:57 [allowed] §e[NPC] §9Jacquelle§f: §rDid you find §9Montezuma§r?
21:07:59 [allowed] §eSelect an option: §r§a[I'm sorry but your cat is dead.] 
21:07:59 [allowed] §e[NPC] §9Jacquelle§f: §r...
21:08:00 [allowed] §e[NPC] §9Jacquelle§f: §rI know that!
21:08:01 [allowed] §e[NPC] §9Jacquelle§f: §rI'm so glad you found him!
21:08:03 [allowed] §e[NPC] §9Jacquelle§f: §rIts soul fractured into §99 parts §rwhen we crossed into the §5Rift§r.
21:08:06 [allowed] §e[NPC] §9Jacquelle§f: §rI've been living in this cabin with 1/9th of §9Montezuma §rfor an eternity now.
21:08:09 [allowed] §e[NPC] §9Jacquelle§f: §rPlease!
21:08:09 [allowed] §e[NPC] §9Jacquelle§f: §rPlease!!
21:08:09 [allowed] §e[NPC] §9Jacquelle§f: §rPlease!!!
21:08:11 [allowed] §e[NPC] §9Jacquelle§f: §rFind all parts of §9Montezuma§r's soul so I can enjoy a full cat again!
21:08:13 [allowed] §eYou unlocked the §r§9Montezuma §r§epet in your SkyBlock Menu!
21:08:49 [allowed] §5§lSOUL! §r§fYou unlocked an §r§5Enigma Soul§r§r§r!
21:08:49 [allowed] §fYou have found §r§d3§r§5/52 Souls §r§fin the Rift Dimension!
21:08:49 [allowed] §fYour §r§5Enigma Cloak §r§fnow has §r§a+60ф Rift Time§r§r§r!
21:09:11 [allowed] §5§lORB! §r§dPicked up §r§5+25 Motes§r§d, recovered §r§a+2ф Rift Time§r§d!
21:09:14 [allowed] §cNo dead cat detected in range!
21:09:18 [allowed] §cThis ability is on cooldown for 5s.
21:09:18 [allowed] §cThis ability is on cooldown for 5s.
21:09:19 [allowed] §cThis ability is on cooldown for 5s.
21:09:28 [allowed] §f §r§r§r§f §r§r§r§1 §r§r§r§0 §r§r§r§2 §r§r§r§f §r§r§r§f §r§r§r§2 §r§r§r§0 §r§r§r§4 §r§r§r§3 §r§r§r§9 §r§r§r§2 §r§r§r§0 §r§r§r§0 §r§r§r§3 §r§r§r§9 §r§r§r§2 §r§r§r§0 §r§r§r§0 §r§r§r§3 §r§r§r§9 §r§r§r§2 §r§r§r§0 §r§r§r§0 
21:09:28 [allowed] §aYou have §b45 §aunclaimed leveling rewards!
21:09:28 [allowed] §eClick here to view them!
21:09:28 [allowed] §aYou have §68 §aunclaimed achievement rewards!
21:09:28 [allowed] §eClick here to view them!
21:09:31 [allowed] §7Sending to server mega31C...
21:09:32 [allowed] §8 §r§8 §r§1 §r§3 §r§3 §r§7 §r§8 
21:09:34 [allowed] 
21:09:34 [allowed] §eWelcome to §r§aHypixel SkyBlock§r§e!
21:09:34 [allowed] 
21:09:34 [allowed] §eLatest update: §bSkyBlock v0.23.4 §e§lCLICK
21:09:35 [allowed] §aYou are playing on profile: §eOrange
21:09:35 [allowed] §8Profile ID: ff830177-eb82-4d06-aa5d-336dd4acec83
21:09:38 [allowed] §cThere are blocks in the way!
21:09:40 [allowed] §cThere are blocks in the way!
21:09:41 [allowed] §cThere are blocks in the way!
21:09:41 [allowed] §cThere are blocks in the way!
21:09:41 [allowed] §cThere are blocks in the way!
21:09:43 [allowed] §e[NPC] §dWizard§f: §rCareful!
21:09:44 [allowed] §e[NPC] §dWizard§f: §rYou need a §dDimensional Infusion §rbefore hopping in the portal.
21:09:46 [allowed] §e[NPC] §dWizard§f: §rCome talk to me!
21:09:50 [allowed] §aFriend > §r§aMhans_W §r§ejoined.
21:09:51 [allowed] §e[NPC] §dWizard§f: §rJump in the portal now!
21:09:53 [allowed] §7Sending to server mini89D...
21:09:53 [allowed] §8 §r§8 §r§1 §r§3 §r§3 §r§7 §r§8 
21:09:56 [allowed] §aYou are playing on profile: §eOrange
21:09:56 [allowed] §8Profile ID: ff830177-eb82-4d06-aa5d-336dd4acec83
21:09:58 [allowed] §5§l▬▬▬▬▬▬▬▬▬▬▬▬▬▬▬▬▬▬▬▬▬▬▬▬▬▬▬▬▬▬▬▬▬▬▬▬▬▬▬▬▬▬▬▬▬▬▬▬▬▬▬▬▬▬▬▬▬▬▬▬▬▬▬▬
21:09:58 [allowed]   §r§d§lRIFT INSTABILITY WARNING
21:09:58 [allowed]     §r§7Venturing in the §r§dRift §r§7breaches spacetime.
21:09:58 [allowed]     §r§7You have §r§a9m25sф §r§7left before the rift collapses!
21:09:58 [allowed]     §r§8Your dimensional infusion has been consumed!
21:09:58 [allowed] §5§l▬▬▬▬▬▬▬▬▬▬▬▬▬▬▬▬▬▬▬▬▬▬▬▬▬▬▬▬▬▬▬▬▬▬▬▬▬▬▬▬▬▬▬▬▬▬▬▬▬▬▬▬▬▬▬▬▬▬▬▬▬▬▬▬
21:10:26 [allowed] §5§lSOUL! §r§fYou unlocked an §r§5Enigma Soul§r§r§r!
21:10:26 [allowed] §fYou have found §r§d4§r§5/52 Souls §r§fin the Rift Dimension!
21:10:26 [allowed] §fYour §r§5Enigma Cloak §r§fnow has §r§a+80ф Rift Time§r§r§r!
21:10:26 [allowed] §5You have already found that Enigma Soul!
21:10:26 [allowed] §5You have already found that Enigma Soul!
21:10:26 [allowed] §5You have already found that Enigma Soul!
21:10:28 [allowed] §e[NPC] §aRibbit§f: §r§aWOW!
21:10:30 [allowed] §e[NPC] §aKiermet§f: §rImpressive! What a jump!
21:10:31 [allowed] §e[NPC] §aRibbit§f: §rHow did you manage to jump that high?
21:10:33 [allowed] §e[NPC] §aKiermet§f: §rThey're a human, dummy. That's why.
21:10:35 [allowed] §e[NPC] §aRibbit§f: §rA human! No way!
21:10:51 [allowed] §e[NPC] §4Porhtal§f: §r§fI'm looking for my §6Liege§f, but my §cEyes §fwent rogue.
21:10:53 [allowed] §e[NPC] §4Porhtal§f: §r§fIf you calm one of them down, I will be able to §ateleport §fyou to it.
21:10:54 [allowed] §7You investigate..
21:10:55 [allowed] §4The caged being could cross dimensional and chronological boundaries with ease.
21:11:05 [allowed] §7You investigate..
21:11:06 [allowed] §4The caged being could cross dimensional and chronological boundaries with ease.
21:11:13 [allowed] §7You investigate..
21:11:14 [allowed] §4It's a piece from... a wither?
21:11:16 [allowed] §7You investigate..
21:11:17 [allowed] §4Tremendous power emanates from this location.
21:11:19 [allowed] §7You investigate..
21:11:20 [allowed] §4Whatever was caged, it was here not long ago.
21:11:24 [allowed] §7You investigate..
21:11:25 [allowed] §4It looks like something broke out of the cage.
21:11:53 [allowed] §aYou earned §r§2108 GEXP §r§a+ §r§5108 Event EXP §r§afrom playing SkyBlock!
21:11:54 [allowed] §7You investigate..
21:12:04 [allowed] §d§lRIFTASTIC! §r§b[MVP§r§c+§r§b] meloooooooooooo§r§f §r§ehas secured §r§cGlobulate Timecharm §r§einto their gallery! §r§6gg§r§e!
21:12:13 [allowed] §5§lORB! §r§dPicked up §r§5+25 Motes§r§d, recovered §r§a+2ф Rift Time§r§d!
21:12:16 [allowed] §d§lRIFTASTIC! §r§a[VIP§r§6+§r§a] BlueLovesTea§r§f §r§ehas secured §r§cGlobulate Timecharm §r§einto their gallery! §r§6gg§r§e!
21:12:16 [allowed] §cYou have to find and calm this eye before you can teleport to it!
21:12:21 [allowed] §7You investigate..
21:12:22 [allowed] §4The caged being could cross dimensional and chronological boundaries with ease.
21:12:25 [allowed] §7You investigate..
21:12:26 [allowed] §4The caged being could cross dimensional and chronological boundaries with ease.
21:12:32 [allowed] §5§lORB! §r§dPicked up §r§5+25 Motes§r§d, recovered §r§a+2ф Rift Time§r§d!
21:12:42 [allowed] §5§lORB! §r§dPicked up §r§5+25 Motes§r§d, recovered §r§a+2ф Rift Time§r§d!
21:12:48 [allowed] §5§lORB! §r§dPicked up §r§5+25 Motes§r§d, recovered §r§a+2ф Rift Time§r§d!
21:12:53 [allowed] §8[§r§2175§r§8] §r§7▒ §r§a[VIP§6+§a] VoidGaming9663§f§r§f: holy im lagging so bad
21:13:13 [allowed] §7You investigate..
21:13:14 [allowed] §4The caged being could cross dimensional and chronological boundaries with ease.
21:13:16 [allowed] §7You investigate..
21:13:17 [allowed] §4It's a piece from... a wither?
21:13:18 [allowed] §7You investigate..
21:13:19 [allowed] §4Tremendous power emanates from this location.
21:13:21 [allowed] §7You investigate..
21:13:22 [allowed] §4It looks like something broke out of the cage.
21:13:25 [allowed] §7You investigate..
21:13:26 [allowed] §4Whatever was caged, it was here not long ago.
21:13:30 [allowed] §7You investigate..
21:13:37 [allowed] §5§lSOUL! §r§fYou unlocked an §r§5Enigma Soul§r§r§r!
21:13:37 [allowed] §fYou have found §r§d5§r§5/52 Souls §r§fin the Rift Dimension!
21:13:37 [allowed] §fYour §r§5Enigma Cloak §r§fnow has §r§a+100ф Rift Time§r§r§r!
21:13:37 [allowed] §5You have already found that Enigma Soul!
21:13:37 [allowed] §5You have already found that Enigma Soul!
21:13:37 [allowed] §5You have already found that Enigma Soul!
21:13:59 [allowed] §5§lORB! §r§dPicked up §r§5+25 Motes§r§d, recovered §r§a+2ф Rift Time§r§d!
21:14:09 [allowed] §7You have already found this Montezuma soul piece!
21:14:09 [allowed] §7You have already found this Montezuma soul piece!
21:14:09 [allowed] §7You have already found this Montezuma soul piece!
21:14:09 [allowed] §7You have already found this Montezuma soul piece!
21:14:10 [allowed] §7You have already found this Montezuma soul piece!
21:14:18 [allowed] §5§lORB! §r§dPicked up §r§5+25 Motes§r§d, recovered §r§a+2ф Rift Time§r§d!
21:14:35 [allowed] §d§lRIFTASTIC! §r§a[VIP§r§6+§r§a] VoidGaming9663§r§f §r§ehas secured §r§cGlobulate Timecharm §r§einto their gallery! §r§6gg§r§e!
21:14:57 [allowed] §5§lORB! §r§dPicked up §r§5+25 Motes§r§d, recovered §r§a+2ф Rift Time§r§d!
21:15:14 [allowed] §5§lSOUL! §r§fYou unlocked an §r§5Enigma Soul§r§r§r!
21:15:14 [allowed] §fYou have found §r§d6§r§5/52 Souls §r§fin the Rift Dimension!
21:15:14 [allowed] §fYour §r§5Enigma Cloak §r§fnow has §r§a+120ф Rift Time§r§r§r!
21:15:14 [allowed] §5You have already found that Enigma Soul!
21:15:14 [allowed] §5You have already found that Enigma Soul!
21:15:14 [allowed] §5You have already found that Enigma Soul!
21:15:23 [allowed] §5§lORB! §r§dPicked up §r§5+25 Motes§r§d, recovered §r§a+2ф Rift Time§r§d!
21:16:52 [allowed] §5§lORB! §r§dPicked up §r§5+25 Motes§r§d, recovered §r§a+2ф Rift Time§r§d!
21:16:56 [allowed] §aYou earned §r§2714 GEXP §r§a+ §r§5714 Event EXP §r§afrom playing SkyBlock!
21:17:13 [allowed] §5§lORB! §r§dPicked up §r§5+25 Motes§r§d, recovered §r§a+2ф Rift Time§r§d!
21:17:45 [allowed] §5§lORB! §r§dPicked up §r§5+25 Motes§r§d, recovered §r§a+2ф Rift Time§r§d!
21:18:10 [allowed] §8[§r§f49§r§8] §r§a[VIP] Gallixx§f§r§f: im using skyhanny its good
21:18:19 [allowed] §8[§r§a128§r§8] §r§7✧ §r§7FinalDest_frag§7§r§7: BRO YES
21:18:24 [allowed] §8[§r§a128§r§8] §r§7✧ §r§7FinalDest_frag§7§r§7: SKYHANI IS GOATED
21:18:29 [allowed] §8[§r§2176§r§8] §r§7▒ §r§a[VIP§6+§a] VoidGaming9663§f§r§f: gg
21:18:31 [allowed] §8[§r§f49§r§8] §r§a[VIP] Gallixx§f§r§f: i know
21:18:32 [allowed] §8[§r§e86§r§8] §r§7☬ §r§b[MVP§c+§b] Hazle_Shimmer§f§r§f: gg
21:18:34 [allowed] §8[§r§e90§r§8] §r§a[VIP§6+§a] BlueLovesTea§f§r§f: gg
21:18:36 [allowed] §5§lORB! §r§dPicked up §r§5+25 Motes§r§d, recovered §r§a+2ф Rift Time§r§d!
21:18:46 [allowed] §8[§r§2176§r§8] §r§7▒ §r§a[VIP§6+§a] VoidGaming9663§f§r§f: never doing that again
21:18:51 [allowed] §8[§r§2176§r§8] §r§7▒ §r§a[VIP§6+§a] VoidGaming9663§f§r§f: hopefully
21:18:55 [allowed] §8[§r§e86§r§8] §r§7☬ §r§b[MVP§c+§b] Hazle_Shimmer§f§r§f: same lol
21:19:03 [allowed] §8[§r§5394§r§8] §r§b[MVP§f+§b] Aakali__§f§r§f: wait till stillgore chateu
21:19:06 [allowed] §8[§r§2176§r§8] §r§7▒ §r§a[VIP§6+§a] VoidGaming9663§f§r§f: unless theres another timecharm
21:19:32 [allowed] §aFriend > §r§aMhans_W §r§eleft.
21:19:41 [allowed] §5§l▬▬▬▬▬▬▬▬▬▬▬▬▬▬▬▬▬▬▬▬▬▬▬▬▬▬▬▬▬▬▬▬▬▬▬▬▬▬▬▬▬▬▬▬▬▬▬▬▬▬▬▬▬▬▬▬▬▬▬▬▬▬▬▬
21:19:41 [allowed]   §r§d§lTHE RIFT IS COLLAPSING
21:19:41 [allowed]     §r§7You only have §r§a10ф seconds §r§7left before you are sent back
21:19:41 [allowed]     §r§7to the Wizard in the SkyBlock Hub!
21:19:41 [allowed] §5§l▬▬▬▬▬▬▬▬▬▬▬▬▬▬▬▬▬▬▬▬▬▬▬▬▬▬▬▬▬▬▬▬▬▬▬▬▬▬▬▬▬▬▬▬▬▬▬▬▬▬▬▬▬▬▬▬▬▬▬▬▬▬▬▬
21:19:46 [allowed] §7Warping...
21:19:46 [allowed] §7Sending to server mega15E...
21:19:46 [allowed] §8 §r§8 §r§1 §r§3 §r§3 §r§7 §r§8 
21:19:50 [allowed] §cYou may only use this command after 4s on the server!
21:19:50 [allowed] §aYou are playing on profile: §eOrange
21:19:50 [allowed] §8Profile ID: ff830177-eb82-4d06-aa5d-336dd4acec83
21:19:50 [allowed] §cYou may only use this command after 4s on the server!
