15:26:32 §e[SkyHanni] Updated NEU repo§r
15:26:33 §e[SkyHanni] Reloaded 7644 items in the NEU repo§r
15:27:28 §e[SkyHanni] You have gained §b606 §eBits.§r
15:37:20 §c[SkyHanni 4.0.0 1.8.9]: Caught a NullPointerException in at.hannibal2.skyhanni.data.mob.MobDetection.onTick() at SkyHanniTickEvent: group(...) must not be null§c. Click here to copy the error into the clipboard.§r
15:46:00 §e[SkyHanni] Start a new slayer quest! The old slayer quest has failed!§r
15:47:03 §e[SkyHanni] Start a new slayer quest! The old slayer quest has failed!§r
15:50:11 §c[SkyHanni 4.0.0 1.8.9]: Caught a NullPointerException in at.hannibal2.skyhanni.data.mob.MobDetection.onTick() at SkyHanniTickEvent: group(...) must not be null§c. Click here to copy the error into the clipboard.§r
15:51:36 §e[SkyHanni] §eYou have §624 §eitems in stash. §eClick to §6pickup §eyour stash!§r
15:52:37 §e[SkyHanni] §eYou have §69 §eitems in stash. §eClick to §6pickup §eyour stash!§r
15:57:58 §e[SkyHanni] You have gained §b275 §eBits.§r
16:02:10 §c[SkyHanni 4.0.0 1.8.9]: Caught a NullPointerException in at.hannibal2.skyhanni.data.mob.MobDetection.onTick() at SkyHanniTickEvent: group(...) must not be null§c. Click here to copy the error into the clipboard.§r
16:02:31 §e[SkyHanni] You have gained §b17 §eBits.§r
16:03:25 §e[SkyHanni] You have gained §b17 §eBits.§r
16:04:14 §e[SkyHanni] You have gained §b17 §eBits.§r
16:05:16 §e[SkyHanni] §bNo Bits Available! §eClick to buy booster cookies on the bazaar.§r
16:05:16 §e[SkyHanni] You have gained §b9 §eBits.§r
16:12:45 §c[SkyHanni 4.0.0 1.8.9]: Caught a NullPointerException in at.hannibal2.skyhanni.data.mob.MobDetection.onTick() at SkyHanniTickEvent: group(...) must not be null§c. Click here to copy the error into the clipboard.§r
16:17:20 §6§lBESTIARY §r§b§lGolden Ghoul §7§8XI §8➡§b §bXII§r
16:22:45 §c[SkyHanni 4.0.0 1.8.9]: Caught a NullPointerException in at.hannibal2.skyhanni.data.mob.MobDetection.onTick() at SkyHanniTickEvent: group(...) must not be null§c. Click here to copy the error into the clipboard.§r
16:32:45 §c[SkyHanni 4.0.0 1.8.9]: Caught a NullPointerException in at.hannibal2.skyhanni.data.mob.MobDetection.onTick() at SkyHanniTickEvent: group(...) must not be null§c. Click here to copy the error into the clipboard.§r
16:43:06 §c[SkyHanni 4.0.0 1.8.9]: Caught a NullPointerException in at.hannibal2.skyhanni.data.mob.MobDetection.onTick() at SkyHanniTickEvent: group(...) must not be null§c. Click here to copy the error into the clipboard.§r
16:53:35 §c[SkyHanni 4.0.0 1.8.9]: Caught a NullPointerException in at.hannibal2.skyhanni.data.mob.MobDetection.onTick() at SkyHanniTickEvent: group(...) must not be null§c. Click here to copy the error into the clipboard.§r
17:04:02 §c[SkyHanni 4.0.0 1.8.9]: Caught a NullPointerException in at.hannibal2.skyhanni.data.mob.MobDetection.onTick() at SkyHanniTickEvent: group(...) must not be null§c. Click here to copy the error into the clipboard.§r
17:33:20 §6§lBESTIARY §r§b§lAngry Archaeologist §7§8XX §8➡§b §bXXI§r
