18:01:06 Trying to load config from config/skyhanni/config.json
18:01:06 load-config-now
18:01:06 Loaded config from file
18:01:06 Trying to load sacks from config/skyhanni/sacks.json
18:01:06 load-sacks-now
18:01:06 Loaded sacks from file
18:01:06 Trying to load friends from config/skyhanni/friends.json
18:01:06 load-friends-now
18:01:06 Loaded friends from file
18:01:06 Trying to load known_features from config/skyhanni/known_features.json
18:01:06 load-known_features-now
18:01:06 Loaded known_features from file
18:01:06 Trying to load jacob_contests from config/skyhanni/jacob_contests.json
18:01:06 Setting jacob_contests to be blank as it did not exist. It will be saved once something is written to it
18:01:06 Trying to load visual_words from config/skyhanni/visual_words.json
18:01:06 Setting visual_words to be blank as it did not exist. It will be saved once something is written to it
18:01:06 Trying to load pets from config/skyhanni/pets.json
18:01:06 load-pets-now
18:01:06 Loaded pets from file
18:02:06 saveConfig: auto-save-60s
18:02:06 Saving config file
18:02:06 Saved config file successfully
18:02:06 saveConfig: auto-save-60s
18:02:06 Saving config file
18:02:06 Saved config file successfully
18:02:26 saveConfig: Updated known feature flags
18:02:26 Saving known_features file
18:02:26 Saved known_features file successfully
18:02:26 saveConfig: Updated known feature flags
18:02:26 Saving known_features file
18:02:26 Saved known_features file successfully
18:02:36 saveConfig: saving-data
18:02:36 Saving pets file
18:02:36 Saved pets file successfully
18:02:36 saveConfig: saving-data
18:02:36 Saving pets file
18:02:36 Saved pets file successfully
18:03:06 saveConfig: auto-save-60s
18:03:06 Saving config file
18:03:06 Saved config file successfully
18:03:06 saveConfig: auto-save-60s
18:03:06 Saving config file
18:03:06 Saved config file successfully
18:03:07 saveConfig: saving-data
18:03:07 Saving pets file
18:03:07 Saved pets file successfully
18:03:07 saveConfig: saving-data
18:03:07 Saving pets file
18:03:07 Saved pets file successfully
18:04:06 saveConfig: auto-save-60s
18:04:06 Saving config file
18:04:06 Saved config file successfully
18:04:06 saveConfig: auto-save-60s
18:04:06 Saving config file
18:04:06 Saved config file successfully
18:05:06 saveConfig: auto-save-60s
18:05:06 Saving config file
18:05:06 Saved config file successfully
18:05:06 saveConfig: auto-save-60s
18:05:06 Saving config file
18:05:06 Saved config file successfully
18:06:06 saveConfig: auto-save-60s
18:06:06 Saving config file
18:06:06 Saved config file successfully
18:06:06 saveConfig: auto-save-60s
18:06:06 Saving config file
18:06:06 Saved config file successfully
18:06:48 saveConfig: saving-data
18:06:48 Saving pets file
18:06:48 Saved pets file successfully
18:06:48 saveConfig: saving-data
18:06:48 Saving pets file
18:06:48 Saved pets file successfully
18:07:06 saveConfig: auto-save-60s
18:07:06 Saving config file
18:07:06 Saved config file successfully
18:07:06 saveConfig: auto-save-60s
18:07:06 Saving config file
18:07:06 Saved config file successfully
18:08:06 saveConfig: auto-save-60s
18:08:06 Saving config file
18:08:06 Saved config file successfully
18:08:06 saveConfig: auto-save-60s
18:08:06 Saving config file
18:08:06 Saved config file successfully
18:09:06 saveConfig: auto-save-60s
18:09:06 Saving config file
18:09:06 Saved config file successfully
18:09:06 saveConfig: auto-save-60s
18:09:06 Saving config file
18:09:06 Saved config file successfully
18:10:06 saveConfig: auto-save-60s
18:10:06 Saving config file
18:10:06 Saved config file successfully
18:10:06 saveConfig: auto-save-60s
18:10:06 Saving config file
18:10:06 Saved config file successfully
18:11:06 saveConfig: auto-save-60s
18:11:06 Saving config file
18:11:06 Saved config file successfully
18:11:06 saveConfig: auto-save-60s
18:11:06 Saving config file
18:11:06 Saved config file successfully
18:12:06 saveConfig: auto-save-60s
18:12:06 Saving config file
18:12:06 Saved config file successfully
18:12:06 saveConfig: auto-save-60s
18:12:06 Saving config file
18:12:06 Saved config file successfully
18:12:56 saveConfig: saving-data
18:12:56 Saving pets file
18:12:56 Saved pets file successfully
18:12:56 saveConfig: saving-data
18:12:56 Saving pets file
18:12:56 Saved pets file successfully
18:13:06 saveConfig: auto-save-60s
18:13:06 Saving config file
18:13:06 Saved config file successfully
18:13:06 saveConfig: auto-save-60s
18:13:06 Saving config file
18:13:06 Saved config file successfully
18:13:26 saveConfig: saving-data
18:13:26 Saving pets file
18:13:26 Saved pets file successfully
18:13:26 saveConfig: saving-data
18:13:26 Saving pets file
18:13:26 Saved pets file successfully
18:14:06 saveConfig: auto-save-60s
18:14:06 Saving config file
18:14:06 Saved config file successfully
18:14:06 saveConfig: auto-save-60s
18:14:06 Saving config file
18:14:06 Saved config file successfully
18:15:06 saveConfig: auto-save-60s
18:15:06 Saving config file
18:15:06 Saved config file successfully
18:15:06 saveConfig: auto-save-60s
18:15:06 Saving config file
18:15:06 Saved config file successfully
18:16:06 saveConfig: auto-save-60s
18:16:06 Saving config file
18:16:06 Saved config file successfully
18:16:06 saveConfig: auto-save-60s
18:16:06 Saving config file
18:16:06 Saved config file successfully
18:16:36 saveConfig: saving-data
18:16:36 Saving pets file
18:16:36 Saved pets file successfully
18:16:36 saveConfig: saving-data
18:16:36 Saving pets file
18:16:36 Saved pets file successfully
18:17:06 saveConfig: auto-save-60s
18:17:06 Saving config file
18:17:06 Saved config file successfully
18:17:06 saveConfig: auto-save-60s
18:17:06 Saving config file
18:17:06 Saved config file successfully
18:17:07 saveConfig: saving-data
18:17:07 Saving pets file
18:17:07 Saved pets file successfully
18:17:07 saveConfig: saving-data
18:17:07 Saving pets file
18:17:07 Saved pets file successfully
18:17:38 saveConfig: saving-data
18:17:38 Saving pets file
18:17:38 Saved pets file successfully
18:17:38 saveConfig: saving-data
18:17:38 Saving pets file
18:17:38 Saved pets file successfully
18:18:06 saveConfig: auto-save-60s
18:18:06 Saving config file
18:18:06 Saved config file successfully
18:18:06 saveConfig: auto-save-60s
18:18:06 Saving config file
18:18:06 Saved config file successfully
18:19:06 saveConfig: auto-save-60s
18:19:06 Saving config file
18:19:06 Saved config file successfully
18:19:06 saveConfig: auto-save-60s
18:19:06 Saving config file
18:19:06 Saved config file successfully
18:20:06 saveConfig: auto-save-60s
18:20:06 Saving config file
18:20:06 Saved config file successfully
18:20:06 saveConfig: auto-save-60s
18:20:06 Saving config file
18:20:06 Saved config file successfully
18:21:06 saveConfig: auto-save-60s
18:21:06 Saving config file
18:21:06 Saved config file successfully
18:21:06 saveConfig: auto-save-60s
18:21:06 Saving config file
18:21:06 Saved config file successfully
18:22:06 saveConfig: auto-save-60s
18:22:06 Saving config file
18:22:06 Saved config file successfully
18:22:06 saveConfig: auto-save-60s
18:22:06 Saving config file
18:22:06 Saved config file successfully
18:23:06 saveConfig: auto-save-60s
18:23:06 Saving config file
18:23:06 Saved config file successfully
18:23:06 saveConfig: auto-save-60s
18:23:06 Saving config file
18:23:06 Saved config file successfully
18:24:06 saveConfig: auto-save-60s
18:24:06 Saving config file
18:24:06 Saved config file successfully
18:24:06 saveConfig: auto-save-60s
18:24:06 Saving config file
18:24:06 Saved config file successfully
18:25:06 saveConfig: auto-save-60s
18:25:06 Saving config file
18:25:06 Saved config file successfully
18:25:06 saveConfig: auto-save-60s
18:25:06 Saving config file
18:25:06 Saved config file successfully
18:26:06 saveConfig: auto-save-60s
18:26:06 Saving config file
18:26:06 Saved config file successfully
18:26:06 saveConfig: auto-save-60s
18:26:06 Saving config file
18:26:06 Saved config file successfully
18:27:06 saveConfig: auto-save-60s
18:27:06 Saving config file
18:27:06 Saved config file successfully
18:27:06 saveConfig: auto-save-60s
18:27:06 Saving config file
18:27:06 Saved config file successfully
18:28:06 saveConfig: auto-save-60s
18:28:06 Saving config file
18:28:06 Saved config file successfully
18:28:06 saveConfig: auto-save-60s
18:28:06 Saving config file
18:28:06 Saved config file successfully
18:29:06 saveConfig: auto-save-60s
18:29:06 Saving config file
18:29:06 Saved config file successfully
18:29:06 saveConfig: auto-save-60s
18:29:06 Saving config file
18:29:06 Saved config file successfully
18:30:06 saveConfig: auto-save-60s
18:30:06 Saving config file
18:30:06 Saved config file successfully
18:30:06 saveConfig: auto-save-60s
18:30:06 Saving config file
18:30:06 Saved config file successfully
18:31:06 saveConfig: auto-save-60s
18:31:06 Saving config file
18:31:06 Saved config file successfully
18:31:06 saveConfig: auto-save-60s
18:31:06 Saving config file
18:31:06 Saved config file successfully
18:32:06 saveConfig: auto-save-60s
18:32:06 Saving config file
18:32:06 Saved config file successfully
18:32:06 saveConfig: auto-save-60s
18:32:06 Saving config file
18:32:06 Saved config file successfully
18:33:06 saveConfig: auto-save-60s
18:33:06 Saving config file
18:33:06 Saved config file successfully
18:33:06 saveConfig: auto-save-60s
18:33:06 Saving config file
18:33:06 Saved config file successfully
18:34:06 saveConfig: auto-save-60s
18:34:06 Saving config file
18:34:06 Saved config file successfully
18:34:06 saveConfig: auto-save-60s
18:34:06 Saving config file
18:34:06 Saved config file successfully
18:35:06 saveConfig: auto-save-60s
18:35:06 Saving config file
18:35:06 Saved config file successfully
18:35:06 saveConfig: auto-save-60s
18:35:06 Saving config file
18:35:06 Saved config file successfully
18:36:06 saveConfig: auto-save-60s
18:36:06 Saving config file
18:36:06 Saved config file successfully
18:36:06 saveConfig: auto-save-60s
18:36:06 Saving config file
18:36:06 Saved config file successfully
18:37:06 saveConfig: auto-save-60s
18:37:06 Saving config file
18:37:06 Saved config file successfully
18:37:06 saveConfig: auto-save-60s
18:37:06 Saving config file
18:37:06 Saved config file successfully
18:38:06 saveConfig: auto-save-60s
18:38:06 Saving config file
18:38:06 Saved config file successfully
18:38:06 saveConfig: auto-save-60s
18:38:06 Saving config file
18:38:06 Saved config file successfully
18:39:06 saveConfig: auto-save-60s
18:39:06 Saving config file
18:39:06 Saved config file successfully
18:39:06 saveConfig: auto-save-60s
18:39:06 Saving config file
18:39:06 Saved config file successfully
18:40:06 saveConfig: auto-save-60s
18:40:06 Saving config file
18:40:06 Saved config file successfully
18:40:06 saveConfig: auto-save-60s
18:40:06 Saving config file
18:40:06 Saved config file successfully
18:41:06 saveConfig: auto-save-60s
18:41:06 Saving config file
18:41:06 Saved config file successfully
18:41:06 saveConfig: auto-save-60s
18:41:06 Saving config file
18:41:06 Saved config file successfully
18:42:06 saveConfig: auto-save-60s
18:42:06 Saving config file
18:42:06 Saved config file successfully
18:42:06 saveConfig: auto-save-60s
18:42:06 Saving config file
18:42:06 Saved config file successfully
18:42:17 saveConfig: saving-data
18:42:17 Saving pets file
18:42:17 Saved pets file successfully
18:42:17 saveConfig: saving-data
18:42:17 Saving pets file
18:42:17 Saved pets file successfully
18:43:06 saveConfig: auto-save-60s
18:43:06 Saving config file
18:43:06 Saved config file successfully
18:43:06 saveConfig: auto-save-60s
18:43:06 Saving config file
18:43:06 Saved config file successfully
18:44:06 saveConfig: auto-save-60s
18:44:06 Saving config file
18:44:06 Saved config file successfully
18:44:06 saveConfig: auto-save-60s
18:44:06 Saving config file
18:44:06 Saved config file successfully
18:45:06 saveConfig: auto-save-60s
18:45:06 Saving config file
18:45:06 Saved config file successfully
18:45:06 saveConfig: auto-save-60s
18:45:06 Saving config file
18:45:06 Saved config file successfully
18:46:06 saveConfig: auto-save-60s
18:46:06 Saving config file
18:46:06 Saved config file successfully
18:46:06 saveConfig: auto-save-60s
18:46:06 Saving config file
18:46:06 Saved config file successfully
18:47:06 saveConfig: auto-save-60s
18:47:06 Saving config file
18:47:06 Saved config file successfully
18:47:06 saveConfig: auto-save-60s
18:47:06 Saving config file
18:47:06 Saved config file successfully
18:48:06 saveConfig: auto-save-60s
18:48:06 Saving config file
18:48:06 Saved config file successfully
18:48:06 saveConfig: auto-save-60s
18:48:06 Saving config file
18:48:06 Saved config file successfully
18:49:06 saveConfig: auto-save-60s
18:49:06 Saving config file
18:49:06 Saved config file successfully
18:49:06 saveConfig: auto-save-60s
18:49:06 Saving config file
18:49:06 Saved config file successfully
18:50:06 saveConfig: auto-save-60s
18:50:06 Saving config file
18:50:06 Saved config file successfully
18:50:06 saveConfig: auto-save-60s
18:50:06 Saving config file
18:50:06 Saved config file successfully
18:51:06 saveConfig: auto-save-60s
18:51:06 Saving config file
18:51:06 Saved config file successfully
18:51:06 saveConfig: auto-save-60s
18:51:06 Saving config file
18:51:06 Saved config file successfully
18:52:06 saveConfig: auto-save-60s
18:52:06 Saving config file
18:52:06 Saved config file successfully
18:52:06 saveConfig: auto-save-60s
18:52:06 Saving config file
18:52:06 Saved config file successfully
18:53:06 saveConfig: auto-save-60s
18:53:06 Saving config file
18:53:06 Saved config file successfully
18:53:06 saveConfig: auto-save-60s
18:53:06 Saving config file
18:53:06 Saved config file successfully
18:53:21 saveConfig: saving-data
18:53:21 Saving pets file
18:53:21 Saved pets file successfully
18:53:21 saveConfig: saving-data
18:53:21 Saving pets file
18:53:21 Saved pets file successfully
18:53:52 saveConfig: saving-data
18:53:52 Saving pets file
18:53:52 Saved pets file successfully
18:53:52 saveConfig: saving-data
18:53:52 Saving pets file
18:53:52 Saved pets file successfully
18:54:06 saveConfig: auto-save-60s
18:54:06 Saving config file
18:54:06 Saved config file successfully
18:54:06 saveConfig: auto-save-60s
18:54:06 Saving config file
18:54:06 Saved config file successfully
18:54:38 saveConfig: saving-data
18:54:38 Saving pets file
18:54:38 Saved pets file successfully
18:54:38 saveConfig: saving-data
18:54:38 Saving pets file
18:54:38 Saved pets file successfully
18:55:06 saveConfig: auto-save-60s
18:55:06 Saving config file
18:55:06 Saved config file successfully
18:55:06 saveConfig: auto-save-60s
18:55:06 Saving config file
18:55:06 Saved config file successfully
18:55:09 saveConfig: saving-data
18:55:09 Saving pets file
18:55:09 Saved pets file successfully
18:55:09 saveConfig: saving-data
18:55:09 Saving pets file
18:55:09 Saved pets file successfully
18:55:53 saveConfig: saving-data
18:55:53 Saving pets file
18:55:53 Saved pets file successfully
18:55:53 saveConfig: saving-data
18:55:53 Saving pets file
18:55:53 Saved pets file successfully
18:56:06 saveConfig: auto-save-60s
18:56:06 Saving config file
18:56:06 Saved config file successfully
18:56:06 saveConfig: auto-save-60s
18:56:06 Saving config file
18:56:06 Saved config file successfully
18:57:06 saveConfig: auto-save-60s
18:57:06 Saving config file
18:57:06 Saved config file successfully
18:57:06 saveConfig: auto-save-60s
18:57:06 Saving config file
18:57:06 Saved config file successfully
18:58:06 saveConfig: auto-save-60s
18:58:06 Saving config file
18:58:06 Saved config file successfully
18:58:06 saveConfig: auto-save-60s
18:58:06 Saving config file
18:58:06 Saved config file successfully
18:58:39 saveConfig: saving-data
18:58:39 Saving pets file
18:58:39 Saved pets file successfully
18:58:39 saveConfig: saving-data
18:58:39 Saving pets file
18:58:39 Saved pets file successfully
18:59:06 saveConfig: auto-save-60s
18:59:06 Saving config file
18:59:06 Saved config file successfully
18:59:06 saveConfig: auto-save-60s
18:59:06 Saving config file
18:59:06 Saved config file successfully
18:59:10 saveConfig: saving-data
18:59:10 Saving pets file
18:59:10 Saved pets file successfully
18:59:10 saveConfig: saving-data
18:59:10 Saving pets file
18:59:10 Saved pets file successfully
19:00:06 saveConfig: auto-save-60s
19:00:06 Saving config file
19:00:06 Saved config file successfully
19:00:06 saveConfig: auto-save-60s
19:00:06 Saving config file
19:00:06 Saved config file successfully
19:01:06 saveConfig: auto-save-60s
19:01:06 Saving config file
19:01:06 Saved config file successfully
19:01:06 saveConfig: auto-save-60s
19:01:06 Saving config file
19:01:06 Saved config file successfully
19:02:06 saveConfig: auto-save-60s
19:02:06 Saving config file
19:02:06 Saved config file successfully
19:02:06 saveConfig: auto-save-60s
19:02:06 Saving config file
19:02:06 Saved config file successfully
19:02:30 saveConfig: Save file
19:02:30 Saving friends file
19:02:30 Saved friends file successfully
19:02:30 saveConfig: Save file
19:02:30 Saving friends file
19:02:30 Saved friends file successfully
19:02:42 saveConfig: saving-data
19:02:42 Saving pets file
19:02:42 Saved pets file successfully
19:02:42 saveConfig: saving-data
19:02:42 Saving pets file
19:02:42 Saved pets file successfully
19:03:06 saveConfig: auto-save-60s
19:03:06 Saving config file
19:03:06 Saved config file successfully
19:03:06 saveConfig: auto-save-60s
19:03:06 Saving config file
19:03:06 Saved config file successfully
19:03:26 saveConfig: saving-data
19:03:26 Saving pets file
19:03:26 Saved pets file successfully
19:03:26 saveConfig: saving-data
19:03:26 Saving pets file
19:03:26 Saved pets file successfully
19:03:56 saveConfig: saving-data
19:03:56 Saving pets file
19:03:56 Saved pets file successfully
19:03:56 saveConfig: saving-data
19:03:56 Saving pets file
19:03:56 Saved pets file successfully
19:04:06 saveConfig: auto-save-60s
19:04:06 Saving config file
19:04:06 Saved config file successfully
19:04:06 saveConfig: auto-save-60s
19:04:06 Saving config file
19:04:06 Saved config file successfully
19:05:06 saveConfig: auto-save-60s
19:05:06 Saving config file
19:05:06 Saved config file successfully
19:05:06 saveConfig: auto-save-60s
19:05:06 Saving config file
19:05:06 Saved config file successfully
19:06:03 saveConfig: saving-data
19:06:03 Saving pets file
19:06:03 Saved pets file successfully
19:06:03 saveConfig: saving-data
19:06:03 Saving pets file
19:06:03 Saved pets file successfully
19:06:06 saveConfig: auto-save-60s
19:06:06 Saving config file
19:06:06 Saved config file successfully
19:06:06 saveConfig: auto-save-60s
19:06:06 Saving config file
19:06:06 Saved config file successfully
19:06:34 saveConfig: saving-data
19:06:34 Saving pets file
19:06:34 Saved pets file successfully
19:06:34 saveConfig: saving-data
19:06:34 Saving pets file
19:06:34 Saved pets file successfully
19:07:06 saveConfig: auto-save-60s
19:07:06 Saving config file
19:07:06 Saved config file successfully
19:07:06 saveConfig: auto-save-60s
19:07:06 Saving config file
19:07:06 Saved config file successfully
19:08:06 saveConfig: auto-save-60s
19:08:06 Saving config file
19:08:06 Saved config file successfully
19:08:06 saveConfig: auto-save-60s
19:08:06 Saving config file
19:08:06 Saved config file successfully
19:09:06 saveConfig: auto-save-60s
19:09:06 Saving config file
19:09:06 Saved config file successfully
19:09:06 saveConfig: auto-save-60s
19:09:06 Saving config file
19:09:06 Saved config file successfully
19:09:49 saveConfig: shutdown-hook
19:09:49 Saving config file
