20:43:44 [allowed] §f §r§r§r§f §r§r§r§1 §r§r§r§0 §r§r§r§2 §r§r§r§f §r§r§r§f §r§r§r§2 §r§r§r§0 §r§r§r§4 §r§r§r§3 §r§r§r§9 §r§r§r§2 §r§r§r§0 §r§r§r§0 §r§r§r§3 §r§r§r§9 §r§r§r§2 §r§r§r§0 §r§r§r§0 §r§r§r§3 §r§r§r§9 §r§r§r§2 §r§r§r§0 §r§r§r§0 
20:43:44 [allowed] §aYou have §b11 §aunclaimed leveling rewards!
20:43:44 [allowed] §eClick here to view them!
20:43:44 [allowed] §aYou have §64 §aunclaimed achievement rewards!
20:43:44 [allowed] §eClick here to view them!
20:43:46 [allowed]   §r§f§l➤ §r§6You have reached your Hype limit! Add Hype to Prototype Lobby minigames by right-clicking with the Hype Diamond!
20:43:47 [allowed] §b[MVP§2+§b] PedroxGamerYT§f §6spooked into the lobby!
20:43:47 [allowed] 
§r§f§l➔ §r§6§lWelcome to the Prototype Lobby§r
§r§aAll games in this lobby are currently in development.§r
§r§eClick here to leave feedback!§r§f ➤ §r§b§nhttps://hypixel.net/PTL

20:43:48 [allowed] §b[MVP§2+§b] Funtain_§f §6spooked into the lobby!
20:43:49 [allowed] §b[MVP§c+§b] hallowas§f §6spooked into the lobby!
20:43:49 [allowed] §b[MVP§0+§b] Emta_§f §6spooked into the lobby!
20:43:50 [allowed] §b[MVP§a+§b] 5haky5§f §6spooked into the lobby!
20:43:51 [allowed] §b[MVP§f+§b] hahahow§f §6spooked into the lobby!
20:43:56 [allowed]  §b>§c>§a>§r §r§6[MVP§d++§6] xKolen§f §6spooked into the lobby!§r §a<§c<§b<
20:43:56 [allowed] 
§r§f§l➔ §r§6§lWelcome to the Prototype Lobby§r
§r§aAll games in this lobby are currently in development.§r
§r§eClick here to leave feedback!§r§f ➤ §r§b§nhttps://hypixel.net/PTL

20:44:00 [allowed] §b[MVP§4+§b] SpencerWolfie§f §6spooked into the lobby!
20:44:01 [allowed] 
§r§f§l➔ §r§6§lWelcome to the Prototype Lobby§r
§r§aAll games in this lobby are currently in development.§r
§r§eClick here to leave feedback!§r§f ➤ §r§b§nhttps://hypixel.net/PTL

20:44:06 [allowed] §b[MVP§c+§b] ineedhelp0§f §6spooked into the lobby!
20:44:07 [allowed] §b[MVP§f+§b] ZurgHD§f §6spooked into the lobby!
20:44:07 [allowed] §b[MVP§2+§b] GumbarioGuizer§f §6spooked into the lobby!
20:44:08 [allowed] §b[MVP§c+§b] Jammerz_§f §6spooked into the lobby!
20:44:09 [allowed] §b[MVP§c+§b] nightnexer§f §6spooked into the lobby!
20:44:09 [allowed] §b[MVP§c+§b] grannypenguin§f §6spooked into the lobby!
20:44:10 [allowed] §b[MVP§d+§b] CrazyDegen§f §6spooked into the lobby!
20:44:14 [allowed] §b[MVP§c+§b] NotFioss§f §6spooked into the lobby!
20:44:16 [allowed] 
§r§f§l➔ §r§6§lWelcome to the Prototype Lobby§r
§r§aAll games in this lobby are currently in development.§r
§r§eClick here to leave feedback!§r§f ➤ §r§b§nhttps://hypixel.net/PTL

20:44:17 [allowed] §7Sending to server mini5AG...
20:44:17 [allowed] §8 §r§8 §r§1 §r§3 §r§3 §r§7 §r§8 
20:44:19 [allowed] 
20:44:19 [allowed] §eWelcome to §r§aHypixel SkyBlock§r§e!
20:44:19 [allowed] 
20:44:19 [allowed] §eLatest update: §bSkyBlock v0.23.4 §e§lCLICK
20:44:20 [allowed] 
20:44:20 [allowed] §c§m-----------------------------------------------------
20:44:20 [allowed] §cYou are currently muted for a Minor Chat Infraction.
20:44:20 [allowed] §7Your mute will expire in §r§c1h 9m 2s
20:44:20 [allowed]  
20:44:20 [allowed] §7Find out more here: §r§ewww.hypixel.net/mutes
20:44:20 [allowed] §7Mute ID: §r§f#A18C2EC9
20:44:20 [allowed] §c§m-----------------------------------------------------
20:44:20 [allowed]  
20:44:31 [allowed] §cThis ability is on cooldown for 4s.
20:44:31 [allowed] §cThere are blocks in the way!
20:44:32 [allowed] §9§m-----------------------------------------------------§r§9
§r§9                          §r§9 §6Friends (Page 1 of 2) §r§e§l>>§r§9
§r§9§apog3831 §eis in SkyBlock - Private Island§r§9
§r§9§b_mm6_ §cis currently offline§r§9
§r§9§7Aclassicweeb §cis currently offline§r§9
§r§9§7ALZABER_BHAI1 §cis currently offline§r§9
§r§9§aedgelord331 §cis currently offline§r§9
§r§9§aFrenchFr1s §cis currently offline§r§9
§r§9§6Gois §cis currently offline§r§9
§r§9§7Mai_Me §cis currently offline§r§9
§r§9§m-----------------------------------------------------
20:44:36 [allowed] §9§m-----------------------------------------------------
20:44:36 [allowed] §cYou cannot invite that player since they're not online.
20:44:36 [allowed] §9§m-----------------------------------------------------
20:44:47 [allowed] §8[§r§e101§r§8] §r§7§lꈔ §r§a[VIP] LeoLehtinen§f§r§f: honest question who didnt vote jerry
20:44:51 [allowed] §cThere are blocks in the way!
20:44:53 [allowed]   §r§6§lCOLLECTION UNLOCKED §eNether Wart
20:45:02 [allowed] §d§lSOUL! §fYou found a §r§dFairy Soul§r§f!
20:45:02 [allowed] §fTalk to §r§dTia the Fairy§r§f in §r§2Wilderness§r§f to learn about how souls work!
20:45:09 [allowed] §e§l▬▬▬▬▬▬▬▬▬▬▬▬▬▬▬▬▬▬▬▬▬▬▬▬▬▬▬▬▬▬▬▬▬▬▬▬▬▬▬▬▬▬▬▬▬▬▬▬▬▬▬▬▬▬▬▬▬▬▬▬▬▬▬▬
20:45:09 [allowed]   §r§6§lCOLLECTION LEVEL UP §eNether Wart §eI
20:45:09 [allowed] 
20:45:09 [allowed]   §r§a§lREWARDS
20:45:09 [allowed]     §r§7§9Nether Wart Minion §7Recipes
20:45:09 [allowed]     §r§7§8+§b4 SkyBlock XP
20:45:09 [allowed] §e§l▬▬▬▬▬▬▬▬▬▬▬▬▬▬▬▬▬▬▬▬▬▬▬▬▬▬▬▬▬▬▬▬▬▬▬▬▬▬▬▬▬▬▬▬▬▬▬▬▬▬▬▬▬▬▬▬▬▬▬▬▬▬▬▬
20:45:31 [allowed] §e§l▬▬▬▬▬▬▬▬▬▬▬▬▬▬▬▬▬▬▬▬▬▬▬▬▬▬▬▬▬▬▬▬▬▬▬▬▬▬▬▬▬▬▬▬▬▬▬▬▬▬▬▬▬▬▬▬▬▬▬▬▬▬▬▬
20:45:31 [allowed]   §r§6§lCOLLECTION LEVEL UP §ePotato §eI
20:45:31 [allowed] 
20:45:31 [allowed]   §r§a§lREWARDS
20:45:31 [allowed]     §r§7§9Potato Minion §7Recipes
20:45:31 [allowed]     §r§7§8+§b4 SkyBlock XP
20:45:31 [allowed] §e§l▬▬▬▬▬▬▬▬▬▬▬▬▬▬▬▬▬▬▬▬▬▬▬▬▬▬▬▬▬▬▬▬▬▬▬▬▬▬▬▬▬▬▬▬▬▬▬▬▬▬▬▬▬▬▬▬▬▬▬▬▬▬▬▬
20:45:36 [allowed] §e§l▬▬▬▬▬▬▬▬▬▬▬▬▬▬▬▬▬▬▬▬▬▬▬▬▬▬▬▬▬▬▬▬▬▬▬▬▬▬▬▬▬▬▬▬▬▬▬▬▬▬▬▬▬▬▬▬▬▬▬▬▬▬▬▬
20:45:36 [allowed]   §r§6§lCOLLECTION LEVEL UP §ePotato §8I➜§eII
20:45:36 [allowed] 
20:45:36 [allowed]   §r§a§lREWARDS
20:45:36 [allowed]     §r§7§fPortal to The Barn §7Recipe
20:45:36 [allowed]     §r§7§8+§b4 SkyBlock XP
20:45:36 [allowed] §e§l▬▬▬▬▬▬▬▬▬▬▬▬▬▬▬▬▬▬▬▬▬▬▬▬▬▬▬▬▬▬▬▬▬▬▬▬▬▬▬▬▬▬▬▬▬▬▬▬▬▬▬▬▬▬▬▬▬▬▬▬▬▬▬▬
20:45:39 [allowed] §cThere are blocks in the way!
20:45:42 [allowed] §aYou earned §r§548 Event EXP §r§afrom playing SkyBlock!
20:45:54 [allowed] §aYou bought §r§fZombie Talisman §r§afor §r§6500 Coins§r§a!
20:45:54 [allowed] §aYou bought §r§fSkeleton Talisman §r§afor §r§6500 Coins§r§a!
20:45:56 [allowed] §aYou bought §r§fVillage Affinity Talisman §r§afor §r§62,500 Coins§r§a!
20:45:57 [allowed] §aYou bought §r§fMine Affinity Talisman §r§afor §r§62,500 Coins§r§a!
20:45:57 [allowed] §aYou bought §r§fIntimidation Talisman §r§afor §r§610,000 Coins§r§a!
20:45:58 [allowed] §aYou bought §r§fScavenger Talisman §r§afor §r§610,000 Coins§r§a!
20:45:58 [allowed] §cInventory full? Don't forget to check out your Storage inside the SkyBlock Menu!
20:46:00 [allowed] §cYou need the Cookie Buff active to use this feature!
20:46:15 [allowed] §aYour §r§eTuning Points §r§awere auto-assigned as convenience!
20:46:19 [allowed] §aYou sold §r§fPotato§r§8 x64 §r§afor §r§6192 Coins§r§a!
20:46:19 [allowed] §aYou sold §r§fSeeds§r§8 x21 §r§afor §r§663 Coins§r§a!
20:46:22 [allowed] §aYou sold §r§f◆ Ice Rune I§r§8 x4 §r§afor §r§64 Coins§r§a!
20:46:22 [allowed] §aYou sold §r§4◆ Lava Rune I§r§8 x1 §r§afor §r§61 Coin§r§a!
20:46:23 [allowed] §aYou sold §r§fNether Wart§r§8 x50 §r§afor §r§6200 Coins§r§a!
20:46:24 [allowed] §aYou sold §r§fWheat§r§8 x13 §r§afor §r§678 Coins§r§a!
20:46:25 [allowed] §aYou sold §r§9Speed V Potion§r§8 x1 §r§afor §r§6167 Coins§r§a!
20:46:27 [allowed] §aYou sold §r§9Battle Disc§r§8 x1 §r§afor §r§61 Coin§r§a!
20:46:28 [allowed] §aYou sold §r§fPotato§r§8 x16 §r§afor §r§648 Coins§r§a!
20:46:28 [allowed] §aYou sold §r§fPotato§r§8 x64 §r§afor §r§6192 Coins§r§a!
20:46:29 [allowed] §aYou sold §r§fPotato§r§8 x64 §r§afor §r§6192 Coins§r§a!
20:46:32 [allowed] §aYou sold §r§fMining XP Boost II Potion§r§8 x1 §r§afor §r§6100 Coins§r§a!
20:46:33 [allowed] §aYou sold §r§fEnchanting XP Boost II Potion§r§8 x1 §r§afor §r§6100 Coins§r§a!
20:46:35 [allowed] §aYou sold §r§aFarming XP Boost III Potion§r§8 x1 §r§afor §r§6200 Coins§r§a!
20:46:36 [allowed] §aYou sold §r§aFarming XP Boost III Potion§r§8 x1 §r§afor §r§6200 Coins§r§a!
20:46:37 [allowed] §aYou sold §r§aFishing XP Boost III Potion§r§8 x1 §r§afor §r§6200 Coins§r§a!
20:46:38 [allowed] §aYou sold §r§aFishing XP Boost III Potion§r§8 x1 §r§afor §r§6200 Coins§r§a!
20:46:39 [allowed] §aYou sold §r§aFarming XP Boost III Potion§r§8 x1 §r§afor §r§6200 Coins§r§a!
20:46:41 [allowed] §d§lHOPPITY'S HUNT §r§dA §r§9Chocolate Lunch Egg §r§dhas appeared!
20:46:52 [allowed] §8Withdrawing coins...
20:46:52 [allowed] §aYou have withdrawn §r§633M coins§r§a! You now have §r§60 coins §r§ain your account!
20:47:46 [allowed] §cThis ability is on cooldown for 5s.
20:48:15 [allowed] §8[§r§712§r§8] §r§7DJdarthnaman§7§r§7: ken?
20:48:23 [allowed] §8[§r§a121§r§8] §r§b[MVP§9+§b] KFC_CLASH§f§r§f: nah
20:48:32 [allowed] §8[§r§a121§r§8] §r§b[MVP§9+§b] KFC_CLASH§f§r§f: i havent watched ken in a while ngl
20:48:35 [allowed] §aAPI: §r§ePersonal Bank and Vault is now enabled!
20:48:46 [allowed] §aAPI: §r§eInventory is now enabled!
20:48:46 [allowed] §aAPI: §r§eCollections are now enabled!
20:48:47 [allowed] §aAPI: §r§eSkills are now enabled!
20:48:47 [allowed] §aAPI: §r§eMuseum is now enabled!
20:48:50 [allowed] §8[§r§712§r§8] §r§7DJdarthnaman§7§r§7: watch the jiddy videos they kinda peak ngl
20:49:05 [allowed] §8[§r§a121§r§8] §r§b[MVP§9+§b] KFC_CLASH§f§r§f: alr
20:49:14 [allowed] §8[§r§a121§r§8] §r§b[MVP§9+§b] KFC_CLASH§f§r§f: im satrting to return to cr so why not
20:50:38 [allowed] §7Warping you to your SkyBlock island...
20:50:39 [allowed] §7Sending to server mini72CV...
20:50:39 [allowed] §8 §r§8 §r§1 §r§3 §r§3 §r§7 §r§8 
20:50:44 [allowed] §aA §r§bStranger §r§aappears on your island at §r§f8§r§a, §r§f100§r§a, §r§f41§r§a! You should go talk to them.
20:50:52 [allowed] §3§l▬▬▬▬▬▬▬▬▬▬▬▬▬▬▬▬▬▬▬▬▬▬▬▬▬▬▬▬▬▬▬▬▬▬▬▬▬▬▬▬▬▬▬▬▬▬▬▬▬▬▬▬▬▬▬▬▬▬▬▬▬▬▬▬
20:50:52 [allowed]   §r§b§lSKILL LEVEL UP §3Mining §8XII➜§3XIII
20:50:52 [allowed] 
20:50:52 [allowed]   §r§a§lREWARDS
20:50:52 [allowed]    §r§eSpelunker XIII
20:50:52 [allowed]    §r  §7§fGrants §a+§848➜§a52§f §6☘ Mining Fortune§f, which increases your
20:50:52 [allowed]    §r  §fchance for multiple ore drops.
20:50:52 [allowed]    §r§7§8+§a1 §a❈ Defense
20:50:52 [allowed]    §r§7§9Full-Jaw Fanging Kit §7Reforge
20:50:52 [allowed]    §r§7§9Flowering Bouquet §7Reforge
20:50:52 [allowed]    §r§7§8+§620,000 §7Coins
20:50:52 [allowed]    §r§7§8+§b10 SkyBlock XP
20:50:52 [allowed] §3§l▬▬▬▬▬▬▬▬▬▬▬▬▬▬▬▬▬▬▬▬▬▬▬▬▬▬▬▬▬▬▬▬▬▬▬▬▬▬▬▬▬▬▬▬▬▬▬▬▬▬▬▬▬▬▬▬▬▬▬▬▬▬▬▬
20:50:55 [allowed] §3§l▬▬▬▬▬▬▬▬▬▬▬▬▬▬▬▬▬▬▬▬▬▬▬▬▬▬▬▬▬▬▬▬▬▬▬▬▬▬▬▬▬▬▬▬▬▬▬▬▬▬▬▬▬▬▬▬▬▬▬▬▬▬▬▬
20:50:55 [allowed]   §r§b§lSKILL LEVEL UP §3Taming §8X➜§3XI
20:50:55 [allowed] 
20:50:55 [allowed]   §r§a§lREWARDS
20:50:55 [allowed]    §r§eZoologist XI
20:50:55 [allowed]    §r  §7§fGain §810➜§a11%§f extra pet exp.
20:50:55 [allowed]    §r§7§8+§fGain §82➜§a2.2% §fExp Share rate.
20:50:55 [allowed]    §r§7§8+§a1 §d♣ Pet Luck
20:50:55 [allowed]    §r§7§8+§610,000 §7Coins
20:50:55 [allowed]    §r§7§8+§b10 SkyBlock XP
20:50:55 [allowed] §3§l▬▬▬▬▬▬▬▬▬▬▬▬▬▬▬▬▬▬▬▬▬▬▬▬▬▬▬▬▬▬▬▬▬▬▬▬▬▬▬▬▬▬▬▬▬▬▬▬▬▬▬▬▬▬▬▬▬▬▬▬▬▬▬▬
20:50:56 [allowed] §7Warping...
20:50:56 [allowed] §7Sending to server mini85G...
20:50:57 [allowed] §8 §r§8 §r§1 §r§3 §r§3 §r§7 §r§8 
20:51:33 [allowed] §6[Bazaar] §r§7Executing instant sell...
20:51:33 [allowed] §6[Bazaar] §r§7Sold §r§a257§r§7x §r§fRedstone Dust §r§7for §r§6899.5 coins§r§7!
20:51:33 [allowed] §6[Bazaar] §r§7Sold §r§a16§r§7x §r§aEnchanted Diamond §r§7for §r§620,061 coins§r§7!
20:51:33 [allowed] §6[Bazaar] §r§7Sold §r§a160§r§7x §r§aEnchanted Redstone Dust §r§7for §r§6140,144 coins§r§7!
20:51:33 [allowed] §6[Bazaar] §r§7Sold §r§a27§r§7x §r§fDiamond §r§7for §r§6202.5 coins§r§7!
20:51:35 [allowed] §6[Bazaar] §r§7Executing instant sell...
20:51:35 [allowed] §6[Bazaar] §r§7Sold §r§a119§r§7x §r§fSnow Block §r§7for §r§6368.9 coins§r§7!
20:51:35 [allowed] §6[Bazaar] §r§7Sold §r§a49§r§7x §r§aEnchanted Snow Block §r§7for §r§627,670 coins§r§7!
20:51:40 [allowed] §6[Sacks] §r§c-168§r§e items§r§e.§r§8 (Last 5s.)
20:52:17 [allowed] §7Warping you to your SkyBlock island...
20:52:17 [allowed] §7Sending to server mini220W...
20:52:18 [allowed] §8 §r§8 §r§1 §r§3 §r§3 §r§7 §r§8 
20:52:22 [allowed] §a§r§6Banking API is now enabled!
20:52:23 [allowed] §aA §r§bStranger §r§aappears on your island at §r§f8§r§a, §r§f100§r§a, §r§f41§r§a! You should go talk to them.
20:52:24 [allowed] §aVisits: §r§bAnyone is now enabled!
20:52:49 [allowed] §7Warping...
20:52:49 [allowed] §7Sending to server mini193CT...
20:52:49 [allowed] §8 §r§8 §r§1 §r§3 §r§3 §r§7 §r§8 
20:52:49 [allowed] §8[§r§723§r§8] §r§7Ayan_XD_§7§r§7: some money pls
20:52:53 [allowed] §8[§r§b226§r§8] §r§7ᛃ §r§a[VIP] LTPhycho§f§r§f: lmao
20:53:02 [allowed] §f §r§r§r§f §r§r§r§1 §r§r§r§0 §r§r§r§2 §r§r§r§f §r§r§r§f §r§r§r§2 §r§r§r§0 §r§r§r§4 §r§r§r§3 §r§r§r§9 §r§r§r§2 §r§r§r§0 §r§r§r§0 §r§r§r§3 §r§r§r§9 §r§r§r§2 §r§r§r§0 §r§r§r§0 §r§r§r§3 §r§r§r§9 §r§r§r§2 §r§r§r§0 §r§r§r§0 
20:53:02 [allowed] §b✦ §r§7You earned §r§b12 §r§7Mystery Dust!
20:53:02 [allowed] §aYou have §b11 §aunclaimed leveling rewards!
20:53:02 [allowed] §eClick here to view them!
20:53:02 [allowed] §aYou have §64 §aunclaimed achievement rewards!
20:53:02 [allowed] §eClick here to view them!
20:53:03 [allowed] 
§r§f§l➔ §r§6§lWelcome to the Prototype Lobby§r
§r§aAll games in this lobby are currently in development.§r
§r§eClick here to leave feedback!§r§f ➤ §r§b§nhttps://hypixel.net/PTL

20:53:04 [allowed] §7Sending to server mini193CT...
20:53:04 [allowed] §b[MVP§c+§b] corridov§f §6spooked into the lobby!
20:53:04 [allowed] §8 §r§8 §r§1 §r§3 §r§3 §r§7 §r§8 
20:53:05 [allowed] §8[§r§723§r§8] §r§7Ayan_XD_§7§r§7: thanks
20:53:06 [allowed] 
20:53:06 [allowed] §eWelcome to §r§aHypixel SkyBlock§r§e!
20:53:06 [allowed] 
20:53:06 [allowed] §eLatest update: §bSkyBlock v0.23.4 §e§lCLICK
20:53:08 [allowed] §cYou may only use this command after 4s on the server!
20:53:21 [allowed] §8[§r§b226§r§8] §r§7ᛃ §r§a[VIP] LTPhycho§f§r§f: you could bought some hype with that
20:53:33 [allowed] §8[§r§723§r§8] §r§7Ayan_XD_§7§r§7: Okay
20:53:36 [allowed] 
20:53:36 [allowed]  §r§6§lNEW AREA DISCOVERED!
20:53:36 [allowed] §7  ⏣ §r§b§r§6Shen's Auction
20:53:36 [allowed] 
20:53:36 [allowed] §7   ■ §r§f§r§7§r§fTalk to Damia§r§f.
20:53:36 [allowed] §7   ■ §r§f§r§7§r§fBid on high-end items.
20:53:36 [allowed] 
