21:09:35 `Bat`135633 missed {
 is already Found: true).
 Position: LorenzVec(x=-4.375, y=72.89583333333333, z=-88.25)
 DistanceC: 13.298100762237237
Relative Position: LorenzVec(x=-13.298100762237237, y=2.8958333333333286, z=0.8632225555649313)
 }
21:12:44 `cxed357nvm`251 missed {
 is already Found: false).
 Position: LorenzVec(x=-24.5, y=71.0, z=-58.5)
 DistanceC: 23.754874726133483
Relative Position: LorenzVec(x=-23.754874726133483, y=1.0, z=23.321242195416147)
 }
21:15:13 `g6426383k6`528 missed {
 is already Found: false).
 Position: LorenzVec(x=-6.5, y=55.0, z=-95.5)
 DistanceC: 22.177937030062022
Relative Position: LorenzVec(x=-22.177937030062022, y=-15.0, z=-21.95376237043824)
 }
21:15:14 `Villager`366 missed {
 is already Found: false).
 Position: LorenzVec(x=-0.5, y=70.0, z=-54.5)
 DistanceC: 19.04623762956176
Relative Position: LorenzVec(x=-16.177937030062022, y=0.0, z=19.04623762956176)
 }
21:16:21 `Bat`135633 missed {
 is already Found: true).
 Position: LorenzVec(x=4.96875, y=105.14583333333333, z=-98.625)
 DistanceC: 17.661187017733795
Relative Position: LorenzVec(x=16.27786444951072, y=35.14583333333333, z=-17.661187017733795)
 }
21:17:17 `p4840akc56`1476 missed {
 is already Found: false).
 Position: LorenzVec(x=-2.5, y=72.0, z=-109.5)
 DistanceC: 20.960184090749056
Relative Position: LorenzVec(x=20.960184090749056, y=0.0, z=-18.761999447901857)
 }
21:19:01 `Its_Amelia782`184375 missed {
 is already Found: false).
 Position: LorenzVec(x=-27.71875, y=72.0, z=-94.71875)
 DistanceC: 4.407414735901099
Relative Position: LorenzVec(x=4.407414735901099, y=-0.0625, z=-3.198637115911538)
 }
21:24:22 `2r9l6x2sr7`340 missed {
 is already Found: false).
 Position: LorenzVec(x=-49.5, y=70.0, z=-67.5)
 DistanceC: 23.860634930346166
Relative Position: LorenzVec(x=-22.769869639945078, y=-2.0625, z=23.860634930346166)
 }
21:24:48 `Bat`135633 missed {
 is already Found: true).
 Position: LorenzVec(x=4.96875, y=105.26041666666666, z=-98.625)
 DistanceC: 21.328828007333172
Relative Position: LorenzVec(x=21.328828007333172, y=35.26041666666666, z=-3.4428868730220614)
 }
21:24:49 `76go87psbo`418 missed {
 is already Found: false).
 Position: LorenzVec(x=2.5, y=70.0, z=-75.5)
 DistanceC: 22.40705417760519
Relative Position: LorenzVec(x=17.988915527036724, y=0.07840000152587834, z=22.40705417760519)
 }
21:25:45 `Villager`10 missed {
 is already Found: false).
 Position: LorenzVec(x=-20.0, y=78.0, z=-325.40625)
 DistanceC: 20.454711963351315
Relative Position: LorenzVec(x=-8.08443054281301, y=2.750812921255317, z=-20.454711963351315)
 }
21:27:43 `§bSam `14200750 missed {
 is already Found: false).
 Position: LorenzVec(x=6.5, y=2.0, z=7.5)
 DistanceC: 2.666208368868876
Relative Position: LorenzVec(x=1.678004253171368, y=-99.0, z=2.666208368868876)
 }
21:27:49 `Villager`14200230 missed {
 is already Found: false).
 Position: LorenzVec(x=30.84375, y=105.0, z=31.53125)
 DistanceC: 21.88759622075848
Relative Position: LorenzVec(x=20.533921427367975, y=4.0, z=21.88759622075848)
 }
21:28:21 `Villager`372 missed {
 is already Found: false).
 Position: LorenzVec(x=-36.0, y=68.0, z=-39.0)
 DistanceC: 22.9649223678946
Relative Position: LorenzVec(x=-13.502997171938556, y=-3.0, z=22.9649223678946)
 }
21:29:54 `309739s6if`1582 missed {
 is already Found: false).
 Position: LorenzVec(x=-2.5, y=72.0, z=-109.5)
 DistanceC: 21.81704891966136
Relative Position: LorenzVec(x=21.81704891966136, y=0.0, z=-17.270692191319654)
 }
21:29:55 `w63dh5618f`1581 missed {
 is already Found: false).
 Position: LorenzVec(x=-0.5, y=72.0, z=-111.5)
 DistanceC: 23.81704891966136
Relative Position: LorenzVec(x=23.81704891966136, y=0.0, z=-19.270692191319654)
 }
21:32:26 `2dv9c38mx9`43 missed {
 is already Found: false).
 Position: LorenzVec(x=177.5, y=77.0, z=-356.0)
 DistanceC: 23.60881430453179
Relative Position: LorenzVec(x=-18.884829021665354, y=0.0, z=23.60881430453179)
 }
21:35:06 `Villager`366 missed {
 is already Found: false).
 Position: LorenzVec(x=-0.5, y=70.0, z=-54.5)
 DistanceC: 22.46131934460134
Relative Position: LorenzVec(x=22.46131934460134, y=0.0, z=22.395782021685562)
 }
21:35:06 `0q7a72qtd6`244 missed {
 is already Found: false).
 Position: LorenzVec(x=-42.5, y=72.0, z=-54.5)
 DistanceC: 22.395782021685562
Relative Position: LorenzVec(x=-19.53868065539866, y=2.0, z=22.395782021685562)
 }
21:35:26 `OM3GA_`92409 missed {
 is already Found: false).
 Position: LorenzVec(x=-12.161008230452676, y=70.0025720164609, z=-58.41053669410151)
 DistanceC: 18.485245327584053
Relative Position: LorenzVec(x=10.800311114148663, y=0.0025720164609026597, z=18.485245327584053)
 }
21:36:13 `1v0as92s75`228 missed {
 is already Found: false).
 Position: LorenzVec(x=22.0, y=71.0, z=-45.5)
 DistanceC: 21.37910356190175
Relative Position: LorenzVec(x=-21.37910356190175, y=1.0, z=14.397198271041944)
 }
21:36:55 `Pig`209646 missed {
 is already Found: false).
 Position: LorenzVec(x=-3.625, y=70.0, z=-92.40625)
 DistanceC: 20.7480452304071
Relative Position: LorenzVec(x=6.0187181038813335, y=0.0, z=-20.7480452304071)
 }
21:36:56 `x9h2axjg7a`420 missed {
 is already Found: false).
 Position: LorenzVec(x=-31.0, y=73.0, z=-85.5)
 DistanceC: 21.356281896118666
Relative Position: LorenzVec(x=-21.356281896118666, y=3.0, z=-13.8417952304071)
 }
21:36:56 `4l1c9z198r`422 missed {
 is already Found: false).
 Position: LorenzVec(x=-31.0, y=73.0, z=-95.5)
 DistanceC: 23.8417952304071
Relative Position: LorenzVec(x=-21.356281896118666, y=3.0, z=-23.8417952304071)
 }
21:36:56 `043942lx33`515 missed {
 is already Found: false).
 Position: LorenzVec(x=-29.5, y=57.0, z=-90.5)
 DistanceC: 19.856281896118666
Relative Position: LorenzVec(x=-19.856281896118666, y=-13.0, z=-18.8417952304071)
 }
21:36:56 `g6426383k6`528 missed {
 is already Found: false).
 Position: LorenzVec(x=-6.5, y=55.0, z=-95.5)
 DistanceC: 23.8417952304071
Relative Position: LorenzVec(x=3.1437181038813335, y=-15.0, z=-23.8417952304071)
 }
21:41:25 `yv21a767v8`228 missed {
 is already Found: false).
 Position: LorenzVec(x=22.0, y=71.0, z=-45.5)
 DistanceC: 20.745475289488645
Relative Position: LorenzVec(x=-20.745475289488645, y=1.0, z=16.393837705187458)
 }
21:43:20 `cd0p3y4j7m`528 missed {
 is already Found: false).
 Position: LorenzVec(x=-6.5, y=55.0, z=-95.5)
 DistanceC: 22.229216977868585
Relative Position: LorenzVec(x=22.229216977868585, y=-15.0, z=-21.059980118874492)
 }
21:43:24 `j483as784b`245 missed {
 is already Found: false).
 Position: LorenzVec(x=-51.0, y=72.0, z=-60.5)
 DistanceC: 22.270783022131415
Relative Position: LorenzVec(x=-22.270783022131415, y=2.0, z=13.940019881125508)
 }
21:43:41 `Villager`358 missed {
 is already Found: false).
 Position: LorenzVec(x=-21.5, y=68.0, z=-124.5)
 DistanceC: 22.644688348378025
Relative Position: LorenzVec(x=-19.80000001192093, y=-4.0, z=-22.644688348378025)
 }
21:45:02 `1s76729t33`336 missed {
 is already Found: false).
 Position: LorenzVec(x=-10.0, y=68.0, z=-130.0)
 DistanceC: 23.389693394028924
Relative Position: LorenzVec(x=23.389693394028924, y=-1.0, z=-18.64647967430608)
 }
21:47:06 `f4p62g900c`336 missed {
 is already Found: false).
 Position: LorenzVec(x=-10.0, y=68.0, z=-130.0)
 DistanceC: 22.28735194758451
Relative Position: LorenzVec(x=22.28735194758451, y=-1.0, z=-18.758619554839854)
 }
21:47:38 `Bat`312649 missed {
 is already Found: false).
 Position: LorenzVec(x=-24.96875, y=69.10000002384186, z=-123.9375)
 DistanceC: 8.4128789680625
Relative Position: LorenzVec(x=-4.121282708046174, y=1.100000023841858, z=-8.4128789680625)
 }
21:48:50 `Villager`366 missed {
 is already Found: false).
 Position: LorenzVec(x=-0.5, y=70.0, z=-54.5)
 DistanceC: 21.515109474419802
Relative Position: LorenzVec(x=14.06899900001698, y=0.0, z=21.515109474419802)
 }
21:49:19 `jn1i5c2dwd`530 missed {
 is already Found: false).
 Position: LorenzVec(x=-39.5, y=70.0, z=-78.90625)
 DistanceC: 23.928394747190268
Relative Position: LorenzVec(x=-23.928394747190268, y=-1.0, z=-18.65543519169138)
 }
21:49:20 `Villager`372 missed {
 is already Found: false).
 Position: LorenzVec(x=-36.0, y=68.0, z=-39.0)
 DistanceC: 21.25081480830862
Relative Position: LorenzVec(x=-20.428394747190268, y=-3.0, z=21.25081480830862)
 }
21:49:37 `7g38ii0g8h`1512 missed {
 is already Found: false).
 Position: LorenzVec(x=-2.5, y=72.0, z=-109.5)
 DistanceC: 17.746762196830502
Relative Position: LorenzVec(x=15.617726477582643, y=0.3959196219069554, z=-17.746762196830502)
 }
21:49:47 `p0gqwuv826`338 missed {
 is already Found: false).
 Position: LorenzVec(x=-37.5, y=68.0, z=-125.5)
 DistanceC: 23.11683376045599
Relative Position: LorenzVec(x=-19.741824405959413, y=0.0, z=-23.11683376045599)
 }
21:53:17 `Villager`364 missed {
 is already Found: false).
 Position: LorenzVec(x=17.5, y=70.0, z=-99.0)
 DistanceC: 20.666874603170672
Relative Position: LorenzVec(x=20.666874603170672, y=0.0, z=-19.09313769689325)
 }
21:53:17 `y3s4ug9vjt`251 missed {
 is already Found: false).
 Position: LorenzVec(x=-24.5, y=71.0, z=-58.5)
 DistanceC: 21.40686230310675
Relative Position: LorenzVec(x=-21.333125396829328, y=1.0, z=21.40686230310675)
 }
21:53:17 `Villager`356 missed {
 is already Found: false).
 Position: LorenzVec(x=-25.71875, y=68.0, z=-103.125)
 DistanceC: 23.21813769689325
Relative Position: LorenzVec(x=-22.551875396829328, y=-2.0, z=-23.21813769689325)
 }
