07:47:13 DUNGEON_HUB
07:52:16 CATACOMBS
07:59:27 NONE
07:59:28 CATACOMBS
08:06:26 NONE
08:06:26 DUNGEON_HUB
08:07:18 NONE
08:07:19 CATACOMBS
08:13:31 NONE
08:13:31 CATACOMBS
08:13:36 DUNGEON_HUB
08:16:29 NONE
08:16:30 CATACOMBS
08:23:15 CATACOMBS
08:31:04 NONE
08:31:05 HUB
08:31:22 NONE
08:31:23 DUNGEON_HUB
08:35:43 NONE
08:35:44 PRIVATE_ISLAND_GUEST
08:37:50 NONE
08:37:51 DUNGEON_HUB
08:38:23 NONE
08:38:25 HUB
08:41:58 PRIVATE_ISLAND
08:42:06 NONE
08:42:06 HUB
08:42:39 NONE
08:42:40 PRIVATE_ISLAND
08:43:44 NONE
08:43:45 HUB
08:44:47 NONE
08:44:49 CATACOMBS
08:46:41 NONE
08:46:42 DUNGEON_HUB
08:50:23 NONE
08:50:23 CATACOMBS
08:52:50 NONE
08:52:51 DUNGEON_HUB
08:56:19 HUB
08:59:01 NONE
08:59:01 DUNGEON_HUB
08:59:44 NONE
08:59:46 CATACOMBS
09:03:47 NONE
09:03:48 CATACOMBS
09:07:13 NONE
09:07:14 CATACOMBS
09:11:05 NONE
09:11:06 CATACOMBS
09:15:07 NONE
09:15:09 HUB
09:15:31 NONE
09:15:32 DUNGEON_HUB
09:21:33 CATACOMBS
09:28:27 NONE
09:28:29 CATACOMBS
09:35:21 NONE
09:35:21 DUNGEON_HUB
