08:51:36 §e[SkyHanni] Updated NEU repo§r
08:51:37 §e[SkyHanni] Reloaded 7644 items in the NEU repo§r
08:52:29 §e[SkyHanni] You have gained §b670 §eBits.§r
08:52:33 §e[SkyHanni] §b+10 SkyBlock XP §7(§5Maddox the Slayer§7)§b (10/100)§r
08:52:34 §e[SkyHanni] §b+6 SkyBlock XP §7(Accessory Bag§7)§b (16/100)§r
08:52:48 §a§lPotion Effect! §r§5Night Vision I§r
08:52:48 §a§lPotion Effect! §r§bPet Luck I§r
08:52:49 §a§lPotion Effect! §r§4Critical I§r
08:52:49 §a§lPotion Effect! §r§aRabbit I§r
08:52:50 §a§lPotion Effect! §r§9Experience II§r
08:52:50 §a§lPotion Effect! §r§eHaste I§r
08:52:50 §a§lPotion Effect! §r§aResistance III§r
08:52:51 §a§lPotion Effect! §r§cFire Resistance I§r
08:52:51 §a§lPotion Effect! §r§9Mana III§r
08:52:51 §a§lPotion Effect! §r§cAdrenaline III§r
08:52:52 §a§lPotion Effect! §r§bMagic Find I§r
08:52:52 §a§lPotion Effect! §r§9Speed III§r
08:52:52 §a§lPotion Effect! §r§6Absorption III§r
08:52:53 §a§lPotion Effect! §r§9Dodge I§r
08:52:53 §a§lPotion Effect! §r§4Strength III§r
08:52:53 §a§lPotion Effect! §r§9Water Breathing I§r
08:52:54 §a§lPotion Effect! §r§bArchery I§r
08:52:54 §a§lPotion Effect! §r§4Regeneration II§r
09:22:47 §e[SkyHanni] You have gained §b578 §eBits.§r
10:35:36 §6§lBESTIARY §r§b§lSkeleton Lord §7§8XIII §8➡§b §bXIV§r
10:53:55 §e[SkyHanni] You have gained §b1,077 §eBits.§r
