21:10:36 `257mn746rq`515 missed {
 is already Found: false).
 Position: LorenzVec(x=-29.5, y=57.0, z=-90.5)
 DistanceC: 23.40101469633146
Relative Position: LorenzVec(x=-17.381693495719958, y=-13.0, z=-23.40101469633146)
 }
21:10:37 `qb28r24o1s`421 missed {
 is already Found: false).
 Position: LorenzVec(x=-36.0, y=73.0, z=-85.5)
 DistanceC: 23.881693495719958
Relative Position: LorenzVec(x=-23.881693495719958, y=3.0, z=-18.40101469633146)
 }
21:10:43 `Skeleton Horse`104303 missed {
 is already Found: false).
 Position: LorenzVec(x=-9.375, y=70.0, z=-92.0625)
 DistanceC: 2.960605956521846
Relative Position: LorenzVec(x=-1.675000011920929, y=0.0, z=2.960605956521846)
 }
21:10:44 `Zombie`94420 missed {
 is already Found: false).
 Position: LorenzVec(x=5.1875, y=103.0, z=-100.5625)
 DistanceC: 12.887499988079071
Relative Position: LorenzVec(x=12.887499988079071, y=33.0, z=-5.771653259442104)
 }
21:10:45 `m2v99cj3a8`1482 missed {
 is already Found: false).
 Position: LorenzVec(x=-2.5, y=72.0, z=-109.5)
 DistanceC: 14.908671450891902
Relative Position: LorenzVec(x=5.427988970522646, y=2.0, z=-14.908671450891902)
 }
21:10:45 `77jglj4fja`1481 missed {
 is already Found: false).
 Position: LorenzVec(x=-0.5, y=72.0, z=-111.5)
 DistanceC: 16.9086714508919
Relative Position: LorenzVec(x=7.427988970522646, y=2.0, z=-16.9086714508919)
 }
21:10:46 `1v98cg27jc`420 missed {
 is already Found: false).
 Position: LorenzVec(x=-31.0, y=73.0, z=-85.5)
 DistanceC: 23.072011029477352
Relative Position: LorenzVec(x=-23.072011029477352, y=3.0, z=9.091328549108098)
 }
21:11:37 `5763tj11i7`228 missed {
 is already Found: false).
 Position: LorenzVec(x=22.0, y=71.0, z=-45.5)
 DistanceC: 22.078950510434687
Relative Position: LorenzVec(x=22.078950510434687, y=-0.17078707721880448, z=-10.11970939335039)
 }
21:12:32 `87y13jjqt7`421 missed {
 is already Found: false).
 Position: LorenzVec(x=-36.0, y=73.0, z=-85.5)
 DistanceC: 23.642410073712554
Relative Position: LorenzVec(x=-23.642410073712554, y=3.0, z=-17.181985913090458)
 }
21:12:35 `42yjt497x0`416 missed {
 is already Found: false).
 Position: LorenzVec(x=7.0, y=70.0, z=-85.0)
 DistanceC: 18.433435514660715
Relative Position: LorenzVec(x=17.023188630803233, y=0.0, z=-18.433435514660715)
 }
21:12:36 `39eg2143ob`515 missed {
 is already Found: false).
 Position: LorenzVec(x=-29.5, y=57.0, z=-90.5)
 DistanceC: 23.850361552753043
Relative Position: LorenzVec(x=-18.076706359167254, y=-13.0, z=-23.850361552753043)
 }
21:12:47 `9fa15149lx`515 missed {
 is already Found: false).
 Position: LorenzVec(x=-29.5, y=57.0, z=-90.5)
 DistanceC: 23.27293981045559
Relative Position: LorenzVec(x=-23.27293981045559, y=-14.015555072702199, z=-10.141220427466905)
 }
21:12:52 `y68ukq815z`19 missed {
 is already Found: false).
 Position: LorenzVec(x=4.5, y=72.0, z=-104.5)
 DistanceC: 10.337892790591383
Relative Position: LorenzVec(x=9.006303686511313, y=2.0, z=-10.337892790591383)
 }
21:12:53 `bx30j62h83`1595 missed {
 is already Found: false).
 Position: LorenzVec(x=-2.5, y=72.0, z=-109.5)
 DistanceC: 15.337892790591383
Relative Position: LorenzVec(x=2.0063036865113117, y=2.0, z=-15.337892790591383)
 }
21:12:53 `avqj45saqf`1594 missed {
 is already Found: false).
 Position: LorenzVec(x=-0.5, y=72.0, z=-111.5)
 DistanceC: 17.337892790591383
Relative Position: LorenzVec(x=4.006303686511312, y=2.0, z=-17.337892790591383)
 }
21:14:37 `31w9xk5cqv`422 missed {
 is already Found: false).
 Position: LorenzVec(x=-31.0, y=73.0, z=-95.5)
 DistanceC: 23.445525424738193
Relative Position: LorenzVec(x=-23.445525424738193, y=3.0, z=-12.531550132184535)
 }
21:16:45 `xd8lao0a6d`251 missed {
 is already Found: false).
 Position: LorenzVec(x=-24.5, y=71.0, z=-58.5)
 DistanceC: 23.472300884526987
Relative Position: LorenzVec(x=-22.002112500867952, y=1.0, z=23.472300884526987)
 }
21:16:45 `Villager`364 missed {
 is already Found: false).
 Position: LorenzVec(x=17.5, y=70.0, z=-99.0)
 DistanceC: 19.997887499132048
Relative Position: LorenzVec(x=19.997887499132048, y=0.0, z=-17.027699115473013)
 }
21:16:46 `Villager`356 missed {
 is already Found: false).
 Position: LorenzVec(x=-25.71875, y=68.0, z=-103.125)
 DistanceC: 23.220862500867952
Relative Position: LorenzVec(x=-23.220862500867952, y=-2.0, z=-21.152699115473013)
 }
21:17:01 `pi6an305hb`417 missed {
 is already Found: false).
 Position: LorenzVec(x=14.0, y=72.0, z=-106.0)
 DistanceC: 20.61953308978515
Relative Position: LorenzVec(x=14.07191356346313, y=1.9375, z=-20.61953308978515)
 }
21:17:02 `699ceb8bvm`489 missed {
 is already Found: false).
 Position: LorenzVec(x=23.0, y=71.0, z=-69.0)
 DistanceC: 23.07191356346313
Relative Position: LorenzVec(x=23.07191356346313, y=0.9375, z=16.38046691021485)
 }
21:17:02 `xp212r67f7`490 missed {
 is already Found: false).
 Position: LorenzVec(x=23.0, y=77.0, z=-69.5)
 DistanceC: 23.07191356346313
Relative Position: LorenzVec(x=23.07191356346313, y=6.9375, z=15.88046691021485)
 }
21:18:40 `Villager`356 missed {
 is already Found: false).
 Position: LorenzVec(x=-25.71875, y=68.0, z=-103.125)
 DistanceC: 22.041601382384407
Relative Position: LorenzVec(x=-22.041601382384407, y=-2.0, z=-12.413464003075532)
 }
21:18:41 `lshy94ajz7`1585 missed {
 is already Found: false).
 Position: LorenzVec(x=-2.5, y=72.0, z=-109.5)
 DistanceC: 18.788464003075532
Relative Position: LorenzVec(x=1.177148617615594, y=2.0, z=-18.788464003075532)
 }
21:18:41 `7vd945j447`1584 missed {
 is already Found: false).
 Position: LorenzVec(x=-0.5, y=72.0, z=-111.5)
 DistanceC: 20.788464003075532
Relative Position: LorenzVec(x=3.177148617615594, y=2.0, z=-20.788464003075532)
 }
21:19:21 `5m02c14fdn`515 missed {
 is already Found: false).
 Position: LorenzVec(x=-29.5, y=57.0, z=-90.5)
 DistanceC: 23.19398718653884
Relative Position: LorenzVec(x=-23.19398718653884, y=-13.0, z=-1.561350598616059)
 }
21:20:10 `Enderman`2769028 missed {
 is already Found: false).
 Position: LorenzVec(x=22.5, y=100.0, z=44.5)
 DistanceC: 15.94590619549244
Relative Position: LorenzVec(x=15.94590619549244, y=0.0, z=6.288455651453759)
 }
21:20:10 `Enderman`2769029 missed {
 is already Found: false).
 Position: LorenzVec(x=20.677083333333332, y=100.0, z=42.791666666666664)
 DistanceC: 14.122989528825773
Relative Position: LorenzVec(x=14.122989528825773, y=0.0, z=4.580122318120424)
 }
21:20:10 `Enderman`2769030 missed {
 is already Found: false).
 Position: LorenzVec(x=22.5, y=100.0, z=44.5)
 DistanceC: 15.94590619549244
Relative Position: LorenzVec(x=15.94590619549244, y=0.0, z=6.288455651453759)
 }
21:20:10 `Enderman`2769031 missed {
 is already Found: false).
 Position: LorenzVec(x=22.25, y=100.0, z=42.21875)
 DistanceC: 15.69590619549244
Relative Position: LorenzVec(x=15.69590619549244, y=0.0, z=4.007205651453759)
 }
21:24:53 `ol7z10x934`245 missed {
 is already Found: false).
 Position: LorenzVec(x=-51.0, y=72.0, z=-60.5)
 DistanceC: 20.30000001192093
Relative Position: LorenzVec(x=-20.30000001192093, y=2.0, z=15.504153012158056)
 }
21:27:49 `nba61og8ep`19 missed {
 is already Found: false).
 Position: LorenzVec(x=4.5, y=72.0, z=-104.5)
 DistanceC: 21.388025887316857
Relative Position: LorenzVec(x=18.374532810986373, y=2.0, z=-21.388025887316857)
 }
21:28:04 `76kq31b0fb`245 missed {
 is already Found: false).
 Position: LorenzVec(x=-51.0, y=72.0, z=-60.5)
 DistanceC: 20.025089276732828
Relative Position: LorenzVec(x=-20.025089276732828, y=1.0, z=15.865369723864049)
 }
21:29:42 `9fa15149lx`515 missed {
 is already Found: false).
 Position: LorenzVec(x=-29.5, y=57.0, z=-90.5)
 DistanceC: 22.846245150413225
Relative Position: LorenzVec(x=-19.503911724988118, y=-13.0, z=-22.846245150413225)
 }
21:29:42 `87j4v3419u`420 missed {
 is already Found: false).
 Position: LorenzVec(x=-31.0, y=73.0, z=-85.5)
 DistanceC: 21.003911724988118
Relative Position: LorenzVec(x=-21.003911724988118, y=3.0, z=-17.846245150413225)
 }
21:29:50 `y68ukq815z`19 missed {
 is already Found: false).
 Position: LorenzVec(x=4.5, y=72.0, z=-104.5)
 DistanceC: 8.800000011920929
Relative Position: LorenzVec(x=5.800000011920929, y=2.0, z=-8.800000011920929)
 }
21:29:51 `bx30j62h83`1595 missed {
 is already Found: false).
 Position: LorenzVec(x=-2.5, y=72.0, z=-109.5)
 DistanceC: 13.800000011920929
Relative Position: LorenzVec(x=-1.1999999880790715, y=2.0, z=-13.800000011920929)
 }
21:29:51 `avqj45saqf`1594 missed {
 is already Found: false).
 Position: LorenzVec(x=-0.5, y=72.0, z=-111.5)
 DistanceC: 15.800000011920929
Relative Position: LorenzVec(x=0.8000000119209285, y=2.0, z=-15.800000011920929)
 }
21:32:23 `nj0q121pl1`19 missed {
 is already Found: false).
 Position: LorenzVec(x=4.5, y=72.0, z=-104.5)
 DistanceC: 10.593593004847733
Relative Position: LorenzVec(x=7.66709346641194, y=2.0, z=-10.593593004847733)
 }
21:32:23 `m2v99cj3a8`1482 missed {
 is already Found: false).
 Position: LorenzVec(x=-2.5, y=72.0, z=-109.5)
 DistanceC: 15.593593004847733
Relative Position: LorenzVec(x=0.6670934664119392, y=2.0, z=-15.593593004847733)
 }
21:32:24 `77jglj4fja`1481 missed {
 is already Found: false).
 Position: LorenzVec(x=-0.5, y=72.0, z=-111.5)
 DistanceC: 17.593593004847733
Relative Position: LorenzVec(x=2.6670934664119392, y=2.0, z=-17.593593004847733)
 }
21:33:12 `bewio2e2g6`529 missed {
 is already Found: false).
 Position: LorenzVec(x=-32.5, y=71.0, z=-76.5)
 DistanceC: 21.83661742230224
Relative Position: LorenzVec(x=-21.83661742230224, y=1.0, z=18.61214321961485)
 }
21:34:39 `Villager`356 missed {
 is already Found: false).
 Position: LorenzVec(x=-25.71875, y=68.0, z=-103.125)
 DistanceC: 18.207291588520487
Relative Position: LorenzVec(x=-18.207291588520487, y=-3.1661092609382138, z=-12.67099877784932)
 }
21:34:39 `d40nb434e1`1604 missed {
 is already Found: false).
 Position: LorenzVec(x=-2.5, y=72.0, z=-109.5)
 DistanceC: 22.643984285571108
Relative Position: LorenzVec(x=7.151498674430927, y=0.7508129212553172, z=-22.643984285571108)
 }
21:34:45 `w5839699a3`1603 missed {
 is already Found: false).
 Position: LorenzVec(x=-0.5, y=72.0, z=-111.5)
 DistanceC: 16.248434350998608
Relative Position: LorenzVec(x=0.9437988056845066, y=2.0, z=-16.248434350998608)
 }
21:35:24 `t4xsyo136u`251 missed {
 is already Found: false).
 Position: LorenzVec(x=-24.5, y=71.0, z=-58.5)
 DistanceC: 20.77455756172577
Relative Position: LorenzVec(x=-16.860381079128658, y=1.0, z=20.77455756172577)
 }
21:35:43 `Villager`356 missed {
 is already Found: false).
 Position: LorenzVec(x=-25.71875, y=68.0, z=-103.125)
 DistanceC: 23.063035885560776
Relative Position: LorenzVec(x=-23.063035885560776, y=-2.0, z=-16.987612386216966)
 }
21:35:44 `3n2le6dkz5`417 missed {
 is already Found: false).
 Position: LorenzVec(x=14.0, y=72.0, z=-106.0)
 DistanceC: 19.862612386216966
Relative Position: LorenzVec(x=16.655714114439224, y=2.0, z=-19.862612386216966)
 }
21:35:44 `as2379f69k`1585 missed {
 is already Found: false).
 Position: LorenzVec(x=-2.5, y=72.0, z=-109.5)
 DistanceC: 23.362612386216966
Relative Position: LorenzVec(x=0.15571411443922445, y=2.0, z=-23.362612386216966)
 }
21:35:50 `99f9r569ee`1584 missed {
 is already Found: false).
 Position: LorenzVec(x=-0.5, y=72.0, z=-111.5)
 DistanceC: 18.789695111589594
Relative Position: LorenzVec(x=4.348545583995923, y=2.0, z=-18.789695111589594)
 }
21:36:32 `§bSam `371199 missed {
 is already Found: false).
 Position: LorenzVec(x=5.5, y=99.0, z=47.5)
 DistanceC: 19.592777836849294
Relative Position: LorenzVec(x=-19.056562374400528, y=-0.5, z=-19.592777836849294)
 }
21:39:55 `m2v99cj3a8`1482 missed {
 is already Found: false).
 Position: LorenzVec(x=-2.5, y=72.0, z=-109.5)
 DistanceC: 13.800000011920929
Relative Position: LorenzVec(x=1.7940671916241406, y=2.0, z=-13.800000011920929)
 }
21:39:55 `77jglj4fja`1481 missed {
 is already Found: false).
 Position: LorenzVec(x=-0.5, y=72.0, z=-111.5)
 DistanceC: 15.800000011920929
Relative Position: LorenzVec(x=3.7940671916241406, y=2.0, z=-15.800000011920929)
 }
21:44:44 `Villager`356 missed {
 is already Found: false).
 Position: LorenzVec(x=-25.71875, y=68.0, z=-103.125)
 DistanceC: 23.387562083057247
Relative Position: LorenzVec(x=-23.387562083057247, y=-2.0, z=-10.81460727969531)
 }
21:44:45 `avqj45saqf`1594 missed {
 is already Found: false).
 Position: LorenzVec(x=-0.5, y=72.0, z=-111.5)
 DistanceC: 19.18960727969531
Relative Position: LorenzVec(x=1.831187916942754, y=2.0, z=-19.18960727969531)
 }
21:49:08 `31w9xk5cqv`422 missed {
 is already Found: false).
 Position: LorenzVec(x=-31.0, y=73.0, z=-95.5)
 DistanceC: 21.35051628750561
Relative Position: LorenzVec(x=-21.35051628750561, y=3.0, z=-17.01191902502373)
 }
21:49:08 `9fa15149lx`515 missed {
 is already Found: false).
 Position: LorenzVec(x=-29.5, y=57.0, z=-90.5)
 DistanceC: 19.85051628750561
Relative Position: LorenzVec(x=-19.85051628750561, y=-13.0, z=-12.01191902502373)
 }
21:49:25 `Villager`364 missed {
 is already Found: false).
 Position: LorenzVec(x=17.5, y=70.0, z=-99.0)
 DistanceC: 19.996039619923977
Relative Position: LorenzVec(x=19.996039619923977, y=0.0, z=-16.790315890421923)
 }
21:49:25 `t4xsyo136u`251 missed {
 is already Found: false).
 Position: LorenzVec(x=-24.5, y=71.0, z=-58.5)
 DistanceC: 23.709684109578077
Relative Position: LorenzVec(x=-22.003960380076023, y=1.0, z=23.709684109578077)
 }
21:49:26 `Villager`356 missed {
 is already Found: false).
 Position: LorenzVec(x=-25.71875, y=68.0, z=-103.125)
 DistanceC: 23.222710380076023
Relative Position: LorenzVec(x=-23.222710380076023, y=-2.0, z=-20.915315890421923)
 }
21:49:26 `j98t89zz86`417 missed {
 is already Found: false).
 Position: LorenzVec(x=14.0, y=72.0, z=-106.0)
 DistanceC: 23.790315890421923
Relative Position: LorenzVec(x=16.496039619923977, y=2.0, z=-23.790315890421923)
 }
21:49:35 `d40nb434e1`1604 missed {
 is already Found: false).
 Position: LorenzVec(x=-2.5, y=72.0, z=-109.5)
 DistanceC: 13.800000011920929
Relative Position: LorenzVec(x=-1.1999999880790706, y=2.0, z=-13.800000011920929)
 }
21:49:35 `w5839699a3`1603 missed {
 is already Found: false).
 Position: LorenzVec(x=-0.5, y=72.0, z=-111.5)
 DistanceC: 15.800000011920929
Relative Position: LorenzVec(x=0.8000000119209294, y=2.0, z=-15.800000011920929)
 }
21:50:14 `8s1pq8r4t1`515 missed {
 is already Found: false).
 Position: LorenzVec(x=-29.5, y=57.0, z=-90.5)
 DistanceC: 21.687891862465847
Relative Position: LorenzVec(x=-20.22433235862398, y=-13.0, z=-21.687891862465847)
 }
21:50:22 `m4271t1lhi`19 missed {
 is already Found: false).
 Position: LorenzVec(x=4.5, y=72.0, z=-104.5)
 DistanceC: 11.201648596407097
Relative Position: LorenzVec(x=6.529864008552413, y=2.0, z=-11.201648596407097)
 }
21:50:22 `Villager`356 missed {
 is already Found: false).
 Position: LorenzVec(x=-25.71875, y=68.0, z=-103.125)
 DistanceC: 23.688885991447588
Relative Position: LorenzVec(x=-23.688885991447588, y=-2.0, z=-9.826648596407097)
 }
21:50:23 `as2379f69k`1585 missed {
 is already Found: false).
 Position: LorenzVec(x=-2.5, y=72.0, z=-109.5)
 DistanceC: 16.201648596407097
Relative Position: LorenzVec(x=-0.4701359914475871, y=2.0, z=-16.201648596407097)
 }
21:50:23 `99f9r569ee`1584 missed {
 is already Found: false).
 Position: LorenzVec(x=-0.5, y=72.0, z=-111.5)
 DistanceC: 18.201648596407097
Relative Position: LorenzVec(x=1.529864008552413, y=2.0, z=-18.201648596407097)
 }
21:50:46 `q9836s978u`515 missed {
 is already Found: false).
 Position: LorenzVec(x=-29.5, y=57.0, z=-90.5)
 DistanceC: 21.620472365653043
Relative Position: LorenzVec(x=-20.15288543810461, y=-13.0, z=-21.620472365653043)
 }
21:50:55 `ag7s6kq644`19 missed {
 is already Found: false).
 Position: LorenzVec(x=4.5, y=72.0, z=-104.5)
 DistanceC: 10.635438947827524
Relative Position: LorenzVec(x=9.424683012432745, y=2.0, z=-10.635438947827524)
 }
21:50:56 `0cd4x3f80e`1475 missed {
 is already Found: false).
 Position: LorenzVec(x=-2.5, y=72.0, z=-109.5)
 DistanceC: 15.635438947827524
Relative Position: LorenzVec(x=2.4246830124327436, y=2.0, z=-15.635438947827524)
 }
21:50:56 `y79lf916gs`1474 missed {
 is already Found: false).
 Position: LorenzVec(x=-0.5, y=72.0, z=-111.5)
 DistanceC: 17.635438947827524
Relative Position: LorenzVec(x=4.424683012432744, y=2.0, z=-17.635438947827524)
 }
21:51:54 `301mm3j6l1`515 missed {
 is already Found: false).
 Position: LorenzVec(x=-29.5, y=57.0, z=-90.5)
 DistanceC: 23.582435608268945
Relative Position: LorenzVec(x=-23.582435608268945, y=-13.0, z=-3.3193267548137584)
 }
21:52:23 `knhl11ph3g`245 missed {
 is already Found: false).
 Position: LorenzVec(x=-51.0, y=72.0, z=-60.5)
 DistanceC: 20.144045044635583
Relative Position: LorenzVec(x=-20.144045044635583, y=1.0, z=15.830217371902322)
 }
21:52:53 `Villager`356 missed {
 is already Found: false).
 Position: LorenzVec(x=-25.71875, y=68.0, z=-103.125)
 DistanceC: 19.040925843765606
Relative Position: LorenzVec(x=-16.00076262666599, y=-2.7850277037892397, z=-19.040925843765606)
 }
21:53:00 `pi6an305hb`417 missed {
 is already Found: false).
 Position: LorenzVec(x=14.0, y=72.0, z=-106.0)
 DistanceC: 20.728519508654358
Relative Position: LorenzVec(x=18.298324840742236, y=2.0, z=-20.728519508654358)
 }
21:53:10 `Villager`354 missed {
 is already Found: false).
 Position: LorenzVec(x=28.5, y=69.0, z=-57.5)
 DistanceC: 23.008955183366993
Relative Position: LorenzVec(x=11.535361206505328, y=-1.0, z=23.008955183366993)
 }
21:53:10 `5hl9mok1yi`332 missed {
 is already Found: false).
 Position: LorenzVec(x=31.5, y=71.0, z=-101.5)
 DistanceC: 20.991044816633007
Relative Position: LorenzVec(x=14.535361206505328, y=1.0, z=-20.991044816633007)
 }
21:53:17 `d904x26d97`330 missed {
 is already Found: false).
 Position: LorenzVec(x=39.5, y=71.0, z=-100.5)
 DistanceC: 23.649909497390468
Relative Position: LorenzVec(x=19.681244085226915, y=0.0, z=-23.649909497390468)
 }
21:54:06 `Villager`356 missed {
 is already Found: false).
 Position: LorenzVec(x=-25.71875, y=68.0, z=-103.125)
 DistanceC: 23.211863135977183
Relative Position: LorenzVec(x=-23.211863135977183, y=-2.0, z=-13.731553050769804)
 }
21:54:06 `767qo1n729`19 missed {
 is already Found: false).
 Position: LorenzVec(x=4.5, y=72.0, z=-104.5)
 DistanceC: 15.106553050769804
Relative Position: LorenzVec(x=7.0068868640228175, y=2.0, z=-15.106553050769804)
 }
21:54:07 `4j22784f51`1541 missed {
 is already Found: false).
 Position: LorenzVec(x=-2.5, y=72.0, z=-109.5)
 DistanceC: 20.106553050769804
Relative Position: LorenzVec(x=0.006886864022817463, y=2.0, z=-20.106553050769804)
 }
21:54:07 `oa6357py1p`1540 missed {
 is already Found: false).
 Position: LorenzVec(x=-0.5, y=72.0, z=-111.5)
 DistanceC: 22.106553050769804
Relative Position: LorenzVec(x=2.0068868640228175, y=2.0, z=-22.106553050769804)
 }
21:54:29 `bmkf7m37v9`515 missed {
 is already Found: false).
 Position: LorenzVec(x=-29.5, y=57.0, z=-90.5)
 DistanceC: 23.94417442309036
Relative Position: LorenzVec(x=-23.94417442309036, y=-13.0, z=4.085356136074651)
 }
21:54:49 `0b5615m874`423 missed {
 is already Found: false).
 Position: LorenzVec(x=-36.0, y=73.0, z=-95.5)
 DistanceC: 22.786548470113097
Relative Position: LorenzVec(x=-22.786548470113097, y=3.0, z=-17.172156006660487)
 }
21:55:03 `26y7j8s440`19 missed {
 is already Found: false).
 Position: LorenzVec(x=4.5, y=72.0, z=-104.5)
 DistanceC: 8.800000011920929
Relative Position: LorenzVec(x=6.069704914438834, y=2.0, z=-8.800000011920929)
 }
21:55:04 `fibbh52m25`1515 missed {
 is already Found: false).
 Position: LorenzVec(x=-2.5, y=72.0, z=-109.5)
 DistanceC: 13.800000011920929
Relative Position: LorenzVec(x=-0.8842000505222778, y=2.0, z=-13.800000011920929)
 }
21:55:04 `q068fkl2sy`1514 missed {
 is already Found: false).
 Position: LorenzVec(x=-0.5, y=72.0, z=-111.5)
 DistanceC: 15.800000011920929
Relative Position: LorenzVec(x=0.8417831639297222, y=2.0, z=-15.800000011920929)
 }
21:55:38 `tx6kw3r8bc`515 missed {
 is already Found: false).
 Position: LorenzVec(x=-29.5, y=57.0, z=-90.5)
 DistanceC: 21.61101191081707
Relative Position: LorenzVec(x=-18.291964173434078, y=-13.0, z=-21.61101191081707)
 }
21:56:40 `5m02c14fdn`515 missed {
 is already Found: false).
 Position: LorenzVec(x=-29.5, y=57.0, z=-90.5)
 DistanceC: 22.178954996774323
Relative Position: LorenzVec(x=-22.178954996774323, y=-13.0, z=-19.47710247700151)
 }
21:57:09 `2h1g2jqu39`19 missed {
 is already Found: false).
 Position: LorenzVec(x=4.5, y=72.0, z=-104.5)
 DistanceC: 20.408760255997947
Relative Position: LorenzVec(x=6.365720438478681, y=2.0, z=-20.408760255997947)
 }
21:57:10 `Villager`356 missed {
 is already Found: false).
 Position: LorenzVec(x=-25.71875, y=68.0, z=-103.125)
 DistanceC: 23.853029561521318
Relative Position: LorenzVec(x=-23.853029561521318, y=-2.0, z=-19.033760255997947)
 }
21:57:10 `k8q40wgq47`417 missed {
 is already Found: false).
 Position: LorenzVec(x=14.0, y=72.0, z=-106.0)
 DistanceC: 21.908760255997947
Relative Position: LorenzVec(x=15.865720438478682, y=2.0, z=-21.908760255997947)
 }
21:57:24 `Villager`356 missed {
 is already Found: false).
 Position: LorenzVec(x=-25.71875, y=68.0, z=-103.125)
 DistanceC: 22.359993466101006
Relative Position: LorenzVec(x=-22.359993466101006, y=-2.0, z=-11.164112475037527)
 }
21:57:24 `bx30j62h83`1595 missed {
 is already Found: false).
 Position: LorenzVec(x=-2.5, y=72.0, z=-109.5)
 DistanceC: 16.652755017990813
Relative Position: LorenzVec(x=1.7299274874161563, y=2.0, z=-16.652755017990813)
 }
21:57:24 `avqj45saqf`1594 missed {
 is already Found: false).
 Position: LorenzVec(x=-0.5, y=72.0, z=-111.5)
 DistanceC: 17.319155969319795
Relative Position: LorenzVec(x=4.5428762703769365, y=2.0, z=-17.319155969319795)
 }
21:58:11 `9fa15149lx`515 missed {
 is already Found: false).
 Position: LorenzVec(x=-29.5, y=57.0, z=-90.5)
 DistanceC: 20.976169411872807
Relative Position: LorenzVec(x=-20.976169411872807, y=-14.166109260938214, z=-11.391203304190881)
 }
21:58:21 `Villager`356 missed {
 is already Found: false).
 Position: LorenzVec(x=-25.71875, y=68.0, z=-103.125)
 DistanceC: 22.80127335513138
Relative Position: LorenzVec(x=-22.80127335513138, y=-2.0, z=-8.887023803986196)
 }
21:58:22 `697dn7v128`1590 missed {
 is already Found: false).
 Position: LorenzVec(x=-2.5, y=72.0, z=-109.5)
 DistanceC: 13.800000011920929
Relative Position: LorenzVec(x=1.1049180131557796, y=2.0, z=-13.800000011920929)
 }
21:58:22 `uro857nmo3`1589 missed {
 is already Found: false).
 Position: LorenzVec(x=-0.5, y=72.0, z=-111.5)
 DistanceC: 15.800000011920929
Relative Position: LorenzVec(x=3.1049180131557796, y=2.0, z=-15.800000011920929)
 }
21:59:41 `Villager`364 missed {
 is already Found: false).
 Position: LorenzVec(x=17.5, y=70.0, z=-99.0)
 DistanceC: 19.76647440523496
Relative Position: LorenzVec(x=19.76647440523496, y=0.0, z=-11.69954216521782)
 }
21:59:41 `Villager`356 missed {
 is already Found: false).
 Position: LorenzVec(x=-25.71875, y=68.0, z=-103.125)
 DistanceC: 23.461104109299814
Relative Position: LorenzVec(x=-23.461104109299814, y=-2.0, z=-15.790589660335684)
 }
21:59:42 `13nj382418`417 missed {
 is already Found: false).
 Position: LorenzVec(x=14.0, y=72.0, z=-106.0)
 DistanceC: 18.665589660335684
Relative Position: LorenzVec(x=16.257645890700186, y=2.0, z=-18.665589660335684)
 }
21:59:46 `fibbh52m25`1515 missed {
 is already Found: false).
 Position: LorenzVec(x=-2.5, y=72.0, z=-109.5)
 DistanceC: 20.962220913301877
Relative Position: LorenzVec(x=3.166663842344578, y=0.7508129212553172, z=-20.962220913301877)
 }
21:59:51 `q068fkl2sy`1514 missed {
 is already Found: false).
 Position: LorenzVec(x=-0.5, y=72.0, z=-111.5)
 DistanceC: 16.484395140498663
Relative Position: LorenzVec(x=0.9653456805314378, y=2.0, z=-16.484395140498663)
 }
22:00:28 `4j22784f51`1541 missed {
 is already Found: false).
 Position: LorenzVec(x=-2.5, y=72.0, z=-109.5)
 DistanceC: 13.944740652226855
Relative Position: LorenzVec(x=0.27125994533107, y=2.0, z=-13.944740652226855)
 }
22:00:28 `oa6357py1p`1540 missed {
 is already Found: false).
 Position: LorenzVec(x=-0.5, y=72.0, z=-111.5)
 DistanceC: 15.976239014537086
Relative Position: LorenzVec(x=2.765050673817207, y=2.0, z=-15.976239014537086)
 }
22:01:24 `d40nb434e1`1604 missed {
 is already Found: false).
 Position: LorenzVec(x=-2.5, y=72.0, z=-109.5)
 DistanceC: 16.28850546557439
Relative Position: LorenzVec(x=0.7329453528200394, y=2.0, z=-16.28850546557439)
 }
22:01:24 `w5839699a3`1603 missed {
 is already Found: false).
 Position: LorenzVec(x=-0.5, y=72.0, z=-111.5)
 DistanceC: 18.28850546557439
Relative Position: LorenzVec(x=2.7329453528200394, y=2.0, z=-18.28850546557439)
 }
22:05:00 `Zombie`48760 missed {
 is already Found: false).
 Position: LorenzVec(x=-20.78125, y=70.0, z=-75.6875)
 DistanceC: 18.599454504063402
Relative Position: LorenzVec(x=-18.467725554727284, y=0.0, z=18.599454504063402)
 }
22:11:08 `Zombie`3881 missed {
 is already Found: false).
 Position: LorenzVec(x=-31.5, y=58.0, z=-113.875)
 DistanceC: 21.652911728408057
Relative Position: LorenzVec(x=-5.924435499053338, y=-14.0, z=-21.652911728408057)
 }
22:12:57 `pa4j39u2kv`490 missed {
 is already Found: false).
 Position: LorenzVec(x=23.0, y=77.0, z=-69.5)
 DistanceC: 22.2983574092367
Relative Position: LorenzVec(x=21.455593531191003, y=5.833890739061786, z=22.2983574092367)
 }
22:13:00 `29o182wg44`489 missed {
 is already Found: false).
 Position: LorenzVec(x=23.0, y=71.0, z=-69.0)
 DistanceC: 23.18861799920686
Relative Position: LorenzVec(x=23.18861799920686, y=-0.17078707721880448, z=21.072651543493237)
 }
22:13:09 `Bat`61899 missed {
 is already Found: false).
 Position: LorenzVec(x=-18.8125, y=72.9375, z=-88.125)
 DistanceC: 19.770939760936656
Relative Position: LorenzVec(x=-19.770939760936656, y=1.9375, z=5.416180763945135)
 }
22:13:36 `Bat`61870 missed {
 is already Found: false).
 Position: LorenzVec(x=-18.052083333333332, y=74.22916666666667, z=-68.58333333333333)
 DistanceC: 20.94683895918827
Relative Position: LorenzVec(x=-13.98124143544429, y=4.229166666666671, z=20.94683895918827)
 }
22:19:20 `JosephAdams2007`76047 missed {
 is already Found: false).
 Position: LorenzVec(x=-22.96875, y=70.0, z=-75.34375)
 DistanceC: 19.934299665962122
Relative Position: LorenzVec(x=-19.934299665962122, y=0.0, z=16.73246301536504)
 }
22:22:06 `Bat`61838 missed {
 is already Found: false).
 Position: LorenzVec(x=3.90625, y=74.78125, z=-59.125)
 DistanceC: 14.192057474548873
Relative Position: LorenzVec(x=14.192057474548873, y=4.677169621906955, z=6.700765095476086)
 }
22:22:08 `Bat`61846 missed {
 is already Found: false).
 Position: LorenzVec(x=-5.5, y=74.6875, z=-47.15625)
 DistanceC: 19.56957862688087
Relative Position: LorenzVec(x=3.7197823307670888, y=3.6861640208878583, z=19.56957862688087)
 }
22:22:30 `oa6357py1p`1540 missed {
 is already Found: false).
 Position: LorenzVec(x=-0.5, y=72.0, z=-111.5)
 DistanceC: 17.87449574217139
Relative Position: LorenzVec(x=2.338629739914189, y=2.0, z=-17.87449574217139)
 }
22:24:29 `yj6g770v75`251 missed {
 is already Found: false).
 Position: LorenzVec(x=-24.5, y=71.0, z=-58.5)
 DistanceC: 23.866286068919962
Relative Position: LorenzVec(x=-19.75528858499578, y=1.0, z=23.866286068919962)
 }
22:24:35 `bmkf7m37v9`515 missed {
 is already Found: false).
 Position: LorenzVec(x=-29.5, y=57.0, z=-90.5)
 DistanceC: 23.437693472417976
Relative Position: LorenzVec(x=-23.437693472417976, y=-13.0, z=-5.939932053850285)
 }
22:24:56 `Villager`356 missed {
 is already Found: false).
 Position: LorenzVec(x=-25.71875, y=68.0, z=-103.125)
 DistanceC: 23.21875
Relative Position: LorenzVec(x=-23.21875, y=-2.0, z=-13.45890358468263)
 }
22:24:57 `841sq1s4l9`19 missed {
 is already Found: false).
 Position: LorenzVec(x=4.5, y=72.0, z=-104.5)
 DistanceC: 14.83390358468263
Relative Position: LorenzVec(x=7.0, y=2.0, z=-14.83390358468263)
 }
22:24:57 `d7sz06zc42`1609 missed {
 is already Found: false).
 Position: LorenzVec(x=-2.5, y=72.0, z=-109.5)
 DistanceC: 18.576181028662333
Relative Position: LorenzVec(x=2.179910995602924, y=0.9844449272978011, z=-18.576181028662333)
 }
22:24:58 `lgoz7le4o4`1608 missed {
 is already Found: false).
 Position: LorenzVec(x=-0.5, y=72.0, z=-111.5)
 DistanceC: 20.192074179557878
Relative Position: LorenzVec(x=4.971874424519065, y=1.5800000131130219, z=-20.192074179557878)
 }
22:25:06 `4y84e3591g`529 missed {
 is already Found: false).
 Position: LorenzVec(x=-32.5, y=71.0, z=-76.5)
 DistanceC: 23.42588106370804
Relative Position: LorenzVec(x=-23.42588106370804, y=1.0, z=15.010905545593218)
 }
22:25:37 `Villager`356 missed {
 is already Found: false).
 Position: LorenzVec(x=-25.71875, y=68.0, z=-103.125)
 DistanceC: 23.21875
Relative Position: LorenzVec(x=-23.21875, y=-2.0, z=-12.92853096856949)
 }
22:25:38 `2h1g2jqu39`19 missed {
 is already Found: false).
 Position: LorenzVec(x=4.5, y=72.0, z=-104.5)
 DistanceC: 14.30353096856949
Relative Position: LorenzVec(x=7.0, y=2.0, z=-14.30353096856949)
 }
22:25:38 `lshy94ajz7`1585 missed {
 is already Found: false).
 Position: LorenzVec(x=-2.5, y=72.0, z=-109.5)
 DistanceC: 18.10055003040057
Relative Position: LorenzVec(x=0.25969322013587703, y=2.0, z=-18.10055003040057)
 }
22:25:39 `7vd945j447`1584 missed {
 is already Found: false).
 Position: LorenzVec(x=-0.5, y=72.0, z=-111.5)
 DistanceC: 19.60771257314643
Relative Position: LorenzVec(x=1.9452583687871403, y=0.7508129212553172, z=-19.60771257314643)
 }
22:26:06 `5m02c14fdn`515 missed {
 is already Found: false).
 Position: LorenzVec(x=-29.5, y=57.0, z=-90.5)
 DistanceC: 21.15733205324831
Relative Position: LorenzVec(x=-21.15733205324831, y=-13.0, z=-6.612781650204596)
 }
22:26:07 `54h60t42r2`422 missed {
 is already Found: false).
 Position: LorenzVec(x=-31.0, y=73.0, z=-95.5)
 DistanceC: 22.65733205324831
Relative Position: LorenzVec(x=-22.65733205324831, y=3.0, z=-11.612781650204596)
 }
22:26:30 `2ho5kh6k55`19 missed {
 is already Found: false).
 Position: LorenzVec(x=4.5, y=72.0, z=-104.5)
 DistanceC: 12.199999988079071
Relative Position: LorenzVec(x=12.199999988079071, y=2.0, z=-8.800000011920929)
 }
22:26:31 `697dn7v128`1590 missed {
 is already Found: false).
 Position: LorenzVec(x=-2.5, y=72.0, z=-109.5)
 DistanceC: 13.800000011920929
Relative Position: LorenzVec(x=5.19999998807907, y=2.0, z=-13.800000011920929)
 }
22:26:31 `uro857nmo3`1589 missed {
 is already Found: false).
 Position: LorenzVec(x=-0.5, y=72.0, z=-111.5)
 DistanceC: 15.800000011920929
Relative Position: LorenzVec(x=7.19999998807907, y=2.0, z=-15.800000011920929)
 }
22:26:33 `77e20m5839`515 missed {
 is already Found: false).
 Position: LorenzVec(x=-29.5, y=57.0, z=-90.5)
 DistanceC: 23.963757882642334
Relative Position: LorenzVec(x=-23.963757882642334, y=-13.0, z=2.6496608013897287)
 }
22:27:08 `92tw1793op`420 missed {
 is already Found: false).
 Position: LorenzVec(x=-31.0, y=73.0, z=-85.5)
 DistanceC: 21.349783722004247
Relative Position: LorenzVec(x=-21.349783722004247, y=3.0, z=-15.772290864958705)
 }
22:27:18 `avqj45saqf`1594 missed {
 is already Found: false).
 Position: LorenzVec(x=-0.5, y=72.0, z=-111.5)
 DistanceC: 15.800000011920929
Relative Position: LorenzVec(x=1.2757765239433216, y=2.0, z=-15.800000011920929)
 }
22:27:18 `bx30j62h83`1595 missed {
 is already Found: false).
 Position: LorenzVec(x=-2.5, y=72.0, z=-109.5)
 DistanceC: 13.800000011920929
Relative Position: LorenzVec(x=-0.7242234760566784, y=2.0, z=-13.800000011920929)
 }
22:27:19 `Villager`356 missed {
 is already Found: false).
 Position: LorenzVec(x=-25.71875, y=68.0, z=-103.125)
 DistanceC: 23.882674379253032
Relative Position: LorenzVec(x=-23.882674379253032, y=-2.0, z=-7.425000011920929)
 }
22:27:33 `9fa15149lx`515 missed {
 is already Found: false).
 Position: LorenzVec(x=-29.5, y=57.0, z=-90.5)
 DistanceC: 23.979617579101216
Relative Position: LorenzVec(x=-23.979617579101216, y=-13.0, z=0.8710672197285589)
 }
22:29:07 `87j4v3419u`420 missed {
 is already Found: false).
 Position: LorenzVec(x=-31.0, y=73.0, z=-85.5)
 DistanceC: 23.768060407817416
Relative Position: LorenzVec(x=-23.768060407817416, y=2.2468000194787976, z=-6.976051961088672)
 }
22:29:16 `bx30j62h83`1595 missed {
 is already Found: false).
 Position: LorenzVec(x=-2.5, y=72.0, z=-109.5)
 DistanceC: 22.46419880616348
Relative Position: LorenzVec(x=6.390489533886122, y=2.0, z=-22.46419880616348)
 }
22:29:20 `f1cy5jc727`529 missed {
 is already Found: false).
 Position: LorenzVec(x=-32.5, y=71.0, z=-76.5)
 DistanceC: 23.60951046611388
Relative Position: LorenzVec(x=-23.60951046611388, y=1.0, z=10.53580119383652)
 }
22:29:25 `avqj45saqf`1594 missed {
 is already Found: false).
 Position: LorenzVec(x=-0.5, y=72.0, z=-111.5)
 DistanceC: 23.002517181246787
Relative Position: LorenzVec(x=2.273902918959481, y=0.8292129227811955, z=-23.002517181246787)
 }
22:30:25 `4j22784f51`1541 missed {
 is already Found: false).
 Position: LorenzVec(x=-2.5, y=72.0, z=-109.5)
 DistanceC: 13.800000011920929
Relative Position: LorenzVec(x=-1.199999988079071, y=2.0, z=-13.800000011920929)
 }
22:30:26 `oa6357py1p`1540 missed {
 is already Found: false).
 Position: LorenzVec(x=-0.5, y=72.0, z=-111.5)
 DistanceC: 15.800000011920929
Relative Position: LorenzVec(x=0.800000011920929, y=2.0, z=-15.800000011920929)
 }
22:30:42 `bmkf7m37v9`515 missed {
 is already Found: false).
 Position: LorenzVec(x=-29.5, y=57.0, z=-90.5)
 DistanceC: 22.066127459836764
Relative Position: LorenzVec(x=-19.15755627055784, y=-13.0, z=-22.066127459836764)
 }
22:30:50 `d01915b06x`1856 missed {
 is already Found: false).
 Position: LorenzVec(x=-2.5, y=72.0, z=-109.5)
 DistanceC: 13.800000011920929
Relative Position: LorenzVec(x=-0.8396154303137642, y=2.0, z=-13.800000011920929)
 }
22:30:51 `15iy8x7wrb`1855 missed {
 is already Found: false).
 Position: LorenzVec(x=-0.5, y=72.0, z=-111.5)
 DistanceC: 15.800000011920929
Relative Position: LorenzVec(x=1.1603845696862358, y=2.0, z=-15.800000011920929)
 }
22:31:10 `v6x24w4c59`515 missed {
 is already Found: false).
 Position: LorenzVec(x=-29.5, y=57.0, z=-90.5)
 DistanceC: 21.182496783035305
Relative Position: LorenzVec(x=-18.992761622946595, y=-13.0, z=-21.182496783035305)
 }
22:31:11 `dov925o2vv`420 missed {
 is already Found: false).
 Position: LorenzVec(x=-31.0, y=73.0, z=-85.5)
 DistanceC: 20.492761622946595
Relative Position: LorenzVec(x=-20.492761622946595, y=3.0, z=-16.182496783035305)
 }
22:31:20 `Villager`356 missed {
 is already Found: false).
 Position: LorenzVec(x=-25.71875, y=68.0, z=-103.125)
 DistanceC: 23.21875
Relative Position: LorenzVec(x=-23.21875, y=-2.0, z=-13.803988795422768)
 }
22:31:21 `0cd4x3f80e`1475 missed {
 is already Found: false).
 Position: LorenzVec(x=-2.5, y=72.0, z=-109.5)
 DistanceC: 20.178988795422768
Relative Position: LorenzVec(x=0.0, y=2.0, z=-20.178988795422768)
 }
22:31:21 `y79lf916gs`1474 missed {
 is already Found: false).
 Position: LorenzVec(x=-0.5, y=72.0, z=-111.5)
 DistanceC: 22.178988795422768
Relative Position: LorenzVec(x=2.0, y=2.0, z=-22.178988795422768)
 }
22:32:12 `0i97s4xd6h`491 missed {
 is already Found: false).
 Position: LorenzVec(x=15.5, y=70.0, z=-71.8125)
 DistanceC: 13.531920570821452
Relative Position: LorenzVec(x=13.531920570821452, y=0.0, z=6.441195493934586)
 }
22:32:31 `4j22784f51`1541 missed {
 is already Found: false).
 Position: LorenzVec(x=-2.5, y=72.0, z=-109.5)
 DistanceC: 15.127143346336439
Relative Position: LorenzVec(x=1.1925808205792685, y=2.0, z=-15.127143346336439)
 }
22:32:31 `oa6357py1p`1540 missed {
 is already Found: false).
 Position: LorenzVec(x=-0.5, y=72.0, z=-111.5)
 DistanceC: 17.12714334633644
Relative Position: LorenzVec(x=3.1925808205792685, y=2.0, z=-17.12714334633644)
 }
22:32:46 `bmkf7m37v9`515 missed {
 is already Found: false).
 Position: LorenzVec(x=-29.5, y=57.0, z=-90.5)
 DistanceC: 23.764585105293037
Relative Position: LorenzVec(x=-8.86064014683923, y=-14.253199980521202, z=-23.764585105293037)
 }
22:33:14 `9126umf13z`422 missed {
 is already Found: false).
 Position: LorenzVec(x=-31.0, y=73.0, z=-95.5)
 DistanceC: 20.056144301739675
Relative Position: LorenzVec(x=-20.056144301739675, y=3.0, z=-15.971468761367632)
 }
22:33:55 `4j22784f51`1541 missed {
 is already Found: false).
 Position: LorenzVec(x=-2.5, y=72.0, z=-109.5)
 DistanceC: 20.428263174110242
Relative Position: LorenzVec(x=16.682252636178923, y=0.5800000131130219, z=-20.428263174110242)
 }
22:33:58 `767qo1n729`19 missed {
 is already Found: false).
 Position: LorenzVec(x=4.5, y=72.0, z=-104.5)
 DistanceC: 20.054501233596383
Relative Position: LorenzVec(x=19.894409373124795, y=1.2149722962107603, z=-20.054501233596383)
 }
22:35:46 `518vq94196`245 missed {
 is already Found: false).
 Position: LorenzVec(x=-51.0, y=72.0, z=-60.5)
 DistanceC: 18.308030935658905
Relative Position: LorenzVec(x=-17.64347858063404, y=1.0, z=18.308030935658905)
 }
22:35:48 `5v868z7tx6`246 missed {
 is already Found: false).
 Position: LorenzVec(x=-55.5, y=72.0, z=-56.5)
 DistanceC: 22.308030935658905
Relative Position: LorenzVec(x=-22.14347858063404, y=1.0, z=22.308030935658905)
 }
22:38:32 `k2u57a36tw`258 missed {
 is already Found: false).
 Position: LorenzVec(x=-52.0, y=65.0, z=-29.0)
 DistanceC: 23.67766544524386
Relative Position: LorenzVec(x=23.67766544524386, y=-0.0625, z=21.11830974896521)
 }
22:39:46 `60rh0lh6jg`338 missed {
 is already Found: false).
 Position: LorenzVec(x=-37.5, y=68.0, z=-125.5)
 DistanceC: 23.80000001192093
Relative Position: LorenzVec(x=23.80000001192093, y=17.0, z=-8.133724610149045)
 }
22:40:42 `u9z776h3jp`325 missed {
 is already Found: false).
 Position: LorenzVec(x=-85.5, y=55.0, z=-139.5)
 DistanceC: 23.293645560541194
Relative Position: LorenzVec(x=11.800000011920929, y=6.0, z=-23.293645560541194)
 }
22:41:43 `k2u57a36tw`258 missed {
 is already Found: false).
 Position: LorenzVec(x=-52.0, y=65.0, z=-29.0)
 DistanceC: 22.67142119646485
Relative Position: LorenzVec(x=22.67142119646485, y=-0.0625, z=22.27247378921018)
 }
22:41:43 `61721i204n`256 missed {
 is already Found: false).
 Position: LorenzVec(x=-51.0, y=71.0, z=-27.5)
 DistanceC: 23.77247378921018
Relative Position: LorenzVec(x=23.67142119646485, y=5.9375, z=23.77247378921018)
 }
22:44:41 `u9z776h3jp`325 missed {
 is already Found: false).
 Position: LorenzVec(x=-85.5, y=55.0, z=-139.5)
 DistanceC: 21.621670666368885
Relative Position: LorenzVec(x=15.308900838106865, y=6.0, z=-21.621670666368885)
 }
22:45:06 `k2u57a36tw`258 missed {
 is already Found: false).
 Position: LorenzVec(x=-52.0, y=65.0, z=-29.0)
 DistanceC: 23.12905658323914
Relative Position: LorenzVec(x=22.153251779793734, y=0.5, z=23.12905658323914)
 }
22:45:22 `Villager`370 missed {
 is already Found: false).
 Position: LorenzVec(x=-11.3125, y=70.0, z=-95.71875)
 DistanceC: 23.987500011920936
Relative Position: LorenzVec(x=23.987500011920936, y=0.0, z=-19.125475082605817)
 }
22:45:38 `68ull845h9`490 missed {
 is already Found: false).
 Position: LorenzVec(x=23.0, y=77.0, z=-69.5)
 DistanceC: 23.575788216854797
Relative Position: LorenzVec(x=23.575788216854797, y=6.246800019478798, z=2.6963480800302193)
 }
