18:26:09 `5pk84xgxme`245 missed {
 is already Found: false).
 Position: LorenzVec(x=-51.0, y=72.0, z=-60.5)
 DistanceC: 21.616829050128537
Relative Position: LorenzVec(x=-17.45449364110125, y=4.0, z=-21.616829050128537)
 }
18:26:13 `qz33fygosb`246 missed {
 is already Found: false).
 Position: LorenzVec(x=-55.5, y=72.0, z=-56.5)
 DistanceC: 22.044051424684994
Relative Position: LorenzVec(x=-22.044051424684994, y=4.0, z=-17.616829050128537)
 }
18:26:25 `6t204j9jjr`228 missed {
 is already Found: false).
 Position: LorenzVec(x=22.0, y=71.0, z=-45.5)
 DistanceC: 8.66471636123677
Relative Position: LorenzVec(x=-2.7479180594146904, y=2.0, z=8.66471636123677)
 }
18:28:23 `Villager`364 missed {
 is already Found: false).
 Position: LorenzVec(x=17.5, y=70.0, z=-99.0)
 DistanceC: 22.20213687649735
Relative Position: LorenzVec(x=21.385816555196193, y=0.0, z=-22.20213687649735)
 }
18:28:23 `kfnk5646bg`251 missed {
 is already Found: false).
 Position: LorenzVec(x=-24.5, y=71.0, z=-58.5)
 DistanceC: 20.614183444803807
Relative Position: LorenzVec(x=-20.614183444803807, y=1.0, z=18.29786312350265)
 }
18:28:30 `4sg604666d`19 missed {
 is already Found: false).
 Position: LorenzVec(x=4.5, y=72.0, z=-104.5)
 DistanceC: 15.653241091400474
Relative Position: LorenzVec(x=10.379086669632578, y=2.0, z=-15.653241091400474)
 }
18:28:30 `029yd40a85`417 missed {
 is already Found: false).
 Position: LorenzVec(x=14.0, y=72.0, z=-106.0)
 DistanceC: 19.45485535153438
Relative Position: LorenzVec(x=19.45485535153438, y=2.0, z=-17.082290295912756)
 }
18:28:31 `rrk2jxoq9g`1550 missed {
 is already Found: false).
 Position: LorenzVec(x=-2.5, y=72.0, z=-109.5)
 DistanceC: 20.509360117948418
Relative Position: LorenzVec(x=0.5708911719531669, y=2.0, z=-20.509360117948418)
 }
18:28:31 `r6888032j5`1549 missed {
 is already Found: false).
 Position: LorenzVec(x=-0.5, y=72.0, z=-111.5)
 DistanceC: 23.114848571916113
Relative Position: LorenzVec(x=1.1703908343069807, y=1.2468000194787976, z=-23.114848571916113)
 }
18:28:39 `l26886t23d`529 missed {
 is already Found: false).
 Position: LorenzVec(x=-32.5, y=71.0, z=-76.5)
 DistanceC: 22.58564103689559
Relative Position: LorenzVec(x=-22.58564103689559, y=1.0, z=16.19999998807907)
 }
18:29:03 `Bat`443673 missed {
 is already Found: false).
 Position: LorenzVec(x=10.0625, y=70.21875, z=-83.46875)
 DistanceC: 20.960245940178087
Relative Position: LorenzVec(x=20.960245940178087, y=0.21875, z=9.0674132257912)
 }
18:30:21 `p66kt9gg16`333 missed {
 is already Found: false).
 Position: LorenzVec(x=31.5, y=70.0, z=-94.5)
 DistanceC: 18.233950772211912
Relative Position: LorenzVec(x=17.42110376203378, y=0.0, z=-18.233950772211912)
 }
18:30:21 `310vsg5w2e`331 missed {
 is already Found: false).
 Position: LorenzVec(x=34.5, y=71.0, z=-96.5)
 DistanceC: 20.42110376203378
Relative Position: LorenzVec(x=20.42110376203378, y=1.0, z=-20.233950772211912)
 }
18:30:46 `57sfj3egal`340 missed {
 is already Found: false).
 Position: LorenzVec(x=-49.5, y=70.0, z=-67.5)
 DistanceC: 23.367600864803705
Relative Position: LorenzVec(x=-21.494592528545184, y=-2.0625, z=23.367600864803705)
 }
18:30:56 `rrk2jxoq9g`1550 missed {
 is already Found: false).
 Position: LorenzVec(x=-2.5, y=72.0, z=-109.5)
 DistanceC: 21.780867296404992
Relative Position: LorenzVec(x=10.503688088498603, y=2.0, z=-21.780867296404992)
 }
18:32:20 `Zombie`215987 missed {
 is already Found: false).
 Position: LorenzVec(x=47.5, y=73.15625, z=-170.15625)
 DistanceC: 20.258995913004668
Relative Position: LorenzVec(x=-20.258995913004668, y=1.15625, z=-10.69226216784142)
 }
18:33:50 `vrsiry642r`228 missed {
 is already Found: false).
 Position: LorenzVec(x=22.0, y=71.0, z=-45.5)
 DistanceC: 8.14553635347059
Relative Position: LorenzVec(x=-7.461894347738927, y=2.0, z=8.14553635347059)
 }
18:33:57 `tb9l61wqp8`519 missed {
 is already Found: false).
 Position: LorenzVec(x=66.0, y=71.0, z=-59.0)
 DistanceC: 22.6999999880791
Relative Position: LorenzVec(x=19.523024668878143, y=2.0, z=-22.6999999880791)
 }
18:34:33 `rrk2jxoq9g`1550 missed {
 is already Found: false).
 Position: LorenzVec(x=-2.5, y=72.0, z=-109.5)
 DistanceC: 14.35052311107134
Relative Position: LorenzVec(x=3.3027385072905444, y=2.0, z=-14.35052311107134)
 }
18:34:34 `r6888032j5`1549 missed {
 is already Found: false).
 Position: LorenzVec(x=-0.5, y=72.0, z=-111.5)
 DistanceC: 15.808811623585726
Relative Position: LorenzVec(x=4.148318384396826, y=2.0, z=-15.808811623585726)
 }
18:35:30 `8ckp716oo2`528 missed {
 is already Found: false).
 Position: LorenzVec(x=-6.5, y=55.0, z=-95.5)
 DistanceC: 15.220855603891934
Relative Position: LorenzVec(x=4.793998029187621, y=-16.170787077218804, z=-15.220855603891934)
 }
18:35:36 `mi2s6qq1ao`1602 missed {
 is already Found: false).
 Position: LorenzVec(x=-2.5, y=72.0, z=-109.5)
 DistanceC: 16.901055781090648
Relative Position: LorenzVec(x=2.431350770165004, y=2.0, z=-16.901055781090648)
 }
18:35:36 `837q0899rp`1601 missed {
 is already Found: false).
 Position: LorenzVec(x=-0.5, y=72.0, z=-111.5)
 DistanceC: 18.901055781090648
Relative Position: LorenzVec(x=4.431350770165004, y=2.0, z=-18.901055781090648)
 }
18:35:36 `15ph5x46nv`491 missed {
 is already Found: false).
 Position: LorenzVec(x=15.5, y=70.0, z=-71.8125)
 DistanceC: 20.786444218909352
Relative Position: LorenzVec(x=20.431350770165004, y=0.0, z=20.786444218909352)
 }
18:36:46 `837q0899rp`1601 missed {
 is already Found: false).
 Position: LorenzVec(x=-0.5, y=72.0, z=-111.5)
 DistanceC: 21.19999998807907
Relative Position: LorenzVec(x=-20.74386330297453, y=2.0, z=21.19999998807907)
 }
18:36:46 `mi2s6qq1ao`1602 missed {
 is already Found: false).
 Position: LorenzVec(x=-2.5, y=72.0, z=-109.5)
 DistanceC: 23.19999998807907
Relative Position: LorenzVec(x=-22.74386330297453, y=2.0, z=23.19999998807907)
 }
18:38:20 `837q0899rp`1601 missed {
 is already Found: false).
 Position: LorenzVec(x=-0.5, y=72.0, z=-111.5)
 DistanceC: 22.318904223514014
Relative Position: LorenzVec(x=-22.318904223514014, y=2.0, z=17.831382837025956)
 }
18:39:37 `4sg604666d`19 missed {
 is already Found: false).
 Position: LorenzVec(x=4.5, y=72.0, z=-104.5)
 DistanceC: 14.672573173457693
Relative Position: LorenzVec(x=9.659238689961823, y=2.0, z=-14.672573173457693)
 }
18:39:37 `029yd40a85`417 missed {
 is already Found: false).
 Position: LorenzVec(x=14.0, y=72.0, z=-106.0)
 DistanceC: 19.159238689961825
Relative Position: LorenzVec(x=19.159238689961825, y=2.0, z=-16.172573173457693)
 }
18:39:37 `rrk2jxoq9g`1550 missed {
 is already Found: false).
 Position: LorenzVec(x=-2.5, y=72.0, z=-109.5)
 DistanceC: 19.672573173457693
Relative Position: LorenzVec(x=2.659238689961823, y=2.0, z=-19.672573173457693)
 }
18:39:38 `r6888032j5`1549 missed {
 is already Found: false).
 Position: LorenzVec(x=-0.5, y=72.0, z=-111.5)
 DistanceC: 20.95720832187682
Relative Position: LorenzVec(x=4.336242564669242, y=2.0, z=-20.95720832187682)
 }
