07:22:10 [allowed] §f §r§r§r§f §r§r§r§1 §r§r§r§0 §r§r§r§2 §r§r§r§f §r§r§r§f §r§r§r§2 §r§r§r§0 §r§r§r§4 §r§r§r§3 §r§r§r§9 §r§r§r§2 §r§r§r§0 §r§r§r§0 §r§r§r§3 §r§r§r§9 §r§r§r§2 §r§r§r§0 §r§r§r§0 §r§r§r§3 §r§r§r§9 §r§r§r§2 §r§r§r§0 §r§r§r§0 
07:22:10 [allowed] §aYou have §b45 §aunclaimed leveling rewards!
07:22:10 [allowed] §eClick here to view them!
07:22:10 [allowed] §aYou have §68 §aunclaimed achievement rewards!
07:22:10 [allowed] §eClick here to view them!
07:22:13 [allowed] §7Sending to server mini28DN...
07:22:13 [allowed] §8 §r§8 §r§1 §r§3 §r§3 §r§7 §r§8 
07:22:15 [allowed] 
07:22:15 [allowed] §eWelcome to §r§aHypixel SkyBlock§r§e!
07:22:15 [allowed] 
07:22:15 [allowed] §eLatest update: §bSkyBlock v0.23.4 §e§lCLICK
07:22:16 [allowed] §aYou are playing on profile: §eOrange
07:22:16 [allowed] §8Profile ID: ff830177-eb82-4d06-aa5d-336dd4acec83
07:22:17 [allowed] §6§lALLOWANCE! §r§eYou earned §r§640,000 coins§r§e!
07:22:23 [allowed] §9§m-----------------------------------------------------§r§9
§r§9                          §r§9 §6Friends (Page 1 of 9) §r§e§l>>§r§9
§r§9§bGothic__Lover §eis in SkyBlock - Crimson Isle§r§9
§r§9§aMafiaK §eis in SkyBlock - Master Mode The Catacombs - §4[MM] §eFloor III§r§9
§r§9§aNolanPitcher §eis in SkyBlock - Hub§r§9
§r§9§bxhupnik §eis in SkyBlock - Galatea§r§9
§r§9§aZendaya777 §eis in SkyBlock - Backwater Bayou§r§9
§r§9§a12MR §cis currently offline§r§9
§r§9§b26E §cis currently offline§r§9
§r§9§b__deg §cis currently offline§r§9
§r§9§m-----------------------------------------------------
07:22:27 [allowed] §9§m-----------------------------
07:22:27 [allowed] §cYou must be in a party to join the party channel!
07:22:27 [allowed] §9§m-----------------------------
07:22:31 [allowed] §7Sending to server mini254B...
07:22:32 [allowed] §8 §r§8 §r§1 §r§3 §r§3 §r§7 §r§8 
07:22:35 [allowed] §aYou are playing on profile: §eOrange
07:22:35 [allowed] §8Profile ID: ff830177-eb82-4d06-aa5d-336dd4acec83
07:22:42 [allowed] §aOpened a chat conversation with §r§a[VIP§r§6+§r§a] MafiaK§r§a for the next 5 minutes. Use §r§b/chat a§r§a to leave
07:22:45 [allowed] §8[§r§f52§r§8] §r§a[VIP] shackanxie§f§r§f: alr tyty
07:22:54 [allowed] §aRefreshing...
07:23:17 [allowed] §aYou summoned your §r§6Black Cat§r§a!
07:23:39 [allowed] §aYou sold §r§9Spirit Leap§r§8 x8 §r§afor §r§6800 Coins§r§a!
07:23:47 [allowed] §aRefreshing...
07:23:53 [allowed] §aRefreshing...
07:24:06 [allowed] §eSet note to: §r§fhandle grind
07:24:08 [allowed] §dParty Finder §r§f> §r§aYour party has been queued in the dungeon finder!
07:24:08 [allowed] §eQueueing your party...
07:24:15 [allowed] §cThere are blocks in the way!
07:24:24 [allowed] §9§m-----------------------------------------------------§r§9
§r§9                          §r§9 §6Friends (Page 1 of 9) §r§e§l>>§r§9
§r§9§bGothic__Lover §eis in SkyBlock - Crimson Isle§r§9
§r§9§aMafiaK §eis in SkyBlock - Master Mode The Catacombs - §4[MM] §eFloor III§r§9
§r§9§aNolanPitcher §eis in SkyBlock - Hub§r§9
§r§9§bxhupnik §eis in SkyBlock - Galatea§r§9
§r§9§aZendaya777 §eis in SkyBlock - Backwater Bayou§r§9
§r§9§a12MR §cis currently offline§r§9
§r§9§b26E §cis currently offline§r§9
§r§9§b__deg §cis currently offline§r§9
§r§9§m-----------------------------------------------------
07:25:07 [allowed] §aFriend > §r§bGothic__Lover §r§eleft.
07:25:20 [allowed] §cThat player is not online!
07:25:25 [allowed] §aYou are now in the §r§6PARTY§r§a channel
07:25:34 [allowed] §aAttempting to add you to the party...
07:25:34 [allowed] 
07:25:34 [allowed]   §r§7§r§cClicking sketchy links can result in your account
07:25:34 [allowed]   §r§cbeing stolen!
07:25:34 [allowed] 
07:25:34 [allowed]   §r§7§r§eLink looks suspicious? - §r§cDon't click it!
07:25:34 [allowed] 
07:25:34 [allowed] §dParty Finder §r§f> §r§cYou are already in a party!
07:25:35 [allowed] §dParty Finder §r§f> §r§bmrhamable §r§ejoined the dungeon group! (§r§bHealer Level 36§r§e)
07:25:37 [allowed] §aRefreshing...
07:25:40 [allowed] §dParty Finder §r§f> §r§bCaptn_Noah §r§ejoined the dungeon group! (§r§bBerserk Level 31§r§e)
07:25:48 [allowed] §9Party §8> §b[MVP§a+§b] Captn_Noah§f: §rwsp
07:25:50 [allowed] §9Party §8> §7cwq97§f: §rsup
07:26:17 [allowed] §dParty Finder §r§f> §r§astay_in_kitchen §r§ejoined the dungeon group! (§r§bBerserk Level 32§r§e)
07:26:29 [allowed] §9Party §8> §7cwq97§f: §ryall wand nd or nah
07:26:41 [allowed] §9Party §8> §b[MVP§a+§b] Captn_Noah§f: §rnah
07:26:44 [allowed] §dParty Finder §r§f> §r§bRaiiinZyrox §r§ejoined the dungeon group! (§r§bBerserk Level 30§r§e)
07:26:47 [allowed] §dParty Finder §f> §r§r§eYour dungeon group is full!§r§6 Click here to warp to the dungeon!
07:26:48 [allowed] §9Party §8> §b[MVP§c+§b] mrhamable§f: §rno dupe
07:26:52 [allowed] §9§m-----------------------------------------------------
07:26:52 [allowed] §a[VIP] stay_in_kitchen §r§ehas been removed from the party.
07:26:52 [allowed] §9§m-----------------------------------------------------
07:26:54 [allowed] §9Party §8> §7cwq97§f: §rbro had juu
07:27:07 [allowed] §9§m-----------------------------------------------------
07:27:07 [allowed] §b[MVP§r§c+§r§b] RaiiinZyrox §r§ehas been removed from the party.
07:27:07 [allowed] §9§m-----------------------------------------------------
07:27:11 [allowed] §9Party §8> §b[MVP§a+§b] Captn_Noah§f: §rnon recombd
07:27:15 [allowed] §9Party §8> §b[MVP§c+§b] mrhamable§f: §rBRUH
07:27:16 [allowed] §eSet note to: §r§fhandle grind nd
07:27:17 [allowed] §eQueueing your party...
07:27:17 [allowed] §dParty Finder §r§f> §r§aYour party has been queued in the dungeon finder!
07:27:23 [allowed] §6§lRARE REWARD! §r§agigga_g §r§efound a §r§6Recombobulator 3000 §r§ein their Bedrock Chest§r§e!
07:27:41 [allowed] §aYou earned §r§2545 GEXP §r§a+ §r§5545 Event EXP §r§afrom playing SkyBlock!
07:27:50 [allowed] §9Party §8> §b[MVP§a+§b] Captn_Noah§f: §ryall got my handle luck
07:28:01 [allowed] §9Party §8> §b[MVP§a+§b] Captn_Noah§f: §ri dropped 1 last weekend
07:28:08 [allowed] §9Party §8> §7cwq97§f: §rbro im on 174
07:28:08 [allowed] §9Party §8> §b[MVP§c+§b] mrhamable§f: §ri wish i had handle luck
07:28:14 [allowed] §9Party §8> §7cwq97§f: §rand my friend got it on 18
07:28:17 [allowed] §9Party §8> §7cwq97§f: §ranother got it on 14
07:28:23 [allowed] §cThere are blocks in the way!
07:28:24 [allowed] §cThere are blocks in the way!
07:28:25 [allowed] §cThere are blocks in the way!
07:28:25 [allowed] §cThere are blocks in the way!
07:28:26 [allowed] §9Party §8> §b[MVP§a+§b] Captn_Noah§f: §ri dropped it with 54 comps
07:28:30 [allowed] §9Party §8> §7cwq97§f: §rwtf
07:28:38 [allowed] §9Party §8> §b[MVP§a+§b] Captn_Noah§f: §rnot even a scroll
07:28:42 [allowed] §cThere are blocks in the way!
07:28:44 [allowed] §cThere are blocks in the way!
07:28:45 [allowed] §cThere are blocks in the way!
07:28:51 [allowed] §9§m-----------------------------------------------------§r§9
§r§9                          §r§9 §6Friends (Page 1 of 9) §r§e§l>>§r§9
§r§9§aMafiaK §eis in SkyBlock - Master Mode The Catacombs - §4[MM] §eFloor III§r§9
§r§9§aNolanPitcher §eis in SkyBlock - Hub§r§9
§r§9§bxhupnik §eis in SkyBlock - Galatea§r§9
§r§9§aZendaya777 §eis in SkyBlock - Hub§r§9
§r§9§a12MR §cis currently offline§r§9
§r§9§b26E §cis currently offline§r§9
§r§9§b__deg §cis currently offline§r§9
§r§9§a_Freggles_ §cis currently offline§r§9
§r§9§m-----------------------------------------------------
07:28:51 [allowed] §9Party §8> §b[MVP§a+§b] Captn_Noah§f: §rimma grind money for term
07:28:53 [allowed] §cThere are blocks in the way!
07:28:59 [allowed] §9Party §8> §7cwq97§f: §rterm op
07:29:03 [allowed] §9Party §8> §b[MVP§a+§b] Captn_Noah§f: §ri need like 100 mil more
07:29:17 [allowed] §9Party §8> §b[MVP§a+§b] Captn_Noah§f: §ri got 1 chim yesterday
07:29:18 [allowed] §dParty Finder §r§f> §r§aMUFM4N §r§ejoined the dungeon group! (§r§bMage Level 33§r§e)
07:29:21 [allowed] §8[§r§5383§r§8] §r§b♔ §r§6[MVP§c++§6] KURON1219§f§r§f: mite~
07:29:26 [allowed] §9Party §8> §7cwq97§f: §rw
07:29:28 [allowed] §cThere are blocks in the way!
07:29:29 [allowed] §cThere are blocks in the way!
07:29:31 [allowed] §cThere are blocks in the way!
07:29:32 [allowed] §cThere are blocks in the way!
07:29:33 [allowed] §9Party §8> §b[MVP§a+§b] Captn_Noah§f: §r100mil in purse and 100mil in bank
07:29:36 [allowed] §9Party §8> §b[MVP§a+§b] Captn_Noah§f: §rW
07:29:38 [allowed] §cThere are blocks in the way!
07:29:38 [allowed] §8[§r§d328§r§8] §r§6ᛃ §r§b[MVP§9+§b] otyalove_§f§r§f: uwa
07:29:39 [allowed] §cThere are blocks in the way!
07:29:43 [allowed] §8[§r§d328§r§8] §r§6ᛃ §r§b[MVP§9+§b] otyalove_§f§r§f: zensin 10 star
07:29:43 [allowed] §cThere are blocks in the way!
07:29:45 [allowed] §cThere are blocks in the way!
07:29:46 [allowed] §cThere are blocks in the way!
07:29:47 [allowed] §cThere are blocks in the way!
07:29:50 [allowed]  
07:29:50 [allowed] §eYou must have the §r§bCookie Buff §r§eactive to use /show!
07:29:50 [allowed] §7The §r§bCookie Buff§r§7 is unlocked by eating a §r§6Booster Cookie§r§7.
07:29:50 [allowed] §7Click §e§lHERE §7to view more!
07:29:50 [allowed]  
07:29:54 [allowed] §8[§r§d328§r§8] §r§6ᛃ §r§b[MVP§9+§b] otyalove_§f§r§f: egg
07:29:58 [allowed] §8[§r§5383§r§8] §r§b♔ §r§6[MVP§c++§6] KURON1219§f§r§f: 1.8b kurai ;-;
07:30:06 [allowed] §8[§r§d328§r§8] §r§6ᛃ §r§b[MVP§9+§b] otyalove_§f§r§f: www
07:30:10 [allowed] §8[§r§5383§r§8] §r§b♔ §r§6[MVP§c++§6] KURON1219§f§r§f: ww
07:30:16 [allowed] §9Party §8> §7cwq97§f: §rlemme buy a cookie rq after queuing
07:30:17 [allowed] §cThere are blocks in the way!
07:30:22 [allowed] §cThere are blocks in the way!
07:30:23 [allowed] §cThere are blocks in the way!
07:30:28 [allowed] §cThere are blocks in the way!
07:30:29 [allowed] §8[§r§d328§r§8] §r§6ᛃ §r§b[MVP§9+§b] otyalove_§f§r§f: 高すぎるよ一旦w
07:30:37 [allowed] §8[§r§9292§r§8] §r§6§lᛝ §r§b[MVP§c+§b] LividAqua§f§r§f: eyy
07:30:37 [allowed] §cWhow! Slow down there!
07:30:38 [allowed] §8[§r§5383§r§8] §r§b♔ §r§6[MVP§c++§6] KURON1219§f§r§f: これで釣り出来るね
07:30:44 [allowed] §cWhow! Slow down there!
07:30:44 [allowed] §cWhow! Slow down there!
07:30:45 [allowed] §cWhow! Slow down there!
07:30:53 [allowed] §9Party §8> §7cwq97§f: §rlove party finder
07:30:57 [allowed] §aRefreshing...
07:31:07 [allowed] §9Party §8> §b[MVP§a+§b] Captn_Noah§f: §ri wanna learn how to pd
07:31:12 [allowed] §9Party §8> §7cwq97§f: §rhuh
07:31:14 [allowed] §9Party §8> §b[MVP§c+§b] mrhamable§f: §rwhy
07:31:15 [allowed] §dParty Finder §r§f> §r§a9697 §r§ejoined the dungeon group! (§r§bTank Level 38§r§e)
07:31:17 [allowed] §9Party §8> §7cwq97§f: §rso you dont know
07:31:17 [allowed] §9Party §8> §b[MVP§a+§b] Captn_Noah§f: §rpredeb
07:31:17 [allowed] §dParty Finder §f> §r§r§eYour dungeon group is full!§r§6 Click here to warp to the dungeon!
07:31:19 [allowed] §9Party §8> §7cwq97§f: §r1s
07:31:20 [allowed] §9Party §8> §b[MVP§a+§b] Captn_Noah§f: §rpredev
07:31:20 [allowed] §7Warping...
07:31:20 [allowed] §7Sending to server mini4BV...
07:31:21 [allowed] §8 §r§8 §r§1 §r§3 §r§3 §r§7 §r§8 
07:31:24 [allowed] §aYou are playing on profile: §eOrange
07:31:24 [allowed] §8Profile ID: ff830177-eb82-4d06-aa5d-336dd4acec83
07:31:25 [allowed] §9Party §8> §b[MVP§c+§b] mrhamable§f: §ryou would need to play healer to do it
07:31:27 [allowed] §9Party §8> §b[MVP§a+§b] Captn_Noah§f: §ri know how
07:31:31 [allowed] §6[Bazaar] §r§7Executing instant buy...
07:31:31 [allowed] §6[Bazaar] §r§7Bought §r§a1§r§7x §r§6Booster Cookie §r§7for §r§611,055,501 coins§r§7!
07:31:33 [allowed] §9Party §8> §b[MVP§c+§b] mrhamable§f: §rit half the time requires cheating lol
07:31:33 [allowed] §9Party §8> §7cwq97§f: §rr?
07:31:36 [allowed] §9Party §8> §b[MVP§a+§b] Captn_Noah§f: §rbut i gotta practis
07:31:38 [allowed] §eYou consumed a §r§6Booster Cookie§r§e! §r§d
07:31:39 [allowed] §9Party §8> §b[MVP§a+§b] Captn_Noah§f: §rr
07:31:40 [allowed] §9Party §8> §a[VIP] MUFM4N§f: §rr#
07:31:42 [allowed] §8Queuing... (Attempt 1/3)
07:31:42 [allowed] §9§m-----------------------------
§r§7cwq97§r§7 §r§eentered §r§aThe Catacombs§r§e, §r§eFloor VII§r§e!
§r§9§m-----------------------------
07:31:44 [allowed] §7Sending to server mini144CT...
07:31:45 [allowed] §8 §r§8 §r§1 §r§3 §r§3 §r§7 §r§8 
07:31:45 [allowed] §aYou are not allowed to use Potion Effects while in Dungeon, therefore all active effects have been paused and stored. They will be restored when you leave Dungeon!
07:31:47 [allowed] §7cwq97§r§a is now ready!
07:31:47 [allowed] §bmrhamable§r§a is now ready!
07:31:47 [allowed] §bCaptn_Noah§r§a is now ready!
07:31:47 [allowed] §aMUFM4N§r§a is now ready!
07:31:48 [allowed] §aYou are playing on profile: §eOrange
07:31:48 [allowed] §8Profile ID: ff830177-eb82-4d06-aa5d-336dd4acec83
07:31:48 [allowed] §a9697§r§a is now ready!
07:31:49 [allowed] §aStarting in 4 seconds.
07:31:50 [allowed] §aStarting in 3 seconds.
07:31:51 [allowed] §aStarting in 2 seconds.
07:31:52 [allowed] §aStarting in 1 second.
07:31:53 [allowed] §6Your §r§aArcher §r§6stats are doubled because you are the only player using this class!
07:31:53 [allowed] §a[Archer] §r§fExtra Arrow Chance §r§c85%§r§f -> §r§a135%
07:31:53 [allowed] §a[Archer] §r§fArrow Damage §r§c206%§r§f -> §r§a256%
07:31:53 [allowed] §e[NPC] §bMort§f: §rHere, I found this map when I first entered the dungeon.
07:31:54 [allowed] §e§lArcher Milestone §r§e❶§r§7: You have dealt §r§c750,000§r§7 Ranged Damage so far! §r§a01s
07:31:55 [allowed] §e[NPC] §bMort§f: §rYou should find it useful if you get lost.
07:31:57 [allowed] §e[NPC] §bMort§f: §rGood luck.
07:31:57 [allowed] §e§lArcher Milestone §r§e❷§r§7: You have dealt §r§c3,750,000§r§7 Ranged Damage so far! §r§a04s
07:31:57 [allowed] §a§l+5 Kill Combo §r§b+3% §r§b✯ Magic Find
07:31:58 [allowed] §a§l+10 Kill Combo §r§8+§r§610 §r§7coins per kill
07:32:01 [allowed] §eYour bone plating reduced the damage you took by §r§c3,423.8§r§e!
07:32:01 [allowed] §9§l+15 Kill Combo §r§b+3% §r§b✯ Magic Find
07:32:02 [allowed] §7cwq97§r§7 §r§ehas obtained §r§a§r§6§r§8Wither Key§r§e!
07:32:02 [allowed] §e§lRIGHT CLICK §r§7on §r§7a §r§8WITHER §r§7door§r§7 to open it. This key can only be used to open §r§a1§r§7 door!
07:32:02 [allowed] §a[VIP] 9697§r§f §r§ehas obtained §r§a§r§9Superboom TNT§r§e!
07:32:02 [allowed] §7cwq97§r§7 §r§ehas obtained §r§a§r§9Superboom TNT§r§e!
07:32:04 [allowed] §a§r§7cwq97§r§a opened a §r§8§lWITHER §r§adoor!
07:32:07 [allowed] §cYour Kill Combo has expired! You reached a 15 Kill Combo!
07:32:09 [allowed] §e§lArcher Milestone §r§e❸§r§7: You have dealt §r§c15,000,000§r§7 Ranged Damage so far! §r§a15s
07:32:09 [allowed] §a[VIP] 9697§r§f §r§ehas obtained §r§a§r§9Superboom TNT§r§e!
07:32:11 [allowed] §cYou do not have the key for this door!
07:32:12 [allowed] §cYou do not have the key for this door!
07:32:12 [allowed] §cYou do not have the key for this door!
07:32:12 [allowed] §6§lDUNGEON BUFF! §r§bCaptn_Noah §r§ffound a §r§dBlessing of Wisdom II§r§f!
07:32:12 [allowed]      §r§7Granted you §r§a§r§a+9.8§r§7 & §r§a+1.05x §r§b✎ Intelligence §r§7and §r§a+9.6 §r§f✦ Speed§r§7.
07:32:12 [allowed] §cYou do not have the key for this door!
07:32:12 [allowed] §cYou do not have the key for this door!
07:32:12 [allowed] §cYou do not have the key for this door!
07:32:12 [allowed] §cYou do not have the key for this door!
07:32:13 [allowed] §cYou do not have the key for this door!
07:32:13 [allowed] §cYou do not have the key for this door!
07:32:14 [allowed] §bCaptn_Noah §r§ffound a §r§dWither Essence§r§f! Everyone gains an extra essence!
07:32:14 [allowed] §a[VIP] MUFM4N§r§f §r§ehas obtained §r§a§r§9Superboom TNT§r§e!
07:32:14 [allowed] §a[VIP] MUFM4N§r§f §r§ehas obtained §r§a§r§6§r§8Wither Key§r§e!
07:32:14 [allowed] §e§lRIGHT CLICK §r§7on §r§7a §r§8WITHER §r§7door§r§7 to open it. This key can only be used to open §r§a1§r§7 door!
07:32:14 [allowed] §a[VIP] MUFM4N§r§f §r§ehas obtained §r§a§r§dBlessing of Power§r§e!
07:32:14 [allowed] §6§lDUNGEON BUFF! §r§aMUFM4N §r§ffound a §r§dBlessing of Power V§r§f! (§r§a20s§r§f)
07:32:14 [allowed]      §r§7Granted you §r§a§r§a+24.5§r§7 & §r§a+1.12x §r§c❁ Strength§r§7.
07:32:14 [allowed]      §r§7Also granted you §r§a§r§a+24.5§r§7 & §r§a+1.12x §r§9☠ Crit Damage§r§7.
07:32:14 [allowed] §a§r§aMUFM4N§r§a opened a §r§8§lWITHER §r§adoor!
07:32:15 [allowed] §6Rapid Fire§r§a is ready to use! Press §r§6§lDROP§r§a to activate it!
07:32:17 [allowed] §a§l+5 Kill Combo §r§b+3% §r§b✯ Magic Find
07:32:17 [allowed] §d§lSALT§7 You charmed a §aZombie Soldier§7 and captured its §9Shard§7.
07:32:17 [allowed] §a§l+10 Kill Combo §r§8+§r§610 §r§7coins per kill
07:32:18 [allowed] §eYour bone plating reduced the damage you took by §r§c3,739.9§r§e!
07:32:20 [allowed] §9§l+15 Kill Combo §r§b+3% §r§b✯ Magic Find
07:32:21 [allowed] §a[VIP] MUFM4N§r§f §r§ehas obtained §r§a§r§9Superboom TNT§r§e!
07:32:21 [allowed] §a[VIP] MUFM4N§r§f §r§ehas obtained §r§a§r§6§r§8Wither Key§r§e!
07:32:21 [allowed] §e§lRIGHT CLICK §r§7on §r§7a §r§8WITHER §r§7door§r§7 to open it. This key can only be used to open §r§a1§r§7 door!
07:32:21 [allowed] §c◕ §r§bmrhamable §r§epicked up your Ability Damage Orb!
07:32:21 [allowed] §c◕ §r§bmrhamable §r§epicked up your Damage Orb!
07:32:22 [allowed] §c◕ §r§bmrhamable §r§epicked up your Damage Orb!
07:32:23 [allowed] §a§r§aMUFM4N§r§a opened a §r§8§lWITHER §r§adoor!
07:32:24 [allowed] §e§lArcher Milestone §r§e❹§r§7: You have dealt §r§c37,500,000§r§7 Ranged Damage so far! §r§a30s
07:32:24 [allowed] §cThe Tripwire Trap hit you for 2,284.2 damage!
07:32:24 [allowed] §6§lDUNGEON BUFF! §r§bCaptn_Noah §r§ffound a §r§dBlessing of Power I§r§f!
07:32:24 [allowed]      §r§7Granted you §r§a§r§a+4.9§r§7 & §r§a+1.02x §r§c❁ Strength§r§7.
07:32:24 [allowed]      §r§7Also granted you §r§a§r§a+4.9§r§7 & §r§a+1.02x §r§9☠ Crit Damage§r§7.
07:32:25 [allowed] §5§l+20 Kill Combo §r§8§r§3+15☯ Combat Wisdom
07:32:26 [allowed] §5§l+25 Kill Combo §r§b+3% §r§b✯ Magic Find
07:32:26 [allowed] §a[VIP] MUFM4N§r§f §r§ehas obtained §r§a§r§6§r§8Wither Key§r§e!
07:32:26 [allowed] §e§lRIGHT CLICK §r§7on §r§7a §r§8WITHER §r§7door§r§7 to open it. This key can only be used to open §r§a1§r§7 door!
07:32:26 [allowed] §a[VIP] MUFM4N§r§f §r§ehas obtained §r§a§r§6Revive Stone§r§e!
07:32:26 [allowed] §c◕ §r§bmrhamable §r§epicked up your Defense Orb!
07:32:29 [allowed] §a§r§aMUFM4N§r§a opened a §r§8§lWITHER §r§adoor!
07:32:30 [allowed] §6§l+30 Kill Combo §r§8+§r§610 §r§7coins per kill
07:32:31 [allowed] §e§lArcher Milestone §r§e❺§r§7: You have dealt §r§c75,000,000§r§7 Ranged Damage so far! §r§a37s
07:32:31 [allowed] §7cwq97§r§7 §r§ehas obtained §r§a§r§9Superboom TNT§r§e!
07:32:32 [allowed] §7cwq97§r§7 §r§ehas obtained §r§a§r§dBlessing of Wisdom§r§e!
07:32:32 [allowed] §6§lDUNGEON BUFF! §r§fYou found a §r§dBlessing of Wisdom V§r§f! (§r§a38s§r§f)
07:32:32 [allowed]      §r§7Granted you §r§a§r§a+24.5§r§7 & §r§a+1.12x §r§b✎ Intelligence §r§7and §r§a+24 §r§f✦ Speed§r§7.
07:32:32 [allowed] §a[VIP] MUFM4N§r§f §r§ehas obtained §r§a§r§dBlessing of Stone§r§e!
07:32:32 [allowed] §6§lDUNGEON BUFF! §r§aMUFM4N §r§ffound a §r§dBlessing of Stone V§r§f! (§r§a38s§r§f)
07:32:32 [allowed]      §r§7Granted you §r§a§r§a+24.5§r§7 & §r§a+1.12x §r§a❈ Defense §r§7and §r§a+36 §r§c❁ Damage§r§7.
07:32:33 [allowed] §a[VIP] MUFM4N§r§f §r§ehas obtained §r§a§r§9Superboom TNT§r§e!
07:32:33 [allowed] §a[VIP] MUFM4N§r§f §r§ehas obtained §r§a§r§c§r§cBlood Key§r§e!
07:32:33 [allowed] §e§lRIGHT CLICK §r§7on §r§7the §r§cBLOOD DOOR§r§7 to open it. This key can only be used to open §r§a1§r§7 door!
07:32:36 [allowed] §cThe §r§c§lBLOOD DOOR§r§c has been opened!
07:32:36 [allowed] §5A shiver runs down your spine...
07:32:37 [allowed] §c[BOSS] The Watcher§r§f: Things feel a little more roomy now, eh?
07:32:37 [allowed] §cThe §r§c§lBLOOD DOOR§r§c has been opened!
07:32:37 [allowed] §e§lArcher Milestone §r§e❻§r§7: You have dealt §r§c112,500,000§r§7 Ranged Damage so far! §r§a43s
07:32:38 [allowed] §c◕ §r§bmrhamable §r§epicked up your Defense Orb!
07:32:41 [allowed] §c[BOSS] The Watcher§r§f: I've knocked down those pillars to go for a §r§fmore...open§r§f concept.
07:32:41 [allowed] §eYour bone plating reduced the damage you took by §r§c3,817.3§r§e!
07:32:44 [allowed] §7cwq97§r§7 §r§ehas obtained §r§a§r§9Superboom TNT§r§e!
07:32:45 [allowed] §c[BOSS] The Watcher§r§f: Plus I needed to give my new friends some space to roam...
07:32:45 [allowed] §6Rapid Fire§r§a is ready to use! Press §r§6§lDROP§r§a to activate it!
07:32:46 [allowed] §cYour Kill Combo has expired! You reached a 72 Kill Combo!
07:32:48 [allowed] §6§lDUNGEON BUFF! §r§bCaptn_Noah §r§ffound a §r§dBlessing of Wisdom I§r§f!
07:32:48 [allowed]      §r§7Granted you §r§a§r§a+4.9§r§7 & §r§a+1.02x §r§b✎ Intelligence §r§7and §r§a+4.8 §r§f✦ Speed§r§7.
07:32:50 [allowed] §c[BOSS] The Watcher§r§f: This guy looks like a fighter.
07:32:50 [allowed] §6§lDUNGEON BUFF! §r§aMUFM4N §r§ffound a §r§dBlessing of Stone I§r§f!
07:32:50 [allowed]      §r§7Granted you §r§a§r§a+4.9§r§7 & §r§a+1.02x §r§a❈ Defense §r§7and §r§a+7.2 §r§c❁ Damage§r§7.
07:32:55 [allowed] §cThe Tripwire Trap hit you for 2,284.2 damage!
07:32:56 [allowed] §c[BOSS] The Watcher§r§f: Let's see how you can handle this.
07:32:57 [allowed] §cThere are blocks in the way!
07:32:57 [allowed] §6§lDUNGEON BUFF! §r§fYou found a §r§dBlessing of Life II§r§f!
07:32:57 [allowed]      §r§7Granted you §r§a§r§a+1.07x HP §r§7and §r§a§r§a+1.07x §r§c❣ Health Regen§r§7.
07:32:58 [allowed] §eA §r§a§r§dBlessing of Life§r§e was picked up!
07:32:58 [allowed] §6§lDUNGEON BUFF! §r§fA §r§dBlessing of Life V§r§f was found! (§r§a01m 04s§r§f)
07:32:58 [allowed]      §r§7Granted you §r§a§r§a+1.18x HP §r§7and §r§a§r§a+1.18x §r§c❣ Health Regen§r§7.
07:32:59 [allowed] §6§lDUNGEON BUFF! §r§a9697 §r§ffound a §r§dBlessing of Life I§r§f!
07:32:59 [allowed]      §r§7Granted you §r§a§r§a+1.04x HP §r§7and §r§a§r§a+1.04x §r§c❣ Health Regen§r§7.
07:33:03 [allowed] §c[BOSS] The Watcher§r§f: This guy looks like a fighter.
07:33:03 [allowed] §eYour bone plating reduced the damage you took by §r§c2,174.7§r§e!
07:33:03 [allowed] §cThere are blocks in the way!
07:33:07 [allowed] §fYou found a §r§dWither Essence§r§f! Everyone gains an extra essence!
07:33:10 [allowed] §c[BOSS] The Watcher§r§f: Go and live again!
07:33:10 [allowed] §6§lESSENCE! §r§bCaptn_Noah §r§ffound §r§bx10 Ice Essence§r§f!
07:33:13 [allowed] §c[BOSS] The Watcher§r§f: I'm impressed.
07:33:13 [allowed] §cThere are blocks in the way!
07:33:15 [allowed] §c[BOSS] The Watcher§r§f: Go, fight!
07:33:15 [allowed] §6Rapid Fire§r§a is ready to use! Press §r§6§lDROP§r§a to activate it!
07:33:17 [allowed] §6§lDUNGEON BUFF! §r§fYou found a §r§dBlessing of Life II§r§f!
07:33:17 [allowed]      §r§7Granted you §r§a§r§a+1.07x HP §r§7and §r§a§r§a+1.07x §r§c❣ Health Regen§r§7.
07:33:18 [allowed] §cThere are blocks in the way!
07:33:18 [allowed] §c[BOSS] The Watcher§r§f: That one was weak anyway.
07:33:18 [allowed] §cThere are blocks in the way!
07:33:18 [allowed] §cThere are blocks in the way!
07:33:19 [allowed] §cThere are blocks in the way!
07:33:20 [allowed] §cThere are blocks in the way!
07:33:20 [allowed] §c[BOSS] The Watcher§r§f: Hmmm... this one!
07:33:23 [allowed] §cThere are blocks in the way!
07:33:23 [allowed] §cThere are blocks in the way!
07:33:23 [allowed] §c[BOSS] The Watcher§r§f: I'm impressed.
07:33:25 [allowed] §6§lDUNGEON BUFF! §r§bmrhamable §r§ffound a §r§dBlessing of Power V§r§f!
07:33:25 [allowed]      §r§7Granted you §r§a§r§a+24.5§r§7 & §r§a+1.12x §r§c❁ Strength§r§7.
07:33:25 [allowed]      §r§7Also granted you §r§a§r§a+24.5§r§7 & §r§a+1.12x §r§9☠ Crit Damage§r§7.
07:33:25 [allowed] §c[BOSS] The Watcher§r§f: That one was weak anyway.
07:33:26 [allowed] §c[BOSS] Scarf§r§f: If I had spent more time studying and less time watching anime, maybe mother would be here with me!
07:33:26 [allowed] §cThe Tripwire Trap hit you for 3,123 damage!
07:33:26 [allowed] §eYour bone plating reduced the damage you took by §r§c2,389.9§r§e!
07:33:27 [allowed] §a§lPUZZLE SOLVED! §r§bCaptn_Noah §r§etied Tic Tac Toe! §r§4G§r§co§r§6o§r§ed§r§a §r§2j§r§bo§r§3b§r§5!
07:33:28 [allowed] §c[BOSS] The Watcher§r§f: Hmmm... this one!
07:33:31 [allowed] §c[BOSS] The Watcher§r§f: You'll do.
07:33:33 [allowed] §6§lDUNGEON BUFF! §r§bCaptn_Noah §r§ffound a §r§dBlessing of Life V§r§f!
07:33:33 [allowed]      §r§7Granted you §r§a§r§a+1.18x HP §r§7and §r§a§r§a+1.18x §r§c❣ Health Regen§r§7.
07:33:35 [allowed] §c[BOSS] The Watcher§r§f: Go, fight!
07:33:36 [allowed] §9Party §8> §7cwq97§f: §rSkytils-SC > 270
07:33:36 [allowed] §6§lDUNGEON BUFF! §r§a9697 §r§ffound a §r§dBlessing of Power V§r§f!
07:33:36 [allowed]      §r§7Granted you §r§a§r§a+24.5§r§7 & §r§a+1.12x §r§c❁ Strength§r§7.
07:33:36 [allowed]      §r§7Also granted you §r§a§r§a+24.5§r§7 & §r§a+1.12x §r§9☠ Crit Damage§r§7.
07:33:37 [allowed] §9Party §8> §b[MVP§a+§b] Captn_Noah§f: §r270 Score!
07:33:37 [allowed] §6§lESSENCE! §r§bmrhamable §r§ffound §r§bx10 Diamond Essence§r§f!
07:33:37 [allowed] §6§lDUNGEON BUFF! §r§bCaptn_Noah §r§ffound a §r§dBlessing of Power II§r§f!
07:33:37 [allowed]      §r§7Granted you §r§a§r§a+9.8§r§7 & §r§a+1.05x §r§c❁ Strength§r§7.
07:33:37 [allowed]      §r§7Also granted you §r§a§r§a+9.8§r§7 & §r§a+1.05x §r§9☠ Crit Damage§r§7.
07:33:38 [allowed] §c[BOSS] The Watcher§r§f: Hmmm... this one!
07:33:41 [allowed] §c◕ §r§bmrhamable §r§epicked up your Ability Damage Orb!
07:33:41 [allowed] §c[BOSS] The Watcher§r§f: Hmmm... this one!
07:33:41 [allowed] §cThere are blocks in the way!
07:33:41 [allowed] §cThere are blocks in the way!
07:33:41 [allowed] §cThere are blocks in the way!
07:33:42 [allowed] §cThere are blocks in the way!
07:33:42 [allowed] §cThere are blocks in the way!
07:33:45 [allowed] §c[BOSS] The Watcher§r§f: Hmmm... this one!
07:33:45 [allowed] §cThere are blocks in the way!
07:33:45 [allowed] §6§lDUNGEON BUFF! §r§bmrhamable §r§ffound a §r§dBlessing of Stone I§r§f!
07:33:45 [allowed]      §r§7Granted you §r§a§r§a+4.9§r§7 & §r§a+1.02x §r§a❈ Defense §r§7and §r§a+7.2 §r§c❁ Damage§r§7.
07:33:45 [allowed] §6Rapid Fire§r§a is ready to use! Press §r§6§lDROP§r§a to activate it!
07:33:47 [allowed] §c[BOSS] The Watcher§r§f: You have proven yourself. You may pass.
07:33:49 [allowed] §eYour bone plating reduced the damage you took by §r§c4,764.4§r§e!
07:33:49 [allowed] §cThere are blocks in the way!
07:33:50 [allowed] §cThere are blocks in the way!
07:33:50 [allowed] §b[MVP§r§a+§r§b] Captn_Noah§r§f §r§ehas obtained §r§a§r§9Superboom TNT §r§8x2§r§e!
07:33:50 [allowed] §b[MVP§r§a+§r§b] Captn_Noah§r§f §r§ehas obtained §r§a§r§dBlessing of Wisdom§r§e!
07:33:50 [allowed] §6§lDUNGEON BUFF! §r§bCaptn_Noah §r§ffound a §r§dBlessing of Wisdom V§r§f! (§r§a01m 56s§r§f)
07:33:50 [allowed]      §r§7Granted you §r§a§r§a+24.5§r§7 & §r§a+1.12x §r§b✎ Intelligence §r§7and §r§a+24 §r§f✦ Speed§r§7.
07:33:56 [allowed] §cThe Flamethrower hit you for 2,656.8 damage!
07:33:59 [allowed] §aYou used your §r§6Pickobulus §r§aPickaxe Ability!
07:33:59 [allowed] §7Your §r§aPickobulus §r§7didn't destroy any blocks!
07:33:59 [allowed] §cYour Pickaxe ability is on cooldown for 60s.
07:34:00 [allowed] §cYour Pickaxe ability is on cooldown for 59s.
07:34:01 [allowed] §cThat chest is locked!
07:34:01 [allowed] §cYour Pickaxe ability is on cooldown for 58s.
07:34:04 [allowed] §bmrhamable §r§ffound a §r§dWither Essence§r§f! Everyone gains an extra essence!
07:34:04 [allowed] §a9697 §r§ffound a §r§dWither Essence§r§f! Everyone gains an extra essence!
07:34:04 [allowed] §eA §r§a§r§dBlessing of Life§r§e was picked up!
07:34:04 [allowed] §6§lDUNGEON BUFF! §r§fA §r§dBlessing of Life V§r§f was found! (§r§a02m 11s§r§f)
07:34:04 [allowed]      §r§7Granted you §r§a§r§a+1.18x HP §r§7and §r§a§r§a+1.18x §r§c❣ Health Regen§r§7.
07:34:04 [allowed] §eA §r§a§r§dBlessing of Life§r§e was picked up!
07:34:04 [allowed] §6§lDUNGEON BUFF! §r§fA §r§dBlessing of Life V§r§f was found! (§r§a02m 11s§r§f)
07:34:04 [allowed]      §r§7Granted you §r§a§r§a+1.18x HP §r§7and §r§a§r§a+1.18x §r§c❣ Health Regen§r§7.
07:34:04 [allowed] §eA §r§a§r§dBlessing of Power§r§e was picked up!
07:34:04 [allowed] §6§lDUNGEON BUFF! §r§fA §r§dBlessing of Power V§r§f was found! (§r§a02m 11s§r§f)
07:34:04 [allowed]      §r§7Granted you §r§a§r§a+24.5§r§7 & §r§a+1.12x §r§c❁ Strength§r§7.
07:34:04 [allowed]      §r§7Also granted you §r§a§r§a+24.5§r§7 & §r§a+1.12x §r§9☠ Crit Damage§r§7.
07:34:06 [allowed] §cThere are blocks in the way!
07:34:07 [allowed] §cThere are blocks in the way!
07:34:07 [allowed] §6§lDUNGEON BUFF! §r§aMUFM4N §r§ffound a §r§dBlessing of Power I§r§f!
07:34:07 [allowed]      §r§7Granted you §r§a§r§a+4.9§r§7 & §r§a+1.02x §r§c❁ Strength§r§7.
07:34:07 [allowed]      §r§7Also granted you §r§a§r§a+4.9§r§7 & §r§a+1.02x §r§9☠ Crit Damage§r§7.
07:34:13 [allowed] §eYour bone plating reduced the damage you took by §r§c2,977.3§r§e!
07:34:13 [allowed] §6§lDUNGEON BUFF! §r§bmrhamable §r§ffound a §r§dBlessing of Stone II§r§f!
07:34:13 [allowed]      §r§7Granted you §r§a§r§a+9.8§r§7 & §r§a+1.05x §r§a❈ Defense §r§7and §r§a+14.4 §r§c❁ Damage§r§7.
07:34:14 [allowed] §6§lESSENCE! §r§a9697 §r§ffound §r§bx10 Ice Essence§r§f!
07:34:17 [allowed] §6§lESSENCE! §r§aMUFM4N §r§ffound §r§5x10 Spider Essence§r§f!
07:34:18 [allowed] §6Rapid Fire§r§a is ready to use! Press §r§6§lDROP§r§a to activate it!
07:34:19 [allowed] §cThere are blocks in the way!
07:34:22 [allowed] §cYou hear the sound of something opening...
07:34:22 [allowed] §cThis lever has already been used.
07:34:23 [allowed] §cThere are blocks in the way!
07:34:23 [allowed] §cThere are blocks in the way!
07:34:28 [allowed] §eYour bone plating reduced the damage you took by §r§c2,996.7§r§e!
07:34:30 [allowed] §cYour Pickaxe ability is on cooldown for 29s.
07:34:30 [allowed] §cYour Pickaxe ability is on cooldown for 29s.
07:34:31 [allowed] §6§lESSENCE! §r§fYou found §r§6x10 Gold Essence§r§f!
07:34:33 [allowed] §c◕ §r§bmrhamable §r§epicked up your Ability Damage Orb!
07:34:33 [allowed] §aYou have teleported to §r§a9697§r§a!
07:34:46 [allowed] §eYour bone plating reduced the damage you took by §r§c2,977.3§r§e!
07:34:46 [allowed] §7A Crypt Wither Skull exploded, hitting you for §r§c26,400§r§7 damage.
07:34:46 [allowed] §9Party §8> §a[VIP] MUFM4N§f: §r300 Score reached!
07:34:46 [allowed] §9Party §8> §b[MVP§a+§b] Captn_Noah§f: §r300 Score!
07:34:47 [allowed] §6§lESSENCE! §r§a9697 §r§ffound §r§6x10 Gold Essence§r§f!
07:34:48 [allowed] §6Rapid Fire§r§a is ready to use! Press §r§6§lDROP§r§a to activate it!
07:34:49 [allowed] §6§lDUNGEON BUFF! §r§bCaptn_Noah §r§ffound a §r§dBlessing of Life I§r§f!
07:34:49 [allowed]      §r§7Granted you §r§a§r§a+1.04x HP §r§7and §r§a§r§a+1.04x §r§c❣ Health Regen§r§7.
07:34:49 [allowed] §9Party §8> §7cwq97§f: §rSkytils-SC > g
07:34:49 [allowed] §4[BOSS] Maxor§r§c: §r§cWELL! WELL! WELL! LOOK WHO'S HERE!
07:34:53 [allowed] §4[BOSS] Maxor§r§c: §r§cI'VE BEEN TOLD I COULD HAVE A BIT OF FUN WITH YOU.
07:34:56 [allowed] §aMUFM4N§r§a picked up an §r§bEnergy Crystal§r§a!
07:34:56 [allowed] §4[BOSS] Maxor§r§c: §r§cDON'T DISAPPOINT ME, I HAVEN'T HAD A GOOD FIGHT IN A WHILE.
07:34:57 [allowed] §bCaptn_Noah§r§a picked up an §r§bEnergy Crystal§r§a!
07:34:57 [allowed] §9Party §8> §b[MVP§c+§b] mrhamable§f: §rat storm
07:34:58 [allowed] §c1§r§a/2 Energy Crystals are now active!
07:34:59 [allowed] §c1§r§a/2 Energy Crystals are now active!
07:34:59 [allowed] §e§lArcher Milestone §r§e❼§r§7: You have dealt §r§c150,000,000§r§7 Ranged Damage so far! §r§a03m 06s
07:35:00 [allowed] §a§l+5 Kill Combo §r§b+3% §r§b✯ Magic Find
07:35:00 [allowed] §aThe Energy Laser is charging up!
07:35:01 [allowed] §eYour bone plating reduced the damage you took by §r§c5,324.9§r§e!
07:35:02 [allowed] §a§r§6Pickobulus §r§ais now available!
07:35:02 [allowed] §e§lArcher Milestone §r§e❽§r§7: You have dealt §r§c187,500,000§r§7 Ranged Damage so far! §r§a03m 08s
07:35:02 [allowed] §a§l+10 Kill Combo §r§8+§r§610 §r§7coins per kill
07:35:02 [allowed] §4[BOSS] Maxor§r§c: §r§cYOU TRICKED ME!
07:35:03 [allowed] §e§lArcher Milestone §r§e❾§r§7: You have dealt §r§c225,000,000§r§7 Ranged Damage so far! §r§a03m 09s
07:35:03 [allowed] §9§l+15 Kill Combo §r§b+3% §r§b✯ Magic Find
07:35:03 [allowed] §9Party §8> §b[MVP§c+§b] mrhamable§f: §rphased thorugh coal
07:35:03 [allowed] §5§l+20 Kill Combo §r§8§r§3+15☯ Combat Wisdom
07:35:04 [allowed] §aMUFM4N§r§a picked up an §r§bEnergy Crystal§r§a!
07:35:04 [allowed] §5§l+25 Kill Combo §r§b+3% §r§b✯ Magic Find
07:35:05 [allowed] §bCaptn_Noah§r§a picked up an §r§bEnergy Crystal§r§a!
07:35:05 [allowed] §7A Crypt Wither Skull exploded, hitting you for §r§c21,600§r§7 damage.
07:35:05 [allowed] §7A Crypt Wither Skull exploded, hitting you for §r§c21,600§r§7 damage.
07:35:06 [allowed] §7A Crypt Wither Skull exploded, hitting you for §r§c21,600§r§7 damage.
07:35:06 [allowed] §7A Crypt Wither Skull exploded, hitting you for §r§c21,600§r§7 damage.
07:35:06 [allowed] §7A Crypt Wither Skull exploded, hitting you for §r§c21,600§r§7 damage.
07:35:06 [allowed] §7A Crypt Wither Skull exploded, hitting you for §r§c21,600§r§7 damage.
07:35:06 [allowed] §c⚠ Maxor is enraged! ⚠
07:35:06 [allowed] §7A Crypt Wither Skull exploded, hitting you for §r§c21,600§r§7 damage.
07:35:06 [allowed] §bmrhamable's §r§6Wish §r§ehealed you for §r§a0 §r§ehealth and granted you an absorption shield with §r§a12,170 §r§ehealth!
07:35:06 [allowed] §c1§r§a/2 Energy Crystals are now active!
07:35:07 [allowed] §7A Crypt Wither Skull exploded, hitting you for §r§c21,600§r§7 damage.
07:35:08 [allowed] §6§l+30 Kill Combo §r§8+§r§610 §r§7coins per kill
07:35:08 [allowed] §a2§r§a/2 Energy Crystals are now active!
07:35:08 [allowed] §9Party §8> §b[MVP§c+§b] mrhamable§f: §rphased gate 1
07:35:09 [allowed] §9Party §8> §b[MVP§c+§b] mrhamable§f: §rphased gate 1
07:35:09 [allowed] §aThe Energy Laser is charging up!
07:35:11 [allowed] §cYour Kill Combo has expired! You reached a 32 Kill Combo!
07:35:11 [allowed] §7A Crypt Wither Skull exploded, hitting you for §r§c21,600§r§7 damage.
07:35:12 [allowed] §4[BOSS] Maxor§r§c: §r§cYOUR WEAPONS CAN'T PIERCE THROUGH MY SHIELD!
07:35:13 [allowed] §7A Crypt Wither Skull exploded, hitting you for §r§c21,600§r§7 damage.
07:35:14 [allowed] §7A Crypt Wither Skull exploded, hitting you for §r§c21,600§r§7 damage.
07:35:14 [allowed] §7A Crypt Wither Skull exploded, hitting you for §r§c21,600§r§7 damage.
07:35:15 [allowed] §4[BOSS] Maxor§r§c: §r§cTHAT BEAM! IT HURTS! IT HURTS!!
07:35:16 [allowed] §eYour bone plating reduced the damage you took by §r§c5,361.8§r§e!
07:35:18 [allowed] §9Party §8> §b[MVP§c+§b] mrhamable§f: §rphased lights
07:35:18 [allowed] §6Rapid Fire§r§a is ready to use! Press §r§6§lDROP§r§a to activate it!
07:35:20 [allowed] §4[BOSS] Storm§r§c: §r§cPathetic Maxor, just like expected.
07:35:20 [allowed] §9Party §8> §7cwq97§f: §rleap
07:35:21 [allowed] §a§l+5 Kill Combo §r§b+3% §r§b✯ Magic Find
07:35:22 [allowed] §a§l+10 Kill Combo §r§8+§r§610 §r§7coins per kill
07:35:23 [allowed] §4[BOSS] Storm§r§c: §r§cDon't boast about beating this simple-minded Wither.
07:35:23 [allowed] §9§l+15 Kill Combo §r§b+3% §r§b✯ Magic Find
07:35:24 [allowed] §5§l+20 Kill Combo §r§8§r§3+15☯ Combat Wisdom
07:35:24 [allowed] §5§l+25 Kill Combo §r§b+3% §r§b✯ Magic Find
07:35:26 [allowed] §6§l+30 Kill Combo §r§8+§r§610 §r§7coins per kill
07:35:26 [allowed] §4[BOSS] Storm§r§c: §r§cMy abilities are unparalleled, in many ways I am the last bastion.
07:35:29 [allowed] §4[BOSS] Storm§r§c: §r§cThe memory of your death will be your fondest, focus up!
07:35:31 [allowed] §eYour bone plating reduced the damage you took by §r§c5,287.9§r§e!
07:35:31 [allowed] §cStorm's§r§7 Lightning Fireball hit you for §r§c2,024.7§r§7 true damage.
07:35:31 [allowed] §6§l+75 Kill Combo
07:35:31 [allowed] §cStorm's§r§7 Static Field hit you for §r§c12,000§r§7 damage.
07:35:34 [allowed] §cYour Kill Combo has expired! You reached a 75 Kill Combo!
07:35:36 [allowed] §a§l+5 Kill Combo §r§b+3% §r§b✯ Magic Find
07:35:36 [allowed] §a§l+10 Kill Combo §r§8+§r§610 §r§7coins per kill
07:35:36 [allowed] §9§l+15 Kill Combo §r§b+3% §r§b✯ Magic Find
07:35:37 [allowed] §5§l+20 Kill Combo §r§8§r§3+15☯ Combat Wisdom
07:35:37 [allowed] §5§l+25 Kill Combo §r§b+3% §r§b✯ Magic Find
07:35:37 [allowed] §cStorm's§r§7 Lightning Fireball hit you for §r§c2,040.2§r§7 true damage.
07:35:38 [allowed] §6§l+30 Kill Combo §r§8+§r§610 §r§7coins per kill
07:35:41 [allowed] §4[BOSS] Storm§r§c: §r§cThe power of lightning is quite phenomenal. A single strike can vaporize a person whole.
07:35:42 [allowed] §cStorm's§r§7 Static Field hit you for §r§c12,000§r§7 damage.
07:35:45 [allowed] §4[BOSS] Storm§r§c: §r§cI'd be happy to show you what that's like!
07:35:45 [allowed] §cYour Kill Combo has expired! You reached a 43 Kill Combo!
07:35:48 [allowed] §4[BOSS] Storm§r§c: §r§cENERGY HEED MY CALL!
07:35:49 [allowed] §6Rapid Fire§r§a is ready to use! Press §r§6§lDROP§r§a to activate it!
07:35:50 [allowed] §eYour bone plating reduced the damage you took by §r§c3,035.7§r§e!
07:35:51 [allowed] §9Party §8> §b[MVP§c+§b] mrhamable§f: §rarrows
07:35:58 [allowed] §9Party §8> §b[MVP§c+§b] mrhamable§f: §rLeaped to Captn_Noah!
07:36:00 [allowed] §4[BOSS] Storm§r§c: §r§cOof
07:36:02 [allowed] §c⚠ Storm is enraged! ⚠
07:36:05 [allowed] §eYour bone plating reduced the damage you took by §r§c5,361.8§r§e!
07:36:06 [allowed] §cStorm's§r§7 Frenzy hit you for §r§c2,205.6§r§7 damage.
07:36:06 [allowed] §cStorm's§r§7 Frenzy hit you for §r§c2,205.6§r§7 damage.
07:36:07 [allowed] §cStorm's§r§7 Frenzy hit you for §r§c2,205.6§r§7 damage.
07:36:07 [allowed] §4[BOSS] Storm§r§c: §r§cThe Age of Men is over, we are creating tens, hundreds of withers!!
07:36:07 [allowed] §cStorm's§r§7 Frenzy hit you for §r§c2,205.6§r§7 damage.
07:36:07 [allowed] §9Party §8> §b[MVP§c+§b] mrhamable§f: §rat storm
07:36:09 [allowed] §4[BOSS] Storm§r§c: §r§cI should have known that I stood no chance.
07:36:11 [allowed] §9Party §8> §b[MVP§c+§b] mrhamable§f: §rphased thorugh coal
07:36:12 [allowed] §4[BOSS] Storm§r§c: §r§cAt least my son died by your hands.
07:36:14 [allowed] §4[BOSS] Goldor§r§c: §r§cWho dares trespass into my domain?
07:36:15 [allowed] §aYou have teleported to §r§bmrhamable§r§a!
07:36:17 [allowed] §a9697§r§a activated a terminal! (§r§c1§r§a/7)
07:36:17 [allowed] §9Party §8> §b[MVP§c+§b] mrhamable§f: §rat simon says
07:36:17 [allowed] §4[BOSS] Goldor§r§c: §r§cLittle ants, plotting and scheming, thinking they are invincible…
07:36:19 [allowed] §dCreeper Veil §r§aActivated!
07:36:19 [allowed] §6Rapid Fire§r§a is ready to use! Press §r§6§lDROP§r§a to activate it!
07:36:20 [allowed] §4[BOSS] Goldor§r§c: §r§cI won't let you break the factory core, I gave my life to my Master.
07:36:21 [allowed] §dCreeper Veil §r§cDe-activated!
07:36:23 [allowed] §4[BOSS] Goldor§r§c: §r§cNo one matches me in close quarters.
07:36:24 [allowed] §a9697§r§a activated a terminal! (§r§c2§r§a/7)
07:36:25 [allowed] §7cwq97§r§a activated a lever! (§r§c3§r§a/7)
07:36:25 [allowed] §cSomeone has already activated this lever!
07:36:26 [allowed] §eYour bone plating reduced the damage you took by §r§c5,361.8§r§e!
07:36:26 [allowed] §4[BOSS] Goldor§r§c: §r§cI am the death zone, you are smart to flee.
07:36:27 [allowed] §7cwq97§r§a activated a lever! (§r§c4§r§a/7)
07:36:27 [allowed] §aMUFM4N§r§a activated a terminal! (§r§c5§r§a/7)
07:36:27 [allowed] §cSomeone has already activated this lever!
07:36:28 [allowed] §bCaptn_Noah§r§a activated a terminal! (§r§c6§r§a/7)
07:36:29 [allowed] §aThe gate has been destroyed!
07:36:32 [allowed] §aYou sold §r§9Superboom TNT§r§8 x7 §r§afor §r§614 Coins§r§a!
07:36:32 [allowed] §aYou sold §r§5Fierce Skeleton Master Chestplate§r§8 x1 §r§afor §r§637 Coins§r§a!
07:36:32 [allowed] §aYou sold §r§4◆ Lava Rune I§r§8 x1 §r§afor §r§61 Coin§r§a!
07:36:33 [allowed] §aYou sold §r§aEnchanted Rotten Flesh§r§8 x1 §r§afor §r§6320 Coins§r§a!
07:36:33 [allowed] §aYou sold §r§5Fierce Skeleton Soldier Boots§r§8 x1 §r§afor §r§657 Coins§r§a!
07:36:33 [allowed] §aYou sold §r§aTraining Weights§r§8 x1 §r§afor §r§61 Coin§r§a!
07:36:33 [allowed] §cThat item cannot be sold!
07:36:34 [allowed] §aYou sold §r§9Spicy Conjuring§r§8 x1 §r§afor §r§62,112 Coins§r§a!
07:36:34 [allowed] §aYou sold §r§d◆ Hearts Rune I§r§8 x1 §r§afor §r§61 Coin§r§a!
07:36:34 [allowed] §aYou sold §r§e◆ Golden Rune I§r§8 x1 §r§afor §r§61 Coin§r§a!
07:36:34 [allowed] §aYou sold §r§e◆ Zap Rune I§r§8 x1 §r§afor §r§61 Coin§r§a!
07:36:34 [allowed] §aYou sold §r§5Clean Zombie Soldier Chestplate§r§8 x1 §r§afor §r§637 Coins§r§a!
07:36:35 [allowed] §aYou sold §r§9Legendary Dreadlord Sword§r§8 x1 §r§afor §r§6284 Coins§r§a!
07:36:35 [allowed] §aYou sold §r§5Sharp Zombie Knight Sword§r§8 x1 §r§afor §r§6129 Coins§r§a!
07:36:35 [allowed] §aYou sold §r§9Fair Conjuring§r§8 x1 §r§afor §r§62,080 Coins§r§a!
07:36:35 [allowed] §cThat item cannot be sold!
07:36:35 [allowed] §aYou sold §r§9Pure Bouncy Chestplate§r§8 x1 §r§afor §r§637 Coins§r§a!
07:36:36 [allowed] §aYou sold §r§aEnchanted Bone§r§8 x2 §r§afor §r§6640 Coins§r§a!
07:36:36 [allowed] §aYou sold §r§5Sharp Zombie Knight Sword§r§8 x1 §r§afor §r§681 Coins§r§a!
07:36:36 [allowed] §cThat item cannot be sold!
07:36:40 [allowed] §bmrhamable§r§a completed a device! (§r§c7§r§a/7)
07:36:40 [allowed] §4[BOSS] Goldor§r§c: §r§cYOUR END IS NEAR!!
07:36:42 [allowed] §9Party §8> §b[MVP§c+§b] mrhamable§f: §rphased gate 1
07:36:42 [allowed] §9Party §8> §b[MVP§c+§b] mrhamable§f: §rphased gate 1
07:36:44 [allowed] §9Party §8> §b[MVP§c+§b] mrhamable§f: §rphased gate 1
07:36:44 [allowed] §eYour bone plating reduced the damage you took by §r§c3,055.1§r§e!
07:36:47 [allowed] §a9697§r§a activated a terminal! (§r§c1§r§a/8)
07:36:49 [allowed] §6Rapid Fire§r§a is ready to use! Press §r§6§lDROP§r§a to activate it!
07:36:50 [allowed] §aYou earned §r§2748 GEXP §r§a+ §r§5598 Event EXP §r§afrom playing SkyBlock!
07:36:51 [allowed] §aMUFM4N§r§a activated a terminal! (§r§c2§r§a/8)
07:36:53 [allowed] §9Party §8> §b[MVP§c+§b] mrhamable§f: §rphased lights
07:36:55 [allowed] §7cwq97§r§a activated a terminal! (§r§c3§r§a/8)
07:36:55 [allowed] §bCaptn_Noah§r§a activated a terminal! (§r§c4§r§a/8)
07:36:55 [allowed] §9Party §8> §a[VIP] MUFM4N§f: §rEntering Core!
07:36:56 [allowed] §dCreeper Veil §r§aActivated!
07:36:57 [allowed] §bmrhamable§r§a completed a device! (§r§c5§r§a/8)
07:36:57 [allowed] §a9697§r§a activated a lever! (§r§c6§r§a/8)
07:36:58 [allowed] §dCreeper Veil §r§cDe-activated!
07:36:59 [allowed] §9Party §8> §a[VIP] MUFM4N§f: §rInside Tunnel
07:37:03 [allowed] §9Party §8> §a[VIP] MUFM4N§f: §rAt Core!
07:37:05 [allowed] §eYour bone plating reduced the damage you took by §r§c3,035.7§r§e!
07:37:05 [allowed] §cGoldor's§r§7 Greatsword hit you for §r§c40,000§r§7 damage.
07:37:07 [allowed] §bmrhamable§r§a activated a lever! (§r§c7§r§a/8)
07:37:07 [allowed] §9Party §8> §a[VIP] 9697§f: §rmelody not skibidi
07:37:09 [allowed] §aThe gate has been destroyed!
07:37:13 [allowed] §cGoldor's§r§7 Greatsword hit you for §r§c40,000§r§7 damage.
07:37:13 [allowed] §a9697§r§a activated a terminal! (§r§c8§r§a/8)
07:37:13 [allowed] §4[BOSS] Goldor§r§c: §r§cI will replace that gate with a stronger one!
07:37:17 [allowed] §4[BOSS] Goldor§r§c: §r§cYou can't damage me, you can barely slow me down!
07:37:20 [allowed] §6Rapid Fire§r§a is ready to use! Press §r§6§lDROP§r§a to activate it!
07:37:20 [allowed] §4[BOSS] Goldor§r§c: §r§cI am the death zone, you are smart to flee.
07:37:21 [allowed] §9Party §8> §b[MVP§c+§b] mrhamable§f: §rarrows
07:37:21 [allowed] §eYour bone plating reduced the damage you took by §r§c3,016.2§r§e!
07:37:21 [allowed] §a9697§r§a activated a terminal! (§r§c1§r§a/7)
07:37:24 [allowed] §bmrhamable§r§a completed a device! (§r§c2§r§a/7)
07:37:26 [allowed] §7cwq97§r§a activated a terminal! (§r§c3§r§a/7)
07:37:27 [allowed] §bmrhamable§r§a activated a lever! (§r§c4§r§a/7)
07:37:28 [allowed] §dCreeper Veil §r§aActivated!
07:37:28 [allowed] §a9697§r§a activated a terminal! (§r§c5§r§a/7)
07:37:29 [allowed] §dCreeper Veil §r§cDe-activated!
07:37:29 [allowed] §9Party §8> §a[VIP] MUFM4N§f: §rleap after p3
07:37:30 [allowed] §cThis ability is on cooldown for 5s.
07:37:30 [allowed] §bmrhamable§r§a activated a lever! (§r§c6§r§a/7)
07:37:30 [allowed] §cSomeone has already activated this lever!
07:37:30 [allowed] §cSomeone has already activated this lever!
07:37:31 [allowed] §9Party §8> §b[MVP§c+§b] mrhamable§f: §rLeaped to cwq97!
07:37:31 [allowed] §aThe gate has been destroyed!
07:37:32 [allowed] §bCaptn_Noah§r§a activated a terminal! (§r§c7§r§a/7)
07:37:32 [allowed] §4[BOSS] Goldor§r§c: §r§cThe little ants have a brain it seems.
07:37:35 [allowed] §aYou have teleported to §r§aMUFM4N§r§a!
07:37:38 [allowed] §eYour bone plating reduced the damage you took by §r§c3,055.1§r§e!
07:37:38 [allowed] §9Party §8> §a[VIP] MUFM4N§f: §rAt Core!
07:37:38 [allowed] §a9697§r§a activated a terminal! (§r§c1§r§a/7)
07:37:41 [allowed] §9Party §8> §a[VIP] MUFM4N§f: §rInside Tunnel
07:37:42 [allowed] §bmrhamable§r§a activated a lever! (§r§c2§r§a/7)
07:37:47 [allowed] §9Party §8> §a[VIP] 9697§f: §rmelody not skibidi
07:37:47 [allowed] §7cwq97§r§a activated a terminal! (§r§c3§r§a/7)
07:37:49 [allowed] §6Rapid Fire§r§a is ready to use! Press §r§6§lDROP§r§a to activate it!
07:37:50 [allowed] §bmrhamable§r§a activated a lever! (§r§c4§r§a/7)
07:37:51 [allowed] §4[BOSS] Goldor§r§c: §r§cSlowing me down only prolongs your pain!
07:37:51 [allowed] §a9697§r§a activated a terminal! (§r§c5§r§a/7)
07:37:53 [allowed] §bCaptn_Noah§r§a activated a terminal! (§r§c6§r§a/7)
07:37:55 [allowed] §9Party §8> §b[MVP§c+§b] mrhamable§f: §rLeaped to MUFM4N!
07:38:00 [allowed] §9Party §8> §7cwq97§f: §rdevice
07:38:04 [allowed] §4[BOSS] Goldor§r§c: §r§cSlowing me down only prolongs your pain!
07:38:07 [allowed] §c ☠ §r§7§r§a9697§r§7 burned to death and became a ghost§r§7.
07:38:08 [allowed] §a ❣ §r§7§r§bmrhamable §r§7is reviving §r§a9697§r§7!
07:38:09 [allowed] §eYour bone plating reduced the damage you took by §r§c5,287.9§r§e!
07:38:09 [allowed] §cGoldor's§r§7 Greatsword hit you for §r§c40,000§r§7 damage.
07:38:10 [allowed] §9Party §8> §a[VIP] 9697§f: §rlag
07:38:12 [allowed] §9Party §8> §b[MVP§c+§b] mrhamable§f: §rhealer does not do it berz does i believe
07:38:12 [allowed] §9Party §8> §a[VIP] 9697§f: §rim ******* done
07:38:12 [allowed] §9Party §8> §7cwq97§f: §r298
07:38:14 [allowed] §a ❣ §r§7§r§a9697§r§a was revived by §r§bmrhamable§r§a!
07:38:18 [allowed] §4[BOSS] Goldor§r§c: §r§cYou are breaking precious materials, unforgivable.
07:38:19 [allowed] §9Party §8> §a[VIP] MUFM4N§f: §rbers u do device
07:38:21 [allowed] §9Party §8> §7cwq97§f: §rye bers
07:38:21 [allowed] §6Rapid Fire§r§a is ready to use! Press §r§6§lDROP§r§a to activate it!
07:38:22 [allowed] §9Party §8> §a[VIP] 9697§f: §ri have spirit
07:38:22 [allowed] §4[BOSS] Goldor§r§c: §r§cSlowing me down only prolongs your pain!
07:38:24 [allowed] §eYour bone plating reduced the damage you took by §r§c5,287.9§r§e!
07:38:24 [allowed] §cGoldor's§r§7 Greatsword hit you for §r§c40,000§r§7 damage.
07:38:24 [allowed] §9Party §8> §b[MVP§a+§b] Captn_Noah§f: §rmb
07:38:32 [allowed] §4[BOSS] Goldor§r§c: §r§cThere is no stopping me down there!
07:38:32 [allowed] §cGoldor's§r§7 Greatsword hit you for §r§c40,000§r§7 damage.
07:38:43 [allowed] §4[BOSS] Goldor§r§c: §r§cStop touching those terminals!
07:38:45 [allowed] §9Party §8> §7cwq97§f: §r??
07:38:51 [allowed] §9Party §8> §b[MVP§c+§b] mrhamable§f: §rwhy is it takin yall so long
07:38:51 [allowed] §6Rapid Fire§r§a is ready to use! Press §r§6§lDROP§r§a to activate it!
07:38:54 [allowed] §4[BOSS] Goldor§r§c: §r§cYou can't damage me, you can barely slow me down!
07:38:56 [allowed] §9Party §8> §a[VIP] 9697§f: §ri cant leap to you arch
07:38:57 [allowed] §9Party §8> §7cwq97§f: §rnobodys doing it rn
07:38:59 [allowed] §eYour bone plating reduced the damage you took by §r§c5,361.8§r§e!
07:38:59 [allowed] §cGoldor's§r§7 Frenzy hit you for §r§c7,435.3§r§7 damage.
07:38:59 [allowed] §9Party §8> §7cwq97§f: §rtf
07:38:59 [allowed] §cGoldor's§r§7 Frenzy hit you for §r§c7,684§r§7 damage.
07:39:00 [allowed] §cGoldor's§r§7 Frenzy hit you for §r§c7,925.7§r§7 damage.
07:39:00 [allowed] §9Party §8> §b[MVP§c+§b] mrhamable§f: §rin tunnel
07:39:00 [allowed] §cGoldor's§r§7 Frenzy hit you for §r§c8,176.3§r§7 damage.
07:39:01 [allowed] §cGoldor's§r§7 Frenzy hit you for §r§c8,404.8§r§7 damage.
07:39:01 [allowed] §cGoldor's§r§7 Frenzy hit you for §r§c8,626.3§r§7 damage.
07:39:02 [allowed] §cGoldor's§r§7 Frenzy hit you for §r§c8,841§r§7 damage.
07:39:02 [allowed] §cGoldor's§r§7 Frenzy hit you for §r§c9,048.8§r§7 damage.
07:39:03 [allowed] §cGoldor's§r§7 Frenzy hit you for §r§c9,249.8§r§7 damage.
07:39:03 [allowed] §cGoldor's§r§7 Frenzy hit you for §r§c9,443.8§r§7 damage.
07:39:03 [allowed] §9Party §8> §a[VIP] MUFM4N§f: §rwe cant leap
07:39:04 [allowed] §cGoldor's§r§7 Frenzy hit you for §r§c9,630.9§r§7 damage.
07:39:04 [allowed] §9Party §8> §a[VIP] 9697§f: §rwe cant leap to you
07:39:04 [allowed] §cGoldor's§r§7 Frenzy hit you for §r§c9,811.2§r§7 damage.
07:39:05 [allowed] §4[BOSS] Goldor§r§c: §r§cYou can't damage me, you can barely slow me down!
07:39:05 [allowed] §cGoldor's§r§7 Frenzy hit you for §r§c9,984.6§r§7 damage.
07:39:05 [allowed] §cGoldor's§r§7 Frenzy hit you for §r§c10,151§r§7 damage.
07:39:05 [allowed] §9Party §8> §b[MVP§c+§b] mrhamable§f: §rin tunnel
07:39:06 [allowed] §cGoldor's§r§7 Frenzy hit you for §r§c10,566.5§r§7 damage.
07:39:06 [allowed] §cGoldor's§r§7 Frenzy hit you for §r§c10,794.9§r§7 damage.
07:39:07 [allowed] §cGoldor's§r§7 Frenzy hit you for §r§c14,909.3§r§7 damage.
07:39:07 [allowed] §cGoldor's§r§7 Frenzy hit you for §r§c15,096.8§r§7 damage.
07:39:08 [allowed] §cGoldor's§r§7 Frenzy hit you for §r§c15,426.7§r§7 damage.
07:39:08 [allowed] §4[BOSS] Goldor§r§c: §r§cCLOSER!
07:39:08 [allowed] §cGoldor's§r§7 Frenzy hit you for §r§c11,716.7§r§7 damage.
07:39:09 [allowed] §cGoldor's§r§7 Frenzy hit you for §r§c11,689.7§r§7 damage.
07:39:09 [allowed] §cGoldor's§r§7 Frenzy hit you for §r§c11,820.8§r§7 damage.
07:39:10 [allowed] §cGoldor's§r§7 Frenzy hit you for §r§c11,908.5§r§7 damage.
07:39:10 [allowed] §cGoldor's§r§7 Frenzy hit you for §r§c12,025.7§r§7 damage.
07:39:11 [allowed] §cGoldor's§r§7 Frenzy hit you for §r§c12,136.1§r§7 damage.
07:39:11 [allowed] §9Party §8> §b[MVP§c+§b] mrhamable§f: §rITS BC ARRCDH DO IT
07:39:11 [allowed] §cGoldor's§r§7 Frenzy hit you for §r§c12,239.6§r§7 damage.
07:39:11 [allowed] §9Party §8> §b[MVP§c+§b] mrhamable§f: §rin tunnel
07:39:12 [allowed] §cGoldor's§r§7 Frenzy hit you for §r§c12,336.1§r§7 damage.
07:39:12 [allowed] §9Party §8> §7cwq97§f: §rwelp
07:39:12 [allowed] §cGoldor's§r§7 Frenzy hit you for §r§c12,425.8§r§7 damage.
07:39:13 [allowed] §cGoldor's§r§7 Frenzy hit you for §r§c12,508.6§r§7 damage.
07:39:13 [allowed] §cGoldor's§r§7 Frenzy hit you for §r§c12,584.6§r§7 damage.
07:39:14 [allowed] §eYour bone plating reduced the damage you took by §r§c5,398.8§r§e!
07:39:14 [allowed] §cGoldor's§r§7 Frenzy hit you for §r§c12,653.6§r§7 damage.
07:39:14 [allowed] §cGoldor's§r§7 Frenzy hit you for §r§c12,727.3§r§7 damage.
07:39:15 [allowed] §cGoldor's§r§7 Frenzy hit you for §r§c12,853.1§r§7 damage.
07:39:15 [allowed] §cGoldor's§r§7 Frenzy hit you for §r§c12,955.7§r§7 damage.
07:39:16 [allowed] §9Party §8> §b[MVP§c+§b] mrhamable§f: §rWE CANT BC OF CORE
07:39:16 [allowed] §cGoldor's§r§7 Frenzy hit you for §r§c12,948.1§r§7 damage.
07:39:16 [allowed] §cGoldor's§r§7 Frenzy hit you for §r§c12,830.3§r§7 damage.
07:39:17 [allowed] §cGoldor's§r§7 Frenzy hit you for §r§c12,602.4§r§7 damage.
07:39:17 [allowed] §cGoldor's§r§7 Frenzy hit you for §r§c12,264.2§r§7 damage.
07:39:18 [allowed] §cGoldor's§r§7 Frenzy hit you for §r§c11,815.9§r§7 damage.
07:39:18 [allowed] §cGoldor's§r§7 Frenzy hit you for §r§c11,257.4§r§7 damage.
07:39:19 [allowed] §cGoldor's§r§7 Frenzy hit you for §r§c10,588.7§r§7 damage.
07:39:19 [allowed] §cGoldor's§r§7 Frenzy hit you for §r§c9,809.8§r§7 damage.
07:39:20 [allowed] §cGoldor's§r§7 Frenzy hit you for §r§c8,920.7§r§7 damage.
07:39:20 [allowed] §cGoldor's§r§7 Frenzy hit you for §r§c7,921.5§r§7 damage.
07:39:21 [allowed] §6Rapid Fire§r§a is ready to use! Press §r§6§lDROP§r§a to activate it!
07:39:22 [allowed] §9Party §8> §b[MVP§c+§b] mrhamable§f: §rARCH DO IT
07:39:25 [allowed] §9Party §8> §7cwq97§f: §rlemme let him pass 1s
07:39:29 [allowed] §cGoldor's§r§7 Greatsword hit you for §r§c40,000§r§7 damage.
07:39:29 [allowed] §9Party §8> §a[VIP] MUFM4N§f: §raight
07:39:33 [allowed] §9Party §8> §b[MVP§c+§b] mrhamable§f: §rin tunnel
07:39:34 [allowed] §eYour bone plating reduced the damage you took by §r§c3,016.2§r§e!
07:39:41 [allowed] §9Party §8> §a[VIP] 9697§f: §ru got this
07:39:48 [allowed] §9Party §8> §a[VIP] MUFM4N§f: §rbers remember next time ;)
07:39:51 [allowed] §6Rapid Fire§r§a is ready to use! Press §r§6§lDROP§r§a to activate it!
07:39:54 [allowed] §9Party §8> §b[MVP§a+§b] Captn_Noah§f: §rsrry
07:39:56 [allowed] §9Party §8> §b[MVP§a+§b] Captn_Noah§f: §ri will
07:39:57 [allowed] §7cwq97§r§a completed a device! (§r§c7§r§a/7)
07:39:57 [allowed] §aThe Core entrance is opening!
07:39:58 [allowed] §9Party §8> §a[VIP] MUFM4N§f: §rits aight
07:40:04 [allowed] §4[BOSS] Goldor§r§c: §r§cYou have done it, you destroyed the factory…
07:40:05 [allowed] §bmrhamable's §r§6Wish §r§ehealed you for §r§a0 §r§ehealth and granted you an absorption shield with §r§a12,078 §r§ehealth!
07:40:06 [allowed] §eYour bone plating reduced the damage you took by §r§c5,324.9§r§e!
07:40:08 [allowed] §4[BOSS] Goldor§r§c: §r§cBut you have nowhere to hide anymore!
07:40:08 [allowed] §9Party §8> §b[MVP§c+§b] mrhamable§f: §rin necron
07:40:11 [allowed] §4[BOSS] Goldor§r§c: §r§cYOU ARE FACE TO FACE WITH GOLDOR!
07:40:12 [allowed] §4[BOSS] Necron§r§c: §r§cYou went further than any human before, congratulations.
07:40:14 [allowed] §4[BOSS] Goldor§r§c: §r§c....
07:40:15 [allowed] §4[BOSS] Necron§r§c: §r§cI'm afraid, your journey ends now.
07:40:16 [allowed] §dCreeper Veil §r§aActivated!
07:40:17 [allowed] §dCreeper Veil §r§cDe-activated!
07:40:18 [allowed] §4[BOSS] Necron§r§c: §r§cGoodbye.
07:40:18 [allowed] §4[BOSS] Goldor§r§c: §r§cNecron, forgive me.
07:40:21 [allowed] §4[BOSS] Necron§r§c: §r§cThat's a very impressive trick. I guess I'll have to handle this myself.
07:40:21 [allowed] §eYour bone plating reduced the damage you took by §r§c3,055.1§r§e!
07:40:23 [allowed] §6Rapid Fire§r§a is ready to use! Press §r§6§lDROP§r§a to activate it!
07:40:25 [allowed] §9Party §8> §b[MVP§c+§b] mrhamable§f: §rin necron
07:40:25 [allowed] §aYou have teleported to §r§aMUFM4N§r§a!
07:40:26 [allowed] §4[BOSS] Necron§r§c: §r§cSometimes when you have a problem, you just need to destroy it all and start again.
07:40:30 [allowed] §9Party §8> §a[VIP] MUFM4N§f: §rAt Middle!
07:40:31 [allowed] §9Party §8> §a[VIP] MUFM4N§f: §rAt Middle!
07:40:33 [allowed] §aUsed §r§6Rapid Fire§r§a!
07:40:33 [allowed] §4[BOSS] Necron§r§c: §r§cARGH!
07:40:35 [allowed] §9Party §8> §b[MVP§c+§b] mrhamable§f: §rUNDERNEATH NECRON
07:40:36 [allowed] §4[BOSS] Necron§r§c: §r§cLet's make some space!
07:40:38 [allowed] §9Party §8> §7cwq97§f: §rlock in yall
07:40:38 [allowed] §eYour bone plating reduced the damage you took by §r§c5,361.8§r§e!
07:40:39 [allowed] §4[BOSS] Necron§r§c: §r§cWITNESS MY RAW NUCLEAR POWER!
07:40:46 [allowed] §4[BOSS] Necron§r§c: §r§cARGH!
07:40:49 [allowed] §4[BOSS] Necron§r§c: §r§cAll this, for nothing...
07:40:49 [allowed] §dCreeper Veil §r§aActivated!
07:40:50 [allowed] §9Party §8> §b[MVP§a+§b] Captn_Noah§f: §rgg
07:40:50 [allowed] §dCreeper Veil §r§cDe-activated!
07:40:53 [allowed] §a§l▬▬▬▬▬▬▬▬▬▬▬▬▬▬▬▬▬▬▬▬▬▬▬▬▬▬▬▬▬▬▬▬▬▬▬▬▬▬▬▬▬▬▬▬▬▬▬▬▬▬▬▬▬▬▬▬▬▬▬▬▬▬▬▬
07:40:53 [allowed] §f                        §r§cThe Catacombs §r§8- §r§eFloor VII
07:40:53 [allowed] 
07:40:53 [allowed] §f                           §r§fTeam Score: §r§a301 §r§f(§r§b§lS+§r§f)
07:40:53 [allowed] §f     §r§c☠ §r§eDefeated §r§cMaxor, Storm, Goldor, and Necron §r§ein §r§a09m 00s
07:40:53 [allowed] §f                             §6> §e§lEXTRA STATS §6<
07:40:53 [allowed] §f                                   §r§8+§r§b28 Bits
07:40:53 [allowed] §f                    §r§8+§r§366,075.5 Catacombs Experience
07:40:53 [allowed] §f                      §r§8+§r§341,690.5 Archer Experience
07:40:53 [allowed] §f             §r§8+§r§310,422.6 Berserk Experience §r§b(Team Bonus)
07:40:53 [allowed] §f               §r§8+§r§310,422.6 Tank Experience §r§b(Team Bonus)
07:40:53 [allowed] §f               §r§8+§r§310,422.6 Mage Experience §r§b(Team Bonus)
07:40:53 [allowed] §f              §r§8+§r§310,422.6 Healer Experience §r§b(Team Bonus)
07:40:53 [allowed] §a§l▬▬▬▬▬▬▬▬▬▬▬▬▬▬▬▬▬▬▬▬▬▬▬▬▬▬▬▬▬▬▬▬▬▬▬▬▬▬▬▬▬▬▬▬▬▬▬▬▬▬▬▬▬▬▬▬▬▬▬▬▬▬▬▬
07:40:54 [allowed] §a§l▬▬▬▬▬▬▬▬▬▬▬▬▬▬▬▬▬▬▬▬▬▬▬▬▬▬▬▬▬▬▬▬▬▬▬▬▬▬▬▬▬▬▬▬▬▬▬▬▬▬▬▬▬▬▬▬▬▬▬▬▬▬▬▬
07:40:54 [allowed] §f                    §r§cThe Catacombs §r§8- §r§eFloor VII Stats
07:40:54 [allowed] 
07:40:54 [allowed] §f                           §r§fTeam Score: §r§a301 §r§f(§r§b§lS+§r§f)
07:40:54 [allowed] §f     §r§c☠ §r§eDefeated §r§cMaxor, Storm, Goldor, and Necron §r§ein §r§a09m 00s
07:40:54 [allowed] 
07:40:54 [allowed] §f                §r§fTotal Damage as Archer: §r§a1,337,803,090
07:40:54 [allowed] §f                             §r§fEnemies Killed: §r§a247
07:40:54 [allowed] §f                                   §r§fDeaths: §r§c0
07:40:54 [allowed] §f                             §r§fSecrets Found: §r§b12
07:40:54 [allowed] 
07:40:54 [allowed] §a§l▬▬▬▬▬▬▬▬▬▬▬▬▬▬▬▬▬▬▬▬▬▬▬▬▬▬▬▬▬▬▬▬▬▬▬▬▬▬▬▬▬▬▬▬▬▬▬▬▬▬▬▬▬▬▬▬▬▬▬▬▬▬▬▬
07:40:54 [allowed] §a§l▬▬▬▬▬▬▬▬▬▬▬▬▬▬▬▬▬▬▬▬▬▬▬▬▬▬▬▬▬▬▬▬▬▬▬▬▬▬▬▬▬▬▬▬▬▬▬▬▬▬▬▬▬▬▬▬▬▬▬▬▬▬▬▬
07:40:54 [allowed] §f                    §r§cThe Catacombs §r§8- §r§eFloor VII Stats
07:40:54 [allowed] 
07:40:54 [allowed] §f                           §r§fTeam Score: §r§a301 §r§f(§r§b§lS+§r§f)
07:40:54 [allowed] §f     §r§c☠ §r§eDefeated §r§cMaxor, Storm, Goldor, and Necron §r§ein §r§a09m 00s
07:40:54 [allowed] 
07:40:54 [allowed] §f                §r§fTotal Damage as Archer: §r§a1,337,803,090
07:40:54 [allowed] §f                             §r§fEnemies Killed: §r§a247
07:40:54 [allowed] §f                                   §r§fDeaths: §r§c0
07:40:54 [allowed] §f                             §r§fSecrets Found: §r§b12
07:40:54 [allowed] 
07:40:54 [allowed] §a§l▬▬▬▬▬▬▬▬▬▬▬▬▬▬▬▬▬▬▬▬▬▬▬▬▬▬▬▬▬▬▬▬▬▬▬▬▬▬▬▬▬▬▬▬▬▬▬▬▬▬▬▬▬▬▬▬▬▬▬▬▬▬▬▬
07:40:55 [allowed] 
07:40:55 [allowed] §a§l▬▬▬▬▬▬▬▬▬▬▬▬▬▬▬▬▬▬▬▬▬▬▬▬▬▬▬▬▬▬▬▬▬▬▬▬▬▬▬▬▬▬▬▬▬▬▬▬▬▬▬▬▬▬▬▬▬▬▬▬▬▬▬▬
07:40:55 [allowed]       §r§7Click §e§lHERE §7to re-queue into §c§aThe Catacombs§7!
07:40:55 [allowed] §a§l▬▬▬▬▬▬▬▬▬▬▬▬▬▬▬▬▬▬▬▬▬▬▬▬▬▬▬▬▬▬▬▬▬▬▬▬▬▬▬▬▬▬▬▬▬▬▬▬▬▬▬▬▬▬▬▬▬▬▬▬▬▬▬▬
07:40:55 [allowed] 
07:41:00 [allowed] §9§m-----------------------------------------------------
07:41:00 [allowed] §b[MVP§r§c+§r§b] mrhamable §r§ehas left the party.
07:41:00 [allowed] §9§m-----------------------------------------------------
07:41:01 [allowed]  §9§l» §bCaptn_Noah §eis traveling to §aDungeon Hub §e§lFOLLOW
07:41:03 [allowed]  §9§l» §a9697 §eis traveling to §aDungeon Hub §e§lFOLLOW
07:41:04 [allowed] §7Warping...
07:41:04 [allowed] §7Sending to server mini86S...
07:41:04 [allowed] §8 §r§8 §r§1 §r§3 §r§3 §r§7 §r§8 
07:41:05 [allowed]  §9§l» §aMUFM4N §eis traveling to §aDungeon Hub §e§lFOLLOW
07:41:07 [allowed] §aYou are playing on profile: §eOrange
07:41:07 [allowed] §8Profile ID: ff830177-eb82-4d06-aa5d-336dd4acec83
07:41:09 [allowed] §eQueueing your party...
07:41:09 [allowed] §dParty Finder §r§f> §r§aYour party has been queued in the dungeon finder!
07:41:09 [allowed] §9§m-----------------------------------------------------
07:41:09 [allowed] §a[VIP] 9697 §r§ehas left the party.
07:41:09 [allowed] §9§m-----------------------------------------------------
07:41:15 [allowed] §aRefreshing...
07:41:18 [allowed] §aFriend > §r§bOlimonkeyshark §r§ejoined.
07:41:19 [allowed] §9§m-----------------------------------------------------
07:41:19 [allowed] §a[VIP] MUFM4N §r§ehas left the party.
07:41:19 [allowed] §9§m-----------------------------------------------------
07:41:23 [allowed] §9Party §8> §b[MVP§a+§b] Captn_Noah§f: §rsrry
07:41:23 [allowed] §9§m-----------------------------------------------------
07:41:23 [allowed] §7cwq97 §r§ehas disbanded the party!
07:41:23 [allowed] §9§m-----------------------------------------------------
07:41:25 [allowed] §aRefreshing...
07:41:26 [allowed] §cPlease wait a few seconds between refreshing!
07:41:26 [allowed] §cPlease wait a few seconds between refreshing!
07:41:26 [allowed] §dParty Finder §r§f> §r§cYour group has been removed from the party finder!
07:41:33 [allowed] §aRefreshing...
07:41:33 [allowed] §cPlease wait a few seconds between refreshing!
07:41:39 [allowed] §aAttempting to add you to the party...
07:41:39 [allowed] 
07:41:39 [allowed]   §r§7§r§cClicking sketchy links can result in your account
07:41:39 [allowed]   §r§cbeing stolen!
07:41:39 [allowed] 
07:41:39 [allowed]   §r§7§r§eLink looks suspicious? - §r§cDon't click it!
07:41:39 [allowed] 
07:41:39 [allowed] §dParty Finder §r§f> §r§7cwq97 §r§ejoined the dungeon group! (§r§bArcher Level 35§r§e)
07:41:47 [allowed] §cYou cannot message this player.
07:41:58 [allowed] §9Party §8> §7cwq97§f: §rCaptn_Noah dw abt it
07:42:03 [allowed] §9Party §8> §7cwq97§f: §rwrong chat mb
07:42:04 [allowed] §aYou are now in the §r§6ALL§r§a channel
07:42:07 [allowed] §8[§r§a136§r§8] §r§7☠ §r§7cwq97§r§7: Captn_Noah dw abt it
07:43:08 [allowed] §aYou are now in the §r§6PARTY§r§a channel
07:43:09 [allowed] §9§m-----------------------------------------------------
07:43:09 [allowed] §6Party Members (3)
07:43:09 [allowed] §f
07:43:09 [allowed] §eParty Leader: §r§70Petrusz §r§a●
07:43:09 [allowed] §eParty Members: §r§7cwq97§r§a ● §r§a[VIP] MUFM4N§r§a ● 
07:43:09 [allowed] §9§m-----------------------------------------------------
07:43:16 [allowed] §aRefreshing...
07:43:55 [allowed] §9Party §8> §7cwq97§f: §ryall need ee2 or nah
07:44:19 [allowed] §9Party §8> §a[VIP] MUFM4N§f: §rwhatever
07:44:23 [allowed] §dParty Finder §r§f> §r§boPxklol §r§ejoined the dungeon group! (§r§bHealer Level 29§r§e)
07:44:23 [allowed] §9§m-----------------------------------------------------
07:44:23 [allowed] §b[MVP§r§2+§r§b] oPxklol §r§ehas been removed from the party.
07:44:23 [allowed] §9§m-----------------------------------------------------
07:44:31 [allowed] §9Party §8> §a[VIP] MUFM4N§f: §rrq
07:44:32 [allowed] §dParty Finder §r§f> §r§boPxklol §r§ejoined the dungeon group! (§r§bHealer Level 29§r§e)
07:44:33 [allowed] §9§m-----------------------------------------------------
07:44:33 [allowed] §b[MVP§r§2+§r§b] oPxklol §r§ehas been removed from the party.
07:44:33 [allowed] §9§m-----------------------------------------------------
07:44:35 [allowed] §dParty Finder §r§f> §r§aYour group has been de-listed!
07:44:36 [allowed] §dParty Finder §r§f> §r§aYour party has been queued in the dungeon finder!
07:44:40 [allowed] §9Party §8> §7cwq97§f: §rlmao bro joined 2 times
07:44:41 [allowed] §dParty Finder §r§f> §r§boPxklol §r§ejoined the dungeon group! (§r§bHealer Level 29§r§e)
07:44:41 [allowed] §9§m-----------------------------------------------------
07:44:41 [allowed] §b[MVP§r§2+§r§b] oPxklol §r§ehas been removed from the party.
07:44:41 [allowed] §9§m-----------------------------------------------------
07:44:48 [allowed] §9Party §8> §a[VIP] MUFM4N§f: §rthis kid bro XD
07:44:52 [allowed] §dParty Finder §r§f> §r§boPxklol §r§ejoined the dungeon group! (§r§bHealer Level 29§r§e)
07:44:53 [allowed] §9§m-----------------------------------------------------
07:44:53 [allowed] §b[MVP§r§2+§r§b] oPxklol §r§ehas been removed from the party.
07:44:53 [allowed] §9§m-----------------------------------------------------
07:45:01 [allowed] §dParty Finder §r§f> §r§boPxklol §r§ejoined the dungeon group! (§r§bHealer Level 29§r§e)
07:45:02 [allowed] §9§m-----------------------------------------------------
07:45:02 [allowed] §b[MVP§r§2+§r§b] oPxklol §r§ehas been removed from the party.
07:45:02 [allowed] §9§m-----------------------------------------------------
07:45:10 [allowed] §dParty Finder §r§f> §r§boPxklol §r§ejoined the dungeon group! (§r§bHealer Level 29§r§e)
07:45:11 [allowed] §9§m-----------------------------------------------------
07:45:11 [allowed] §b[MVP§r§2+§r§b] oPxklol §r§ehas been removed from the party.
07:45:11 [allowed] §9§m-----------------------------------------------------
07:45:14 [allowed] §dParty Finder §r§f> §r§boPxklol §r§ejoined the dungeon group! (§r§bHealer Level 29§r§e)
07:45:14 [allowed] §9§m-----------------------------------------------------
07:45:14 [allowed] §b[MVP§r§2+§r§b] oPxklol §r§ehas been removed from the party.
07:45:14 [allowed] §9§m-----------------------------------------------------
07:45:19 [allowed] §dParty Finder §r§f> §r§boPxklol §r§ejoined the dungeon group! (§r§bHealer Level 29§r§e)
07:45:20 [allowed] §9§m-----------------------------------------------------
07:45:20 [allowed] §b[MVP§r§2+§r§b] oPxklol §r§ehas been removed from the party.
07:45:20 [allowed] §9§m-----------------------------------------------------
07:45:24 [allowed] §dParty Finder §r§f> §r§boPxklol §r§ejoined the dungeon group! (§r§bHealer Level 29§r§e)
07:45:25 [allowed] §dParty Finder §r§f> §r§aYour group has been de-listed!
07:45:25 [allowed] §9§m-----------------------------------------------------
07:45:25 [allowed] §b[MVP§r§2+§r§b] oPxklol §r§ehas been removed from the party.
07:45:25 [allowed] §9§m-----------------------------------------------------
07:45:26 [allowed] §dParty Finder §r§f> §r§aYour party has been queued in the dungeon finder!
07:45:30 [allowed] §9Party §8> §a[VIP] MUFM4N§f: §r./block o Pxklol
07:45:31 [allowed] §dParty Finder §r§f> §r§boPxklol §r§ejoined the dungeon group! (§r§bHealer Level 29§r§e)
07:45:31 [allowed] §9§m-----------------------------------------------------
07:45:31 [allowed] §b[MVP§r§2+§r§b] oPxklol §r§ehas been removed from the party.
07:45:31 [allowed] §9§m-----------------------------------------------------
07:45:51 [allowed] §dParty Finder §r§f> §r§boPxklol §r§ejoined the dungeon group! (§r§bHealer Level 29§r§e)
07:45:51 [allowed] §9§m-----------------------------------------------------
07:45:51 [allowed] §b[MVP§r§2+§r§b] oPxklol §r§ehas been removed from the party.
07:45:51 [allowed] §9§m-----------------------------------------------------
07:45:56 [allowed] §9Party §8> §7cwq97§f: §rtuh my screen went black
07:46:00 [allowed] §9Party §8> §7cwq97§f: §rgimme 1s to fix it
07:46:01 [allowed] §dParty Finder §r§f> §r§boPxklol §r§ejoined the dungeon group! (§r§bHealer Level 29§r§e)
07:46:01 [allowed] §9§m-----------------------------------------------------
07:46:01 [allowed] §b[MVP§r§2+§r§b] oPxklol §r§ehas been removed from the party.
07:46:01 [allowed] §9§m-----------------------------------------------------
