20:07:42 Trying to load config from config/skyhanni/config.json
20:07:42 load-config-now
20:07:43 Loaded config from file
20:07:43 Trying to load sacks from config/skyhanni/sacks.json
20:07:43 load-sacks-now
20:07:43 Loaded sacks from file
20:07:43 Trying to load friends from config/skyhanni/friends.json
20:07:43 load-friends-now
20:07:43 Loaded friends from file
20:07:43 Trying to load known_features from config/skyhanni/known_features.json
20:07:43 load-known_features-now
20:07:43 Loaded known_features from file
20:07:43 Trying to load jacob_contests from config/skyhanni/jacob_contests.json
20:07:43 Setting jacob_contests to be blank as it did not exist. It will be saved once something is written to it
20:07:43 Trying to load visual_words from config/skyhanni/visual_words.json
20:07:43 Setting visual_words to be blank as it did not exist. It will be saved once something is written to it
20:07:43 Trying to load pets from config/skyhanni/pets.json
20:07:43 load-pets-now
20:07:43 Loaded pets from file
20:08:43 saveConfig: auto-save-60s
20:08:43 Saving config file
20:08:43 Saved config file successfully
20:08:43 saveConfig: auto-save-60s
20:08:43 Saving config file
20:08:43 Saved config file successfully
20:09:43 saveConfig: auto-save-60s
20:09:43 Saving config file
20:09:43 Saved config file successfully
20:09:43 saveConfig: auto-save-60s
20:09:43 Saving config file
20:09:43 Saved config file successfully
20:10:43 saveConfig: auto-save-60s
20:10:43 Saving config file
20:10:43 Saved config file successfully
20:10:43 saveConfig: auto-save-60s
20:10:43 Saving config file
20:10:43 Saved config file successfully
20:10:48 saveConfig: Updated known feature flags
20:10:48 Saving known_features file
20:10:48 Saved known_features file successfully
20:10:48 saveConfig: Updated known feature flags
20:10:48 Saving known_features file
20:10:48 Saved known_features file successfully
20:10:54 saveConfig: Save file
20:10:54 Saving friends file
20:10:54 Saved friends file successfully
20:10:54 saveConfig: Save file
20:10:54 Saving friends file
20:10:54 Saved friends file successfully
20:11:12 saveConfig: saving-data
20:11:12 Saving pets file
20:11:12 Saved pets file successfully
20:11:12 saveConfig: saving-data
20:11:12 Saving pets file
20:11:12 Saved pets file successfully
20:11:43 saveConfig: auto-save-60s
20:11:43 Saving config file
20:11:43 Saved config file successfully
20:11:43 saveConfig: auto-save-60s
20:11:43 Saving config file
20:11:43 Saved config file successfully
20:11:43 saveConfig: saving-data
20:11:43 Saving pets file
20:11:43 Saved pets file successfully
20:11:43 saveConfig: saving-data
20:11:43 Saving pets file
20:11:43 Saved pets file successfully
20:12:13 saveConfig: saving-data
20:12:13 Saving pets file
20:12:13 Saved pets file successfully
20:12:13 saveConfig: saving-data
20:12:13 Saving pets file
20:12:13 Saved pets file successfully
20:12:43 saveConfig: auto-save-60s
20:12:43 Saving config file
20:12:43 Saved config file successfully
20:12:43 saveConfig: auto-save-60s
20:12:43 Saving config file
20:12:43 Saved config file successfully
20:13:43 saveConfig: auto-save-60s
20:13:43 Saving config file
20:13:43 Saved config file successfully
20:13:43 saveConfig: auto-save-60s
20:13:43 Saving config file
20:13:43 Saved config file successfully
20:14:43 saveConfig: auto-save-60s
20:14:43 Saving config file
20:14:43 Saved config file successfully
20:14:43 saveConfig: auto-save-60s
20:14:43 Saving config file
20:14:43 Saved config file successfully
20:15:10 saveConfig: saving-data
20:15:10 Saving pets file
20:15:10 Saved pets file successfully
20:15:10 saveConfig: saving-data
20:15:10 Saving pets file
20:15:10 Saved pets file successfully
20:15:12 saveConfig: Save file
20:15:12 Saving friends file
20:15:12 Saved friends file successfully
20:15:12 saveConfig: Save file
20:15:12 Saving friends file
20:15:12 Saved friends file successfully
20:15:41 saveConfig: saving-data
20:15:41 Saving pets file
20:15:41 Saved pets file successfully
20:15:41 saveConfig: saving-data
20:15:41 Saving pets file
20:15:41 Saved pets file successfully
20:15:43 saveConfig: auto-save-60s
20:15:43 Saving config file
20:15:43 Saved config file successfully
20:15:43 saveConfig: auto-save-60s
20:15:43 Saving config file
20:15:43 Saved config file successfully
20:16:12 saveConfig: saving-data
20:16:12 Saving pets file
20:16:12 Saved pets file successfully
20:16:12 saveConfig: saving-data
20:16:12 Saving pets file
20:16:12 Saved pets file successfully
20:16:43 saveConfig: auto-save-60s
20:16:43 Saving config file
20:16:43 Saved config file successfully
20:16:43 saveConfig: auto-save-60s
20:16:43 Saving config file
20:16:43 Saved config file successfully
20:17:43 saveConfig: auto-save-60s
20:17:43 Saving config file
20:17:43 Saved config file successfully
20:17:43 saveConfig: auto-save-60s
20:17:43 Saving config file
20:17:43 Saved config file successfully
20:18:43 saveConfig: auto-save-60s
20:18:43 Saving config file
20:18:43 Saved config file successfully
20:18:43 saveConfig: auto-save-60s
20:18:43 Saving config file
20:18:43 Saved config file successfully
20:19:43 saveConfig: auto-save-60s
20:19:43 Saving config file
20:19:43 Saved config file successfully
20:19:43 saveConfig: auto-save-60s
20:19:43 Saving config file
20:19:43 Saved config file successfully
20:20:09 saveConfig: saving-data
20:20:09 Saving pets file
20:20:09 Saved pets file successfully
20:20:09 saveConfig: saving-data
20:20:09 Saving pets file
20:20:09 Saved pets file successfully
20:20:43 saveConfig: auto-save-60s
20:20:43 Saving config file
20:20:43 Saved config file successfully
20:20:43 saveConfig: auto-save-60s
20:20:43 Saving config file
20:20:43 Saved config file successfully
20:20:58 saveConfig: saving-data
20:20:58 Saving pets file
20:20:58 Saved pets file successfully
20:20:58 saveConfig: saving-data
20:20:58 Saving pets file
20:20:58 Saved pets file successfully
20:21:29 saveConfig: saving-data
20:21:29 Saving pets file
20:21:29 Saved pets file successfully
20:21:29 saveConfig: saving-data
20:21:29 Saving pets file
20:21:29 Saved pets file successfully
20:21:43 saveConfig: auto-save-60s
20:21:43 Saving config file
20:21:43 Saved config file successfully
20:21:43 saveConfig: auto-save-60s
20:21:43 Saving config file
20:21:43 Saved config file successfully
20:22:43 saveConfig: auto-save-60s
20:22:43 Saving config file
20:22:43 Saved config file successfully
20:22:43 saveConfig: auto-save-60s
20:22:43 Saving config file
20:22:43 Saved config file successfully
20:23:43 saveConfig: auto-save-60s
20:23:43 Saving config file
20:23:43 Saved config file successfully
20:23:43 saveConfig: auto-save-60s
20:23:43 Saving config file
20:23:43 Saved config file successfully
20:24:43 saveConfig: auto-save-60s
20:24:43 Saving config file
20:24:43 Saved config file successfully
20:24:43 saveConfig: auto-save-60s
20:24:43 Saving config file
20:24:43 Saved config file successfully
20:25:43 saveConfig: auto-save-60s
20:25:43 Saving config file
20:25:43 Saved config file successfully
20:25:43 saveConfig: auto-save-60s
20:25:43 Saving config file
20:25:43 Saved config file successfully
20:26:43 saveConfig: auto-save-60s
20:26:43 Saving config file
20:26:43 Saved config file successfully
20:26:43 saveConfig: auto-save-60s
20:26:43 Saving config file
20:26:43 Saved config file successfully
20:27:43 saveConfig: auto-save-60s
20:27:43 Saving config file
20:27:43 Saved config file successfully
20:27:43 saveConfig: auto-save-60s
20:27:43 Saving config file
20:27:43 Saved config file successfully
20:28:43 saveConfig: auto-save-60s
20:28:43 Saving config file
20:28:43 Saved config file successfully
20:28:43 saveConfig: auto-save-60s
20:28:43 Saving config file
20:28:43 Saved config file successfully
20:29:43 saveConfig: auto-save-60s
20:29:43 Saving config file
20:29:43 Saved config file successfully
20:29:43 saveConfig: auto-save-60s
20:29:43 Saving config file
20:29:43 Saved config file successfully
20:30:43 saveConfig: auto-save-60s
20:30:43 Saving config file
20:30:43 Saved config file successfully
20:30:43 saveConfig: auto-save-60s
20:30:43 Saving config file
20:30:43 Saved config file successfully
20:30:57 saveConfig: saving-data
20:30:57 Saving pets file
20:30:57 Saved pets file successfully
20:30:57 saveConfig: saving-data
20:30:57 Saving pets file
20:30:57 Saved pets file successfully
20:31:43 saveConfig: auto-save-60s
20:31:43 Saving config file
20:31:43 Saved config file successfully
20:31:43 saveConfig: auto-save-60s
20:31:43 Saving config file
20:31:43 Saved config file successfully
20:32:43 saveConfig: auto-save-60s
20:32:43 Saving config file
20:32:43 Saved config file successfully
20:32:43 saveConfig: auto-save-60s
20:32:43 Saving config file
20:32:43 Saved config file successfully
20:33:43 saveConfig: auto-save-60s
20:33:43 Saving config file
20:33:43 Saved config file successfully
20:33:43 saveConfig: auto-save-60s
20:33:43 Saving config file
20:33:43 Saved config file successfully
20:34:00 saveConfig: saving-data
20:34:00 Saving pets file
20:34:00 Saved pets file successfully
20:34:00 saveConfig: saving-data
20:34:00 Saving pets file
20:34:00 Saved pets file successfully
20:34:43 saveConfig: auto-save-60s
20:34:43 Saving config file
20:34:43 Saved config file successfully
20:34:43 saveConfig: auto-save-60s
20:34:43 Saving config file
20:34:43 Saved config file successfully
20:35:43 saveConfig: auto-save-60s
20:35:43 Saving config file
20:35:43 Saved config file successfully
20:35:43 saveConfig: auto-save-60s
20:35:43 Saving config file
20:35:43 Saved config file successfully
20:36:43 saveConfig: auto-save-60s
20:36:43 Saving config file
20:36:43 Saved config file successfully
20:36:43 saveConfig: auto-save-60s
20:36:43 Saving config file
20:36:43 Saved config file successfully
20:37:13 saveConfig: Save file
20:37:13 Saving friends file
20:37:13 Saved friends file successfully
20:37:13 saveConfig: Save file
20:37:13 Saving friends file
20:37:13 Saved friends file successfully
20:37:43 saveConfig: auto-save-60s
20:37:43 Saving config file
20:37:43 Saved config file successfully
20:37:43 saveConfig: auto-save-60s
20:37:43 Saving config file
20:37:43 Saved config file successfully
20:38:43 saveConfig: auto-save-60s
20:38:43 Saving config file
20:38:43 Saved config file successfully
20:38:43 saveConfig: auto-save-60s
20:38:43 Saving config file
20:38:43 Saved config file successfully
20:39:41 saveConfig: saving-data
20:39:41 Saving pets file
20:39:41 Saved pets file successfully
20:39:41 saveConfig: saving-data
20:39:41 Saving pets file
20:39:41 Saved pets file successfully
20:39:43 saveConfig: auto-save-60s
20:39:43 Saving config file
20:39:43 Saved config file successfully
20:39:43 saveConfig: auto-save-60s
20:39:43 Saving config file
20:39:43 Saved config file successfully
20:40:12 saveConfig: saving-data
20:40:12 Saving pets file
20:40:12 Saved pets file successfully
20:40:12 saveConfig: saving-data
20:40:12 Saving pets file
20:40:12 Saved pets file successfully
20:40:43 saveConfig: auto-save-60s
20:40:43 Saving config file
20:40:43 Saved config file successfully
20:40:43 saveConfig: auto-save-60s
20:40:43 Saving config file
20:40:43 Saved config file successfully
20:41:39 saveConfig: saving-data
20:41:39 Saving pets file
20:41:39 Saved pets file successfully
20:41:39 saveConfig: saving-data
20:41:39 Saving pets file
20:41:39 Saved pets file successfully
20:41:43 saveConfig: auto-save-60s
20:41:43 Saving config file
20:41:43 Saved config file successfully
20:41:43 saveConfig: auto-save-60s
20:41:43 Saving config file
20:41:43 Saved config file successfully
20:42:43 saveConfig: auto-save-60s
20:42:43 Saving config file
20:42:43 Saved config file successfully
20:42:43 saveConfig: auto-save-60s
20:42:43 Saving config file
20:42:43 Saved config file successfully
20:43:43 saveConfig: auto-save-60s
20:43:43 Saving config file
20:43:43 Saved config file successfully
20:43:43 saveConfig: auto-save-60s
20:43:43 Saving config file
20:43:43 Saved config file successfully
20:44:43 saveConfig: auto-save-60s
20:44:43 Saving config file
20:44:43 Saved config file successfully
20:44:43 saveConfig: auto-save-60s
20:44:43 Saving config file
20:44:43 Saved config file successfully
20:45:43 saveConfig: auto-save-60s
20:45:43 Saving config file
20:45:43 Saved config file successfully
20:45:43 saveConfig: auto-save-60s
20:45:43 Saving config file
20:45:43 Saved config file successfully
20:46:43 saveConfig: auto-save-60s
20:46:43 Saving config file
20:46:43 Saved config file successfully
20:46:43 saveConfig: auto-save-60s
20:46:43 Saving config file
20:46:43 Saved config file successfully
20:47:43 saveConfig: auto-save-60s
20:47:43 Saving config file
20:47:43 Saved config file successfully
20:47:43 saveConfig: auto-save-60s
20:47:43 Saving config file
20:47:43 Saved config file successfully
20:48:43 saveConfig: auto-save-60s
20:48:43 Saving config file
20:48:43 Saved config file successfully
20:48:43 saveConfig: auto-save-60s
20:48:43 Saving config file
20:48:43 Saved config file successfully
20:49:43 saveConfig: auto-save-60s
20:49:43 Saving config file
20:49:43 Saved config file successfully
20:49:43 saveConfig: auto-save-60s
20:49:43 Saving config file
20:49:43 Saved config file successfully
20:49:53 saveConfig: saving-data
20:49:53 Saving pets file
20:49:53 Saved pets file successfully
20:49:53 saveConfig: saving-data
20:49:53 Saving pets file
20:49:53 Saved pets file successfully
20:50:43 saveConfig: auto-save-60s
20:50:43 Saving config file
20:50:43 Saved config file successfully
20:50:43 saveConfig: auto-save-60s
20:50:43 Saving config file
20:50:43 Saved config file successfully
20:51:23 saveConfig: Save file
20:51:23 Saving friends file
20:51:23 Saved friends file successfully
20:51:23 saveConfig: Save file
20:51:23 Saving friends file
20:51:23 Saved friends file successfully
20:51:43 saveConfig: auto-save-60s
20:51:43 Saving config file
20:51:43 Saved config file successfully
20:51:43 saveConfig: auto-save-60s
20:51:43 Saving config file
20:51:43 Saved config file successfully
20:51:51 saveConfig: saving-data
20:51:51 Saving pets file
20:51:51 Saved pets file successfully
20:51:51 saveConfig: saving-data
20:51:51 Saving pets file
20:51:51 Saved pets file successfully
20:52:21 saveConfig: saving-data
20:52:21 Saving pets file
20:52:21 Saved pets file successfully
20:52:21 saveConfig: saving-data
20:52:21 Saving pets file
20:52:21 Saved pets file successfully
20:52:43 saveConfig: auto-save-60s
20:52:43 Saving config file
20:52:43 Saved config file successfully
20:52:43 saveConfig: auto-save-60s
20:52:43 Saving config file
20:52:43 Saved config file successfully
20:52:46 saveConfig: shutdown-hook
20:52:46 Saving config file
