15:10:58 Trying to load config from config/skyhanni/config.json
15:10:58 load-config-now
15:10:59 Loaded config from file
15:10:59 Trying to load sacks from config/skyhanni/sacks.json
15:10:59 load-sacks-now
15:10:59 Loaded sacks from file
15:10:59 Trying to load friends from config/skyhanni/friends.json
15:10:59 load-friends-now
15:10:59 Loaded friends from file
15:10:59 Trying to load known_features from config/skyhanni/known_features.json
15:10:59 load-known_features-now
15:10:59 Loaded known_features from file
15:10:59 Trying to load jacob_contests from config/skyhanni/jacob_contests.json
15:10:59 Setting jacob_contests to be blank as it did not exist. It will be saved once something is written to it
15:10:59 Trying to load visual_words from config/skyhanni/visual_words.json
15:10:59 Setting visual_words to be blank as it did not exist. It will be saved once something is written to it
15:10:59 Trying to load pets from config/skyhanni/pets.json
15:10:59 load-pets-now
15:10:59 Loaded pets from file
15:11:59 saveConfig: auto-save-60s
15:11:59 Saving config file
15:11:59 Saved config file successfully
15:11:59 saveConfig: auto-save-60s
15:11:59 Saving config file
15:11:59 Saved config file successfully
15:12:05 saveConfig: Updated known feature flags
15:12:05 Saving known_features file
15:12:05 Saved known_features file successfully
15:12:05 saveConfig: Updated known feature flags
15:12:05 Saving known_features file
15:12:05 Saved known_features file successfully
15:12:24 saveConfig: saving-data
15:12:24 Saving pets file
15:12:24 Saved pets file successfully
15:12:24 saveConfig: saving-data
15:12:24 Saving pets file
15:12:24 Saved pets file successfully
15:12:55 saveConfig: saving-data
15:12:55 Saving pets file
15:12:55 Saved pets file successfully
15:12:55 saveConfig: saving-data
15:12:55 Saving pets file
15:12:55 Saved pets file successfully
15:12:59 saveConfig: auto-save-60s
15:12:59 Saving config file
15:12:59 Saved config file successfully
15:12:59 saveConfig: auto-save-60s
15:12:59 Saving config file
15:12:59 Saved config file successfully
15:13:09 saveConfig: saving-data
15:13:09 Saving sacks file
15:13:09 Saved sacks file successfully
15:13:09 saveConfig: saving-data
15:13:09 Saving sacks file
15:13:09 Saved sacks file successfully
15:13:22 saveConfig: saving-data
15:13:22 Saving sacks file
15:13:22 Saved sacks file successfully
15:13:22 saveConfig: saving-data
15:13:22 Saving sacks file
15:13:22 Saved sacks file successfully
15:13:26 saveConfig: saving-data
15:13:26 Saving pets file
15:13:26 Saved pets file successfully
15:13:26 saveConfig: saving-data
15:13:26 Saving pets file
15:13:26 Saved pets file successfully
15:13:32 saveConfig: shutdown-hook
15:13:32 Saving config file
