21:45:22 [allowed] §f §r§r§r§f §r§r§r§1 §r§r§r§0 §r§r§r§2 §r§r§r§f §r§r§r§f §r§r§r§2 §r§r§r§0 §r§r§r§4 §r§r§r§3 §r§r§r§9 §r§r§r§2 §r§r§r§0 §r§r§r§0 §r§r§r§3 §r§r§r§9 §r§r§r§2 §r§r§r§0 §r§r§r§0 §r§r§r§3 §r§r§r§9 §r§r§r§2 §r§r§r§0 §r§r§r§0 
21:45:22 [allowed] §aYou have §b45 §aunclaimed leveling rewards!
21:45:22 [allowed] §eClick here to view them!
21:45:22 [allowed] §aYou have §68 §aunclaimed achievement rewards!
21:45:22 [allowed] §eClick here to view them!
21:45:24 [allowed] §b[MVP§c+§b] oshri22§f §6spooked into the lobby!
21:45:25 [allowed] §7Sending to server mini20BB...
21:45:25 [allowed] §8 §r§8 §r§1 §r§3 §r§3 §r§7 §r§8 
21:45:38 [allowed] 
21:45:38 [allowed] §eWelcome to §r§aHypixel SkyBlock§r§e!
21:45:38 [allowed] 
21:45:38 [allowed] §eLatest update: §bSkyBlock v0.23.4 §e§lCLICK
21:45:38 [allowed] §aYou are playing on profile: §eOrange
21:45:38 [allowed] §8Profile ID: ff830177-eb82-4d06-aa5d-336dd4acec83
21:45:41 [allowed] §cYou haven't unlocked this fast travel destination!
21:45:47 [allowed] §aYou sold §r§c◆ Blood Rune I§r§8 x1 §r§afor §r§61 Coin§r§a!
21:45:47 [allowed] §aYou sold §r§fRotten Flesh§r§8 x55 §r§afor §r§6110 Coins§r§a!
21:45:48 [allowed] §aYou sold §r§f◆ White Spiral Rune I§r§8 x1 §r§afor §r§61 Coin§r§a!
21:45:49 [allowed] §aYou sold §r§fGold Ingot§r§8 x27 §r§afor §r§681 Coins§r§a!
21:45:49 [allowed] §aYou sold §r§fRotten Flesh§r§8 x64 §r§afor §r§6128 Coins§r§a!
21:45:51 [allowed] §7Finding player...
21:45:53 [allowed] §7Sending a visit request...
21:45:53 [allowed] §7Sending to server mini99AR...
21:45:54 [allowed] §8 §r§8 §r§1 §r§3 §r§3 §r§7 §r§8 
21:46:00 [allowed] §f§m-----------------------------------------------------
§r§cYou should NEVER enter your Microsoft account details anywhere but on official Microsoft services!

§r§cExternal links from untrusted sources should be avoided.
§r§f§m-----------------------------------------------------
21:46:01 [allowed] §aYou are playing on profile: §eOrange
21:46:01 [allowed] §8Profile ID: ff830177-eb82-4d06-aa5d-336dd4acec83
21:46:02 [allowed] §7Sending to server mini26DF...
21:46:02 [allowed] §8 §r§8 §r§1 §r§3 §r§3 §r§7 §r§8 
21:46:09 [allowed] §aYou are playing on profile: §eOrange
21:46:09 [allowed] §8Profile ID: ff830177-eb82-4d06-aa5d-336dd4acec83
21:46:31 [allowed] §6[Bazaar] §r§7Executing instant buy...
21:46:31 [allowed] §6[Bazaar] §r§7Bought §r§a20§r§7x §r§9❁ Fine Jasper Gemstone §r§7for §r§61,247,314 coins§r§7!
21:46:35 [allowed] §aYou unlocked a §r§d❁ Jasper Gemstone Slot §r§aon your §r§5Fabled Reaper Falchion §r§6✪✪✪✪✪§r§a!
21:46:57 [allowed] §c ☠ §r§7§r§bAwesomePichu87§r§7 was killed by Ghost§r§7§r§7.
21:46:59 [allowed] §6[Bazaar] §r§7Executing instant sell...
21:46:59 [allowed] §6[Bazaar] §r§7Sold §r§a150§r§7x §r§aRevenant Flesh §r§7for §r§634,890 coins§r§7!
21:47:06 [allowed] §6[Sacks] §r§c-150§r§e items§r§e.§r§8 (Last 5s.)
21:47:22 [allowed] §6[Bazaar] §r§7Executing instant buy...
21:47:22 [allowed] §6[Bazaar] §r§7Bought §r§a1§r§7x §r§6Severed Hand §r§7for §r§66,872,054 coins§r§7!
21:48:05 [allowed] §6[Bazaar] §r§7Putting goods in escrow...
21:48:05 [allowed] §6[Bazaar] §r§7Submitting buy order...
21:48:05 [allowed] §6[Bazaar] §r§7§r§eBuy Order Setup! §r§a5§r§7x §r§5Fuming Potato Book §r§7for §r§67,349,014 coins§r§7.
21:48:38 [allowed] §c[Important] §r§eThis server will restart soon: §r§bGame Update
21:48:38 [allowed] §eYou have §a30 seconds §eto warp out! §a§l§nCLICK§e to warp now!
21:48:42 [allowed] §8[§r§2196§r§8] §r§6▒ §r§b[MVP§6+§b] AwesomePichu87§f§r§f: well
21:48:44 [allowed] §cYou can't use this when the server is about to restart!
21:48:44 [allowed] §c ☠ §r§7§r§bAwesomePichu87§r§7 was killed by Ghost§r§7§r§7.
21:48:44 [allowed] §8[§r§2196§r§8] §r§6▒ §r§b[MVP§6+§b] AwesomePichu87§f§r§f: that's interesting
21:48:46 [allowed] §7Evacuating to Hub...
21:48:47 [allowed] §7Sending to server mini189AG...
21:48:47 [allowed] §8 §r§8 §r§1 §r§3 §r§3 §r§7 §r§8 
21:49:07 [allowed] §f §r§r§r§f §r§r§r§1 §r§r§r§0 §r§r§r§2 §r§r§r§f §r§r§r§f §r§r§r§2 §r§r§r§0 §r§r§r§4 §r§r§r§3 §r§r§r§9 §r§r§r§2 §r§r§r§0 §r§r§r§0 §r§r§r§3 §r§r§r§9 §r§r§r§2 §r§r§r§0 §r§r§r§0 §r§r§r§3 §r§r§r§9 §r§r§r§2 §r§r§r§0 §r§r§r§0 
21:49:08 [allowed] §aYou have §b45 §aunclaimed leveling rewards!
21:49:08 [allowed] §eClick here to view them!
21:49:08 [allowed] §aYou have §68 §aunclaimed achievement rewards!
21:49:08 [allowed] §eClick here to view them!
21:49:08 [allowed] §b[MVP§3+§b] RocketEU§f §6spooked into the lobby!
21:49:09 [allowed] §7Sending to server mini189AG...
21:49:09 [allowed] §8 §r§8 §r§1 §r§3 §r§3 §r§7 §r§8 
21:49:12 [allowed] §cYou may only use this command after 4s on the server!
21:49:12 [allowed] 
21:49:12 [allowed] §eWelcome to §r§aHypixel SkyBlock§r§e!
21:49:12 [allowed] 
21:49:12 [allowed] §eLatest update: §bSkyBlock v0.23.4 §e§lCLICK
21:49:12 [allowed] §6[Bazaar] §eYour §aBuy Order §efor §a5§7x §5Fuming Potato Book §ewas filled!
21:49:12 [allowed] §cYou may only use this command after 4s on the server!
21:49:13 [allowed] §aYou are playing on profile: §eOrange
21:49:13 [allowed] §8Profile ID: ff830177-eb82-4d06-aa5d-336dd4acec83
21:49:13 [allowed] §cYou may only use this command after 4s on the server!
21:49:27 [allowed] §6[Bazaar] §r§7Executing instant buy...
21:49:27 [allowed] §6[Bazaar] §r§7Bought §r§a1§r§7x §r§9❁ Fine Jasper Gemstone §r§7for §r§662,366 coins§r§7!
21:49:33 [allowed] §6[Bazaar] §r§7Claiming order...
21:49:33 [allowed] §6[Bazaar] §r§7§r§7Claimed §r§a5§r§7x §r§5Fuming Potato Book §r§7worth §r§67,349,014 coins §r§7bought for §r§61,469,803 §r§7each!
21:49:36 [allowed] §7Finding player...
21:49:36 [allowed] §7Sending a visit request...
21:49:36 [allowed] §cCouldn't warp you! Try again later. §r§7(SERVER_FULL)
21:49:40 [allowed] §7Finding player...
21:49:43 [allowed] §7Sending a visit request...
21:49:43 [allowed] §7Sending to server mini142DU...
21:49:43 [allowed] §8 §r§8 §r§1 §r§3 §r§3 §r§7 §r§8 
21:49:46 [allowed] §f§m-----------------------------------------------------
§r§cYou should NEVER enter your Microsoft account details anywhere but on official Microsoft services!

§r§cExternal links from untrusted sources should be avoided.
§r§f§m-----------------------------------------------------
21:49:46 [allowed] §aYou are playing on profile: §eOrange
21:49:46 [allowed] §8Profile ID: ff830177-eb82-4d06-aa5d-336dd4acec83
21:49:47 [allowed] §7Sending to server mini89CG...
21:49:47 [allowed] §8 §r§8 §r§1 §r§3 §r§3 §r§7 §r§8 
21:49:54 [allowed] §aYou are playing on profile: §eOrange
21:49:54 [allowed] §8Profile ID: ff830177-eb82-4d06-aa5d-336dd4acec83
21:50:20 [allowed] §cYou have applied the maximum amount of Potato Books to this item!
21:50:33 [allowed] §6[Bazaar] §r§7Executing instant buy...
21:50:33 [allowed] §6[Bazaar] §r§7Bought §r§a1§r§7x §r§9Sharpness VI §r§7for §r§6643,106 coins§r§7!
21:50:36 [allowed] §5§l✯ §r§eA §r§5Fallen Star §r§ehas crashed at §r§bRampart's Quarry§r§e! Nearby ore and Powder drops are amplified!
21:50:48 [allowed] §7Warping...
21:50:48 [allowed] §7Sending to server mega23C...
21:50:49 [allowed] §8 §r§8 §r§1 §r§3 §r§3 §r§7 §r§8 
21:51:03 [allowed] §aYou are playing on profile: §eOrange
21:51:03 [allowed] §8Profile ID: ff830177-eb82-4d06-aa5d-336dd4acec83
21:51:11 [allowed] §7Request join for Hub #26 (mega40E)...
21:51:11 [allowed] §7Sending to server mega40E...
21:51:11 [allowed] §8 §r§8 §r§1 §r§3 §r§3 §r§7 §r§8 
21:51:19 [allowed] §aYou are playing on profile: §eOrange
21:51:19 [allowed] §8Profile ID: ff830177-eb82-4d06-aa5d-336dd4acec83
21:51:38 [allowed] §a§l+5 Kill Combo §r§b+3% §r§b✯ Magic Find
21:51:48 [allowed] §a§l+10 Kill Combo §r§8+§r§610 §r§7coins per kill
21:51:54 [allowed] §cYour Kill Combo has expired! You reached a 12 Kill Combo!
21:51:58 [allowed] §6§lSLAYER MINI-BOSS §r§4§lAtoned Revenant§r§7 has spawned!
21:52:08 [allowed] §a§l+5 Kill Combo §r§b+3% §r§b✯ Magic Find
21:52:08 [allowed] §6§lSLAYER MINI-BOSS §r§c§lAtoned Champion§r§7 has spawned!
21:52:11 [allowed] §6[Sacks] §r§a+8§r§e items§r§e.§r§8 (Last 5s.)
21:52:18 [allowed] §6[Sacks] §r§a+5§r§e items§r§e.§r§8 (Last 5s.)
21:52:26 [allowed] §a§l+10 Kill Combo §r§8+§r§610 §r§7coins per kill
21:52:32 [allowed]   §r§a§lSLAYER QUEST COMPLETE!
21:52:32 [allowed]    §r§eZombie Slayer LVL 7 §r§5- §r§7Next LVL in §r§d139,546 XP§r§7!
21:52:32 [SLAYER_RNG_METER]    §dRNG Meter §f- §d181,500 Stored XP
21:52:32 [allowed]   §r§5§lSLAYER QUEST STARTED!
21:52:32 [allowed]    §5§l» §7Slay §c7,200 Combat XP §7worth of Zombies§7.
21:52:36 [allowed] §cYour Kill Combo has expired! You reached a 13 Kill Combo!
21:52:37 [allowed] §6[Sacks] §r§a+64§r§e items§r§e.§r§8 (Last 5s.)
21:52:40 [allowed] §a§l+5 Kill Combo §r§b+3% §r§b✯ Magic Find
21:52:41 [allowed] §e✆ RING... 
21:52:43 [allowed] §e✆ RING... RING... 
21:52:44 [allowed] §e✆ RING... RING... RING... 
21:52:45 [allowed] §e[NPC] §5Maddox§f: §b✆ §f§rHow does a lobster answer? Shello!
21:52:50 [allowed] §a§l+10 Kill Combo §r§8+§r§610 §r§7coins per kill
21:52:54 [allowed] §9§l+15 Kill Combo §r§b+3% §r§b✯ Magic Find
21:52:56 [allowed] §6§lSLAYER MINI-BOSS §r§c§lAtoned Champion§r§7 has spawned!
21:52:59 [allowed] §5§l+20 Kill Combo §r§8§r§3+15☯ Combat Wisdom
21:53:04 [allowed] §6§lSLAYER MINI-BOSS §r§c§lAtoned Champion§r§7 has spawned!
21:53:06 [allowed] §6[Sacks] §r§a+5§r§e items§r§e.§r§8 (Last 5s.)
21:53:08 [allowed] §5§l+25 Kill Combo §r§b+3% §r§b✯ Magic Find
21:53:14 [allowed] §6[Sacks] §r§a+5§r§e items§r§e.§r§8 (Last 5s.)
21:53:18 [allowed] §cYour Kill Combo has expired! You reached a 29 Kill Combo!
21:53:27 [allowed] §b§lRARE DROP! §r§7(§r§f§r§73x §r§f§r§9Foul Flesh§r§7) §r§b(+139% §r§b✯ Magic Find§r§b)
21:53:27 [allowed]   §r§a§lSLAYER QUEST COMPLETE!
21:53:27 [allowed]    §r§eZombie Slayer LVL 7 §r§5- §r§7Next LVL in §r§d138,046 XP§r§7!
21:53:27 [SLAYER_RNG_METER]    §dRNG Meter §f- §d183,000 Stored XP
21:53:27 [allowed]   §r§5§lSLAYER QUEST STARTED!
21:53:27 [allowed]    §5§l» §7Slay §c7,200 Combat XP §7worth of Zombies§7.
21:53:31 [allowed] §6[Sacks] §r§a+64§r§e items§r§e.§r§8 (Last 5s.)
21:53:37 [allowed] §a§l+5 Kill Combo §r§b+3% §r§b✯ Magic Find
21:53:45 [allowed] §a§l+10 Kill Combo §r§8+§r§610 §r§7coins per kill
21:53:52 [allowed] §9§l+15 Kill Combo §r§b+3% §r§b✯ Magic Find
21:53:58 [allowed] §5§l+20 Kill Combo §r§8§r§3+15☯ Combat Wisdom
21:53:59 [allowed] §6§lSLAYER MINI-BOSS §r§c§lAtoned Champion§r§7 has spawned!
21:54:01 [allowed] §5§l+25 Kill Combo §r§b+3% §r§b✯ Magic Find
21:54:06 [allowed] §6§lSLAYER MINI-BOSS §r§c§lAtoned Champion§r§7 has spawned!
21:54:07 [allowed] §6[Sacks] §r§a+5§r§e items§r§e.§r§8 (Last 5s.)
21:54:08 [allowed] §cYour Kill Combo has expired! You reached a 29 Kill Combo!
21:54:11 [allowed] 
21:54:11 [allowed] §d§lWOW! §r§6[MVP§r§2++§r§6] oFlori§r§f §r§6found an §r§4Archfiend Dye§r§6!
21:54:11 [allowed] §7A ludicrously uncommon §r§a1§r§8/§r§a333 §r§8(0.3003003%§r§8) §r§7chance!
21:54:11 [allowed] §eTalk to Vincent in the Artist's Abode to learn more about this dye!
21:54:11 [allowed] 
21:54:11 [allowed] §aYou earned §r§2243 GEXP §r§a+ §r§5243 Event EXP §r§afrom playing SkyBlock!
21:54:13 [allowed] §6[Sacks] §r§a+5§r§e items§r§e.§r§8 (Last 5s.)
21:54:13 [allowed] §8[§r§a138§r§8] §r§7☠ §r§7cwq97§r§7: gg
21:54:14 [allowed] §8[§r§f53§r§8] §r§6[MVP§2++§6] oFlori§f§r§f: ....
21:54:17 [allowed] §8[§r§730§r§8] §r§7fnrit§7§r§7: big L
21:54:41 [allowed]   §r§a§lSLAYER QUEST COMPLETE!
21:54:41 [allowed]    §r§eZombie Slayer LVL 7 §r§5- §r§7Next LVL in §r§d136,546 XP§r§7!
21:54:41 [SLAYER_RNG_METER]    §dRNG Meter §f- §d184,500 Stored XP
21:54:41 [allowed]   §r§5§lSLAYER QUEST STARTED!
21:54:41 [allowed]    §5§l» §7Slay §c7,200 Combat XP §7worth of Zombies§7.
21:54:45 [allowed] §a§l+5 Kill Combo §r§b+3% §r§b✯ Magic Find
21:54:47 [allowed] §6[Sacks] §r§a+63§r§e items§r§e.§r§8 (Last 5s.)
21:54:53 [allowed] §a§l+10 Kill Combo §r§8+§r§610 §r§7coins per kill
21:54:59 [allowed] §9§l+15 Kill Combo §r§b+3% §r§b✯ Magic Find
21:55:00 [allowed] §8[§r§a139§r§8] §r§a[VIP] jujushortbownon§f§r§f: selling full set ancient sa, withered BOL and more stuff on my ah
21:55:01 [allowed] §5§l+20 Kill Combo §r§8§r§3+15☯ Combat Wisdom
21:55:01 [allowed] §6§lSLAYER MINI-BOSS §r§4§lAtoned Revenant§r§7 has spawned!
21:55:13 [allowed] §5§l+25 Kill Combo §r§b+3% §r§b✯ Magic Find
21:55:14 [allowed] §6§lSLAYER MINI-BOSS §r§c§lAtoned Champion§r§7 has spawned!
21:55:15 [allowed] §cYour Kill Combo has expired! You reached a 25 Kill Combo!
21:55:15 [allowed] §6[Sacks] §r§a+8§r§e items§r§e.§r§8 (Last 5s.)
21:55:22 [allowed] §a§l+5 Kill Combo §r§b+3% §r§b✯ Magic Find
21:55:23 [allowed] §6[Sacks] §r§a+5§r§e items§r§e.§r§8 (Last 5s.)
21:55:31 [allowed] §a§l+10 Kill Combo §r§8+§r§610 §r§7coins per kill
21:55:42 [allowed] §cYour Kill Combo has expired! You reached a 13 Kill Combo!
21:55:45 [allowed] §a§l+5 Kill Combo §r§b+3% §r§b✯ Magic Find
21:55:46 [allowed]   §r§a§lSLAYER QUEST COMPLETE!
21:55:46 [allowed]    §r§eZombie Slayer LVL 7 §r§5- §r§7Next LVL in §r§d135,046 XP§r§7!
21:55:46 [SLAYER_RNG_METER]    §dRNG Meter §f- §d186,000 Stored XP
21:55:46 [allowed]   §r§5§lSLAYER QUEST STARTED!
21:55:46 [allowed]    §5§l» §7Slay §c7,200 Combat XP §7worth of Zombies§7.
21:55:47 [allowed] §a§lYou healed yourself for 387.3 health!
21:55:52 [allowed] §cYour Kill Combo has expired! You reached a 5 Kill Combo!
21:55:53 [allowed] §6[Sacks] §r§a+63§r§e items§r§e.§r§8 (Last 5s.)
21:56:00 [allowed] §a§l+5 Kill Combo §r§b+3% §r§b✯ Magic Find
21:56:04 [allowed] §a§l+10 Kill Combo §r§8+§r§610 §r§7coins per kill
21:56:09 [allowed] §9§l+15 Kill Combo §r§b+3% §r§b✯ Magic Find
21:56:14 [allowed] §8[§r§730§r§8] §r§7fnrit§7§r§7: oFlori hm money do u got bro
21:56:14 [allowed] §cYour Kill Combo has expired! You reached a 17 Kill Combo!
21:56:20 [allowed] §a§l+5 Kill Combo §r§b+3% §r§b✯ Magic Find
21:56:22 [allowed] §6§lSLAYER MINI-BOSS §r§c§lAtoned Champion§r§7 has spawned!
21:56:27 [allowed] §a§l+10 Kill Combo §r§8+§r§610 §r§7coins per kill
21:56:29 [allowed] §6[Sacks] §r§a+5§r§e items§r§e.§r§8 (Last 5s.)
21:56:30 [allowed] §6§lSLAYER MINI-BOSS §r§c§lAtoned Champion§r§7 has spawned!
21:56:37 [allowed] §6[Sacks] §r§a+5§r§e items§r§e.§r§8 (Last 5s.)
21:56:39 [allowed] §8[§r§f53§r§8] §r§6[MVP§2++§6] oFlori§f§r§f: fnrit enough
21:56:39 [allowed] §cYour Kill Combo has expired! You reached a 14 Kill Combo!
21:56:48 [allowed] §8[§r§730§r§8] §r§7fnrit§7§r§7: are u up or down
21:56:52 [allowed] §a§l+5 Kill Combo §r§b+3% §r§b✯ Magic Find
21:56:53 [allowed] §d§lCRAZY RARE DROP! §r§7(§r§f§r§5Beheaded Horror§r§7) §r§b(+160% §r§b✯ Magic Find§r§b)
21:56:54 [allowed]   §r§a§lSLAYER QUEST COMPLETE!
21:56:54 [allowed]    §r§eZombie Slayer LVL 7 §r§5- §r§7Next LVL in §r§d133,546 XP§r§7!
21:56:54 [SLAYER_RNG_METER]    §dRNG Meter §f- §d187,500 Stored XP
21:56:54 [allowed]   §r§5§lSLAYER QUEST STARTED!
21:56:54 [allowed]    §5§l» §7Slay §c7,200 Combat XP §7worth of Zombies§7.
21:56:55 [allowed] §a§lYou healed yourself for 387.3 health!
21:56:58 [allowed] §6[Sacks] §r§a+63§r§e items§r§e.§r§8 (Last 5s.)
21:57:00 [allowed] §cYour Kill Combo has expired! You reached a 5 Kill Combo!
21:57:05 [allowed] §8[§r§f53§r§8] §r§6[MVP§2++§6] oFlori§f§r§f: now 2b down
21:57:11 [allowed] §8[§r§a138§r§8] §r§7☠ §r§7cwq97§r§7: CRAZY RARE DROP! (Beheaded Horror) (+160% ✯ Magic Find)
21:57:15 [allowed] §8[§r§a138§r§8] §r§7☠ §r§7cwq97§r§7: hate ts
21:57:20 [allowed] §a§l+5 Kill Combo §r§b+3% §r§b✯ Magic Find
21:57:25 [allowed] §a§l+10 Kill Combo §r§8+§r§610 §r§7coins per kill
21:57:29 [allowed] §9§l+15 Kill Combo §r§b+3% §r§b✯ Magic Find
21:57:29 [allowed] §6§lSLAYER MINI-BOSS §r§c§lAtoned Champion§r§7 has spawned!
21:57:33 [allowed] §5§l+20 Kill Combo §r§8§r§3+15☯ Combat Wisdom
21:57:37 [allowed] §cYour Kill Combo has expired! You reached a 20 Kill Combo!
21:57:38 [allowed] §6§lSLAYER MINI-BOSS §r§4§lAtoned Revenant§r§7 has spawned!
21:57:39 [allowed] §6[Sacks] §r§a+5§r§e items§r§e.§r§8 (Last 5s.)
21:57:42 [allowed] §a§l+5 Kill Combo §r§b+3% §r§b✯ Magic Find
21:57:51 [allowed] §8[§r§f53§r§8] §r§6[MVP§2++§6] oFlori§f§r§f: fnrit u wanna buy my angler?
21:57:51 [allowed] §6[Sacks] §r§a+8§r§e items§r§e.§r§8 (Last 5s.)
21:57:52 [allowed] §cYour Kill Combo has expired! You reached a 7 Kill Combo!
21:58:05 [allowed] §a§l+5 Kill Combo §r§b+3% §r§b✯ Magic Find
21:58:06 [allowed] §8[§r§730§r§8] §r§7fnrit§7§r§7: its exotic no?
21:58:06 [allowed] §a§lYou healed yourself for 387.3 health!
21:58:06 [allowed] §a§lYou healed yourself for 387.3 health!
21:58:09 [allowed] §a§l+10 Kill Combo §r§8+§r§610 §r§7coins per kill
21:58:10 [allowed]   §r§a§lSLAYER QUEST COMPLETE!
21:58:10 [allowed]    §r§eZombie Slayer LVL 7 §r§5- §r§7Next LVL in §r§d132,046 XP§r§7!
21:58:10 [SLAYER_RNG_METER]    §dRNG Meter §f- §d189,000 Stored XP
21:58:10 [allowed]   §r§5§lSLAYER QUEST STARTED!
21:58:10 [allowed]    §5§l» §7Slay §c7,200 Combat XP §7worth of Zombies§7.
21:58:14 [allowed] §6[Sacks] §r§a+63§r§e items§r§e.§r§8 (Last 5s.)
21:58:15 [allowed] §9§l+15 Kill Combo §r§b+3% §r§b✯ Magic Find
21:58:17 [allowed] §8[§r§730§r§8] §r§7fnrit§7§r§7: i like ur head tho
21:58:18 [allowed] §8[§r§f53§r§8] §r§6[MVP§2++§6] oFlori§f§r§f: or my lapis cp
21:58:20 [allowed] §5§l+20 Kill Combo §r§8§r§3+15☯ Combat Wisdom
21:58:24 [allowed] §5§l+25 Kill Combo §r§b+3% §r§b✯ Magic Find
21:58:24 [allowed] §6§lSLAYER MINI-BOSS §r§c§lAtoned Champion§r§7 has spawned!
21:58:26 [allowed] §cYour Kill Combo has expired! You reached a 27 Kill Combo!
21:58:33 [allowed] §6[Sacks] §r§a+5§r§e items§r§e.§r§8 (Last 5s.)
21:58:35 [allowed] §6§lSLAYER MINI-BOSS §r§c§lAtoned Champion§r§7 has spawned!
21:58:36 [allowed] §a§l+5 Kill Combo §r§b+3% §r§b✯ Magic Find
21:58:38 [allowed] §8[§r§730§r§8] §r§7fnrit§7§r§7: u lowk got it together
21:58:40 [allowed] §6§lSLAYER MINI-BOSS §r§4§lAtoned Revenant§r§7 has spawned!
21:58:41 [allowed] §6[Sacks] §r§a+5§r§e items§r§e.§r§8 (Last 5s.)
21:58:43 [allowed] §8[§r§730§r§8] §r§7fnrit§7§r§7: aight bru
21:58:44 [allowed] §a§l+10 Kill Combo §r§8+§r§610 §r§7coins per kill
21:58:49 [allowed] §6[Sacks] §r§a+8§r§e items§r§e.§r§8 (Last 5s.)
21:58:50 [allowed] §cYour Kill Combo has expired! You reached a 11 Kill Combo!
21:59:03 [allowed] §8[§r§730§r§8] §r§7fnrit§7§r§7: how much more do u have
21:59:08 [allowed] §aYou earned §r§2750 GEXP §r§a+ §r§5750 Event EXP §r§afrom playing SkyBlock!
21:59:17 [allowed] §b§lRARE DROP! §r§7(§r§f§r§73x §r§f§r§9Foul Flesh§r§7) §r§b(+160% §r§b✯ Magic Find§r§b)
21:59:17 [allowed]   §r§a§lSLAYER QUEST COMPLETE!
21:59:17 [allowed]    §r§eZombie Slayer LVL 7 §r§5- §r§7Next LVL in §r§d130,546 XP§r§7!
21:59:17 [SLAYER_RNG_METER]    §dRNG Meter §f- §d190,500 Stored XP
21:59:17 [allowed]   §r§5§lSLAYER QUEST STARTED!
21:59:17 [allowed]    §5§l» §7Slay §c7,200 Combat XP §7worth of Zombies§7.
21:59:28 [allowed] §6[Sacks] §r§a+63§r§e items§r§e.§r§8 (Last 5s.)
21:59:28 [allowed] §8[§r§f53§r§8] §r§6[MVP§2++§6] oFlori§f§r§f: like 6 or 7 dragon set on an other account
21:59:40 [allowed] §6[Bazaar] §r§7Executing instant sell...
21:59:40 [allowed] §6[Bazaar] §r§7Sold §r§a530§r§7x §r§aRevenant Flesh §r§7for §r§6123,437 coins§r§7!
21:59:42 [allowed] §6[Bazaar] §r§7Executing instant sell...
21:59:42 [allowed] §6[Bazaar] §r§7Sold §r§a149§r§7x §r§fGold Ingot §r§7for §r§6283.1 coins§r§7!
21:59:42 [allowed] §6[Bazaar] §r§7Sold §r§a453§r§7x §r§fRotten Flesh §r§7for §r§6634.2 coins§r§7!
21:59:42 [allowed] §6[Bazaar] §r§7Sold §r§a6§r§7x §r§9Foul Flesh §r§7for §r§6146,136 coins§r§7!
21:59:43 [allowed] §8[§r§730§r§8] §r§7fnrit§7§r§7: how tf do u get ur money
21:59:46 [allowed] §6[Sacks] §r§c-530§r§e items§r§e.§r§8 (Last 5s.)
21:59:46 [allowed] §8[§r§730§r§8] §r§7fnrit§7§r§7: just from minions?
21:59:49 [allowed] §8[§r§f53§r§8] §r§6[MVP§2++§6] oFlori§f§r§f: no
21:59:51 [allowed] §6[Bazaar] §r§7Executing instant buy...
21:59:51 [allowed] §6[Bazaar] §r§7Bought §r§a1§r§7x §r§fFire Aspect III §r§7for §r§616,089 coins§r§7!
21:59:52 [allowed] §6[Bazaar] §r§7Executing instant buy...
21:59:52 [allowed] §6[Bazaar] §r§7Bought §r§a1§r§7x §r§fFire Aspect III §r§7for §r§616,089 coins§r§7!
22:00:08 [allowed] §f
22:00:08 [allowed] §4[WATCHDOG ANNOUNCEMENT]
22:00:08 [allowed] §fWatchdog has banned §r§c§l7,088§r§f players in the last 7 days.
22:00:08 [allowed] §fStaff have banned an additional §r§c§l9,491§r§f in the last 7 days.
22:00:08 [allowed] §cBlacklisted modifications are a bannable offense!
22:00:08 [allowed] §c
22:00:36 [allowed] §6[Bazaar] §r§7Executing instant buy...
22:00:36 [allowed] §6[Bazaar] §r§7Bought §r§a1§r§7x §r§fLooting IV §r§7for §r§6397,997 coins§r§7!
22:00:46 [allowed] §6[Bazaar] §r§7Executing instant buy...
22:00:46 [allowed] §6[Bazaar] §r§7Bought §r§a1§r§7x §r§9Luck VI §r§7for §r§663,295 coins§r§7!
22:01:00 [allowed] §6[Bazaar] §r§7Executing instant buy...
22:01:00 [allowed] §6[Bazaar] §r§7Bought §r§a1§r§7x §r§9Thunderlord VI §r§7for §r§680,000 coins§r§7!
22:02:08 [allowed] §aYou sold §r§4◆ Lava Rune I§r§8 x1 §r§afor §r§61 Coin§r§a!
22:03:22 [allowed] §6[Bazaar] §r§7Executing instant buy...
22:03:22 [allowed] §6[Bazaar] §r§7Bought §r§a1§r§7x §r§d§lCombo V §r§7for §r§6334,583 coins§r§7!
22:03:38 [allowed] §cThere are blocks in the way!
22:03:38 [allowed] §cThere are blocks in the way!
22:03:47 [allowed] §a§l+5 Kill Combo §r§b+3% §r§b✯ Magic Find
22:03:51 [allowed] §a§l+10 Kill Combo §r§8+§r§610 §r§7coins per kill
22:03:55 [allowed] §9§l+15 Kill Combo §r§b+3% §r§b✯ Magic Find
22:03:57 [allowed] §6§lSLAYER MINI-BOSS §r§c§lAtoned Champion§r§7 has spawned!
22:04:02 [allowed] §5§l+20 Kill Combo §r§8§r§3+15☯ Combat Wisdom
22:04:07 [allowed] §5§l+25 Kill Combo §r§b+3% §r§b✯ Magic Find
22:04:08 [allowed] §6[Sacks] §r§a+5§r§e items§r§e.§r§8 (Last 5s.)
22:04:09 [allowed] §aYou earned §r§2576 GEXP §r§a+ §r§5576 Event EXP §r§afrom playing SkyBlock!
22:04:10 [allowed] §6§lSLAYER MINI-BOSS §r§c§lAtoned Champion§r§7 has spawned!
22:04:12 [allowed] §6§l+30 Kill Combo §r§8+§r§610 §r§7coins per kill
22:04:17 [allowed] §cYour Kill Combo has expired! You reached a 33 Kill Combo!
22:04:20 [allowed] §6[Sacks] §r§a+5§r§e items§r§e.§r§8 (Last 5s.)
22:04:37 [allowed] §b§lRARE DROP! §r§7(§r§f§r§72x §r§f§r§9Revenant Viscera§r§7) §r§b(+139% §r§b✯ Magic Find§r§b)
22:04:37 [allowed]   §r§a§lSLAYER QUEST COMPLETE!
22:04:37 [allowed]    §r§eZombie Slayer LVL 7 §r§5- §r§7Next LVL in §r§d129,046 XP§r§7!
22:04:37 [SLAYER_RNG_METER]    §dRNG Meter §f- §d192,000 Stored XP
22:04:37 [allowed]   §r§5§lSLAYER QUEST STARTED!
22:04:37 [allowed]    §5§l» §7Slay §c7,200 Combat XP §7worth of Zombies§7.
22:04:43 [allowed] §6[Sacks] §r§a+63§r§e items§r§e.§r§8 (Last 5s.)
22:04:55 [allowed] §a§l+5 Kill Combo §r§b+3% §r§b✯ Magic Find
22:05:00 [allowed] §a§l+10 Kill Combo §r§8+§r§610 §r§7coins per kill
22:05:02 [allowed] §9§l+15 Kill Combo §r§b+3% §r§b✯ Magic Find
22:05:07 [allowed] §cYour Kill Combo has expired! You reached a 16 Kill Combo!
22:05:18 [allowed] §a§l+5 Kill Combo §r§b+3% §r§b✯ Magic Find
22:05:18 [allowed] §6§lSLAYER MINI-BOSS §r§c§lAtoned Champion§r§7 has spawned!
22:05:23 [allowed] §6§lSLAYER MINI-BOSS §r§4§lAtoned Revenant§r§7 has spawned!
22:05:28 [allowed] §a§l+10 Kill Combo §r§8+§r§610 §r§7coins per kill
22:05:28 [allowed] §6[Sacks] §r§a+5§r§e items§r§e.§r§8 (Last 5s.)
22:05:35 [allowed] §6[Sacks] §r§a+8§r§e items§r§e.§r§8 (Last 5s.)
22:05:40 [allowed] §cYour Kill Combo has expired! You reached a 14 Kill Combo!
22:05:47 [allowed] §a§l+5 Kill Combo §r§b+3% §r§b✯ Magic Find
22:05:51 [allowed] §b§lRARE DROP! §r§7(§r§f§r§72x §r§f§r§9Revenant Viscera§r§7) §r§b(+139% §r§b✯ Magic Find§r§b)
22:05:51 [allowed]   §r§a§lSLAYER QUEST COMPLETE!
22:05:51 [allowed]    §r§eZombie Slayer LVL 7 §r§5- §r§7Next LVL in §r§d127,546 XP§r§7!
22:05:51 [SLAYER_RNG_METER]    §dRNG Meter §f- §d193,500 Stored XP
22:05:51 [allowed]   §r§5§lSLAYER QUEST STARTED!
22:05:51 [allowed]    §5§l» §7Slay §c7,200 Combat XP §7worth of Zombies§7.
22:05:58 [allowed] §a§l+10 Kill Combo §r§8+§r§610 §r§7coins per kill
22:05:58 [allowed] §6[Sacks] §r§a+64§r§e items§r§e.§r§8 (Last 5s.)
22:06:06 [allowed] §e✆ RING... 
22:06:07 [allowed] §e✆ RING... RING... 
22:06:08 [allowed] §e✆ RING... RING... RING... 
22:06:09 [allowed] §cYour Kill Combo has expired! You reached a 14 Kill Combo!
22:06:09 [allowed] §e[NPC] §5Maddox§f: §b✆ §f§rYou again? What do you want this time?
22:06:25 [allowed] §c ☠ §r§7§r§bFrit26§r§7 was killed by Sven Packmaster§r§7§r§7.
22:07:13 [allowed] §a§l+5 Kill Combo §r§b+3% §r§b✯ Magic Find
22:07:16 [allowed] §6§lSLAYER MINI-BOSS §r§c§lAtoned Champion§r§7 has spawned!
22:07:16 [allowed] §a§l+10 Kill Combo §r§8+§r§610 §r§7coins per kill
22:07:22 [allowed] §6§lSLAYER MINI-BOSS §r§c§lAtoned Champion§r§7 has spawned!
22:07:23 [allowed] §9§l+15 Kill Combo §r§b+3% §r§b✯ Magic Find
22:07:29 [allowed] §cYour Kill Combo has expired! You reached a 16 Kill Combo!
22:07:30 [allowed] §6[Sacks] §r§a+10§r§e items§r§e.§r§8 (Last 8s.)
22:07:32 [allowed] §a§l+5 Kill Combo §r§b+3% §r§b✯ Magic Find
22:07:33 [allowed] §a§l+10 Kill Combo §r§8+§r§610 §r§7coins per kill
22:07:38 [allowed] §cYour Kill Combo has expired! You reached a 10 Kill Combo!
22:07:48 [allowed] §5§lVERY RARE DROP! §r§7(§r§f§r§9Revenant Shard§r§7) §r§b(+160% §r§b✯ Magic Find§r§b)
22:07:48 [allowed]   §r§a§lSLAYER QUEST COMPLETE!
22:07:48 [allowed]    §r§eZombie Slayer LVL 7 §r§5- §r§7Next LVL in §r§d126,046 XP§r§7!
22:07:48 [SLAYER_RNG_METER]    §dRNG Meter §f- §d195,000 Stored XP
22:07:48 [allowed]   §r§5§lSLAYER QUEST STARTED!
22:07:48 [allowed]    §5§l» §7Slay §c7,200 Combat XP §7worth of Zombies§7.
22:07:51 [allowed] §a§l+5 Kill Combo §r§b+3% §r§b✯ Magic Find
22:07:53 [allowed] §6[Sacks] §r§a+63§r§e items§r§e.§r§8 (Last 5s.)
22:07:59 [allowed] §a§l+10 Kill Combo §r§8+§r§610 §r§7coins per kill
