09:01:22 Trying to load config from config/skyhanni/config.json
09:01:22 load-config-now
09:01:22 Loaded config from file
09:01:22 Trying to load sacks from config/skyhanni/sacks.json
09:01:22 load-sacks-now
09:01:22 Loaded sacks from file
09:01:22 Trying to load friends from config/skyhanni/friends.json
09:01:22 load-friends-now
09:01:22 Loaded friends from file
09:01:22 Trying to load known_features from config/skyhanni/known_features.json
09:01:22 load-known_features-now
09:01:22 Loaded known_features from file
09:01:22 Trying to load jacob_contests from config/skyhanni/jacob_contests.json
09:01:22 Setting jacob_contests to be blank as it did not exist. It will be saved once something is written to it
09:01:22 Trying to load visual_words from config/skyhanni/visual_words.json
09:01:22 Setting visual_words to be blank as it did not exist. It will be saved once something is written to it
09:01:22 Trying to load pets from config/skyhanni/pets.json
09:01:22 load-pets-now
09:01:22 Loaded pets from file
09:01:46 saveConfig: Updated known feature flags
09:01:46 Saving known_features file
09:01:46 Saved known_features file successfully
09:01:46 saveConfig: Updated known feature flags
09:01:46 Saving known_features file
09:01:46 Saved known_features file successfully
09:01:50 saveConfig: saving-data
09:01:50 Saving pets file
09:01:50 Saved pets file successfully
09:01:50 saveConfig: saving-data
09:01:50 Saving pets file
09:01:50 Saved pets file successfully
09:02:03 saveConfig: saving-data
09:02:03 Saving sacks file
09:02:03 Saved sacks file successfully
09:02:03 saveConfig: saving-data
09:02:03 Saving sacks file
09:02:03 Saved sacks file successfully
09:02:21 saveConfig: saving-data
09:02:21 Saving pets file
09:02:21 Saved pets file successfully
09:02:21 saveConfig: saving-data
09:02:21 Saving pets file
09:02:21 Saved pets file successfully
09:02:22 saveConfig: auto-save-60s
09:02:22 Saving config file
09:02:22 Saved config file successfully
09:02:22 saveConfig: auto-save-60s
09:02:22 Saving config file
09:02:22 Saved config file successfully
09:02:26 saveConfig: saving-data
09:02:26 Saving sacks file
09:02:26 Saved sacks file successfully
09:02:26 saveConfig: saving-data
09:02:26 Saving sacks file
09:02:26 Saved sacks file successfully
09:02:36 saveConfig: saving-data
09:02:36 Saving sacks file
09:02:36 Saved sacks file successfully
09:02:36 saveConfig: saving-data
09:02:36 Saving sacks file
09:02:36 Saved sacks file successfully
09:02:49 saveConfig: saving-data
09:02:49 Saving sacks file
09:02:49 Saved sacks file successfully
09:02:49 saveConfig: saving-data
09:02:49 Saving sacks file
09:02:49 Saved sacks file successfully
09:02:52 saveConfig: saving-data
09:02:52 Saving pets file
09:02:52 Saved pets file successfully
09:02:52 saveConfig: saving-data
09:02:52 Saving pets file
09:02:52 Saved pets file successfully
09:03:04 saveConfig: saving-data
09:03:04 Saving sacks file
09:03:04 Saved sacks file successfully
09:03:04 saveConfig: saving-data
09:03:04 Saving sacks file
09:03:04 Saved sacks file successfully
09:03:22 saveConfig: auto-save-60s
09:03:22 Saving config file
09:03:22 Saved config file successfully
09:03:22 saveConfig: auto-save-60s
09:03:22 Saving config file
09:03:22 Saved config file successfully
09:03:23 saveConfig: saving-data
09:03:23 Saving pets file
09:03:23 Saved pets file successfully
09:03:23 saveConfig: saving-data
09:03:23 Saving pets file
09:03:23 Saved pets file successfully
09:03:39 saveConfig: saving-data
09:03:39 Saving sacks file
09:03:39 Saved sacks file successfully
09:03:39 saveConfig: saving-data
09:03:39 Saving sacks file
09:03:39 Saved sacks file successfully
09:03:54 saveConfig: saving-data
09:03:54 Saving pets file
09:03:54 Saved pets file successfully
09:03:54 saveConfig: saving-data
09:03:54 Saving pets file
09:03:54 Saved pets file successfully
09:04:07 saveConfig: saving-data
09:04:07 Saving sacks file
09:04:07 Saved sacks file successfully
09:04:07 saveConfig: saving-data
09:04:07 Saving sacks file
09:04:07 Saved sacks file successfully
09:04:22 saveConfig: auto-save-60s
09:04:22 Saving config file
09:04:22 Saved config file successfully
09:04:22 saveConfig: auto-save-60s
09:04:22 Saving config file
09:04:22 Saved config file successfully
09:04:24 saveConfig: saving-data
09:04:24 Saving pets file
09:04:24 Saved pets file successfully
09:04:24 saveConfig: saving-data
09:04:24 Saving pets file
09:04:24 Saved pets file successfully
09:04:36 saveConfig: saving-data
09:04:36 Saving sacks file
09:04:36 Saved sacks file successfully
09:04:36 saveConfig: saving-data
09:04:36 Saving sacks file
09:04:36 Saved sacks file successfully
09:04:54 saveConfig: saving-data
09:04:54 Saving pets file
09:04:54 Saved pets file successfully
09:04:54 saveConfig: saving-data
09:04:54 Saving pets file
09:04:54 Saved pets file successfully
09:04:55 saveConfig: saving-data
09:04:55 Saving sacks file
09:04:55 Saved sacks file successfully
09:04:55 saveConfig: saving-data
09:04:55 Saving sacks file
09:04:55 Saved sacks file successfully
09:05:09 saveConfig: saving-data
09:05:09 Saving sacks file
09:05:09 Saved sacks file successfully
09:05:09 saveConfig: saving-data
09:05:09 Saving sacks file
09:05:09 Saved sacks file successfully
09:05:22 saveConfig: saving-data
09:05:22 Saving sacks file
09:05:22 Saved sacks file successfully
09:05:22 saveConfig: saving-data
09:05:22 Saving sacks file
09:05:22 Saved sacks file successfully
09:05:22 saveConfig: auto-save-60s
09:05:22 Saving config file
09:05:22 Saved config file successfully
09:05:22 saveConfig: auto-save-60s
09:05:22 Saving config file
09:05:22 Saved config file successfully
09:05:25 saveConfig: saving-data
09:05:25 Saving pets file
09:05:25 Saved pets file successfully
09:05:25 saveConfig: saving-data
09:05:25 Saving pets file
09:05:25 Saved pets file successfully
09:05:46 saveConfig: saving-data
09:05:46 Saving sacks file
09:05:46 Saved sacks file successfully
09:05:46 saveConfig: saving-data
09:05:46 Saving sacks file
09:05:46 Saved sacks file successfully
09:05:56 saveConfig: saving-data
09:05:56 Saving pets file
09:05:56 Saved pets file successfully
09:05:56 saveConfig: saving-data
09:05:56 Saving pets file
09:05:56 Saved pets file successfully
09:06:01 saveConfig: saving-data
09:06:01 Saving sacks file
09:06:01 Saved sacks file successfully
09:06:01 saveConfig: saving-data
09:06:01 Saving sacks file
09:06:01 Saved sacks file successfully
09:06:16 saveConfig: saving-data
09:06:16 Saving sacks file
09:06:16 Saved sacks file successfully
09:06:16 saveConfig: saving-data
09:06:16 Saving sacks file
09:06:16 Saved sacks file successfully
09:06:22 saveConfig: auto-save-60s
09:06:22 Saving config file
09:06:22 Saved config file successfully
09:06:22 saveConfig: auto-save-60s
09:06:22 Saving config file
09:06:22 Saved config file successfully
09:06:27 saveConfig: saving-data
09:06:27 Saving pets file
09:06:27 Saved pets file successfully
09:06:27 saveConfig: saving-data
09:06:27 Saving pets file
09:06:27 Saved pets file successfully
09:06:58 saveConfig: saving-data
09:06:58 Saving pets file
09:06:58 Saved pets file successfully
09:06:58 saveConfig: saving-data
09:06:58 Saving pets file
09:06:58 Saved pets file successfully
09:07:00 saveConfig: saving-data
09:07:00 Saving sacks file
09:07:00 Saved sacks file successfully
09:07:00 saveConfig: saving-data
09:07:00 Saving sacks file
09:07:00 Saved sacks file successfully
09:07:17 saveConfig: saving-data
09:07:17 Saving sacks file
09:07:17 Saved sacks file successfully
09:07:17 saveConfig: saving-data
09:07:17 Saving sacks file
09:07:17 Saved sacks file successfully
09:07:22 saveConfig: auto-save-60s
09:07:22 Saving config file
09:07:22 Saved config file successfully
09:07:22 saveConfig: auto-save-60s
09:07:22 Saving config file
09:07:22 Saved config file successfully
09:07:29 saveConfig: saving-data
09:07:29 Saving pets file
09:07:29 Saved pets file successfully
09:07:29 saveConfig: saving-data
09:07:29 Saving pets file
09:07:29 Saved pets file successfully
09:07:39 saveConfig: saving-data
09:07:39 Saving sacks file
09:07:39 Saved sacks file successfully
09:07:39 saveConfig: saving-data
09:07:39 Saving sacks file
09:07:39 Saved sacks file successfully
09:07:54 saveConfig: saving-data
09:07:54 Saving sacks file
09:07:54 Saved sacks file successfully
09:07:54 saveConfig: saving-data
09:07:54 Saving sacks file
09:07:54 Saved sacks file successfully
09:08:00 saveConfig: saving-data
09:08:00 Saving pets file
09:08:00 Saved pets file successfully
09:08:00 saveConfig: saving-data
09:08:00 Saving pets file
09:08:00 Saved pets file successfully
09:08:22 saveConfig: auto-save-60s
09:08:22 Saving config file
09:08:22 Saved config file successfully
09:08:22 saveConfig: auto-save-60s
09:08:22 Saving config file
09:08:22 Saved config file successfully
09:08:25 saveConfig: saving-data
09:08:25 Saving sacks file
09:08:25 Saved sacks file successfully
09:08:25 saveConfig: saving-data
09:08:25 Saving sacks file
09:08:25 Saved sacks file successfully
09:08:31 saveConfig: saving-data
09:08:31 Saving pets file
09:08:31 Saved pets file successfully
09:08:31 saveConfig: saving-data
09:08:31 Saving pets file
09:08:31 Saved pets file successfully
09:08:39 saveConfig: saving-data
09:08:39 Saving sacks file
09:08:39 Saved sacks file successfully
09:08:39 saveConfig: saving-data
09:08:39 Saving sacks file
09:08:39 Saved sacks file successfully
09:09:02 saveConfig: saving-data
09:09:02 Saving pets file
09:09:02 Saved pets file successfully
09:09:02 saveConfig: saving-data
09:09:02 Saving pets file
09:09:02 Saved pets file successfully
09:09:22 saveConfig: auto-save-60s
09:09:22 Saving config file
09:09:22 Saved config file successfully
09:09:22 saveConfig: auto-save-60s
09:09:22 Saving config file
09:09:22 Saved config file successfully
09:09:32 saveConfig: saving-data
09:09:32 Saving pets file
09:09:32 Saved pets file successfully
09:09:32 saveConfig: saving-data
09:09:32 Saving pets file
09:09:32 Saved pets file successfully
09:09:38 saveConfig: saving-data
09:09:38 Saving sacks file
09:09:38 Saved sacks file successfully
09:09:38 saveConfig: saving-data
09:09:38 Saving sacks file
09:09:38 Saved sacks file successfully
09:09:55 saveConfig: saving-data
09:09:55 Saving sacks file
09:09:55 Saved sacks file successfully
09:09:55 saveConfig: saving-data
09:09:55 Saving sacks file
09:09:55 Saved sacks file successfully
09:10:02 saveConfig: saving-data
09:10:02 Saving pets file
09:10:02 Saved pets file successfully
09:10:02 saveConfig: saving-data
09:10:02 Saving pets file
09:10:02 Saved pets file successfully
09:10:22 saveConfig: auto-save-60s
09:10:22 Saving config file
09:10:22 Saved config file successfully
09:10:22 saveConfig: auto-save-60s
09:10:22 Saving config file
09:10:22 Saved config file successfully
09:10:33 saveConfig: saving-data
09:10:33 Saving pets file
09:10:33 Saved pets file successfully
09:10:33 saveConfig: saving-data
09:10:33 Saving pets file
09:10:33 Saved pets file successfully
09:10:36 saveConfig: saving-data
09:10:36 Saving sacks file
09:10:36 Saved sacks file successfully
09:10:36 saveConfig: saving-data
09:10:36 Saving sacks file
09:10:36 Saved sacks file successfully
09:10:53 saveConfig: saving-data
09:10:53 Saving sacks file
09:10:53 Saved sacks file successfully
09:10:53 saveConfig: saving-data
09:10:53 Saving sacks file
09:10:53 Saved sacks file successfully
09:11:04 saveConfig: saving-data
09:11:04 Saving pets file
09:11:04 Saved pets file successfully
09:11:04 saveConfig: saving-data
09:11:04 Saving pets file
09:11:04 Saved pets file successfully
09:11:06 saveConfig: saving-data
09:11:06 Saving sacks file
09:11:06 Saved sacks file successfully
09:11:06 saveConfig: saving-data
09:11:06 Saving sacks file
09:11:06 Saved sacks file successfully
09:11:22 saveConfig: auto-save-60s
09:11:22 Saving config file
09:11:22 Saved config file successfully
09:11:22 saveConfig: auto-save-60s
09:11:22 Saving config file
09:11:22 Saved config file successfully
09:11:30 saveConfig: saving-data
09:11:30 Saving sacks file
09:11:30 Saved sacks file successfully
09:11:30 saveConfig: saving-data
09:11:30 Saving sacks file
09:11:30 Saved sacks file successfully
09:11:35 saveConfig: saving-data
09:11:35 Saving pets file
09:11:35 Saved pets file successfully
09:11:35 saveConfig: saving-data
09:11:35 Saving pets file
09:11:35 Saved pets file successfully
09:11:57 saveConfig: saving-data
09:11:57 Saving sacks file
09:11:57 Saved sacks file successfully
09:11:57 saveConfig: saving-data
09:11:57 Saving sacks file
09:11:57 Saved sacks file successfully
09:12:03 saveConfig: saving-data
09:12:03 Saving sacks file
09:12:03 Saved sacks file successfully
09:12:03 saveConfig: saving-data
09:12:03 Saving sacks file
09:12:03 Saved sacks file successfully
09:12:05 saveConfig: saving-data
09:12:05 Saving pets file
09:12:05 Saved pets file successfully
09:12:05 saveConfig: saving-data
09:12:05 Saving pets file
09:12:05 Saved pets file successfully
09:12:19 saveConfig: saving-data
09:12:19 Saving sacks file
09:12:19 Saved sacks file successfully
09:12:19 saveConfig: saving-data
09:12:19 Saving sacks file
09:12:19 Saved sacks file successfully
09:12:22 saveConfig: auto-save-60s
09:12:22 Saving config file
09:12:22 Saved config file successfully
09:12:22 saveConfig: auto-save-60s
09:12:22 Saving config file
09:12:22 Saved config file successfully
09:12:36 saveConfig: saving-data
09:12:36 Saving pets file
09:12:36 Saved pets file successfully
09:12:36 saveConfig: saving-data
09:12:36 Saving pets file
09:12:36 Saved pets file successfully
09:12:43 saveConfig: saving-data
09:12:43 Saving sacks file
09:12:43 Saved sacks file successfully
09:12:43 saveConfig: saving-data
09:12:43 Saving sacks file
09:12:43 Saved sacks file successfully
09:12:51 saveConfig: saving-data
09:12:51 Saving sacks file
09:12:51 Saved sacks file successfully
09:12:51 saveConfig: saving-data
09:12:51 Saving sacks file
09:12:51 Saved sacks file successfully
09:13:06 saveConfig: saving-data
09:13:06 Saving sacks file
09:13:06 Saved sacks file successfully
09:13:06 saveConfig: saving-data
09:13:06 Saving sacks file
09:13:06 Saved sacks file successfully
09:13:07 saveConfig: saving-data
09:13:07 Saving pets file
09:13:07 Saved pets file successfully
09:13:07 saveConfig: saving-data
09:13:07 Saving pets file
09:13:07 Saved pets file successfully
09:13:12 saveConfig: saving-data
09:13:12 Saving sacks file
09:13:12 Saved sacks file successfully
09:13:12 saveConfig: saving-data
09:13:12 Saving sacks file
09:13:12 Saved sacks file successfully
09:13:22 saveConfig: auto-save-60s
09:13:22 Saving config file
09:13:22 Saved config file successfully
09:13:22 saveConfig: auto-save-60s
09:13:22 Saving config file
09:13:22 Saved config file successfully
09:13:31 saveConfig: saving-data
09:13:31 Saving sacks file
09:13:31 Saved sacks file successfully
09:13:31 saveConfig: saving-data
09:13:31 Saving sacks file
09:13:31 Saved sacks file successfully
09:13:37 saveConfig: saving-data
09:13:37 Saving pets file
09:13:37 Saved pets file successfully
09:13:37 saveConfig: saving-data
09:13:37 Saving pets file
09:13:37 Saved pets file successfully
09:13:50 saveConfig: saving-data
09:13:50 Saving sacks file
09:13:50 Saved sacks file successfully
09:13:50 saveConfig: saving-data
09:13:50 Saving sacks file
09:13:50 Saved sacks file successfully
09:14:08 saveConfig: saving-data
09:14:08 Saving pets file
09:14:08 Saved pets file successfully
09:14:08 saveConfig: saving-data
09:14:08 Saving pets file
09:14:08 Saved pets file successfully
09:14:16 saveConfig: saving-data
09:14:16 Saving sacks file
09:14:16 Saved sacks file successfully
09:14:16 saveConfig: saving-data
09:14:16 Saving sacks file
09:14:16 Saved sacks file successfully
09:14:22 saveConfig: auto-save-60s
09:14:22 Saving config file
09:14:22 Saved config file successfully
09:14:22 saveConfig: auto-save-60s
09:14:22 Saving config file
09:14:22 Saved config file successfully
09:14:27 saveConfig: saving-data
09:14:27 Saving sacks file
09:14:27 Saved sacks file successfully
09:14:27 saveConfig: saving-data
09:14:27 Saving sacks file
09:14:27 Saved sacks file successfully
09:14:38 saveConfig: saving-data
09:14:38 Saving pets file
09:14:38 Saved pets file successfully
09:14:38 saveConfig: saving-data
09:14:38 Saving pets file
09:14:38 Saved pets file successfully
09:14:44 saveConfig: saving-data
09:14:44 Saving sacks file
09:14:44 Saved sacks file successfully
09:14:44 saveConfig: saving-data
09:14:44 Saving sacks file
09:14:44 Saved sacks file successfully
09:15:06 saveConfig: saving-data
09:15:06 Saving sacks file
09:15:06 Saved sacks file successfully
09:15:06 saveConfig: saving-data
09:15:06 Saving sacks file
09:15:06 Saved sacks file successfully
09:15:09 saveConfig: saving-data
09:15:09 Saving pets file
09:15:09 Saved pets file successfully
09:15:09 saveConfig: saving-data
09:15:09 Saving pets file
09:15:09 Saved pets file successfully
09:15:12 saveConfig: saving-data
09:15:12 Saving sacks file
09:15:12 Saved sacks file successfully
09:15:12 saveConfig: saving-data
09:15:12 Saving sacks file
09:15:12 Saved sacks file successfully
09:15:22 saveConfig: auto-save-60s
09:15:22 Saving config file
09:15:22 Saved config file successfully
09:15:22 saveConfig: auto-save-60s
09:15:22 Saving config file
09:15:22 Saved config file successfully
09:15:31 saveConfig: saving-data
09:15:31 Saving sacks file
09:15:31 Saved sacks file successfully
09:15:31 saveConfig: saving-data
09:15:31 Saving sacks file
09:15:31 Saved sacks file successfully
09:15:40 saveConfig: saving-data
09:15:40 Saving pets file
09:15:40 Saved pets file successfully
09:15:40 saveConfig: saving-data
09:15:40 Saving pets file
09:15:40 Saved pets file successfully
09:15:54 saveConfig: saving-data
09:15:54 Saving sacks file
09:15:54 Saved sacks file successfully
09:15:54 saveConfig: saving-data
09:15:54 Saving sacks file
09:15:54 Saved sacks file successfully
09:16:00 saveConfig: saving-data
09:16:00 Saving sacks file
09:16:00 Saved sacks file successfully
09:16:00 saveConfig: saving-data
09:16:00 Saving sacks file
09:16:00 Saved sacks file successfully
09:16:10 saveConfig: saving-data
09:16:10 Saving pets file
09:16:10 Saved pets file successfully
09:16:10 saveConfig: saving-data
09:16:10 Saving pets file
09:16:10 Saved pets file successfully
09:16:17 saveConfig: saving-data
09:16:17 Saving sacks file
09:16:17 Saved sacks file successfully
09:16:17 saveConfig: saving-data
09:16:17 Saving sacks file
09:16:17 Saved sacks file successfully
09:16:22 saveConfig: auto-save-60s
09:16:22 Saving config file
09:16:22 Saved config file successfully
09:16:22 saveConfig: auto-save-60s
09:16:22 Saving config file
09:16:22 Saved config file successfully
09:16:35 saveConfig: saving-data
09:16:35 Saving sacks file
09:16:35 Saved sacks file successfully
09:16:35 saveConfig: saving-data
09:16:35 Saving sacks file
09:16:35 Saved sacks file successfully
09:16:41 saveConfig: saving-data
09:16:41 Saving pets file
09:16:41 Saved pets file successfully
09:16:41 saveConfig: saving-data
09:16:41 Saving pets file
09:16:41 Saved pets file successfully
09:16:44 saveConfig: saving-data
09:16:44 Saving sacks file
09:16:44 Saved sacks file successfully
09:16:44 saveConfig: saving-data
09:16:44 Saving sacks file
09:16:44 Saved sacks file successfully
09:17:00 saveConfig: saving-data
09:17:00 Saving sacks file
09:17:00 Saved sacks file successfully
09:17:00 saveConfig: saving-data
09:17:00 Saving sacks file
09:17:00 Saved sacks file successfully
09:17:11 saveConfig: saving-data
09:17:11 Saving sacks file
09:17:11 Saved sacks file successfully
09:17:11 saveConfig: saving-data
09:17:11 Saving sacks file
09:17:11 Saved sacks file successfully
09:17:12 saveConfig: saving-data
09:17:12 Saving pets file
09:17:12 Saved pets file successfully
09:17:12 saveConfig: saving-data
09:17:12 Saving pets file
09:17:12 Saved pets file successfully
09:17:22 saveConfig: auto-save-60s
09:17:22 Saving config file
09:17:22 Saved config file successfully
09:17:22 saveConfig: auto-save-60s
09:17:22 Saving config file
09:17:22 Saved config file successfully
09:17:43 saveConfig: saving-data
09:17:43 Saving pets file
09:17:43 Saved pets file successfully
09:17:43 saveConfig: saving-data
09:17:43 Saving pets file
09:17:43 Saved pets file successfully
09:17:46 saveConfig: saving-data
09:17:46 Saving sacks file
09:17:46 Saved sacks file successfully
09:17:46 saveConfig: saving-data
09:17:46 Saving sacks file
09:17:46 Saved sacks file successfully
09:17:58 saveConfig: saving-data
09:17:58 Saving sacks file
09:17:58 Saved sacks file successfully
09:17:58 saveConfig: saving-data
09:17:58 Saving sacks file
09:17:58 Saved sacks file successfully
09:18:13 saveConfig: saving-data
09:18:13 Saving pets file
09:18:13 Saved pets file successfully
09:18:13 saveConfig: saving-data
09:18:13 Saving pets file
09:18:13 Saved pets file successfully
09:18:16 saveConfig: saving-data
09:18:16 Saving sacks file
09:18:16 Saved sacks file successfully
09:18:16 saveConfig: saving-data
09:18:16 Saving sacks file
09:18:16 Saved sacks file successfully
09:18:22 saveConfig: auto-save-60s
09:18:22 Saving config file
09:18:22 Saved config file successfully
09:18:22 saveConfig: auto-save-60s
09:18:22 Saving config file
09:18:22 Saved config file successfully
09:18:35 saveConfig: saving-data
09:18:35 Saving sacks file
09:18:35 Saved sacks file successfully
09:18:35 saveConfig: saving-data
09:18:35 Saving sacks file
09:18:35 Saved sacks file successfully
09:18:43 saveConfig: saving-data
09:18:43 Saving sacks file
09:18:43 Saved sacks file successfully
09:18:43 saveConfig: saving-data
09:18:43 Saving sacks file
09:18:43 Saved sacks file successfully
09:18:44 saveConfig: saving-data
09:18:44 Saving pets file
09:18:44 Saved pets file successfully
09:18:44 saveConfig: saving-data
09:18:44 Saving pets file
09:18:44 Saved pets file successfully
09:19:04 saveConfig: saving-data
09:19:04 Saving sacks file
09:19:04 Saved sacks file successfully
09:19:04 saveConfig: saving-data
09:19:04 Saving sacks file
09:19:04 Saved sacks file successfully
09:19:15 saveConfig: saving-data
09:19:15 Saving pets file
09:19:15 Saved pets file successfully
09:19:15 saveConfig: saving-data
09:19:15 Saving pets file
09:19:15 Saved pets file successfully
09:19:22 saveConfig: saving-data
09:19:22 Saving sacks file
09:19:22 Saved sacks file successfully
09:19:22 saveConfig: saving-data
09:19:22 Saving sacks file
09:19:22 Saved sacks file successfully
09:19:22 saveConfig: auto-save-60s
09:19:22 Saving config file
09:19:22 Saved config file successfully
09:19:22 saveConfig: auto-save-60s
09:19:22 Saving config file
09:19:22 Saved config file successfully
09:19:44 saveConfig: saving-data
09:19:44 Saving sacks file
09:19:44 Saved sacks file successfully
09:19:44 saveConfig: saving-data
09:19:44 Saving sacks file
09:19:44 Saved sacks file successfully
09:19:46 saveConfig: saving-data
09:19:46 Saving pets file
09:19:46 Saved pets file successfully
09:19:46 saveConfig: saving-data
09:19:46 Saving pets file
09:19:46 Saved pets file successfully
09:19:59 saveConfig: saving-data
09:19:59 Saving sacks file
09:19:59 Saved sacks file successfully
09:19:59 saveConfig: saving-data
09:19:59 Saving sacks file
09:19:59 Saved sacks file successfully
09:20:14 saveConfig: saving-data
09:20:14 Saving sacks file
09:20:14 Saved sacks file successfully
09:20:14 saveConfig: saving-data
09:20:14 Saving sacks file
09:20:14 Saved sacks file successfully
09:20:17 saveConfig: saving-data
09:20:17 Saving pets file
09:20:17 Saved pets file successfully
09:20:17 saveConfig: saving-data
09:20:17 Saving pets file
09:20:17 Saved pets file successfully
09:20:22 saveConfig: auto-save-60s
09:20:22 Saving config file
09:20:22 Saved config file successfully
09:20:22 saveConfig: auto-save-60s
09:20:22 Saving config file
09:20:22 Saved config file successfully
09:20:46 saveConfig: saving-data
09:20:46 Saving sacks file
09:20:46 Saved sacks file successfully
09:20:46 saveConfig: saving-data
09:20:46 Saving sacks file
09:20:46 Saved sacks file successfully
09:20:48 saveConfig: saving-data
09:20:48 Saving pets file
09:20:48 Saved pets file successfully
09:20:48 saveConfig: saving-data
09:20:48 Saving pets file
09:20:48 Saved pets file successfully
09:21:00 saveConfig: saving-data
09:21:00 Saving sacks file
09:21:00 Saved sacks file successfully
09:21:00 saveConfig: saving-data
09:21:00 Saving sacks file
09:21:00 Saved sacks file successfully
09:21:19 saveConfig: saving-data
09:21:19 Saving sacks file
09:21:19 Saved sacks file successfully
09:21:19 saveConfig: saving-data
09:21:19 Saving sacks file
09:21:19 Saved sacks file successfully
09:21:19 saveConfig: saving-data
09:21:19 Saving pets file
09:21:19 Saved pets file successfully
09:21:19 saveConfig: saving-data
09:21:19 Saving pets file
09:21:19 Saved pets file successfully
09:21:22 saveConfig: auto-save-60s
09:21:22 Saving config file
09:21:22 Saved config file successfully
09:21:22 saveConfig: auto-save-60s
09:21:22 Saving config file
09:21:22 Saved config file successfully
09:21:28 saveConfig: saving-data
09:21:28 Saving sacks file
09:21:28 Saved sacks file successfully
09:21:28 saveConfig: saving-data
09:21:28 Saving sacks file
09:21:28 Saved sacks file successfully
09:21:47 saveConfig: saving-data
09:21:47 Saving sacks file
09:21:47 Saved sacks file successfully
09:21:47 saveConfig: saving-data
09:21:47 Saving sacks file
09:21:47 Saved sacks file successfully
09:21:50 saveConfig: saving-data
09:21:50 Saving pets file
09:21:50 Saved pets file successfully
09:21:50 saveConfig: saving-data
09:21:50 Saving pets file
09:21:50 Saved pets file successfully
09:22:21 saveConfig: saving-data
09:22:21 Saving pets file
09:22:21 Saved pets file successfully
09:22:21 saveConfig: saving-data
09:22:21 Saving pets file
09:22:21 Saved pets file successfully
09:22:22 saveConfig: auto-save-60s
09:22:22 Saving config file
09:22:22 Saved config file successfully
09:22:22 saveConfig: auto-save-60s
09:22:22 Saving config file
09:22:22 Saved config file successfully
09:22:24 saveConfig: saving-data
09:22:24 Saving sacks file
09:22:24 Saved sacks file successfully
09:22:24 saveConfig: saving-data
09:22:24 Saving sacks file
09:22:24 Saved sacks file successfully
09:22:32 saveConfig: saving-data
09:22:32 Saving sacks file
09:22:32 Saved sacks file successfully
09:22:32 saveConfig: saving-data
09:22:32 Saving sacks file
09:22:32 Saved sacks file successfully
09:22:52 saveConfig: saving-data
09:22:52 Saving pets file
09:22:52 Saved pets file successfully
09:22:52 saveConfig: saving-data
09:22:52 Saving pets file
09:22:52 Saved pets file successfully
09:22:53 saveConfig: saving-data
09:22:53 Saving sacks file
09:22:53 Saved sacks file successfully
09:22:53 saveConfig: saving-data
09:22:53 Saving sacks file
09:22:53 Saved sacks file successfully
09:23:03 saveConfig: saving-data
09:23:03 Saving sacks file
09:23:03 Saved sacks file successfully
09:23:03 saveConfig: saving-data
09:23:03 Saving sacks file
09:23:03 Saved sacks file successfully
09:23:15 saveConfig: saving-data
09:23:15 Saving sacks file
09:23:15 Saved sacks file successfully
09:23:15 saveConfig: saving-data
09:23:15 Saving sacks file
09:23:15 Saved sacks file successfully
09:23:22 saveConfig: saving-data
09:23:22 Saving pets file
09:23:22 Saved pets file successfully
09:23:22 saveConfig: saving-data
09:23:22 Saving pets file
09:23:22 Saved pets file successfully
09:23:22 saveConfig: auto-save-60s
09:23:22 Saving config file
09:23:22 Saved config file successfully
09:23:22 saveConfig: auto-save-60s
09:23:22 Saving config file
09:23:22 Saved config file successfully
09:23:30 saveConfig: saving-data
09:23:30 Saving sacks file
09:23:30 Saved sacks file successfully
09:23:30 saveConfig: saving-data
09:23:30 Saving sacks file
09:23:30 Saved sacks file successfully
09:23:53 saveConfig: saving-data
09:23:53 Saving pets file
09:23:53 Saved pets file successfully
09:23:53 saveConfig: saving-data
09:23:53 Saving pets file
09:23:53 Saved pets file successfully
09:23:59 saveConfig: saving-data
09:23:59 Saving sacks file
09:23:59 Saved sacks file successfully
09:23:59 saveConfig: saving-data
09:23:59 Saving sacks file
09:23:59 Saved sacks file successfully
09:24:22 saveConfig: auto-save-60s
09:24:22 Saving config file
09:24:22 Saved config file successfully
09:24:22 saveConfig: auto-save-60s
09:24:22 Saving config file
09:24:22 Saved config file successfully
09:24:23 saveConfig: saving-data
09:24:23 Saving pets file
09:24:23 Saved pets file successfully
09:24:23 saveConfig: saving-data
09:24:23 Saving pets file
09:24:23 Saved pets file successfully
09:24:59 saveConfig: saving-data
09:24:59 Saving pets file
09:24:59 Saved pets file successfully
09:24:59 saveConfig: saving-data
09:24:59 Saving pets file
09:24:59 Saved pets file successfully
09:25:22 saveConfig: auto-save-60s
09:25:22 Saving config file
09:25:22 Saved config file successfully
09:25:22 saveConfig: auto-save-60s
09:25:22 Saving config file
09:25:22 Saved config file successfully
09:25:30 saveConfig: saving-data
09:25:30 Saving pets file
09:25:30 Saved pets file successfully
09:25:30 saveConfig: saving-data
09:25:30 Saving pets file
09:25:30 Saved pets file successfully
09:26:01 saveConfig: saving-data
09:26:01 Saving pets file
09:26:01 Saved pets file successfully
09:26:01 saveConfig: saving-data
09:26:01 Saving pets file
09:26:01 Saved pets file successfully
09:26:22 saveConfig: auto-save-60s
09:26:22 Saving config file
09:26:22 Saved config file successfully
09:26:22 saveConfig: auto-save-60s
09:26:22 Saving config file
09:26:22 Saved config file successfully
09:27:22 saveConfig: auto-save-60s
09:27:22 Saving config file
09:27:22 Saved config file successfully
09:27:22 saveConfig: auto-save-60s
09:27:22 Saving config file
09:27:22 Saved config file successfully
09:28:22 saveConfig: auto-save-60s
09:28:22 Saving config file
09:28:22 Saved config file successfully
09:28:22 saveConfig: auto-save-60s
09:28:22 Saving config file
09:28:22 Saved config file successfully
09:28:26 saveConfig: saving-data
09:28:26 Saving pets file
09:28:26 Saved pets file successfully
09:28:26 saveConfig: saving-data
09:28:26 Saving pets file
09:28:26 Saved pets file successfully
09:28:37 saveConfig: saving-data
09:28:37 Saving sacks file
09:28:37 Saved sacks file successfully
09:28:37 saveConfig: saving-data
09:28:37 Saving sacks file
09:28:37 Saved sacks file successfully
09:28:57 saveConfig: saving-data
09:28:57 Saving pets file
09:28:57 Saved pets file successfully
09:28:57 saveConfig: saving-data
09:28:57 Saving pets file
09:28:57 Saved pets file successfully
09:29:12 saveConfig: saving-data
09:29:12 Saving sacks file
09:29:12 Saved sacks file successfully
09:29:12 saveConfig: saving-data
09:29:12 Saving sacks file
09:29:12 Saved sacks file successfully
09:29:22 saveConfig: auto-save-60s
09:29:22 Saving config file
09:29:22 Saved config file successfully
09:29:22 saveConfig: auto-save-60s
09:29:22 Saving config file
09:29:22 Saved config file successfully
09:29:28 saveConfig: saving-data
09:29:28 Saving pets file
09:29:28 Saved pets file successfully
09:29:28 saveConfig: saving-data
09:29:28 Saving pets file
09:29:28 Saved pets file successfully
09:29:30 saveConfig: saving-data
09:29:30 Saving sacks file
09:29:30 Saved sacks file successfully
09:29:30 saveConfig: saving-data
09:29:30 Saving sacks file
09:29:30 Saved sacks file successfully
09:29:58 saveConfig: saving-data
09:29:58 Saving sacks file
09:29:58 Saved sacks file successfully
09:29:58 saveConfig: saving-data
09:29:58 Saving sacks file
09:29:58 Saved sacks file successfully
09:29:59 saveConfig: saving-data
09:29:59 Saving pets file
09:29:59 Saved pets file successfully
09:29:59 saveConfig: saving-data
09:29:59 Saving pets file
09:29:59 Saved pets file successfully
09:30:04 saveConfig: saving-data
09:30:04 Saving sacks file
09:30:04 Saved sacks file successfully
09:30:04 saveConfig: saving-data
09:30:04 Saving sacks file
09:30:04 Saved sacks file successfully
09:30:22 saveConfig: auto-save-60s
09:30:22 Saving config file
09:30:22 Saved config file successfully
09:30:22 saveConfig: auto-save-60s
09:30:22 Saving config file
09:30:22 Saved config file successfully
09:30:30 saveConfig: saving-data
09:30:30 Saving pets file
09:30:30 Saved pets file successfully
09:30:30 saveConfig: saving-data
09:30:30 Saving pets file
09:30:30 Saved pets file successfully
09:30:52 saveConfig: saving-data
09:30:52 Saving sacks file
09:30:52 Saved sacks file successfully
09:30:52 saveConfig: saving-data
09:30:52 Saving sacks file
09:30:52 Saved sacks file successfully
09:31:01 saveConfig: saving-data
09:31:01 Saving pets file
09:31:01 Saved pets file successfully
09:31:01 saveConfig: saving-data
09:31:01 Saving pets file
09:31:01 Saved pets file successfully
09:31:02 saveConfig: saving-data
09:31:02 Saving sacks file
09:31:02 Saved sacks file successfully
09:31:02 saveConfig: saving-data
09:31:02 Saving sacks file
09:31:02 Saved sacks file successfully
09:31:22 saveConfig: auto-save-60s
09:31:22 Saving config file
09:31:22 Saved config file successfully
09:31:22 saveConfig: auto-save-60s
09:31:22 Saving config file
09:31:22 Saved config file successfully
09:31:28 saveConfig: saving-data
09:31:28 Saving sacks file
09:31:28 Saved sacks file successfully
09:31:28 saveConfig: saving-data
09:31:28 Saving sacks file
09:31:28 Saved sacks file successfully
09:31:32 saveConfig: saving-data
09:31:32 Saving pets file
09:31:32 Saved pets file successfully
09:31:32 saveConfig: saving-data
09:31:32 Saving pets file
09:31:32 Saved pets file successfully
09:32:03 saveConfig: saving-data
09:32:03 Saving pets file
09:32:03 Saved pets file successfully
09:32:03 saveConfig: saving-data
09:32:03 Saving pets file
09:32:03 Saved pets file successfully
09:32:22 saveConfig: auto-save-60s
09:32:22 Saving config file
09:32:22 Saved config file successfully
09:32:22 saveConfig: auto-save-60s
09:32:22 Saving config file
09:32:22 Saved config file successfully
09:33:22 saveConfig: auto-save-60s
09:33:22 Saving config file
09:33:22 Saved config file successfully
09:33:22 saveConfig: auto-save-60s
09:33:22 Saving config file
09:33:22 Saved config file successfully
09:34:22 saveConfig: auto-save-60s
09:34:22 Saving config file
09:34:22 Saved config file successfully
09:34:22 saveConfig: auto-save-60s
09:34:22 Saving config file
09:34:22 Saved config file successfully
09:34:25 saveConfig: saving-data
09:34:25 Saving pets file
09:34:25 Saved pets file successfully
09:34:25 saveConfig: saving-data
09:34:25 Saving pets file
09:34:25 Saved pets file successfully
09:34:44 saveConfig: saving-data
09:34:44 Saving sacks file
09:34:44 Saved sacks file successfully
09:34:44 saveConfig: saving-data
09:34:44 Saving sacks file
09:34:44 Saved sacks file successfully
09:34:56 saveConfig: saving-data
09:34:56 Saving pets file
09:34:56 Saved pets file successfully
09:34:56 saveConfig: saving-data
09:34:56 Saving pets file
09:34:56 Saved pets file successfully
09:35:10 saveConfig: saving-data
09:35:10 Saving sacks file
09:35:10 Saved sacks file successfully
09:35:10 saveConfig: saving-data
09:35:10 Saving sacks file
09:35:10 Saved sacks file successfully
09:35:22 saveConfig: auto-save-60s
09:35:22 Saving config file
09:35:22 Saved config file successfully
09:35:22 saveConfig: auto-save-60s
09:35:22 Saving config file
09:35:22 Saved config file successfully
09:35:26 saveConfig: saving-data
09:35:26 Saving sacks file
09:35:26 Saved sacks file successfully
09:35:26 saveConfig: saving-data
09:35:26 Saving sacks file
09:35:26 Saved sacks file successfully
09:35:27 saveConfig: saving-data
09:35:27 Saving pets file
09:35:27 Saved pets file successfully
09:35:27 saveConfig: saving-data
09:35:27 Saving pets file
09:35:27 Saved pets file successfully
09:35:45 saveConfig: saving-data
09:35:45 Saving sacks file
09:35:45 Saved sacks file successfully
09:35:45 saveConfig: saving-data
09:35:45 Saving sacks file
09:35:45 Saved sacks file successfully
09:35:51 saveConfig: saving-data
09:35:51 Saving sacks file
09:35:51 Saved sacks file successfully
09:35:51 saveConfig: saving-data
09:35:51 Saving sacks file
09:35:51 Saved sacks file successfully
09:35:58 saveConfig: saving-data
09:35:58 Saving pets file
09:35:58 Saved pets file successfully
09:35:58 saveConfig: saving-data
09:35:58 Saving pets file
09:35:58 Saved pets file successfully
09:36:05 saveConfig: saving-data
09:36:05 Saving sacks file
09:36:05 Saved sacks file successfully
09:36:05 saveConfig: saving-data
09:36:05 Saving sacks file
09:36:05 Saved sacks file successfully
09:36:14 saveConfig: saving-data
09:36:14 Saving sacks file
09:36:14 Saved sacks file successfully
09:36:14 saveConfig: saving-data
09:36:14 Saving sacks file
09:36:14 Saved sacks file successfully
09:36:22 saveConfig: auto-save-60s
09:36:22 Saving config file
09:36:22 Saved config file successfully
09:36:22 saveConfig: auto-save-60s
09:36:22 Saving config file
09:36:22 Saved config file successfully
09:36:29 saveConfig: saving-data
09:36:29 Saving pets file
09:36:29 Saved pets file successfully
09:36:29 saveConfig: saving-data
09:36:29 Saving pets file
09:36:29 Saved pets file successfully
09:36:31 saveConfig: saving-data
09:36:31 Saving sacks file
09:36:31 Saved sacks file successfully
09:36:31 saveConfig: saving-data
09:36:31 Saving sacks file
09:36:31 Saved sacks file successfully
09:36:58 saveConfig: saving-data
09:36:58 Saving sacks file
09:36:58 Saved sacks file successfully
09:36:58 saveConfig: saving-data
09:36:58 Saving sacks file
09:36:58 Saved sacks file successfully
09:37:00 saveConfig: saving-data
09:37:00 Saving pets file
09:37:00 Saved pets file successfully
09:37:00 saveConfig: saving-data
09:37:00 Saving pets file
09:37:00 Saved pets file successfully
09:37:22 saveConfig: auto-save-60s
09:37:22 Saving config file
09:37:22 Saved config file successfully
09:37:22 saveConfig: auto-save-60s
09:37:22 Saving config file
09:37:22 Saved config file successfully
09:37:30 saveConfig: saving-data
09:37:30 Saving sacks file
09:37:30 Saved sacks file successfully
09:37:30 saveConfig: saving-data
09:37:30 Saving sacks file
09:37:30 Saved sacks file successfully
09:37:31 saveConfig: saving-data
09:37:31 Saving pets file
09:37:31 Saved pets file successfully
09:37:31 saveConfig: saving-data
09:37:31 Saving pets file
09:37:31 Saved pets file successfully
09:37:41 saveConfig: saving-data
09:37:41 Saving sacks file
09:37:41 Saved sacks file successfully
09:37:41 saveConfig: saving-data
09:37:41 Saving sacks file
09:37:41 Saved sacks file successfully
09:38:02 saveConfig: saving-data
09:38:02 Saving pets file
09:38:02 Saved pets file successfully
09:38:02 saveConfig: saving-data
09:38:02 Saving pets file
09:38:02 Saved pets file successfully
09:38:22 saveConfig: auto-save-60s
09:38:22 Saving config file
09:38:22 Saved config file successfully
09:38:22 saveConfig: auto-save-60s
09:38:22 Saving config file
09:38:22 Saved config file successfully
09:38:33 saveConfig: saving-data
09:38:33 Saving pets file
09:38:33 Saved pets file successfully
09:38:33 saveConfig: saving-data
09:38:33 Saving pets file
09:38:33 Saved pets file successfully
09:38:44 saveConfig: saving-data
09:38:44 Saving sacks file
09:38:44 Saved sacks file successfully
09:38:44 saveConfig: saving-data
09:38:44 Saving sacks file
09:38:44 Saved sacks file successfully
09:38:58 saveConfig: saving-data
09:38:58 Saving sacks file
09:38:58 Saved sacks file successfully
09:38:58 saveConfig: saving-data
09:38:58 Saving sacks file
09:38:58 Saved sacks file successfully
09:39:04 saveConfig: saving-data
09:39:04 Saving pets file
09:39:04 Saved pets file successfully
09:39:04 saveConfig: saving-data
09:39:04 Saving pets file
09:39:04 Saved pets file successfully
09:39:18 saveConfig: saving-data
09:39:18 Saving sacks file
09:39:18 Saved sacks file successfully
09:39:18 saveConfig: saving-data
09:39:18 Saving sacks file
09:39:18 Saved sacks file successfully
09:39:22 saveConfig: auto-save-60s
09:39:22 Saving config file
09:39:22 Saved config file successfully
09:39:22 saveConfig: auto-save-60s
09:39:22 Saving config file
09:39:22 Saved config file successfully
09:39:35 saveConfig: saving-data
09:39:35 Saving pets file
09:39:35 Saved pets file successfully
09:39:35 saveConfig: saving-data
09:39:35 Saving pets file
09:39:35 Saved pets file successfully
09:39:47 saveConfig: saving-data
09:39:47 Saving sacks file
09:39:47 Saved sacks file successfully
09:39:47 saveConfig: saving-data
09:39:47 Saving sacks file
09:39:47 Saved sacks file successfully
09:40:06 saveConfig: saving-data
09:40:06 Saving pets file
09:40:06 Saved pets file successfully
09:40:06 saveConfig: saving-data
09:40:06 Saving pets file
09:40:06 Saved pets file successfully
09:40:22 saveConfig: auto-save-60s
09:40:22 Saving config file
09:40:22 Saved config file successfully
09:40:22 saveConfig: auto-save-60s
09:40:22 Saving config file
09:40:22 Saved config file successfully
09:40:24 saveConfig: saving-data
09:40:24 Saving sacks file
09:40:24 Saved sacks file successfully
09:40:24 saveConfig: saving-data
09:40:24 Saving sacks file
09:40:24 Saved sacks file successfully
09:40:36 saveConfig: saving-data
09:40:36 Saving pets file
09:40:36 Saved pets file successfully
09:40:36 saveConfig: saving-data
09:40:36 Saving pets file
09:40:36 Saved pets file successfully
09:40:51 saveConfig: saving-data
09:40:51 Saving sacks file
09:40:51 Saved sacks file successfully
09:40:51 saveConfig: saving-data
09:40:51 Saving sacks file
09:40:51 Saved sacks file successfully
09:40:57 saveConfig: saving-data
09:40:57 Saving sacks file
09:40:57 Saved sacks file successfully
09:40:57 saveConfig: saving-data
09:40:57 Saving sacks file
09:40:57 Saved sacks file successfully
09:41:07 saveConfig: saving-data
09:41:07 Saving pets file
09:41:07 Saved pets file successfully
09:41:07 saveConfig: saving-data
09:41:07 Saving pets file
09:41:07 Saved pets file successfully
09:41:22 saveConfig: auto-save-60s
09:41:22 Saving config file
09:41:22 Saved config file successfully
09:41:22 saveConfig: auto-save-60s
09:41:22 Saving config file
09:41:22 Saved config file successfully
09:41:37 saveConfig: saving-data
09:41:37 Saving pets file
09:41:37 Saved pets file successfully
09:41:37 saveConfig: saving-data
09:41:37 Saving pets file
09:41:37 Saved pets file successfully
09:42:00 saveConfig: saving-data
09:42:00 Saving sacks file
09:42:00 Saved sacks file successfully
09:42:00 saveConfig: saving-data
09:42:00 Saving sacks file
09:42:00 Saved sacks file successfully
09:42:08 saveConfig: saving-data
09:42:08 Saving pets file
09:42:08 Saved pets file successfully
09:42:08 saveConfig: saving-data
09:42:08 Saving pets file
09:42:08 Saved pets file successfully
09:42:14 saveConfig: saving-data
09:42:14 Saving sacks file
09:42:14 Saved sacks file successfully
09:42:14 saveConfig: saving-data
09:42:14 Saving sacks file
09:42:14 Saved sacks file successfully
09:42:22 saveConfig: auto-save-60s
09:42:22 Saving config file
09:42:22 Saved config file successfully
09:42:22 saveConfig: auto-save-60s
09:42:22 Saving config file
09:42:22 Saved config file successfully
09:42:38 saveConfig: saving-data
09:42:38 Saving sacks file
09:42:38 Saved sacks file successfully
09:42:38 saveConfig: saving-data
09:42:38 Saving sacks file
09:42:38 Saved sacks file successfully
09:42:39 saveConfig: saving-data
09:42:39 Saving pets file
09:42:39 Saved pets file successfully
09:42:39 saveConfig: saving-data
09:42:39 Saving pets file
09:42:39 Saved pets file successfully
09:43:10 saveConfig: saving-data
09:43:10 Saving pets file
09:43:10 Saved pets file successfully
09:43:10 saveConfig: saving-data
09:43:10 Saving pets file
09:43:10 Saved pets file successfully
09:43:22 saveConfig: auto-save-60s
09:43:22 Saving config file
09:43:22 Saved config file successfully
09:43:22 saveConfig: auto-save-60s
09:43:22 Saving config file
09:43:22 Saved config file successfully
09:43:26 saveConfig: saving-data
09:43:26 Saving sacks file
09:43:26 Saved sacks file successfully
09:43:26 saveConfig: saving-data
09:43:26 Saving sacks file
09:43:26 Saved sacks file successfully
09:43:40 saveConfig: saving-data
09:43:40 Saving pets file
09:43:40 Saved pets file successfully
09:43:40 saveConfig: saving-data
09:43:40 Saving pets file
09:43:40 Saved pets file successfully
09:44:01 saveConfig: saving-data
09:44:01 Saving sacks file
09:44:01 Saved sacks file successfully
09:44:01 saveConfig: saving-data
09:44:01 Saving sacks file
09:44:01 Saved sacks file successfully
09:44:11 saveConfig: saving-data
09:44:11 Saving pets file
09:44:11 Saved pets file successfully
09:44:11 saveConfig: saving-data
09:44:11 Saving pets file
09:44:11 Saved pets file successfully
09:44:20 saveConfig: saving-data
09:44:20 Saving sacks file
09:44:20 Saved sacks file successfully
09:44:20 saveConfig: saving-data
09:44:20 Saving sacks file
09:44:20 Saved sacks file successfully
09:44:22 saveConfig: auto-save-60s
09:44:22 Saving config file
09:44:22 Saved config file successfully
09:44:22 saveConfig: auto-save-60s
09:44:22 Saving config file
09:44:22 Saved config file successfully
09:44:38 saveConfig: saving-data
09:44:38 Saving sacks file
09:44:38 Saved sacks file successfully
09:44:38 saveConfig: saving-data
09:44:38 Saving sacks file
09:44:38 Saved sacks file successfully
09:44:42 saveConfig: saving-data
09:44:42 Saving pets file
09:44:42 Saved pets file successfully
09:44:42 saveConfig: saving-data
09:44:42 Saving pets file
09:44:42 Saved pets file successfully
09:45:11 saveConfig: saving-data
09:45:11 Saving sacks file
09:45:11 Saved sacks file successfully
09:45:11 saveConfig: saving-data
09:45:11 Saving sacks file
09:45:11 Saved sacks file successfully
09:45:13 saveConfig: saving-data
09:45:13 Saving pets file
09:45:13 Saved pets file successfully
09:45:13 saveConfig: saving-data
09:45:13 Saving pets file
09:45:13 Saved pets file successfully
09:45:18 saveConfig: saving-data
09:45:18 Saving sacks file
09:45:18 Saved sacks file successfully
09:45:18 saveConfig: saving-data
09:45:18 Saving sacks file
09:45:18 Saved sacks file successfully
09:45:22 saveConfig: auto-save-60s
09:45:22 Saving config file
09:45:22 Saved config file successfully
09:45:22 saveConfig: auto-save-60s
09:45:22 Saving config file
09:45:22 Saved config file successfully
09:45:38 saveConfig: saving-data
09:45:38 Saving sacks file
09:45:38 Saved sacks file successfully
09:45:38 saveConfig: saving-data
09:45:38 Saving sacks file
09:45:38 Saved sacks file successfully
09:45:44 saveConfig: saving-data
09:45:44 Saving pets file
09:45:44 Saved pets file successfully
09:45:44 saveConfig: saving-data
09:45:44 Saving pets file
09:45:44 Saved pets file successfully
09:46:06 saveConfig: saving-data
09:46:06 Saving sacks file
09:46:06 Saved sacks file successfully
09:46:06 saveConfig: saving-data
09:46:06 Saving sacks file
09:46:06 Saved sacks file successfully
09:46:15 saveConfig: saving-data
09:46:15 Saving pets file
09:46:15 Saved pets file successfully
09:46:15 saveConfig: saving-data
09:46:15 Saving pets file
09:46:15 Saved pets file successfully
09:46:16 saveConfig: saving-data
09:46:16 Saving sacks file
09:46:16 Saved sacks file successfully
09:46:16 saveConfig: saving-data
09:46:16 Saving sacks file
09:46:16 Saved sacks file successfully
09:46:22 saveConfig: auto-save-60s
09:46:22 Saving config file
09:46:22 Saved config file successfully
09:46:22 saveConfig: auto-save-60s
09:46:22 Saving config file
09:46:22 Saved config file successfully
09:46:45 saveConfig: saving-data
09:46:45 Saving pets file
09:46:45 Saved pets file successfully
09:46:45 saveConfig: saving-data
09:46:45 Saving pets file
09:46:45 Saved pets file successfully
09:47:16 saveConfig: saving-data
09:47:16 Saving pets file
09:47:16 Saved pets file successfully
09:47:16 saveConfig: saving-data
09:47:16 Saving pets file
09:47:16 Saved pets file successfully
09:47:22 saveConfig: saving-data
09:47:22 Saving sacks file
09:47:22 Saved sacks file successfully
09:47:22 saveConfig: saving-data
09:47:22 Saving sacks file
09:47:22 Saved sacks file successfully
09:47:22 saveConfig: auto-save-60s
09:47:22 Saving config file
09:47:22 Saved config file successfully
09:47:22 saveConfig: auto-save-60s
09:47:22 Saving config file
09:47:22 Saved config file successfully
09:47:37 saveConfig: saving-data
09:47:37 Saving sacks file
09:47:37 Saved sacks file successfully
09:47:37 saveConfig: saving-data
09:47:37 Saving sacks file
09:47:37 Saved sacks file successfully
09:47:46 saveConfig: saving-data
09:47:46 Saving pets file
09:47:46 Saved pets file successfully
09:47:46 saveConfig: saving-data
09:47:46 Saving pets file
09:47:46 Saved pets file successfully
09:48:21 saveConfig: saving-data
09:48:21 Saving sacks file
09:48:21 Saved sacks file successfully
09:48:21 saveConfig: saving-data
09:48:21 Saving sacks file
09:48:21 Saved sacks file successfully
09:48:22 saveConfig: auto-save-60s
09:48:22 Saving config file
09:48:22 Saved config file successfully
09:48:22 saveConfig: auto-save-60s
09:48:22 Saving config file
09:48:22 Saved config file successfully
09:48:31 saveConfig: saving-data
09:48:31 Saving pets file
09:48:31 Saved pets file successfully
09:48:31 saveConfig: saving-data
09:48:31 Saving pets file
09:48:31 Saved pets file successfully
09:49:01 saveConfig: saving-data
09:49:01 Saving pets file
09:49:01 Saved pets file successfully
09:49:01 saveConfig: saving-data
09:49:01 Saving pets file
09:49:01 Saved pets file successfully
09:49:22 saveConfig: auto-save-60s
09:49:22 Saving config file
09:49:22 Saved config file successfully
09:49:22 saveConfig: auto-save-60s
09:49:22 Saving config file
09:49:22 Saved config file successfully
09:49:31 saveConfig: saving-data
09:49:31 Saving pets file
09:49:31 Saved pets file successfully
09:49:31 saveConfig: saving-data
09:49:31 Saving pets file
09:49:31 Saved pets file successfully
09:49:44 saveConfig: saving-data
09:49:44 Saving sacks file
09:49:44 Saved sacks file successfully
09:49:44 saveConfig: saving-data
09:49:44 Saving sacks file
09:49:44 Saved sacks file successfully
09:49:56 saveConfig: saving-data
09:49:56 Saving sacks file
09:49:56 Saved sacks file successfully
09:49:56 saveConfig: saving-data
09:49:56 Saving sacks file
09:49:56 Saved sacks file successfully
09:50:02 saveConfig: saving-data
09:50:02 Saving pets file
09:50:02 Saved pets file successfully
09:50:02 saveConfig: saving-data
09:50:02 Saving pets file
09:50:02 Saved pets file successfully
09:50:22 saveConfig: saving-data
09:50:22 Saving sacks file
09:50:22 Saved sacks file successfully
09:50:22 saveConfig: saving-data
09:50:22 Saving sacks file
09:50:22 Saved sacks file successfully
09:50:22 saveConfig: auto-save-60s
09:50:22 Saving config file
09:50:22 Saved config file successfully
09:50:22 saveConfig: auto-save-60s
09:50:22 Saving config file
09:50:22 Saved config file successfully
09:50:32 saveConfig: saving-data
09:50:32 Saving pets file
09:50:32 Saved pets file successfully
09:50:32 saveConfig: saving-data
09:50:32 Saving pets file
09:50:32 Saved pets file successfully
09:50:41 saveConfig: saving-data
09:50:41 Saving sacks file
09:50:41 Saved sacks file successfully
09:50:41 saveConfig: saving-data
09:50:41 Saving sacks file
09:50:41 Saved sacks file successfully
09:50:51 saveConfig: saving-data
09:50:51 Saving sacks file
09:50:51 Saved sacks file successfully
09:50:51 saveConfig: saving-data
09:50:51 Saving sacks file
09:50:51 Saved sacks file successfully
09:51:03 saveConfig: saving-data
09:51:03 Saving pets file
09:51:03 Saved pets file successfully
09:51:03 saveConfig: saving-data
09:51:03 Saving pets file
09:51:03 Saved pets file successfully
09:51:09 saveConfig: saving-data
09:51:09 Saving sacks file
09:51:09 Saved sacks file successfully
09:51:09 saveConfig: saving-data
09:51:09 Saving sacks file
09:51:09 Saved sacks file successfully
09:51:22 saveConfig: auto-save-60s
09:51:22 Saving config file
09:51:22 Saved config file successfully
09:51:22 saveConfig: auto-save-60s
09:51:22 Saving config file
09:51:22 Saved config file successfully
09:51:33 saveConfig: saving-data
09:51:33 Saving pets file
09:51:33 Saved pets file successfully
09:51:33 saveConfig: saving-data
09:51:33 Saving pets file
09:51:33 Saved pets file successfully
09:51:56 saveConfig: saving-data
09:51:56 Saving sacks file
09:51:56 Saved sacks file successfully
09:51:56 saveConfig: saving-data
09:51:56 Saving sacks file
09:51:56 Saved sacks file successfully
09:52:04 saveConfig: saving-data
09:52:04 Saving pets file
09:52:04 Saved pets file successfully
09:52:04 saveConfig: saving-data
09:52:04 Saving pets file
09:52:04 Saved pets file successfully
09:52:07 saveConfig: saving-data
09:52:07 Saving sacks file
09:52:07 Saved sacks file successfully
09:52:07 saveConfig: saving-data
09:52:07 Saving sacks file
09:52:07 Saved sacks file successfully
09:52:22 saveConfig: auto-save-60s
09:52:22 Saving config file
09:52:22 Saved config file successfully
09:52:22 saveConfig: auto-save-60s
09:52:22 Saving config file
09:52:22 Saved config file successfully
09:52:23 saveConfig: saving-data
09:52:23 Saving sacks file
09:52:23 Saved sacks file successfully
09:52:23 saveConfig: saving-data
09:52:23 Saving sacks file
09:52:23 Saved sacks file successfully
09:52:31 saveConfig: saving-data
09:52:31 Saving sacks file
09:52:31 Saved sacks file successfully
09:52:31 saveConfig: saving-data
09:52:31 Saving sacks file
09:52:31 Saved sacks file successfully
09:52:35 saveConfig: saving-data
09:52:35 Saving pets file
09:52:35 Saved pets file successfully
09:52:35 saveConfig: saving-data
09:52:35 Saving pets file
09:52:35 Saved pets file successfully
09:53:06 saveConfig: saving-data
09:53:06 Saving pets file
09:53:06 Saved pets file successfully
09:53:06 saveConfig: saving-data
09:53:06 Saving pets file
09:53:06 Saved pets file successfully
09:53:22 saveConfig: auto-save-60s
09:53:22 Saving config file
09:53:22 Saved config file successfully
09:53:22 saveConfig: auto-save-60s
09:53:22 Saving config file
09:53:22 Saved config file successfully
09:53:36 saveConfig: saving-data
09:53:36 Saving pets file
09:53:36 Saved pets file successfully
09:53:36 saveConfig: saving-data
09:53:36 Saving pets file
09:53:36 Saved pets file successfully
09:53:59 saveConfig: saving-data
09:53:59 Saving sacks file
09:53:59 Saved sacks file successfully
09:53:59 saveConfig: saving-data
09:53:59 Saving sacks file
09:53:59 Saved sacks file successfully
09:54:07 saveConfig: saving-data
09:54:07 Saving pets file
09:54:07 Saved pets file successfully
09:54:07 saveConfig: saving-data
09:54:07 Saving pets file
09:54:07 Saved pets file successfully
09:54:08 saveConfig: saving-data
09:54:08 Saving sacks file
09:54:08 Saved sacks file successfully
09:54:08 saveConfig: saving-data
09:54:08 Saving sacks file
09:54:08 Saved sacks file successfully
09:54:22 saveConfig: auto-save-60s
09:54:22 Saving config file
09:54:22 Saved config file successfully
09:54:22 saveConfig: auto-save-60s
09:54:22 Saving config file
09:54:22 Saved config file successfully
09:54:25 saveConfig: saving-data
09:54:25 Saving sacks file
09:54:25 Saved sacks file successfully
09:54:25 saveConfig: saving-data
09:54:25 Saving sacks file
09:54:25 Saved sacks file successfully
09:54:38 saveConfig: saving-data
09:54:38 Saving pets file
09:54:38 Saved pets file successfully
09:54:38 saveConfig: saving-data
09:54:38 Saving pets file
09:54:38 Saved pets file successfully
09:54:44 saveConfig: saving-data
09:54:44 Saving sacks file
09:54:44 Saved sacks file successfully
09:54:44 saveConfig: saving-data
09:54:44 Saving sacks file
09:54:44 Saved sacks file successfully
09:55:08 saveConfig: saving-data
09:55:08 Saving pets file
09:55:08 Saved pets file successfully
09:55:08 saveConfig: saving-data
09:55:08 Saving pets file
09:55:08 Saved pets file successfully
09:55:14 saveConfig: saving-data
09:55:14 Saving sacks file
09:55:14 Saved sacks file successfully
09:55:14 saveConfig: saving-data
09:55:14 Saving sacks file
09:55:14 Saved sacks file successfully
09:55:22 saveConfig: auto-save-60s
09:55:22 Saving config file
09:55:22 Saved config file successfully
09:55:22 saveConfig: auto-save-60s
09:55:22 Saving config file
09:55:22 Saved config file successfully
09:55:38 saveConfig: saving-data
09:55:38 Saving pets file
09:55:38 Saved pets file successfully
09:55:38 saveConfig: saving-data
09:55:38 Saving pets file
09:55:38 Saved pets file successfully
09:55:39 saveConfig: saving-data
09:55:39 Saving sacks file
09:55:39 Saved sacks file successfully
09:55:39 saveConfig: saving-data
09:55:39 Saving sacks file
09:55:39 Saved sacks file successfully
09:56:08 saveConfig: saving-data
09:56:08 Saving pets file
09:56:08 Saved pets file successfully
09:56:08 saveConfig: saving-data
09:56:08 Saving pets file
09:56:08 Saved pets file successfully
09:56:20 saveConfig: saving-data
09:56:20 Saving sacks file
09:56:20 Saved sacks file successfully
09:56:20 saveConfig: saving-data
09:56:20 Saving sacks file
09:56:20 Saved sacks file successfully
09:56:22 saveConfig: auto-save-60s
09:56:22 Saving config file
09:56:22 Saved config file successfully
09:56:22 saveConfig: auto-save-60s
09:56:22 Saving config file
09:56:22 Saved config file successfully
09:57:22 saveConfig: auto-save-60s
09:57:22 Saving config file
09:57:22 Saved config file successfully
09:57:22 saveConfig: auto-save-60s
09:57:22 Saving config file
09:57:22 Saved config file successfully
09:58:22 saveConfig: auto-save-60s
09:58:22 Saving config file
09:58:22 Saved config file successfully
09:58:22 saveConfig: auto-save-60s
09:58:22 Saving config file
09:58:22 Saved config file successfully
09:58:32 saveConfig: saving-data
09:58:32 Saving pets file
09:58:32 Saved pets file successfully
09:58:32 saveConfig: saving-data
09:58:32 Saving pets file
09:58:32 Saved pets file successfully
09:59:22 saveConfig: auto-save-60s
09:59:22 Saving config file
09:59:22 Saved config file successfully
09:59:22 saveConfig: auto-save-60s
09:59:22 Saving config file
09:59:22 Saved config file successfully
10:00:22 saveConfig: auto-save-60s
10:00:22 Saving config file
10:00:22 Saved config file successfully
10:00:22 saveConfig: auto-save-60s
10:00:22 Saving config file
10:00:22 Saved config file successfully
10:01:22 saveConfig: auto-save-60s
10:01:22 Saving config file
10:01:22 Saved config file successfully
10:01:22 saveConfig: auto-save-60s
10:01:22 Saving config file
10:01:22 Saved config file successfully
10:02:22 saveConfig: auto-save-60s
10:02:22 Saving config file
10:02:22 Saved config file successfully
10:02:22 saveConfig: auto-save-60s
10:02:22 Saving config file
10:02:22 Saved config file successfully
10:03:22 saveConfig: auto-save-60s
10:03:22 Saving config file
10:03:22 Saved config file successfully
10:03:22 saveConfig: auto-save-60s
10:03:22 Saving config file
10:03:22 Saved config file successfully
10:03:53 saveConfig: saving-data
10:03:53 Saving pets file
10:03:53 Saved pets file successfully
10:03:53 saveConfig: saving-data
10:03:53 Saving pets file
10:03:53 Saved pets file successfully
10:04:22 saveConfig: auto-save-60s
10:04:22 Saving config file
10:04:22 Saved config file successfully
10:04:22 saveConfig: auto-save-60s
10:04:22 Saving config file
10:04:22 Saved config file successfully
10:04:24 saveConfig: saving-data
10:04:24 Saving pets file
10:04:24 Saved pets file successfully
10:04:24 saveConfig: saving-data
10:04:24 Saving pets file
10:04:24 Saved pets file successfully
10:05:12 saveConfig: saving-data
10:05:12 Saving pets file
10:05:12 Saved pets file successfully
10:05:12 saveConfig: saving-data
10:05:12 Saving pets file
10:05:12 Saved pets file successfully
10:05:22 saveConfig: auto-save-60s
10:05:22 Saving config file
10:05:22 Saved config file successfully
10:05:22 saveConfig: auto-save-60s
10:05:22 Saving config file
10:05:22 Saved config file successfully
10:05:43 saveConfig: saving-data
10:05:43 Saving pets file
10:05:43 Saved pets file successfully
10:05:43 saveConfig: saving-data
10:05:43 Saving pets file
10:05:43 Saved pets file successfully
10:06:22 saveConfig: auto-save-60s
10:06:22 Saving config file
10:06:22 Saved config file successfully
10:06:22 saveConfig: auto-save-60s
10:06:22 Saving config file
10:06:22 Saved config file successfully
10:07:22 saveConfig: auto-save-60s
10:07:22 Saving config file
10:07:22 Saved config file successfully
10:07:22 saveConfig: auto-save-60s
10:07:22 Saving config file
10:07:22 Saved config file successfully
10:08:22 saveConfig: auto-save-60s
10:08:22 Saving config file
10:08:22 Saved config file successfully
10:08:22 saveConfig: auto-save-60s
10:08:22 Saving config file
10:08:22 Saved config file successfully
10:09:22 saveConfig: auto-save-60s
10:09:22 Saving config file
10:09:22 Saved config file successfully
10:09:22 saveConfig: auto-save-60s
10:09:22 Saving config file
10:09:22 Saved config file successfully
10:09:33 saveConfig: saving-data
10:09:33 Saving pets file
10:09:33 Saved pets file successfully
10:09:33 saveConfig: saving-data
10:09:33 Saving pets file
10:09:33 Saved pets file successfully
10:10:22 saveConfig: auto-save-60s
10:10:22 Saving config file
10:10:22 Saved config file successfully
10:10:22 saveConfig: auto-save-60s
10:10:22 Saving config file
10:10:22 Saved config file successfully
10:11:22 saveConfig: auto-save-60s
10:11:22 Saving config file
10:11:22 Saved config file successfully
10:11:22 saveConfig: auto-save-60s
10:11:22 Saving config file
10:11:22 Saved config file successfully
10:11:27 saveConfig: saving-data
10:11:27 Saving sacks file
10:11:27 Saved sacks file successfully
10:11:27 saveConfig: saving-data
10:11:27 Saving sacks file
10:11:27 Saved sacks file successfully
10:12:22 saveConfig: auto-save-60s
10:12:22 Saving config file
10:12:22 Saved config file successfully
10:12:22 saveConfig: auto-save-60s
10:12:22 Saving config file
10:12:22 Saved config file successfully
10:13:10 saveConfig: saving-data
10:13:10 Saving sacks file
10:13:10 Saved sacks file successfully
10:13:10 saveConfig: saving-data
10:13:10 Saving sacks file
10:13:10 Saved sacks file successfully
10:13:22 saveConfig: auto-save-60s
10:13:22 Saving config file
10:13:22 Saved config file successfully
10:13:22 saveConfig: auto-save-60s
10:13:22 Saving config file
10:13:22 Saved config file successfully
10:14:22 saveConfig: auto-save-60s
10:14:22 Saving config file
10:14:22 Saved config file successfully
10:14:22 saveConfig: auto-save-60s
10:14:22 Saving config file
10:14:22 Saved config file successfully
10:15:08 saveConfig: saving-data
10:15:08 Saving pets file
10:15:08 Saved pets file successfully
10:15:08 saveConfig: saving-data
10:15:08 Saving pets file
10:15:08 Saved pets file successfully
10:15:22 saveConfig: auto-save-60s
10:15:22 Saving config file
10:15:22 Saved config file successfully
10:15:22 saveConfig: auto-save-60s
10:15:22 Saving config file
10:15:22 Saved config file successfully
10:15:39 saveConfig: saving-data
10:15:39 Saving pets file
10:15:39 Saved pets file successfully
10:15:39 saveConfig: saving-data
10:15:39 Saving pets file
10:15:39 Saved pets file successfully
10:16:22 saveConfig: auto-save-60s
10:16:22 Saving config file
10:16:22 Saved config file successfully
10:16:22 saveConfig: auto-save-60s
10:16:22 Saving config file
10:16:22 Saved config file successfully
10:17:22 saveConfig: auto-save-60s
10:17:22 Saving config file
10:17:22 Saved config file successfully
10:17:22 saveConfig: auto-save-60s
10:17:22 Saving config file
10:17:22 Saved config file successfully
10:18:22 saveConfig: auto-save-60s
10:18:22 Saving config file
10:18:22 Saved config file successfully
10:18:22 saveConfig: auto-save-60s
10:18:22 Saving config file
10:18:22 Saved config file successfully
10:19:22 saveConfig: auto-save-60s
10:19:22 Saving config file
10:19:22 Saved config file successfully
10:19:22 saveConfig: auto-save-60s
10:19:22 Saving config file
10:19:22 Saved config file successfully
10:20:22 saveConfig: auto-save-60s
10:20:22 Saving config file
10:20:22 Saved config file successfully
10:20:22 saveConfig: auto-save-60s
10:20:22 Saving config file
10:20:22 Saved config file successfully
10:20:39 saveConfig: saving-data
10:20:39 Saving pets file
10:20:39 Saved pets file successfully
10:20:39 saveConfig: saving-data
10:20:39 Saving pets file
10:20:39 Saved pets file successfully
10:21:10 saveConfig: saving-data
10:21:10 Saving pets file
10:21:10 Saved pets file successfully
10:21:10 saveConfig: saving-data
10:21:10 Saving pets file
10:21:10 Saved pets file successfully
10:21:22 saveConfig: auto-save-60s
10:21:22 Saving config file
10:21:22 Saved config file successfully
10:21:22 saveConfig: auto-save-60s
10:21:22 Saving config file
10:21:22 Saved config file successfully
10:22:22 saveConfig: auto-save-60s
10:22:22 Saving config file
10:22:22 Saved config file successfully
10:22:22 saveConfig: auto-save-60s
10:22:22 Saving config file
10:22:22 Saved config file successfully
10:23:22 saveConfig: auto-save-60s
10:23:22 Saving config file
10:23:22 Saved config file successfully
10:23:22 saveConfig: auto-save-60s
10:23:22 Saving config file
10:23:22 Saved config file successfully
10:24:22 saveConfig: auto-save-60s
10:24:22 Saving config file
10:24:22 Saved config file successfully
10:24:22 saveConfig: auto-save-60s
10:24:22 Saving config file
10:24:22 Saved config file successfully
10:24:47 saveConfig: saving-data
10:24:47 Saving pets file
10:24:47 Saved pets file successfully
10:24:47 saveConfig: saving-data
10:24:47 Saving pets file
10:24:47 Saved pets file successfully
10:25:18 saveConfig: saving-data
10:25:18 Saving pets file
10:25:18 Saved pets file successfully
10:25:18 saveConfig: saving-data
10:25:18 Saving pets file
10:25:18 Saved pets file successfully
10:25:22 saveConfig: auto-save-60s
10:25:22 Saving config file
10:25:22 Saved config file successfully
10:25:22 saveConfig: auto-save-60s
10:25:22 Saving config file
10:25:22 Saved config file successfully
10:26:22 saveConfig: auto-save-60s
10:26:22 Saving config file
10:26:22 Saved config file successfully
10:26:22 saveConfig: auto-save-60s
10:26:22 Saving config file
10:26:22 Saved config file successfully
10:27:22 saveConfig: auto-save-60s
10:27:22 Saving config file
10:27:22 Saved config file successfully
10:27:22 saveConfig: auto-save-60s
10:27:22 Saving config file
10:27:22 Saved config file successfully
10:28:22 saveConfig: auto-save-60s
10:28:22 Saving config file
10:28:22 Saved config file successfully
10:28:22 saveConfig: auto-save-60s
10:28:22 Saving config file
10:28:22 Saved config file successfully
10:29:22 saveConfig: auto-save-60s
10:29:22 Saving config file
10:29:22 Saved config file successfully
10:29:22 saveConfig: auto-save-60s
10:29:22 Saving config file
10:29:22 Saved config file successfully
10:30:22 saveConfig: auto-save-60s
10:30:22 Saving config file
10:30:22 Saved config file successfully
10:30:22 saveConfig: auto-save-60s
10:30:22 Saving config file
10:30:22 Saved config file successfully
10:31:22 saveConfig: auto-save-60s
10:31:22 Saving config file
10:31:22 Saved config file successfully
10:31:22 saveConfig: auto-save-60s
10:31:22 Saving config file
10:31:22 Saved config file successfully
10:32:22 saveConfig: auto-save-60s
10:32:22 Saving config file
10:32:22 Saved config file successfully
10:32:22 saveConfig: auto-save-60s
10:32:22 Saving config file
10:32:22 Saved config file successfully
10:33:22 saveConfig: auto-save-60s
10:33:22 Saving config file
10:33:22 Saved config file successfully
10:33:22 saveConfig: auto-save-60s
10:33:22 Saving config file
10:33:22 Saved config file successfully
10:34:22 saveConfig: auto-save-60s
10:34:22 Saving config file
10:34:22 Saved config file successfully
10:34:22 saveConfig: auto-save-60s
10:34:22 Saving config file
10:34:22 Saved config file successfully
10:35:22 saveConfig: auto-save-60s
10:35:22 Saving config file
10:35:22 Saved config file successfully
10:35:22 saveConfig: auto-save-60s
10:35:22 Saving config file
10:35:22 Saved config file successfully
10:36:22 saveConfig: auto-save-60s
10:36:22 Saving config file
10:36:22 Saved config file successfully
10:36:22 saveConfig: auto-save-60s
10:36:22 Saving config file
10:36:22 Saved config file successfully
10:37:22 saveConfig: auto-save-60s
10:37:22 Saving config file
10:37:22 Saved config file successfully
10:37:22 saveConfig: auto-save-60s
10:37:22 Saving config file
10:37:22 Saved config file successfully
10:38:22 saveConfig: auto-save-60s
10:38:22 Saving config file
10:38:22 Saved config file successfully
10:38:22 saveConfig: auto-save-60s
10:38:22 Saving config file
10:38:22 Saved config file successfully
10:39:22 saveConfig: auto-save-60s
10:39:22 Saving config file
10:39:22 Saved config file successfully
10:39:22 saveConfig: auto-save-60s
10:39:22 Saving config file
10:39:22 Saved config file successfully
10:40:22 saveConfig: auto-save-60s
10:40:22 Saving config file
10:40:22 Saved config file successfully
10:40:22 saveConfig: auto-save-60s
10:40:22 Saving config file
10:40:22 Saved config file successfully
10:41:22 saveConfig: auto-save-60s
10:41:22 Saving config file
10:41:22 Saved config file successfully
10:41:22 saveConfig: auto-save-60s
10:41:22 Saving config file
10:41:22 Saved config file successfully
10:42:22 saveConfig: auto-save-60s
10:42:22 Saving config file
10:42:22 Saved config file successfully
10:42:22 saveConfig: auto-save-60s
10:42:22 Saving config file
10:42:22 Saved config file successfully
10:43:22 saveConfig: auto-save-60s
10:43:22 Saving config file
10:43:22 Saved config file successfully
10:43:22 saveConfig: auto-save-60s
10:43:22 Saving config file
10:43:22 Saved config file successfully
10:44:22 saveConfig: auto-save-60s
10:44:22 Saving config file
10:44:22 Saved config file successfully
10:44:22 saveConfig: auto-save-60s
10:44:22 Saving config file
10:44:22 Saved config file successfully
10:45:22 saveConfig: auto-save-60s
10:45:22 Saving config file
10:45:22 Saved config file successfully
10:45:22 saveConfig: auto-save-60s
10:45:22 Saving config file
10:45:22 Saved config file successfully
10:46:22 saveConfig: auto-save-60s
10:46:22 Saving config file
10:46:22 Saved config file successfully
10:46:22 saveConfig: auto-save-60s
10:46:22 Saving config file
10:46:22 Saved config file successfully
10:47:22 saveConfig: auto-save-60s
10:47:22 Saving config file
10:47:22 Saved config file successfully
10:47:22 saveConfig: auto-save-60s
10:47:22 Saving config file
10:47:22 Saved config file successfully
10:48:22 saveConfig: auto-save-60s
10:48:22 Saving config file
10:48:22 Saved config file successfully
10:48:22 saveConfig: auto-save-60s
10:48:22 Saving config file
10:48:22 Saved config file successfully
10:49:22 saveConfig: auto-save-60s
10:49:22 Saving config file
10:49:22 Saved config file successfully
10:49:22 saveConfig: auto-save-60s
10:49:22 Saving config file
10:49:22 Saved config file successfully
10:50:22 saveConfig: auto-save-60s
10:50:22 Saving config file
10:50:22 Saved config file successfully
10:50:22 saveConfig: auto-save-60s
10:50:22 Saving config file
10:50:22 Saved config file successfully
10:51:22 saveConfig: auto-save-60s
10:51:22 Saving config file
10:51:22 Saved config file successfully
10:51:22 saveConfig: auto-save-60s
10:51:22 Saving config file
10:51:22 Saved config file successfully
10:52:22 saveConfig: auto-save-60s
10:52:22 Saving config file
10:52:22 Saved config file successfully
10:52:22 saveConfig: auto-save-60s
10:52:22 Saving config file
10:52:22 Saved config file successfully
10:53:22 saveConfig: auto-save-60s
10:53:22 Saving config file
10:53:22 Saved config file successfully
10:53:22 saveConfig: auto-save-60s
10:53:22 Saving config file
10:53:22 Saved config file successfully
10:54:22 saveConfig: auto-save-60s
10:54:22 Saving config file
10:54:22 Saved config file successfully
10:54:22 saveConfig: auto-save-60s
10:54:22 Saving config file
10:54:22 Saved config file successfully
10:55:22 saveConfig: auto-save-60s
10:55:22 Saving config file
10:55:22 Saved config file successfully
10:55:22 saveConfig: auto-save-60s
10:55:22 Saving config file
10:55:22 Saved config file successfully
10:56:22 saveConfig: auto-save-60s
10:56:22 Saving config file
10:56:22 Saved config file successfully
10:56:22 saveConfig: auto-save-60s
10:56:22 Saving config file
10:56:22 Saved config file successfully
10:57:22 saveConfig: auto-save-60s
10:57:22 Saving config file
10:57:22 Saved config file successfully
10:57:22 saveConfig: auto-save-60s
10:57:22 Saving config file
10:57:22 Saved config file successfully
10:58:22 saveConfig: auto-save-60s
10:58:22 Saving config file
10:58:22 Saved config file successfully
10:58:22 saveConfig: auto-save-60s
10:58:22 Saving config file
10:58:22 Saved config file successfully
10:59:22 saveConfig: auto-save-60s
10:59:22 Saving config file
10:59:22 Saved config file successfully
10:59:22 saveConfig: auto-save-60s
10:59:22 Saving config file
10:59:22 Saved config file successfully
11:00:22 saveConfig: auto-save-60s
11:00:22 Saving config file
11:00:22 Saved config file successfully
11:00:22 saveConfig: auto-save-60s
11:00:22 Saving config file
11:00:22 Saved config file successfully
11:01:22 saveConfig: auto-save-60s
11:01:22 Saving config file
11:01:22 Saved config file successfully
11:01:22 saveConfig: auto-save-60s
11:01:22 Saving config file
11:01:22 Saved config file successfully
11:02:22 saveConfig: auto-save-60s
11:02:22 Saving config file
11:02:22 Saved config file successfully
11:02:22 saveConfig: auto-save-60s
11:02:22 Saving config file
11:02:22 Saved config file successfully
11:03:22 saveConfig: auto-save-60s
11:03:22 Saving config file
11:03:22 Saved config file successfully
11:03:22 saveConfig: auto-save-60s
11:03:22 Saving config file
11:03:22 Saved config file successfully
11:04:22 saveConfig: auto-save-60s
11:04:22 Saving config file
11:04:22 Saved config file successfully
11:04:22 saveConfig: auto-save-60s
11:04:22 Saving config file
11:04:22 Saved config file successfully
11:05:22 saveConfig: auto-save-60s
11:05:22 Saving config file
11:05:22 Saved config file successfully
11:05:22 saveConfig: auto-save-60s
11:05:22 Saving config file
11:05:22 Saved config file successfully
11:06:22 saveConfig: auto-save-60s
11:06:22 Saving config file
11:06:22 Saved config file successfully
11:06:22 saveConfig: auto-save-60s
11:06:22 Saving config file
11:06:22 Saved config file successfully
11:07:22 saveConfig: auto-save-60s
11:07:22 Saving config file
11:07:22 Saved config file successfully
11:07:22 saveConfig: auto-save-60s
11:07:22 Saving config file
11:07:22 Saved config file successfully
11:08:22 saveConfig: auto-save-60s
11:08:22 Saving config file
11:08:22 Saved config file successfully
11:08:22 saveConfig: auto-save-60s
11:08:22 Saving config file
11:08:22 Saved config file successfully
11:09:22 saveConfig: auto-save-60s
11:09:22 Saving config file
11:09:22 Saved config file successfully
11:09:22 saveConfig: auto-save-60s
11:09:22 Saving config file
11:09:22 Saved config file successfully
11:10:22 saveConfig: auto-save-60s
11:10:22 Saving config file
11:10:22 Saved config file successfully
11:10:22 saveConfig: auto-save-60s
11:10:22 Saving config file
11:10:22 Saved config file successfully
11:11:22 saveConfig: auto-save-60s
11:11:22 Saving config file
11:11:22 Saved config file successfully
11:11:22 saveConfig: auto-save-60s
11:11:22 Saving config file
11:11:22 Saved config file successfully
11:12:22 saveConfig: auto-save-60s
11:12:22 Saving config file
11:12:22 Saved config file successfully
11:12:22 saveConfig: auto-save-60s
11:12:22 Saving config file
11:12:22 Saved config file successfully
11:13:22 saveConfig: auto-save-60s
11:13:22 Saving config file
11:13:22 Saved config file successfully
11:13:22 saveConfig: auto-save-60s
11:13:22 Saving config file
11:13:22 Saved config file successfully
11:14:22 saveConfig: auto-save-60s
11:14:22 Saving config file
11:14:22 Saved config file successfully
11:14:22 saveConfig: auto-save-60s
11:14:22 Saving config file
11:14:22 Saved config file successfully
11:15:22 saveConfig: auto-save-60s
11:15:22 Saving config file
11:15:22 Saved config file successfully
11:15:22 saveConfig: auto-save-60s
11:15:22 Saving config file
11:15:22 Saved config file successfully
11:16:22 saveConfig: auto-save-60s
11:16:22 Saving config file
11:16:22 Saved config file successfully
11:16:22 saveConfig: auto-save-60s
11:16:22 Saving config file
11:16:22 Saved config file successfully
11:17:22 saveConfig: auto-save-60s
11:17:22 Saving config file
11:17:22 Saved config file successfully
11:17:22 saveConfig: auto-save-60s
11:17:22 Saving config file
11:17:22 Saved config file successfully
11:18:22 saveConfig: auto-save-60s
11:18:22 Saving config file
11:18:22 Saved config file successfully
11:18:22 saveConfig: auto-save-60s
11:18:22 Saving config file
11:18:22 Saved config file successfully
11:19:22 saveConfig: auto-save-60s
11:19:22 Saving config file
11:19:22 Saved config file successfully
11:19:22 saveConfig: auto-save-60s
11:19:22 Saving config file
11:19:22 Saved config file successfully
11:20:22 saveConfig: auto-save-60s
11:20:22 Saving config file
11:20:22 Saved config file successfully
11:20:22 saveConfig: auto-save-60s
11:20:22 Saving config file
11:20:22 Saved config file successfully
11:21:22 saveConfig: auto-save-60s
11:21:22 Saving config file
11:21:22 Saved config file successfully
11:21:22 saveConfig: auto-save-60s
11:21:22 Saving config file
11:21:22 Saved config file successfully
11:22:22 saveConfig: auto-save-60s
11:22:22 Saving config file
11:22:22 Saved config file successfully
11:22:22 saveConfig: auto-save-60s
11:22:22 Saving config file
11:22:22 Saved config file successfully
11:23:22 saveConfig: auto-save-60s
11:23:22 Saving config file
11:23:22 Saved config file successfully
11:23:22 saveConfig: auto-save-60s
11:23:22 Saving config file
11:23:22 Saved config file successfully
11:24:22 saveConfig: auto-save-60s
11:24:22 Saving config file
11:24:22 Saved config file successfully
11:24:22 saveConfig: auto-save-60s
11:24:22 Saving config file
11:24:22 Saved config file successfully
11:25:22 saveConfig: auto-save-60s
11:25:22 Saving config file
11:25:22 Saved config file successfully
11:25:22 saveConfig: auto-save-60s
11:25:22 Saving config file
11:25:22 Saved config file successfully
11:26:22 saveConfig: auto-save-60s
11:26:22 Saving config file
11:26:22 Saved config file successfully
11:26:22 saveConfig: auto-save-60s
11:26:22 Saving config file
11:26:22 Saved config file successfully
11:27:22 saveConfig: auto-save-60s
11:27:22 Saving config file
11:27:22 Saved config file successfully
11:27:22 saveConfig: auto-save-60s
11:27:22 Saving config file
11:27:22 Saved config file successfully
11:28:22 saveConfig: auto-save-60s
11:28:22 Saving config file
11:28:22 Saved config file successfully
11:28:22 saveConfig: auto-save-60s
11:28:22 Saving config file
11:28:22 Saved config file successfully
11:29:22 saveConfig: auto-save-60s
11:29:22 Saving config file
11:29:22 Saved config file successfully
11:29:22 saveConfig: auto-save-60s
11:29:22 Saving config file
11:29:22 Saved config file successfully
11:30:22 saveConfig: auto-save-60s
11:30:22 Saving config file
11:30:22 Saved config file successfully
11:30:22 saveConfig: auto-save-60s
11:30:22 Saving config file
11:30:22 Saved config file successfully
11:31:22 saveConfig: auto-save-60s
11:31:22 Saving config file
11:31:22 Saved config file successfully
11:31:22 saveConfig: auto-save-60s
11:31:22 Saving config file
11:31:22 Saved config file successfully
11:32:22 saveConfig: auto-save-60s
11:32:22 Saving config file
11:32:22 Saved config file successfully
11:32:22 saveConfig: auto-save-60s
11:32:22 Saving config file
11:32:22 Saved config file successfully
11:33:22 saveConfig: auto-save-60s
11:33:22 Saving config file
11:33:22 Saved config file successfully
11:33:22 saveConfig: auto-save-60s
11:33:22 Saving config file
11:33:22 Saved config file successfully
11:34:22 saveConfig: auto-save-60s
11:34:22 Saving config file
11:34:22 Saved config file successfully
11:34:22 saveConfig: auto-save-60s
11:34:22 Saving config file
11:34:22 Saved config file successfully
11:35:22 saveConfig: auto-save-60s
11:35:22 Saving config file
11:35:22 Saved config file successfully
11:35:22 saveConfig: auto-save-60s
11:35:22 Saving config file
11:35:22 Saved config file successfully
11:36:22 saveConfig: auto-save-60s
11:36:22 Saving config file
11:36:22 Saved config file successfully
11:36:22 saveConfig: auto-save-60s
11:36:22 Saving config file
11:36:22 Saved config file successfully
11:37:23 saveConfig: auto-save-60s
11:37:23 Saving config file
11:37:23 Saved config file successfully
11:37:23 saveConfig: auto-save-60s
11:37:23 Saving config file
11:37:23 Saved config file successfully
11:38:12 saveConfig: shutdown-hook
11:38:12 Saving config file
