21:50:46 [allowed] §f §r§r§r§f §r§r§r§1 §r§r§r§0 §r§r§r§2 §r§r§r§f §r§r§r§f §r§r§r§2 §r§r§r§0 §r§r§r§4 §r§r§r§3 §r§r§r§9 §r§r§r§2 §r§r§r§0 §r§r§r§0 §r§r§r§3 §r§r§r§9 §r§r§r§2 §r§r§r§0 §r§r§r§0 §r§r§r§3 §r§r§r§9 §r§r§r§2 §r§r§r§0 §r§r§r§0 
21:50:46 [allowed] §b✦ §r§7You earned §r§b51 §r§7Mystery Dust!
21:50:46 [allowed] §b[MVP§c+§b] EVOscar§f §6spooked into the lobby!
21:50:48 [allowed] §aYou have §b11 §aunclaimed leveling rewards!
21:50:48 [allowed] §eClick here to view them!
21:50:48 [allowed] §aYou have §64 §aunclaimed achievement rewards!
21:50:48 [allowed] §eClick here to view them!
21:50:48 [allowed] §b[MVP§9+§b] MintLeafYummy§f §6spooked into the lobby!
21:50:48 [allowed] §b[MVP§2+§b] Ben6_Schme§f §6spooked into the lobby!
21:50:48 [allowed]   §r§f§l➤ §r§6You have reached your Hype limit! Add Hype to Prototype Lobby minigames by right-clicking with the Hype Diamond!
21:50:48 [allowed] §b[MVP§a+§b] baldeagle13§f §6spooked into the lobby!
21:50:48 [allowed] §b[MVP§c+§b] iliabro§f §6spooked into the lobby!
21:50:48 [allowed] §b[MVP§3+§b] _0517_§f §6spooked into the lobby!
21:50:48 [allowed] §b[MVP§9+§b] SheikhPatel§f §6spooked into the lobby!
21:50:51 [allowed] 
§r§f§l➔ §r§6§lWelcome to the Prototype Lobby§r
§r§aAll games in this lobby are currently in development.§r
§r§eClick here to leave feedback!§r§f ➤ §r§b§nhttps://hypixel.net/PTL

21:50:52 [allowed] §7Sending to server mini40DN...
21:50:52 [allowed] §8 §r§8 §r§1 §r§3 §r§3 §r§7 §r§8 
21:50:53 [allowed] §aSince you've been away you earned §r§6250,000 coins §r§aas interest in your personal bank account!
21:50:55 [allowed] 
21:50:55 [allowed] §eWelcome to §r§aHypixel SkyBlock§r§e!
21:50:55 [allowed] 
21:50:55 [allowed] §eLatest update: §bSkyBlock v0.23.4 §e§lCLICK
21:50:57 [allowed] §aA §r§bStranger §r§aappears on your island at §r§f8§r§a, §r§f100§r§a, §r§f41§r§a! You should go talk to them.
21:51:04 [allowed] §e§l▬▬▬▬▬▬▬▬▬▬▬▬▬▬▬▬▬▬▬▬▬▬▬▬▬▬▬▬▬▬▬▬▬▬▬▬▬▬▬▬▬▬▬▬▬▬▬▬▬▬▬▬▬▬▬▬▬▬▬▬▬▬▬▬
21:51:04 [allowed]   §r§6§lCOLLECTION LEVEL UP §eDiamond §8V➜§eVI
21:51:04 [allowed] 
21:51:04 [allowed]   §r§a§lREWARDS
21:51:04 [allowed]     §r§7§9Diamond Spreading §7Recipe
21:51:04 [allowed]     §r§7§8+§b4 SkyBlock XP
21:51:04 [allowed] §e§l▬▬▬▬▬▬▬▬▬▬▬▬▬▬▬▬▬▬▬▬▬▬▬▬▬▬▬▬▬▬▬▬▬▬▬▬▬▬▬▬▬▬▬▬▬▬▬▬▬▬▬▬▬▬▬▬▬▬▬▬▬▬▬▬
21:51:04 [allowed] §3§l▬▬▬▬▬▬▬▬▬▬▬▬▬▬▬▬▬▬▬▬▬▬▬▬▬▬▬▬▬▬▬▬▬▬▬▬▬▬▬▬▬▬▬▬▬▬▬▬▬▬▬▬▬▬▬▬▬▬▬▬▬▬▬▬
21:51:04 [allowed]   §r§b§lSKILL LEVEL UP §3Mining §8XI➜§3XII
21:51:04 [allowed] 
21:51:04 [allowed]   §r§a§lREWARDS
21:51:04 [allowed]    §r§7§8+§aAccess to §5Crystal Hollows
21:51:04 [allowed]    §r§7§8+§aAccess to §2Dwarven Mines
21:51:04 [allowed]    §r§eSpelunker XII
21:51:04 [allowed]    §r  §7§fGrants §a+§844➜§a48§f §6☘ Mining Fortune§f, which increases your
21:51:04 [allowed]    §r  §fchance for multiple ore drops.
21:51:04 [allowed]    §r§7§8+§a1 §a❈ Defense
21:51:04 [allowed]    §r§7§9Moonglade Jewel §7Reforge
21:51:04 [allowed]    §r§7§aHardened Wood §7Reforge
21:51:04 [allowed]    §r§7§9Large Walnut §7Reforge
21:51:04 [allowed]    §r§7§8+§615,000 §7Coins
21:51:04 [allowed]    §r§7§8+§b10 SkyBlock XP
21:51:04 [allowed] §3§l▬▬▬▬▬▬▬▬▬▬▬▬▬▬▬▬▬▬▬▬▬▬▬▬▬▬▬▬▬▬▬▬▬▬▬▬▬▬▬▬▬▬▬▬▬▬▬▬▬▬▬▬▬▬▬▬▬▬▬▬▬▬▬▬
21:51:04 [allowed] §e§l▬▬▬▬▬▬▬▬▬▬▬▬▬▬▬▬▬▬▬▬▬▬▬▬▬▬▬▬▬▬▬▬▬▬▬▬▬▬▬▬▬▬▬▬▬▬▬▬▬▬▬▬▬▬▬▬▬▬▬▬▬▬▬▬
21:51:04 [allowed]   §r§6§lCOLLECTION LEVEL UP §eRedstone Dust §8VIII➜§eIX
21:51:04 [allowed] 
21:51:04 [allowed]   §r§a§lREWARDS
21:51:04 [allowed]     §r§7§aLarge Accessory Bag Upgrade §7(+6 slots)
21:51:04 [allowed]     §r§7§aPersonal Compactor 4000 §7Recipe
21:51:04 [allowed]     §r§7§8+§b4 SkyBlock XP
21:51:04 [allowed] §e§l▬▬▬▬▬▬▬▬▬▬▬▬▬▬▬▬▬▬▬▬▬▬▬▬▬▬▬▬▬▬▬▬▬▬▬▬▬▬▬▬▬▬▬▬▬▬▬▬▬▬▬▬▬▬▬▬▬▬▬▬▬▬▬▬
21:51:07 [allowed] §aYour §r§5Enderman §r§aleveled up to level §r§949§r§a!
21:51:08 [allowed] §7Warping...
21:51:09 [allowed] §7Sending to server mega32B...
21:51:09 [allowed] §8 §r§8 §r§1 §r§3 §r§3 §r§7 §r§8 
21:51:12 [allowed] §8[§r§720§r§8] §r§b[MVP§c+§b] Nickxls§f§r§f: can i have some donations pls, even 30k would help <3
21:51:26 [allowed] §6[Bazaar] §r§7Executing instant sell...
21:51:26 [allowed] §6[Bazaar] §r§7Sold §r§a184§r§7x §r§fDiamond §r§7for §r§61,214.4 coins§r§7!
21:51:26 [allowed] §6[Bazaar] §r§7Sold §r§a16§r§7x §r§aEnchanted Diamond §r§7for §r§619,798 coins§r§7!
21:51:26 [allowed] §6[Bazaar] §r§7Sold §r§a216§r§7x §r§fRedstone Dust §r§7for §r§6432.0 coins§r§7!
21:51:26 [allowed] §6[Bazaar] §r§7Sold §r§a170§r§7x §r§aEnchanted Redstone Dust §r§7for §r§6146,812 coins§r§7!
21:51:29 [allowed] §6[Bazaar] §r§7Executing instant sell...
21:51:29 [allowed] §6[Bazaar] §r§7Sold §r§a109§r§7x §r§fSnow Block §r§7for §r§6174.4 coins§r§7!
21:51:29 [allowed] §6[Bazaar] §r§7Sold §r§a52§r§7x §r§aEnchanted Snow Block §r§7for §r§629,068 coins§r§7!
21:51:34 [allowed] §7Warping...
21:51:35 [allowed] §6[Sacks] §r§c-161§r§e items§r§e.§r§8 (Last 5s.)
21:51:39 [allowed] §7Claiming upgrade...
21:51:39 [allowed] §eYou claimed the §r§aMinion Slots I §r§eupgrade!
21:51:42 [allowed] §7Starting profile upgrade...
21:51:42 [allowed] §eYou started the §r§aMinion Slots II §r§eupgrade!
21:52:08 [allowed] §8[§r§79§r§8] §r§7Nicksonc§r§7: trading to hyperion day 2 (full unstable dragon rn)
21:52:10 [allowed] §8[§r§e89§r§8] §r§b[MVP§c+§b] d3xtr43618§f§r§f: finally im free
21:52:21 [allowed] §8[§r§e89§r§8] §r§b[MVP§c+§b] d3xtr43618§f§r§f: just encountered some perv who was following me to no end
21:52:26 [allowed] §7Request join for Hub #1 (mega13A)...
21:52:26 [allowed] §7Sending to server mega13A...
21:52:26 [allowed] §8 §r§8 §r§1 §r§3 §r§3 §r§7 §r§8 
21:52:35 [allowed] §d§lHOPPITY'S HUNT §r§dA §r§aChocolate Supper Egg §r§dhas appeared!
21:52:35 [allowed] §8[§r§f78§r§8] §r§a[VIP§6+§a] kqumi§f§r§f: LOWBALLING 700 MIL visit noww
21:52:35 [allowed] §8[§r§5380§r§8] §r§7α §r§b[MVP§6+§b] mikraxxl§f§r§f: check my ah for cheapest kuudra t5 armor /ah mikraxxl
21:52:35 [allowed] §8[§r§3242§r§8] §r§6⛂ §r§b[MVP§d+§b] Earthians§f§r§f: guys wanna donate>
21:52:35 [allowed] §8[§r§79§r§8] §r§7Nicksonc§r§7: trading to hyperion day 2 (full unstable dragon rn)
21:52:35 [allowed] §8[§r§f73§r§8] §r§7§l℻ §r§b[MVP§c+§b] BussinRaghav§f§r§f: Lowballing Dyes and Skins!
21:52:35 [allowed] §8[§r§717§r§8] §r§a[VIP§6+§a] DJMarioFan64§f§r§f: could anyone help me at map
21:52:36 [allowed] §8[§r§79§r§8] §r§a[VIP] Lorenzito§f§r§f: someone selling minions?
21:52:36 [allowed] §8[§r§6411§r§8] §r§b§lᛝ §r§b[MVP§d+§b] LiamGTI§f§r§f: lowballing 2b purse /visit me regular rules
21:52:37 [allowed] §8[§r§3244§r§8] §r§6§lᛝ §r§a[VIP] me_o§f§r§f: any1 know if mining is still good?
21:52:37 [allowed] §8[§r§a133§r§8] §r§b[MVP§d+§b] zMichaa§f§r§f: visit itssh4dow_ for 10m coins
21:52:44 [allowed] §8[§r§a141§r§8] §r§7❂ §r§6[MVP§6++§6] aamcc§f§r§f: swimming pool
21:52:46 [allowed] §8[§r§f73§r§8] §r§7§l℻ §r§b[MVP§c+§b] BussinRaghav§f§r§f: Lowballing Dyes and Skins! /visit me!
21:52:47 [allowed] §8[§r§a133§r§8] §r§b[MVP§d+§b] zMichaa§f§r§f: hes doing a giveaway
21:52:47 [allowed] §8[§r§717§r§8] §r§a[VIP§6+§a] DJMarioFan64§f§r§f: could anyone help me at map i got 200k coins can someone sell me some hear
21:52:55 [allowed] §8[§r§a141§r§8] §r§7❂ §r§6[MVP§6++§6] aamcc§f§r§f: everyone stonk into te floor
21:52:57 [allowed] §8[§r§6411§r§8] §r§b§lᛝ §r§b[MVP§d+§b] LiamGTI§f§r§f: lb 2b purse
21:52:58 [allowed] §8[§r§2193§r§8] §r§6ჶ §r§6[MVP§6++§6] uogi§f§r§f: DJMarioFan64 hear?
21:53:00 [allowed] §7Request join for Hub #2 (mega39E)...
21:53:00 [allowed] §7Sending to server mega39E...
21:53:01 [allowed] §8 §r§8 §r§1 §r§3 §r§3 §r§7 §r§8 
21:53:23 [allowed] §8[§r§f74§r§8] §r§7BonyaPlay§7§r§7: anyways imma go to arachne
21:53:24 [allowed] §8[§r§d347§r§8] §r§b§lᛝ §r§b[MVP§a+§b] Pichu_PL§f§r§f: Lowballing 250m
21:53:25 [allowed] §8[§r§79§r§8] §r§7Nicksonc§r§7: trading to hyperion day 2 (full unstable dragon rn)
21:53:25 [allowed] §8[§r§f74§r§8] §r§7BonyaPlay§7§r§7: to later get the livid dagger
21:53:26 [allowed] §f
21:53:26 [allowed] §c§m-----------------------------------------------------
21:53:26 [allowed] §cYou have been muted for a Minor Chat Infraction.
21:53:26 [allowed] §7Your mute will expire in §r§c1d
21:53:26 [allowed] §f §r§f
21:53:26 [allowed] §7Find out more here: §r§ewww.hypixel.net/mutes
21:53:26 [allowed] §7Mute ID: §r§f#A18C2EC9
21:53:26 [allowed] §c§m-----------------------------------------------------
21:53:26 [allowed] §f 
21:53:26 [allowed] §8[§r§b201§r§8] §r§a[VIP§6+§a] OnionBhaji_§f§r§f: lowballing 300m /visit
21:53:30 [allowed] §8[§r§e113§r§8] §r§b[MVP] Blackpanter4333§f§r§f: Lb 2b Lf drills / armor
21:53:32 [allowed] §8[§r§f59§r§8] §r§b[MVP§c+§b] ScarletCog§f§r§f: Lowballing 120m purse - /visit ScarletCog - I am new to lowballing so if u wanna help me out! PLEASEEEEEEEEEEEE
21:53:33 [allowed] §8[§r§9297§r§8] §r§a[VIP] ThatQuePro§f§r§f: lowballing 600m purse /visit em taking anything////////////////////////////////////////
21:53:50 [allowed] §8[§r§3249§r§8] §r§b[MVP§c+§b] _Gabimaru§f§r§f: sucht vielleicht noch jemand eine aktive deutsche gilde ?
21:53:50 [allowed] §8[§r§a158§r§8] §r§a[VIP] Kole13121§f§r§f: lowballing 400m /visit kole13121
21:53:56 [allowed] §8[§r§74§r§8] §r§7MuzRiz786§7§r§7: selling T1 snow minnions!!!!!!!!
21:54:06 [allowed] §8[§r§9297§r§8] §r§a[VIP] ThatQuePro§f§r§f: LOWBALLING 600M PURSE /VISIT EM TAKING ANYTHING (lf aurora or crimson sets)
21:54:09 [allowed] §8[§r§d347§r§8] §r§b§lᛝ §r§b[MVP§a+§b] Pichu_PL§f§r§f: Lowballing 250m best rates
21:54:13 [allowed] §8[§r§9297§r§8] §r§a[VIP] ThatQuePro§f§r§f: LOWBALLING 600M PURSE /VISIT EM TAKING ANYTHING (lf aurora or crimson sets).....................................................
21:54:17 [allowed] §8[§r§6411§r§8] §r§b§lᛝ §r§b[MVP§d+§b] LiamGTI§f§r§f: lowballing 2b
21:54:30 [allowed] §8[§r§717§r§8] §r§a[VIP§6+§a] DJMarioFan64§f§r§f: hi doyoulikepizza
21:54:32 [allowed] §8[§r§3266§r§8] §r§7§l⚝ §r§b[MVP§f+§b] DoYouLikePizza§f§r§f: hey
21:54:39 [allowed] §8[§r§717§r§8] §r§a[VIP§6+§a] DJMarioFan64§f§r§f: i know u from somewhere
21:54:46 [allowed] §8[§r§6411§r§8] §r§b§lᛝ §r§b[MVP§d+§b] LiamGTI§f§r§f: lowballing 2b /visit me
21:54:48 [allowed] §8[§r§3266§r§8] §r§7§l⚝ §r§b[MVP§f+§b] DoYouLikePizza§f§r§f: Umm
21:54:49 [allowed] §8[§r§717§r§8] §r§a[VIP§6+§a] DJMarioFan64§f§r§f: must have seen u around
21:54:52 [allowed] §8[§r§e104§r§8] §r§a[VIP] MKJumbo§f§r§f: hes from italy
21:54:53 [allowed] §8[§r§717§r§8] §r§a[VIP§6+§a] theozone10§f§r§f: lowballing 109m /visit me
21:54:55 [allowed] §8[§r§3266§r§8] §r§7§l⚝ §r§b[MVP§f+§b] DoYouLikePizza§f§r§f: Yeah probably
21:54:56 [allowed] §8[§r§74§r§8] §r§7MuzRiz786§7§r§7: selling T1 snow minnions /visit me
21:54:56 [allowed] §8[§r§d347§r§8] §r§b§lᛝ §r§b[MVP§a+§b] Pichu_PL§f§r§f: Lowballing 250m quick deals
21:54:59 [allowed] 
21:54:59 [allowed] §c§m-----------------------------------------------------
21:54:59 [allowed] §cYou are currently muted for a Minor Chat Infraction.
21:54:59 [allowed] §7Your mute will expire in §r§c23h 58m 22s
21:54:59 [allowed]  
21:54:59 [allowed] §7Find out more here: §r§ewww.hypixel.net/mutes
21:54:59 [allowed] §7Mute ID: §r§f#A18C2EC9
21:54:59 [allowed] §c§m-----------------------------------------------------
21:54:59 [allowed]  
21:55:00 [allowed] §8[§r§717§r§8] §r§a[VIP§6+§a] DJMarioFan64§f§r§f: quick question
21:55:04 [allowed] §8[§r§3266§r§8] §r§7§l⚝ §r§b[MVP§f+§b] DoYouLikePizza§f§r§f: sure
21:55:06 [allowed] §9§m-----------------------------------------------------§r§9
§r§9                          §r§9 §6Friends (Page 1 of 2) §r§e§l>>§r§9
§r§9§b_mm6_ §eis in SkyBlock - Dungeon Hub§r§9
§r§9§apog3831 §eis in SkyBlock - The Catacombs - Floor VII§r§9
§r§9§7Aclassicweeb §cis currently offline§r§9
§r§9§7ALZABER_BHAI1 §cis currently offline§r§9
§r§9§aedgelord331 §cis currently offline§r§9
§r§9§aFrenchFr1s §cis currently offline§r§9
§r§9§6Gois §cis currently offline§r§9
§r§9§7Mai_Me §cis currently offline§r§9
§r§9§m-----------------------------------------------------
21:55:11 [allowed] §8[§r§f54§r§8] §r§a[VIP] Cactus_Rqcka§f§r§f: yes i do like pizza
21:55:13 [allowed] §8[§r§717§r§8] §r§a[VIP§6+§a] DJMarioFan64§f§r§f: ik ur ironman but could i buy some gear from u if u got a main
