22:48:24 HUB
22:49:49 NONE
22:49:50 PRIVATE_ISLAND
22:49:57 NONE
22:49:58 HUB
22:50:02 PRIVATE_ISLAND
22:51:33 NONE
22:51:34 HUB
22:53:16 NONE
22:53:17 HUB
22:56:06 NONE
22:56:07 HUB
22:57:58 NONE
22:57:59 PRIVATE_ISLAND
22:58:16 NONE
22:58:17 HUB
22:58:34 NONE
22:58:35 PRIVATE_ISLAND
22:58:55 NONE
22:58:55 HUB
22:59:06 PRIVATE_ISLAND
23:00:33 NONE
23:00:33 HUB
23:01:33 NONE
23:01:34 PRIVATE_ISLAND
23:03:41 NONE
23:03:42 HUB
23:05:02 NONE
23:05:03 PRIVATE_ISLAND
23:06:50 NONE
23:06:51 HUB
23:08:35 NONE
23:08:35 PRIVATE_ISLAND
23:08:55 HUB
23:13:51 NONE
23:13:51 HUB
23:16:57 NONE
23:16:58 PRIVATE_ISLAND
23:17:06 NONE
23:17:07 HUB
23:17:09 NONE
23:17:10 PRIVATE_ISLAND
23:17:17 NONE
23:17:18 HUB
23:21:20 NONE
23:21:21 PRIVATE_ISLAND
23:21:25 NONE
23:21:25 HUB
23:26:01 NONE
23:26:02 HUB
23:26:10 NONE
23:26:10 HUB
23:28:21 NONE
23:28:21 HUB
23:28:28 NONE
23:28:29 HUB
23:28:40 NONE
23:28:40 HUB
23:35:13 NONE
23:35:14 HUB
23:35:24 NONE
23:35:24 HUB
23:36:39 NONE
23:36:39 HUB
23:39:42 NONE
23:39:43 PRIVATE_ISLAND
23:39:45 NONE
23:39:46 HUB
23:42:49 NONE
23:42:50 GOLD_MINES
23:44:02 NONE
23:44:02 HUB
23:44:46 GOLD_MINES
23:45:04 NONE
23:45:04 DEEP_CAVERNS
23:47:26 NONE
23:47:28 HUB
23:47:46 NONE
23:47:47 PRIVATE_ISLAND_GUEST
23:47:51 NONE
23:47:52 DEEP_CAVERNS
23:50:12 NONE
23:50:13 HUB
23:50:31 NONE
23:50:32 PRIVATE_ISLAND_GUEST
23:50:35 NONE
23:50:35 DEEP_CAVERNS
23:51:05 NONE
23:51:06 PRIVATE_ISLAND
23:51:27 NONE
23:51:27 HUB
00:05:42 NONE
00:05:42 HUB
00:06:57 NONE
00:06:58 HUB
00:10:26 NONE
00:10:27 HUB
00:11:48 NONE
00:11:49 PRIVATE_ISLAND
00:12:28 NONE
00:12:30 HUB
