08:52:21 HUB
08:52:32 NONE
08:52:33 PRIVATE_ISLAND
08:52:39 NONE
08:52:39 HUB
08:53:30 HUB
08:58:41 NONE
08:58:41 PRIVATE_ISLAND
09:03:19 NONE
09:03:19 PRIVATE_ISLAND_GUEST
09:03:33 NONE
09:03:35 HUB
09:04:14 DUNGEON_HUB
09:09:04 CATACOMBS
09:18:10 NONE
09:18:10 DUNGEON_HUB
09:20:57 NONE
09:20:57 HUB
09:21:45 NONE
09:21:46 DUNGEON_HUB
09:25:02 NONE
09:25:03 CATACOMBS
09:32:57 NONE
09:32:58 CATACOMBS
09:41:10 DUNGEON_HUB
09:45:18 CATACOMBS
09:59:49 DUNGEON_HUB
10:09:01 NONE
10:09:01 HUB
10:09:29 NONE
10:09:30 CATACOMBS
10:17:15 NONE
10:17:16 DUNGEON_HUB
10:22:31 NONE
10:22:32 CATACOMBS
10:29:36 NONE
10:29:38 CATACOMBS
10:35:23 NONE
10:35:24 CATACOMBS
10:41:26 NONE
10:41:27 CATACOMBS
10:47:22 CATACOMBS
10:52:50 NONE
10:52:51 DUNGEON_HUB
10:55:32 NONE
10:55:33 HUB
10:57:21 NONE
10:57:22 DUNGEON_HUB
11:04:36 NONE
11:04:37 CATACOMBS
11:16:33 NONE
11:16:34 DUNGEON_HUB
11:20:55 NONE
11:20:57 CATACOMBS
11:21:04 NONE
11:21:05 DUNGEON_HUB
11:21:55 NONE
11:21:57 CATACOMBS
11:30:51 NONE
11:30:51 DUNGEON_HUB
