20:29:00 Trying to load config from config/skyhanni/config.json
20:29:00 load-config-now
20:29:00 Loaded config from file
20:29:00 Trying to load sacks from config/skyhanni/sacks.json
20:29:00 load-sacks-now
20:29:00 Loaded sacks from file
20:29:00 Trying to load friends from config/skyhanni/friends.json
20:29:00 load-friends-now
20:29:00 Loaded friends from file
20:29:00 Trying to load known_features from config/skyhanni/known_features.json
20:29:00 load-known_features-now
20:29:00 Loaded known_features from file
20:29:00 Trying to load jacob_contests from config/skyhanni/jacob_contests.json
20:29:00 Setting jacob_contests to be blank as it did not exist. It will be saved once something is written to it
20:29:00 Trying to load visual_words from config/skyhanni/visual_words.json
20:29:00 Setting visual_words to be blank as it did not exist. It will be saved once something is written to it
20:29:00 Trying to load pets from config/skyhanni/pets.json
20:29:00 load-pets-now
20:29:00 Loaded pets from file
20:30:00 saveConfig: auto-save-60s
20:30:00 Saving config file
20:30:00 Saved config file successfully
20:30:00 saveConfig: auto-save-60s
20:30:00 Saving config file
20:30:00 Saved config file successfully
20:31:00 saveConfig: auto-save-60s
20:31:00 Saving config file
20:31:00 Saved config file successfully
20:31:00 saveConfig: auto-save-60s
20:31:00 Saving config file
20:31:00 Saved config file successfully
20:32:00 saveConfig: auto-save-60s
20:32:00 Saving config file
20:32:00 Saved config file successfully
20:32:00 saveConfig: auto-save-60s
20:32:00 Saving config file
20:32:00 Saved config file successfully
20:33:00 saveConfig: auto-save-60s
20:33:00 Saving config file
20:33:00 Saved config file successfully
20:33:00 saveConfig: auto-save-60s
20:33:00 Saving config file
20:33:00 Saved config file successfully
20:34:00 saveConfig: auto-save-60s
20:34:00 Saving config file
20:34:00 Saved config file successfully
20:34:00 saveConfig: auto-save-60s
20:34:00 Saving config file
20:34:00 Saved config file successfully
20:35:00 saveConfig: auto-save-60s
20:35:00 Saving config file
20:35:00 Saved config file successfully
20:35:00 saveConfig: auto-save-60s
20:35:00 Saving config file
20:35:00 Saved config file successfully
20:36:00 saveConfig: auto-save-60s
20:36:00 Saving config file
20:36:00 Saved config file successfully
20:36:00 saveConfig: auto-save-60s
20:36:00 Saving config file
20:36:00 Saved config file successfully
20:37:00 saveConfig: auto-save-60s
20:37:00 Saving config file
20:37:00 Saved config file successfully
20:37:00 saveConfig: auto-save-60s
20:37:00 Saving config file
20:37:00 Saved config file successfully
20:38:00 saveConfig: auto-save-60s
20:38:00 Saving config file
20:38:00 Saved config file successfully
20:38:00 saveConfig: auto-save-60s
20:38:00 Saving config file
20:38:00 Saved config file successfully
20:39:00 saveConfig: auto-save-60s
20:39:00 Saving config file
20:39:00 Saved config file successfully
20:39:00 saveConfig: auto-save-60s
20:39:00 Saving config file
20:39:00 Saved config file successfully
20:40:00 saveConfig: auto-save-60s
20:40:00 Saving config file
20:40:00 Saved config file successfully
20:40:00 saveConfig: auto-save-60s
20:40:00 Saving config file
20:40:00 Saved config file successfully
20:41:00 saveConfig: auto-save-60s
20:41:00 Saving config file
20:41:00 Saved config file successfully
20:41:00 saveConfig: auto-save-60s
20:41:00 Saving config file
20:41:00 Saved config file successfully
20:42:00 saveConfig: auto-save-60s
20:42:00 Saving config file
20:42:00 Saved config file successfully
20:42:00 saveConfig: auto-save-60s
20:42:00 Saving config file
20:42:00 Saved config file successfully
20:43:00 saveConfig: auto-save-60s
20:43:00 Saving config file
20:43:00 Saved config file successfully
20:43:00 saveConfig: auto-save-60s
20:43:00 Saving config file
20:43:00 Saved config file successfully
20:43:45 saveConfig: Updated known feature flags
20:43:45 Saving known_features file
20:43:45 Saved known_features file successfully
20:43:45 saveConfig: Updated known feature flags
20:43:45 Saving known_features file
20:43:45 Saved known_features file successfully
20:44:00 saveConfig: auto-save-60s
20:44:00 Saving config file
20:44:00 Saved config file successfully
20:44:00 saveConfig: auto-save-60s
20:44:00 Saving config file
20:44:00 Saved config file successfully
20:44:17 saveConfig: saving-data
20:44:17 Saving pets file
20:44:17 Saved pets file successfully
20:44:17 saveConfig: saving-data
20:44:17 Saving pets file
20:44:17 Saved pets file successfully
20:44:32 saveConfig: Save file
20:44:32 Saving friends file
20:44:32 Saved friends file successfully
20:44:32 saveConfig: Save file
20:44:32 Saving friends file
20:44:32 Saved friends file successfully
20:44:48 saveConfig: saving-data
20:44:48 Saving pets file
20:44:48 Saved pets file successfully
20:44:48 saveConfig: saving-data
20:44:48 Saving pets file
20:44:48 Saved pets file successfully
20:45:00 saveConfig: auto-save-60s
20:45:00 Saving config file
20:45:00 Saved config file successfully
20:45:00 saveConfig: auto-save-60s
20:45:00 Saving config file
20:45:00 Saved config file successfully
20:45:19 saveConfig: saving-data
20:45:19 Saving pets file
20:45:19 Saved pets file successfully
20:45:19 saveConfig: saving-data
20:45:19 Saving pets file
20:45:19 Saved pets file successfully
20:45:49 saveConfig: saving-data
20:45:49 Saving pets file
20:45:49 Saved pets file successfully
20:45:49 saveConfig: saving-data
20:45:49 Saving pets file
20:45:49 Saved pets file successfully
20:46:00 saveConfig: auto-save-60s
20:46:00 Saving config file
20:46:00 Saved config file successfully
20:46:00 saveConfig: auto-save-60s
20:46:00 Saving config file
20:46:00 Saved config file successfully
20:46:20 saveConfig: saving-data
20:46:20 Saving pets file
20:46:20 Saved pets file successfully
20:46:20 saveConfig: saving-data
20:46:20 Saving pets file
20:46:20 Saved pets file successfully
20:46:55 saveConfig: saving-data
20:46:55 Saving pets file
20:46:55 Saved pets file successfully
20:46:55 saveConfig: saving-data
20:46:55 Saving pets file
20:46:55 Saved pets file successfully
20:47:00 saveConfig: auto-save-60s
20:47:00 Saving config file
20:47:00 Saved config file successfully
20:47:00 saveConfig: auto-save-60s
20:47:00 Saving config file
20:47:00 Saved config file successfully
20:47:38 saveConfig: saving-data
20:47:38 Saving pets file
20:47:38 Saved pets file successfully
20:47:38 saveConfig: saving-data
20:47:38 Saving pets file
20:47:38 Saved pets file successfully
20:48:00 saveConfig: auto-save-60s
20:48:00 Saving config file
20:48:00 Saved config file successfully
20:48:00 saveConfig: auto-save-60s
20:48:00 Saving config file
20:48:00 Saved config file successfully
20:48:09 saveConfig: saving-data
20:48:09 Saving pets file
20:48:09 Saved pets file successfully
20:48:09 saveConfig: saving-data
20:48:09 Saving pets file
20:48:09 Saved pets file successfully
20:49:00 saveConfig: auto-save-60s
20:49:00 Saving config file
20:49:00 Saved config file successfully
20:49:00 saveConfig: auto-save-60s
20:49:00 Saving config file
20:49:00 Saved config file successfully
20:50:00 saveConfig: auto-save-60s
20:50:00 Saving config file
20:50:00 Saved config file successfully
20:50:00 saveConfig: auto-save-60s
20:50:00 Saving config file
20:50:00 Saved config file successfully
20:50:40 saveConfig: saving-data
20:50:40 Saving pets file
20:50:40 Saved pets file successfully
20:50:40 saveConfig: saving-data
20:50:40 Saving pets file
20:50:40 Saved pets file successfully
20:51:00 saveConfig: auto-save-60s
20:51:00 Saving config file
20:51:00 Saved config file successfully
20:51:00 saveConfig: auto-save-60s
20:51:00 Saving config file
20:51:00 Saved config file successfully
20:51:10 saveConfig: saving-data
20:51:10 Saving pets file
20:51:10 Saved pets file successfully
20:51:10 saveConfig: saving-data
20:51:10 Saving pets file
20:51:10 Saved pets file successfully
20:51:40 saveConfig: saving-data
20:51:40 Saving sacks file
20:51:40 Saved sacks file successfully
20:51:40 saveConfig: saving-data
20:51:40 Saving sacks file
20:51:40 Saved sacks file successfully
20:51:40 saveConfig: saving-data
20:51:40 Saving pets file
20:51:40 Saved pets file successfully
20:51:40 saveConfig: saving-data
20:51:40 Saving pets file
20:51:40 Saved pets file successfully
20:52:00 saveConfig: auto-save-60s
20:52:00 Saving config file
20:52:00 Saved config file successfully
20:52:00 saveConfig: auto-save-60s
20:52:00 Saving config file
20:52:00 Saved config file successfully
20:52:11 saveConfig: saving-data
20:52:11 Saving pets file
20:52:11 Saved pets file successfully
20:52:11 saveConfig: saving-data
20:52:11 Saving pets file
20:52:11 Saved pets file successfully
20:52:42 saveConfig: saving-data
20:52:42 Saving pets file
20:52:42 Saved pets file successfully
20:52:42 saveConfig: saving-data
20:52:42 Saving pets file
20:52:42 Saved pets file successfully
20:53:00 saveConfig: auto-save-60s
20:53:00 Saving config file
20:53:00 Saved config file successfully
20:53:00 saveConfig: auto-save-60s
20:53:00 Saving config file
20:53:00 Saved config file successfully
20:53:12 saveConfig: saving-data
20:53:12 Saving pets file
20:53:12 Saved pets file successfully
20:53:12 saveConfig: saving-data
20:53:12 Saving pets file
20:53:12 Saved pets file successfully
20:54:00 saveConfig: auto-save-60s
20:54:00 Saving config file
20:54:00 Saved config file successfully
20:54:00 saveConfig: auto-save-60s
20:54:00 Saving config file
20:54:00 Saved config file successfully
20:54:02 saveConfig: shutdown-hook
20:54:02 Saving config file
