21:54:15 Trying to load config from config/skyhanni/config.json
21:54:15 load-config-now
21:54:15 Loaded config from file
21:54:15 Trying to load sacks from config/skyhanni/sacks.json
21:54:15 load-sacks-now
21:54:15 Loaded sacks from file
21:54:15 Trying to load friends from config/skyhanni/friends.json
21:54:15 load-friends-now
21:54:15 Loaded friends from file
21:54:15 Trying to load known_features from config/skyhanni/known_features.json
21:54:15 load-known_features-now
21:54:15 Loaded known_features from file
21:54:15 Trying to load jacob_contests from config/skyhanni/jacob_contests.json
21:54:15 Setting jacob_contests to be blank as it did not exist. It will be saved once something is written to it
21:54:15 Trying to load visual_words from config/skyhanni/visual_words.json
21:54:15 Setting visual_words to be blank as it did not exist. It will be saved once something is written to it
21:54:15 Trying to load pets from config/skyhanni/pets.json
21:54:15 load-pets-now
21:54:15 Loaded pets from file
21:54:30 saveConfig: Updated known feature flags
21:54:30 Saving known_features file
21:54:30 Saved known_features file successfully
21:54:30 saveConfig: Updated known feature flags
21:54:30 Saving known_features file
21:54:30 Saved known_features file successfully
21:54:41 saveConfig: saving-data
21:54:41 Saving pets file
21:54:41 Saved pets file successfully
21:54:41 saveConfig: saving-data
21:54:41 Saving pets file
21:54:41 Saved pets file successfully
21:55:12 saveConfig: saving-data
21:55:12 Saving pets file
21:55:12 Saved pets file successfully
21:55:12 saveConfig: saving-data
21:55:12 Saving pets file
21:55:12 Saved pets file successfully
21:55:15 saveConfig: auto-save-60s
21:55:15 Saving config file
21:55:15 Saved config file successfully
21:55:15 saveConfig: auto-save-60s
21:55:15 Saving config file
21:55:15 Saved config file successfully
21:55:55 saveConfig: saving-data
21:55:55 Saving pets file
21:55:55 Saved pets file successfully
21:55:55 saveConfig: saving-data
21:55:55 Saving pets file
21:55:55 Saved pets file successfully
21:56:15 saveConfig: auto-save-60s
21:56:15 Saving config file
21:56:15 Saved config file successfully
21:56:15 saveConfig: auto-save-60s
21:56:15 Saving config file
21:56:15 Saved config file successfully
21:56:26 saveConfig: saving-data
21:56:26 Saving pets file
21:56:26 Saved pets file successfully
21:56:26 saveConfig: saving-data
21:56:26 Saving pets file
21:56:26 Saved pets file successfully
21:57:10 saveConfig: saving-data
21:57:10 Saving pets file
21:57:10 Saved pets file successfully
21:57:10 saveConfig: saving-data
21:57:10 Saving pets file
21:57:10 Saved pets file successfully
21:57:15 saveConfig: auto-save-60s
21:57:15 Saving config file
21:57:15 Saved config file successfully
21:57:15 saveConfig: auto-save-60s
21:57:15 Saving config file
21:57:15 Saved config file successfully
21:58:15 saveConfig: auto-save-60s
21:58:15 Saving config file
21:58:15 Saved config file successfully
21:58:15 saveConfig: auto-save-60s
21:58:15 Saving config file
21:58:15 Saved config file successfully
21:59:15 saveConfig: auto-save-60s
21:59:15 Saving config file
21:59:15 Saved config file successfully
21:59:15 saveConfig: auto-save-60s
21:59:15 Saving config file
21:59:15 Saved config file successfully
22:00:15 saveConfig: auto-save-60s
22:00:15 Saving config file
22:00:15 Saved config file successfully
22:00:15 saveConfig: auto-save-60s
22:00:15 Saving config file
22:00:15 Saved config file successfully
22:01:15 saveConfig: auto-save-60s
22:01:15 Saving config file
22:01:15 Saved config file successfully
22:01:15 saveConfig: auto-save-60s
22:01:15 Saving config file
22:01:15 Saved config file successfully
22:02:15 saveConfig: auto-save-60s
22:02:15 Saving config file
22:02:15 Saved config file successfully
22:02:15 saveConfig: auto-save-60s
22:02:15 Saving config file
22:02:15 Saved config file successfully
22:03:15 saveConfig: auto-save-60s
22:03:15 Saving config file
22:03:15 Saved config file successfully
22:03:15 saveConfig: auto-save-60s
22:03:15 Saving config file
22:03:15 Saved config file successfully
22:04:15 saveConfig: auto-save-60s
22:04:15 Saving config file
22:04:15 Saved config file successfully
22:04:15 saveConfig: auto-save-60s
22:04:15 Saving config file
22:04:15 Saved config file successfully
22:05:15 saveConfig: auto-save-60s
22:05:15 Saving config file
22:05:15 Saved config file successfully
22:05:15 saveConfig: auto-save-60s
22:05:15 Saving config file
22:05:15 Saved config file successfully
22:06:15 saveConfig: auto-save-60s
22:06:15 Saving config file
22:06:15 Saved config file successfully
22:06:15 saveConfig: auto-save-60s
22:06:15 Saving config file
22:06:15 Saved config file successfully
22:07:15 saveConfig: auto-save-60s
22:07:15 Saving config file
22:07:15 Saved config file successfully
22:07:15 saveConfig: auto-save-60s
22:07:15 Saving config file
22:07:15 Saved config file successfully
22:08:15 saveConfig: auto-save-60s
22:08:15 Saving config file
22:08:15 Saved config file successfully
22:08:15 saveConfig: auto-save-60s
22:08:15 Saving config file
22:08:15 Saved config file successfully
22:09:15 saveConfig: auto-save-60s
22:09:15 Saving config file
22:09:15 Saved config file successfully
22:09:15 saveConfig: auto-save-60s
22:09:15 Saving config file
22:09:15 Saved config file successfully
22:10:15 saveConfig: auto-save-60s
22:10:15 Saving config file
22:10:15 Saved config file successfully
22:10:15 saveConfig: auto-save-60s
22:10:15 Saving config file
22:10:15 Saved config file successfully
22:11:15 saveConfig: auto-save-60s
22:11:15 Saving config file
22:11:15 Saved config file successfully
22:11:15 saveConfig: auto-save-60s
22:11:15 Saving config file
22:11:15 Saved config file successfully
22:12:15 saveConfig: auto-save-60s
22:12:15 Saving config file
22:12:15 Saved config file successfully
22:12:15 saveConfig: auto-save-60s
22:12:15 Saving config file
22:12:15 Saved config file successfully
22:13:15 saveConfig: auto-save-60s
22:13:15 Saving config file
22:13:15 Saved config file successfully
22:13:15 saveConfig: auto-save-60s
22:13:15 Saving config file
22:13:15 Saved config file successfully
22:14:15 saveConfig: auto-save-60s
22:14:15 Saving config file
22:14:15 Saved config file successfully
22:14:15 saveConfig: auto-save-60s
22:14:15 Saving config file
22:14:15 Saved config file successfully
22:15:15 saveConfig: auto-save-60s
22:15:15 Saving config file
22:15:15 Saved config file successfully
22:15:15 saveConfig: auto-save-60s
22:15:15 Saving config file
22:15:15 Saved config file successfully
22:16:15 saveConfig: auto-save-60s
22:16:15 Saving config file
22:16:15 Saved config file successfully
22:16:15 saveConfig: auto-save-60s
22:16:15 Saving config file
22:16:15 Saved config file successfully
22:17:15 saveConfig: auto-save-60s
22:17:15 Saving config file
22:17:15 Saved config file successfully
22:17:15 saveConfig: auto-save-60s
22:17:15 Saving config file
22:17:15 Saved config file successfully
22:18:15 saveConfig: auto-save-60s
22:18:15 Saving config file
22:18:15 Saved config file successfully
22:18:15 saveConfig: auto-save-60s
22:18:15 Saving config file
22:18:15 Saved config file successfully
22:19:15 saveConfig: auto-save-60s
22:19:15 Saving config file
22:19:15 Saved config file successfully
22:19:15 saveConfig: auto-save-60s
22:19:15 Saving config file
22:19:15 Saved config file successfully
22:20:15 saveConfig: auto-save-60s
22:20:15 Saving config file
22:20:15 Saved config file successfully
22:20:15 saveConfig: auto-save-60s
22:20:15 Saving config file
22:20:15 Saved config file successfully
22:21:15 saveConfig: auto-save-60s
22:21:15 Saving config file
22:21:15 Saved config file successfully
22:21:15 saveConfig: auto-save-60s
22:21:15 Saving config file
22:21:15 Saved config file successfully
22:22:15 saveConfig: auto-save-60s
22:22:15 Saving config file
22:22:15 Saved config file successfully
22:22:15 saveConfig: auto-save-60s
22:22:15 Saving config file
22:22:15 Saved config file successfully
22:23:15 saveConfig: auto-save-60s
22:23:15 Saving config file
22:23:15 Saved config file successfully
22:23:15 saveConfig: auto-save-60s
22:23:15 Saving config file
22:23:15 Saved config file successfully
22:24:15 saveConfig: auto-save-60s
22:24:15 Saving config file
22:24:15 Saved config file successfully
22:24:15 saveConfig: auto-save-60s
22:24:15 Saving config file
22:24:15 Saved config file successfully
22:25:10 saveConfig: saving-data
22:25:10 Saving pets file
22:25:10 Saved pets file successfully
22:25:10 saveConfig: saving-data
22:25:10 Saving pets file
22:25:10 Saved pets file successfully
22:25:15 saveConfig: auto-save-60s
22:25:15 Saving config file
22:25:15 Saved config file successfully
22:25:15 saveConfig: auto-save-60s
22:25:15 Saving config file
22:25:15 Saved config file successfully
22:26:15 saveConfig: auto-save-60s
22:26:15 Saving config file
22:26:15 Saved config file successfully
22:26:15 saveConfig: auto-save-60s
22:26:15 Saving config file
22:26:15 Saved config file successfully
22:27:03 saveConfig: saving-data
22:27:03 Saving pets file
22:27:03 Saved pets file successfully
22:27:03 saveConfig: saving-data
22:27:03 Saving pets file
22:27:03 Saved pets file successfully
22:27:15 saveConfig: auto-save-60s
22:27:15 Saving config file
22:27:15 Saved config file successfully
22:27:15 saveConfig: auto-save-60s
22:27:15 Saving config file
22:27:15 Saved config file successfully
22:27:22 saveConfig: shutdown-hook
22:27:22 Saving config file
