17:29:21 `Villager`356 missed {
 is already Found: false).
 Position: LorenzVec(x=-25.71875, y=68.0, z=-103.125)
 DistanceC: 22.42397080871514
Relative Position: LorenzVec(x=-22.42397080871514, y=-2.0, z=-17.827581074137868)
 }
17:29:22 `hz1r93h82t`417 missed {
 is already Found: false).
 Position: LorenzVec(x=14.0, y=72.0, z=-106.0)
 DistanceC: 20.702581074137868
Relative Position: LorenzVec(x=17.29477919128486, y=2.0, z=-20.702581074137868)
 }
17:29:41 `3mncczp5du`515 missed {
 is already Found: false).
 Position: LorenzVec(x=-29.5, y=57.0, z=-90.5)
 DistanceC: 13.600779440205159
Relative Position: LorenzVec(x=-13.600779440205159, y=-13.0, z=-8.25768473388436)
 }
17:29:57 `82tvp9323x`489 missed {
 is already Found: false).
 Position: LorenzVec(x=23.0, y=71.0, z=-69.0)
 DistanceC: 23.06405502553399
Relative Position: LorenzVec(x=18.47972821077834, y=0.5, z=23.06405502553399)
 }
17:29:57 `z969cjcmuk`490 missed {
 is already Found: false).
 Position: LorenzVec(x=23.0, y=77.0, z=-69.5)
 DistanceC: 22.56405502553399
Relative Position: LorenzVec(x=18.47972821077834, y=6.5, z=22.56405502553399)
 }
17:30:16 `Zombie`137331 missed {
 is already Found: false).
 Position: LorenzVec(x=13.84375, y=70.0, z=-93.875)
 DistanceC: 19.764458491951128
Relative Position: LorenzVec(x=19.764458491951128, y=0.0, z=-0.3271862825881726)
 }
17:30:19 `yv47wj8m8p`1626 missed {
 is already Found: false).
 Position: LorenzVec(x=-2.5, y=72.0, z=-109.5)
 DistanceC: 14.19290849915501
Relative Position: LorenzVec(x=4.33378032311824, y=2.0, z=-14.19290849915501)
 }
17:30:19 `Villager`1625 missed {
 is already Found: false).
 Position: LorenzVec(x=-0.5, y=72.0, z=-111.5)
 DistanceC: 16.199710105276154
Relative Position: LorenzVec(x=6.33378032311824, y=2.0, z=-16.199710105276154)
 }
17:30:21 `o93eb2u850`515 missed {
 is already Found: false).
 Position: LorenzVec(x=-29.5, y=57.0, z=-90.5)
 DistanceC: 22.66621967688176
Relative Position: LorenzVec(x=-22.66621967688176, y=-13.0, z=4.800289894723846)
 }
17:30:54 `Zombie`137328 missed {
 is already Found: false).
 Position: LorenzVec(x=-29.53125, y=57.0, z=-84.875)
 DistanceC: 21.353189412204333
Relative Position: LorenzVec(x=-21.353189412204333, y=-23.0, z=11.081944596709107)
 }
17:30:57 `4ys4vnj818`529 missed {
 is already Found: false).
 Position: LorenzVec(x=-32.5, y=71.0, z=-76.5)
 DistanceC: 19.57815173892364
Relative Position: LorenzVec(x=-19.57815173892364, y=1.0, z=13.930091072251528)
 }
17:32:39 `o95or9615g`515 missed {
 is already Found: false).
 Position: LorenzVec(x=-29.5, y=57.0, z=-90.5)
 DistanceC: 21.7018675824374
Relative Position: LorenzVec(x=-21.181449024239832, y=-13.0, z=-21.7018675824374)
 }
17:32:39 `o4qk236m4s`420 missed {
 is already Found: false).
 Position: LorenzVec(x=-31.0, y=73.0, z=-85.5)
 DistanceC: 22.681449024239832
Relative Position: LorenzVec(x=-22.681449024239832, y=3.0, z=-16.7018675824374)
 }
17:32:46 `100nbz9b91`422 missed {
 is already Found: false).
 Position: LorenzVec(x=-31.0, y=73.0, z=-95.5)
 DistanceC: 20.820640689716683
Relative Position: LorenzVec(x=-20.820640689716683, y=3.0, z=-15.464302332751544)
 }
17:32:49 `Villager`356 missed {
 is already Found: false).
 Position: LorenzVec(x=-25.71875, y=68.0, z=-103.125)
 DistanceC: 19.740520403259197
Relative Position: LorenzVec(x=-19.740520403259197, y=-2.0, z=-18.307693600403113)
 }
17:32:52 `Zombie`345112 missed {
 is already Found: false).
 Position: LorenzVec(x=13.208333333333332, y=70.0, z=-95.55208333333334)
 DistanceC: 12.633658491019006
Relative Position: LorenzVec(x=12.633658491019006, y=-2.0, z=6.6706922130406525)
 }
17:32:56 `Villager`358 missed {
 is already Found: false).
 Position: LorenzVec(x=-21.5, y=68.0, z=-124.5)
 DistanceC: 20.42433371070585
Relative Position: LorenzVec(x=-20.42433371070585, y=-5.980710876331699, z=-17.21621997047879)
 }
17:33:03 `9qoyctp31g`492 missed {
 is already Found: false).
 Position: LorenzVec(x=5.5, y=61.0, z=-134.0)
 DistanceC: 23.397476078759
Relative Position: LorenzVec(x=4.227277051592624, y=-12.5, z=-23.397476078759)
 }
17:33:14 `o95or9615g`515 missed {
 is already Found: false).
 Position: LorenzVec(x=-29.5, y=57.0, z=-90.5)
 DistanceC: 17.289220791177982
Relative Position: LorenzVec(x=-17.289220791177982, y=-13.0, z=-15.416713933257611)
 }
17:33:16 `Zombie`345109 missed {
 is already Found: false).
 Position: LorenzVec(x=-33.375, y=57.0, z=-86.8125)
 DistanceC: 18.780846861261214
Relative Position: LorenzVec(x=-18.780846861261214, y=-13.0, z=-16.237650143607382)
 }
17:33:25 `Zombie`137331 missed {
 is already Found: false).
 Position: LorenzVec(x=13.84375, y=70.0, z=-93.875)
 DistanceC: 18.867199499607224
Relative Position: LorenzVec(x=18.867199499607224, y=0.0, z=-1.3231815698701155)
 }
17:33:27 `b9daf76g78`19 missed {
 is already Found: false).
 Position: LorenzVec(x=4.5, y=72.0, z=-104.5)
 DistanceC: 11.948181569870115
Relative Position: LorenzVec(x=9.523449499607224, y=2.0, z=-11.948181569870115)
 }
17:33:27 `yv47wj8m8p`1626 missed {
 is already Found: false).
 Position: LorenzVec(x=-2.5, y=72.0, z=-109.5)
 DistanceC: 16.948181569870115
Relative Position: LorenzVec(x=2.5234494996072243, y=2.0, z=-16.948181569870115)
 }
17:33:28 `Villager`1625 missed {
 is already Found: false).
 Position: LorenzVec(x=-0.5, y=72.0, z=-111.5)
 DistanceC: 18.948181569870115
Relative Position: LorenzVec(x=4.523449499607224, y=2.0, z=-18.948181569870115)
 }
17:33:44 `Zombie`137328 missed {
 is already Found: false).
 Position: LorenzVec(x=-29.53125, y=57.0, z=-84.875)
 DistanceC: 12.805703243411848
Relative Position: LorenzVec(x=-12.805703243411848, y=-13.0, z=-9.016816042923736)
 }
17:33:53 `k8ks7aecls`423 missed {
 is already Found: false).
 Position: LorenzVec(x=-36.0, y=73.0, z=-95.5)
 DistanceC: 22.608467084405095
Relative Position: LorenzVec(x=-22.608467084405095, y=3.0, z=-15.30712802959799)
 }
17:36:04 `im00ca1v1b`228 missed {
 is already Found: false).
 Position: LorenzVec(x=22.0, y=71.0, z=-45.5)
 DistanceC: 22.30000001192093
Relative Position: LorenzVec(x=22.30000001192093, y=0.0, z=18.970228827131194)
 }
17:36:05 `Villager`368 missed {
 is already Found: false).
 Position: LorenzVec(x=10.5, y=70.0, z=-41.5)
 DistanceC: 22.672876613240845
Relative Position: LorenzVec(x=10.328832056736587, y=-1.0, z=22.672876613240845)
 }
