21:08:19 Trying to load config from config/skyhanni/config.json
21:08:19 load-config-now
21:08:19 Loaded config from file
21:08:19 Trying to load sacks from config/skyhanni/sacks.json
21:08:19 load-sacks-now
21:08:19 Loaded sacks from file
21:08:19 Trying to load friends from config/skyhanni/friends.json
21:08:19 load-friends-now
21:08:19 Loaded friends from file
21:08:19 Trying to load known_features from config/skyhanni/known_features.json
21:08:19 load-known_features-now
21:08:19 Loaded known_features from file
21:08:19 Trying to load jacob_contests from config/skyhanni/jacob_contests.json
21:08:19 Setting jacob_contests to be blank as it did not exist. It will be saved once something is written to it
21:08:19 Trying to load visual_words from config/skyhanni/visual_words.json
21:08:19 Setting visual_words to be blank as it did not exist. It will be saved once something is written to it
21:08:19 Trying to load pets from config/skyhanni/pets.json
21:08:19 load-pets-now
21:08:19 Loaded pets from file
21:08:58 saveConfig: Updated known feature flags
21:08:58 Saving known_features file
21:08:58 Saved known_features file successfully
21:08:58 saveConfig: Updated known feature flags
21:08:58 Saving known_features file
21:08:58 Saved known_features file successfully
21:09:19 saveConfig: auto-save-60s
21:09:19 Saving config file
21:09:19 Saved config file successfully
21:09:19 saveConfig: auto-save-60s
21:09:19 Saving config file
21:09:19 Saved config file successfully
21:10:19 saveConfig: auto-save-60s
21:10:19 Saving config file
21:10:19 Saved config file successfully
21:10:19 saveConfig: auto-save-60s
21:10:19 Saving config file
21:10:19 Saved config file successfully
21:11:19 saveConfig: auto-save-60s
21:11:19 Saving config file
21:11:19 Saved config file successfully
21:11:19 saveConfig: auto-save-60s
21:11:19 Saving config file
21:11:19 Saved config file successfully
21:12:19 saveConfig: auto-save-60s
21:12:19 Saving config file
21:12:19 Saved config file successfully
21:12:19 saveConfig: auto-save-60s
21:12:19 Saving config file
21:12:19 Saved config file successfully
21:13:19 saveConfig: auto-save-60s
21:13:19 Saving config file
21:13:19 Saved config file successfully
21:13:19 saveConfig: auto-save-60s
21:13:19 Saving config file
21:13:19 Saved config file successfully
21:14:19 saveConfig: auto-save-60s
21:14:19 Saving config file
21:14:19 Saved config file successfully
21:14:19 saveConfig: auto-save-60s
21:14:19 Saving config file
21:14:19 Saved config file successfully
21:15:19 saveConfig: auto-save-60s
21:15:19 Saving config file
21:15:19 Saved config file successfully
21:15:19 saveConfig: auto-save-60s
21:15:19 Saving config file
21:15:19 Saved config file successfully
21:16:19 saveConfig: auto-save-60s
21:16:19 Saving config file
21:16:19 Saved config file successfully
21:16:19 saveConfig: auto-save-60s
21:16:19 Saving config file
21:16:19 Saved config file successfully
21:17:19 saveConfig: auto-save-60s
21:17:19 Saving config file
21:17:19 Saved config file successfully
21:17:19 saveConfig: auto-save-60s
21:17:19 Saving config file
21:17:19 Saved config file successfully
21:18:19 saveConfig: auto-save-60s
21:18:19 Saving config file
21:18:19 Saved config file successfully
21:18:19 saveConfig: auto-save-60s
21:18:19 Saving config file
21:18:19 Saved config file successfully
21:19:19 saveConfig: auto-save-60s
21:19:19 Saving config file
21:19:19 Saved config file successfully
21:19:19 saveConfig: auto-save-60s
21:19:19 Saving config file
21:19:19 Saved config file successfully
21:20:19 saveConfig: auto-save-60s
21:20:19 Saving config file
21:20:19 Saved config file successfully
21:20:19 saveConfig: auto-save-60s
21:20:19 Saving config file
21:20:19 Saved config file successfully
21:21:19 saveConfig: auto-save-60s
21:21:19 Saving config file
21:21:19 Saved config file successfully
21:21:19 saveConfig: auto-save-60s
21:21:19 Saving config file
21:21:19 Saved config file successfully
21:22:19 saveConfig: auto-save-60s
21:22:19 Saving config file
21:22:19 Saved config file successfully
21:22:19 saveConfig: auto-save-60s
21:22:19 Saving config file
21:22:19 Saved config file successfully
21:23:19 saveConfig: auto-save-60s
21:23:19 Saving config file
21:23:19 Saved config file successfully
21:23:19 saveConfig: auto-save-60s
21:23:19 Saving config file
21:23:19 Saved config file successfully
21:24:19 saveConfig: auto-save-60s
21:24:19 Saving config file
21:24:19 Saved config file successfully
21:24:19 saveConfig: auto-save-60s
21:24:19 Saving config file
21:24:19 Saved config file successfully
21:25:19 saveConfig: auto-save-60s
21:25:19 Saving config file
21:25:19 Saved config file successfully
21:25:19 saveConfig: auto-save-60s
21:25:19 Saving config file
21:25:19 Saved config file successfully
21:26:19 saveConfig: auto-save-60s
21:26:19 Saving config file
21:26:19 Saved config file successfully
21:26:19 saveConfig: auto-save-60s
21:26:19 Saving config file
21:26:19 Saved config file successfully
21:27:19 saveConfig: auto-save-60s
21:27:19 Saving config file
21:27:19 Saved config file successfully
21:27:19 saveConfig: auto-save-60s
21:27:19 Saving config file
21:27:19 Saved config file successfully
21:28:19 saveConfig: auto-save-60s
21:28:19 Saving config file
21:28:19 Saved config file successfully
21:28:19 saveConfig: auto-save-60s
21:28:19 Saving config file
21:28:19 Saved config file successfully
21:29:19 saveConfig: auto-save-60s
21:29:19 Saving config file
21:29:19 Saved config file successfully
21:29:19 saveConfig: auto-save-60s
21:29:19 Saving config file
21:29:19 Saved config file successfully
21:29:57 saveConfig: saving-data
21:29:57 Saving pets file
21:29:57 Saved pets file successfully
21:29:57 saveConfig: saving-data
21:29:57 Saving pets file
21:29:57 Saved pets file successfully
21:30:19 saveConfig: auto-save-60s
21:30:19 Saving config file
21:30:19 Saved config file successfully
21:30:19 saveConfig: auto-save-60s
21:30:19 Saving config file
21:30:19 Saved config file successfully
21:30:28 saveConfig: saving-data
21:30:28 Saving pets file
21:30:28 Saved pets file successfully
21:30:28 saveConfig: saving-data
21:30:28 Saving pets file
21:30:28 Saved pets file successfully
21:30:59 saveConfig: saving-data
21:30:59 Saving pets file
21:30:59 Saved pets file successfully
21:30:59 saveConfig: saving-data
21:30:59 Saving pets file
21:30:59 Saved pets file successfully
21:31:19 saveConfig: auto-save-60s
21:31:19 Saving config file
21:31:19 Saved config file successfully
21:31:19 saveConfig: auto-save-60s
21:31:19 Saving config file
21:31:19 Saved config file successfully
21:31:29 saveConfig: saving-data
21:31:29 Saving pets file
21:31:29 Saved pets file successfully
21:31:29 saveConfig: saving-data
21:31:29 Saving pets file
21:31:29 Saved pets file successfully
21:32:00 saveConfig: saving-data
21:32:00 Saving pets file
21:32:00 Saved pets file successfully
21:32:00 saveConfig: saving-data
21:32:00 Saving pets file
21:32:00 Saved pets file successfully
21:32:19 saveConfig: auto-save-60s
21:32:19 Saving config file
21:32:19 Saved config file successfully
21:32:19 saveConfig: auto-save-60s
21:32:19 Saving config file
21:32:19 Saved config file successfully
21:32:30 saveConfig: saving-data
21:32:30 Saving pets file
21:32:30 Saved pets file successfully
21:32:30 saveConfig: saving-data
21:32:30 Saving pets file
21:32:30 Saved pets file successfully
21:33:01 saveConfig: saving-data
21:33:01 Saving pets file
21:33:01 Saved pets file successfully
21:33:01 saveConfig: saving-data
21:33:01 Saving pets file
21:33:01 Saved pets file successfully
21:33:19 saveConfig: auto-save-60s
21:33:19 Saving config file
21:33:19 Saved config file successfully
21:33:19 saveConfig: auto-save-60s
21:33:19 Saving config file
21:33:19 Saved config file successfully
21:33:32 saveConfig: saving-data
21:33:32 Saving pets file
21:33:32 Saved pets file successfully
21:33:32 saveConfig: saving-data
21:33:32 Saving pets file
21:33:32 Saved pets file successfully
21:34:03 saveConfig: saving-data
21:34:03 Saving pets file
21:34:03 Saved pets file successfully
21:34:03 saveConfig: saving-data
21:34:03 Saving pets file
21:34:03 Saved pets file successfully
21:34:19 saveConfig: auto-save-60s
21:34:19 Saving config file
21:34:19 Saved config file successfully
21:34:19 saveConfig: auto-save-60s
21:34:19 Saving config file
21:34:19 Saved config file successfully
21:34:33 saveConfig: saving-data
21:34:33 Saving pets file
21:34:33 Saved pets file successfully
21:34:33 saveConfig: saving-data
21:34:33 Saving pets file
21:34:33 Saved pets file successfully
21:35:19 saveConfig: auto-save-60s
21:35:19 Saving config file
21:35:19 Saved config file successfully
21:35:19 saveConfig: auto-save-60s
21:35:19 Saving config file
21:35:19 Saved config file successfully
21:36:19 saveConfig: auto-save-60s
21:36:19 Saving config file
21:36:19 Saved config file successfully
21:36:19 saveConfig: auto-save-60s
21:36:19 Saving config file
21:36:19 Saved config file successfully
21:36:50 saveConfig: saving-data
21:36:50 Saving pets file
21:36:50 Saved pets file successfully
21:36:50 saveConfig: saving-data
21:36:50 Saving pets file
21:36:50 Saved pets file successfully
21:37:19 saveConfig: auto-save-60s
21:37:19 Saving config file
21:37:19 Saved config file successfully
21:37:19 saveConfig: auto-save-60s
21:37:19 Saving config file
21:37:19 Saved config file successfully
21:37:20 saveConfig: saving-data
21:37:20 Saving pets file
21:37:20 Saved pets file successfully
21:37:20 saveConfig: saving-data
21:37:20 Saving pets file
21:37:20 Saved pets file successfully
21:37:51 saveConfig: saving-data
21:37:51 Saving pets file
21:37:51 Saved pets file successfully
21:37:51 saveConfig: saving-data
21:37:51 Saving pets file
21:37:51 Saved pets file successfully
21:38:19 saveConfig: auto-save-60s
21:38:19 Saving config file
21:38:19 Saved config file successfully
21:38:19 saveConfig: auto-save-60s
21:38:19 Saving config file
21:38:19 Saved config file successfully
21:39:05 saveConfig: saving-data
21:39:05 Saving pets file
21:39:05 Saved pets file successfully
21:39:05 saveConfig: saving-data
21:39:05 Saving pets file
21:39:05 Saved pets file successfully
21:39:19 saveConfig: auto-save-60s
21:39:19 Saving config file
21:39:19 Saved config file successfully
21:39:19 saveConfig: auto-save-60s
21:39:19 Saving config file
21:39:19 Saved config file successfully
21:39:36 saveConfig: saving-data
21:39:36 Saving pets file
21:39:36 Saved pets file successfully
21:39:36 saveConfig: saving-data
21:39:36 Saving pets file
21:39:36 Saved pets file successfully
21:40:06 saveConfig: saving-data
21:40:06 Saving pets file
21:40:06 Saved pets file successfully
21:40:06 saveConfig: saving-data
21:40:06 Saving pets file
21:40:06 Saved pets file successfully
21:40:19 saveConfig: auto-save-60s
21:40:19 Saving config file
21:40:19 Saved config file successfully
21:40:19 saveConfig: auto-save-60s
21:40:19 Saving config file
21:40:19 Saved config file successfully
21:40:44 saveConfig: saving-data
21:40:44 Saving pets file
21:40:44 Saved pets file successfully
21:40:44 saveConfig: saving-data
21:40:44 Saving pets file
21:40:44 Saved pets file successfully
21:41:15 saveConfig: saving-data
21:41:15 Saving pets file
21:41:15 Saved pets file successfully
21:41:15 saveConfig: saving-data
21:41:15 Saving pets file
21:41:15 Saved pets file successfully
21:41:19 saveConfig: auto-save-60s
21:41:19 Saving config file
21:41:19 Saved config file successfully
21:41:19 saveConfig: auto-save-60s
21:41:19 Saving config file
21:41:19 Saved config file successfully
21:41:46 saveConfig: saving-data
21:41:46 Saving pets file
21:41:46 Saved pets file successfully
21:41:46 saveConfig: saving-data
21:41:46 Saving pets file
21:41:46 Saved pets file successfully
21:42:19 saveConfig: auto-save-60s
21:42:19 Saving config file
21:42:19 Saved config file successfully
21:42:19 saveConfig: auto-save-60s
21:42:19 Saving config file
21:42:19 Saved config file successfully
21:42:48 saveConfig: saving-data
21:42:48 Saving pets file
21:42:48 Saved pets file successfully
21:42:48 saveConfig: saving-data
21:42:48 Saving pets file
21:42:48 Saved pets file successfully
21:43:18 saveConfig: saving-data
21:43:18 Saving pets file
21:43:18 Saved pets file successfully
21:43:18 saveConfig: saving-data
21:43:18 Saving pets file
21:43:18 Saved pets file successfully
21:43:19 saveConfig: auto-save-60s
21:43:19 Saving config file
21:43:19 Saved config file successfully
21:43:19 saveConfig: auto-save-60s
21:43:19 Saving config file
21:43:19 Saved config file successfully
21:44:19 saveConfig: auto-save-60s
21:44:19 Saving config file
21:44:19 Saved config file successfully
21:44:19 saveConfig: auto-save-60s
21:44:19 Saving config file
21:44:19 Saved config file successfully
21:44:21 saveConfig: saving-data
21:44:21 Saving pets file
21:44:21 Saved pets file successfully
21:44:21 saveConfig: saving-data
21:44:21 Saving pets file
21:44:21 Saved pets file successfully
21:44:52 saveConfig: saving-data
21:44:52 Saving pets file
21:44:52 Saved pets file successfully
21:44:52 saveConfig: saving-data
21:44:52 Saving pets file
21:44:52 Saved pets file successfully
21:45:19 saveConfig: auto-save-60s
21:45:19 Saving config file
21:45:19 Saved config file successfully
21:45:19 saveConfig: auto-save-60s
21:45:19 Saving config file
21:45:19 Saved config file successfully
21:45:22 saveConfig: saving-data
21:45:22 Saving pets file
21:45:22 Saved pets file successfully
21:45:22 saveConfig: saving-data
21:45:22 Saving pets file
21:45:22 Saved pets file successfully
21:46:02 saveConfig: saving-data
21:46:02 Saving pets file
21:46:02 Saved pets file successfully
21:46:02 saveConfig: saving-data
21:46:02 Saving pets file
21:46:02 Saved pets file successfully
21:46:19 saveConfig: auto-save-60s
21:46:19 Saving config file
21:46:19 Saved config file successfully
21:46:19 saveConfig: auto-save-60s
21:46:19 Saving config file
21:46:19 Saved config file successfully
21:46:33 saveConfig: saving-data
21:46:33 Saving pets file
21:46:33 Saved pets file successfully
21:46:33 saveConfig: saving-data
21:46:33 Saving pets file
21:46:33 Saved pets file successfully
21:47:03 saveConfig: saving-data
21:47:03 Saving pets file
21:47:03 Saved pets file successfully
21:47:03 saveConfig: saving-data
21:47:03 Saving pets file
21:47:03 Saved pets file successfully
21:47:19 saveConfig: auto-save-60s
21:47:19 Saving config file
21:47:19 Saved config file successfully
21:47:19 saveConfig: auto-save-60s
21:47:19 Saving config file
21:47:19 Saved config file successfully
21:47:34 saveConfig: saving-data
21:47:34 Saving pets file
21:47:34 Saved pets file successfully
21:47:34 saveConfig: saving-data
21:47:34 Saving pets file
21:47:34 Saved pets file successfully
21:48:19 saveConfig: auto-save-60s
21:48:19 Saving config file
21:48:19 Saved config file successfully
21:48:19 saveConfig: auto-save-60s
21:48:19 Saving config file
21:48:19 Saved config file successfully
21:49:19 saveConfig: auto-save-60s
21:49:19 Saving config file
21:49:19 Saved config file successfully
21:49:19 saveConfig: auto-save-60s
21:49:19 Saving config file
21:49:19 Saved config file successfully
21:49:44 saveConfig: saving-data
21:49:44 Saving pets file
21:49:44 Saved pets file successfully
21:49:44 saveConfig: saving-data
21:49:44 Saving pets file
21:49:44 Saved pets file successfully
21:50:19 saveConfig: auto-save-60s
21:50:19 Saving config file
21:50:19 Saved config file successfully
21:50:19 saveConfig: auto-save-60s
21:50:19 Saving config file
21:50:19 Saved config file successfully
21:51:04 saveConfig: saving-data
21:51:04 Saving pets file
21:51:04 Saved pets file successfully
21:51:04 saveConfig: saving-data
21:51:04 Saving pets file
21:51:04 Saved pets file successfully
21:51:19 saveConfig: auto-save-60s
21:51:19 Saving config file
21:51:19 Saved config file successfully
21:51:19 saveConfig: auto-save-60s
21:51:19 Saving config file
21:51:19 Saved config file successfully
21:51:35 saveConfig: saving-data
21:51:35 Saving pets file
21:51:35 Saved pets file successfully
21:51:35 saveConfig: saving-data
21:51:35 Saving pets file
21:51:35 Saved pets file successfully
21:52:06 saveConfig: saving-data
21:52:06 Saving pets file
21:52:06 Saved pets file successfully
21:52:06 saveConfig: saving-data
21:52:06 Saving pets file
21:52:06 Saved pets file successfully
21:52:19 saveConfig: auto-save-60s
21:52:19 Saving config file
21:52:19 Saved config file successfully
21:52:19 saveConfig: auto-save-60s
21:52:19 Saving config file
21:52:19 Saved config file successfully
21:52:37 saveConfig: saving-data
21:52:37 Saving pets file
21:52:37 Saved pets file successfully
21:52:37 saveConfig: saving-data
21:52:37 Saving pets file
21:52:37 Saved pets file successfully
21:53:07 saveConfig: saving-data
21:53:07 Saving pets file
21:53:07 Saved pets file successfully
21:53:07 saveConfig: saving-data
21:53:07 Saving pets file
21:53:07 Saved pets file successfully
21:53:19 saveConfig: auto-save-60s
21:53:19 Saving config file
21:53:19 Saved config file successfully
21:53:19 saveConfig: auto-save-60s
21:53:19 Saving config file
21:53:19 Saved config file successfully
21:53:32 saveConfig: shutdown-hook
21:53:32 Saving config file
