15:50:54 [STASH_COMPACT] §eOne or more items didn't fit in your inventory and were added to your item stash! §6Click here §eto pick them up!
15:51:36 [STASH_COMPACT] §f                    §7You have §a24 §7items stashed away!
15:51:36 [STASH_COMPACT] §f                §6§l>>> §6§lCLICK HERE§e to pick them up! §6§l<<<
15:51:36 [STASH_COMPACT]   
15:52:37 [STASH_COMPACT] §f                     §7You have §a9 §7items stashed away!
15:52:37 [STASH_COMPACT] §f                §6§l>>> §6§lCLICK HERE§e to pick them up! §6§l<<<
15:52:37 [STASH_COMPACT]   
16:02:32 [SLAYER_RNG_METER]    §dRNG Meter §f- §d32,250 Stored XP
16:03:25 [SLAYER_RNG_METER]    §dRNG Meter §f- §d34,125 Stored XP
16:04:15 [SLAYER_RNG_METER]    §dRNG Meter §f- §d36,000 Stored XP
16:05:17 [SLAYER_RNG_METER]    §dRNG Meter §f- §d37,875 Stored XP
16:06:06 [SLAYER_RNG_METER]    §dRNG Meter §f- §d39,750 Stored XP
16:07:10 [SLAYER_RNG_METER]    §dRNG Meter §f- §d41,625 Stored XP
16:08:23 [SLAYER_RNG_METER]    §dRNG Meter §f- §d43,500 Stored XP
16:09:15 [SLAYER_RNG_METER]    §dRNG Meter §f- §d45,375 Stored XP
16:10:10 [SLAYER_RNG_METER]    §dRNG Meter §f- §d47,250 Stored XP
16:13:04 [SLAYER_RNG_METER]    §dRNG Meter §f- §d49,125 Stored XP
16:14:25 [SLAYER_RNG_METER]    §dRNG Meter §f- §d51,000 Stored XP
16:15:21 [SLAYER_RNG_METER]    §dRNG Meter §f- §d52,875 Stored XP
16:17:20 [BESTIARY] §f                                  §6§lBESTIARY
16:17:20 [BESTIARY] §f                         §b§lGolden Ghoul §7§8XI §8➡§b §bXII
16:17:20 [BESTIARY] 
16:17:20 [BESTIARY] §f                                  §r§6§lREWARDS
16:17:20 [BESTIARY] §f                      §r§8+§r§a4 §r§6Golden Ghoul §r§b✯ Magic Find
16:17:20 [BESTIARY] §f                       §r§8+§r§a4 §r§6Golden Ghoul §r§c❁ Strength
16:17:20 [BESTIARY] §f                          §r§8+§r§62% §r§a§r§6Golden Ghoul §r§7coins
16:17:20 [BESTIARY] §f                    §r§8+§r§a50% §r§7chance for extra XP orbs
16:17:20 [BESTIARY] §f                               §r§8+§r§b1 SkyBlock XP
16:17:20 [BESTIARY] 
16:17:20 [BESTIARY] §3§l▬▬▬▬▬▬▬▬▬▬▬▬▬▬▬▬▬▬▬▬▬▬▬▬▬▬▬▬▬▬▬▬▬▬▬▬▬▬▬▬▬▬▬▬▬▬▬▬▬▬▬▬▬▬▬▬▬▬▬▬▬▬▬▬
16:17:39 [SLAYER_RNG_METER]    §dRNG Meter §f- §d54,750 Stored XP
16:18:26 [SLAYER_RNG_METER]    §dRNG Meter §f- §d56,625 Stored XP
16:19:19 [SLAYER_RNG_METER]    §dRNG Meter §f- §d58,500 Stored XP
16:20:07 [SLAYER_RNG_METER]    §dRNG Meter §f- §d60,375 Stored XP
16:21:10 [SLAYER_RNG_METER]    §dRNG Meter §f- §d62,250 Stored XP
16:23:03 [SLAYER_RNG_METER]    §dRNG Meter §f- §d64,125 Stored XP
16:23:49 [SLAYER_RNG_METER]    §dRNG Meter §f- §d66,000 Stored XP
16:24:44 [SLAYER_RNG_METER]    §dRNG Meter §f- §d67,875 Stored XP
16:25:49 [SLAYER_RNG_METER]    §dRNG Meter §f- §d69,750 Stored XP
16:26:38 [SLAYER_RNG_METER]    §dRNG Meter §f- §d71,625 Stored XP
16:33:01 [SLAYER_RNG_METER]    §dRNG Meter §f- §d73,500 Stored XP
16:34:06 [SLAYER_RNG_METER]    §dRNG Meter §f- §d75,375 Stored XP
16:34:46 [SLAYER_RNG_METER]    §dRNG Meter §f- §d77,250 Stored XP
16:37:08 [SLAYER_RNG_METER]    §dRNG Meter §f- §d79,125 Stored XP
16:38:38 [SLAYER_RNG_METER]    §dRNG Meter §f- §d81,000 Stored XP
16:39:29 [SLAYER_RNG_METER]    §dRNG Meter §f- §d82,875 Stored XP
16:40:12 [SLAYER_RNG_METER]    §dRNG Meter §f- §d84,750 Stored XP
16:41:05 [SLAYER_RNG_METER]    §dRNG Meter §f- §d86,625 Stored XP
16:41:53 [SLAYER_RNG_METER]    §dRNG Meter §f- §d88,500 Stored XP
16:42:42 [SLAYER_RNG_METER]    §dRNG Meter §f- §d90,375 Stored XP
16:43:28 [SLAYER_RNG_METER]    §dRNG Meter §f- §d92,250 Stored XP
16:44:10 [SLAYER_RNG_METER]    §dRNG Meter §f- §d94,125 Stored XP
16:45:45 [SLAYER_RNG_METER]    §dRNG Meter §f- §d96,000 Stored XP
16:46:31 [SLAYER_RNG_METER]    §dRNG Meter §f- §d97,875 Stored XP
16:47:38 [SLAYER_RNG_METER]    §dRNG Meter §f- §d99,750 Stored XP
16:48:26 [SLAYER_RNG_METER]    §dRNG Meter §f- §d101,625 Stored XP
16:49:25 [SLAYER_RNG_METER]    §dRNG Meter §f- §d103,500 Stored XP
16:51:36 [SLAYER_RNG_METER]    §dRNG Meter §f- §d105,375 Stored XP
16:52:15 [SLAYER_RNG_METER]    §dRNG Meter §f- §d107,250 Stored XP
16:52:57 [SLAYER_RNG_METER]    §dRNG Meter §f- §d109,125 Stored XP
16:54:03 [SLAYER_RNG_METER]    §dRNG Meter §f- §d111,000 Stored XP
16:54:55 [SLAYER_RNG_METER]    §dRNG Meter §f- §d112,875 Stored XP
16:55:59 [SLAYER_RNG_METER]    §dRNG Meter §f- §d114,750 Stored XP
16:57:11 [SLAYER_RNG_METER]    §dRNG Meter §f- §d116,625 Stored XP
16:58:00 [SLAYER_RNG_METER]    §dRNG Meter §f- §d118,500 Stored XP
17:03:26 [SLAYER_RNG_METER]    §dRNG Meter §f- §d120,375 Stored XP
17:04:30 [SLAYER_RNG_METER]    §dRNG Meter §f- §d122,250 Stored XP
17:05:27 [SLAYER_RNG_METER]    §dRNG Meter §f- §d124,125 Stored XP
17:06:24 [SLAYER_RNG_METER]    §dRNG Meter §f- §d126,000 Stored XP
17:07:42 [SLAYER_RNG_METER]    §dRNG Meter §f- §d127,875 Stored XP
17:33:20 [BESTIARY] §f                                  §6§lBESTIARY
17:33:20 [BESTIARY] §f                   §b§lAngry Archaeologist §7§8XX §8➡§b §bXXI
17:33:20 [BESTIARY] 
17:33:20 [BESTIARY] §f                                  §r§6§lREWARDS
17:33:20 [BESTIARY] §f               §r§8+§r§a6 §r§d§lAngry Archaeologist §r§b✯ Magic Find
17:33:20 [BESTIARY] §f               §r§8+§r§a6 §r§d§lAngry Archaeologist §r§c❁ Strength
17:33:20 [BESTIARY] §f                   §r§8+§r§62% §r§a§r§d§lAngry Archaeologist §r§7coins
17:33:20 [BESTIARY] §f                    §r§8+§r§a50% §r§7chance for extra XP orbs
17:33:20 [BESTIARY] §f                               §r§8+§r§b1 SkyBlock XP
17:33:20 [BESTIARY] 
17:33:20 [BESTIARY] §3§l▬▬▬▬▬▬▬▬▬▬▬▬▬▬▬▬▬▬▬▬▬▬▬▬▬▬▬▬▬▬▬▬▬▬▬▬▬▬▬▬▬▬▬▬▬▬▬▬▬▬▬▬▬▬▬▬▬▬▬▬▬▬▬▬
