09:24:27 [SLAYER_RNG_METER]    §dRNG Meter §f- §d129,750 Stored XP
09:26:23 [SLAYER_RNG_METER]    §dRNG Meter §f- §d131,625 Stored XP
09:30:03 [SLAYER_RNG_METER]    §dRNG Meter §f- §d133,500 Stored XP
09:30:55 [SLAYER_RNG_METER]    §dRNG Meter §f- §d135,375 Stored XP
09:31:54 [SLAYER_RNG_METER]    §dRNG Meter §f- §d137,250 Stored XP
09:37:26 [SLAYER_RNG_METER]    §dRNG Meter §f- §d139,125 Stored XP
09:38:30 [SLAYER_RNG_METER]    §dRNG Meter §f- §d141,000 Stored XP
09:39:47 [SLAYER_RNG_METER]    §dRNG Meter §f- §d142,875 Stored XP
09:43:48 [SLAYER_RNG_METER]    §dRNG Meter §f- §d144,750 Stored XP
09:45:34 [SLAYER_RNG_METER]    §dRNG Meter §f- §d146,625 Stored XP
09:46:43 [SLAYER_RNG_METER]    §dRNG Meter §f- §d148,500 Stored XP
09:47:47 [SLAYER_RNG_METER]    §dRNG Meter §f- §d150,375 Stored XP
09:49:00 [SLAYER_RNG_METER]    §dRNG Meter §f- §d152,250 Stored XP
09:50:49 [SLAYER_RNG_METER]    §dRNG Meter §f- §d154,125 Stored XP
09:53:07 [SLAYER_RNG_METER]    §dRNG Meter §f- §d156,000 Stored XP
09:53:54 [SLAYER_RNG_METER]    §dRNG Meter §f- §d157,875 Stored XP
09:54:46 [SLAYER_RNG_METER]    §dRNG Meter §f- §d159,750 Stored XP
09:55:37 [SLAYER_RNG_METER]    §dRNG Meter §f- §d161,625 Stored XP
10:01:35 [SLAYER_RNG_METER]    §dRNG Meter §f- §d163,500 Stored XP
10:02:37 [SLAYER_RNG_METER]    §dRNG Meter §f- §d165,375 Stored XP
10:03:56 [SLAYER_RNG_METER]    §dRNG Meter §f- §d167,250 Stored XP
10:04:50 [SLAYER_RNG_METER]    §dRNG Meter §f- §d169,125 Stored XP
10:06:37 [SLAYER_RNG_METER]    §dRNG Meter §f- §d171,000 Stored XP
10:28:11 [BESTIARY] §f                                  §6§lBESTIARY
10:28:11 [BESTIARY] §f                    §b§lLost Adventurer §7§8XXIV §8➡§b §bXXV
10:28:11 [BESTIARY] 
10:28:11 [BESTIARY] §f                                  §r§6§lREWARDS
10:28:11 [BESTIARY] §f                 §r§8+§r§a6 §r§d§lLost Adventurer §r§b✯ Magic Find
10:28:11 [BESTIARY] §f                  §r§8+§r§a6 §r§d§lLost Adventurer §r§c❁ Strength
10:28:11 [BESTIARY] §f                     §r§8+§r§62% §r§a§r§d§lLost Adventurer §r§7coins
10:28:11 [BESTIARY] §f                    §r§8+§r§a50% §r§7chance for extra XP orbs
10:28:11 [BESTIARY] §f                               §r§8+§r§b1 SkyBlock XP
10:28:11 [BESTIARY] 
10:28:11 [BESTIARY] §3§l▬▬▬▬▬▬▬▬▬▬▬▬▬▬▬▬▬▬▬▬▬▬▬▬▬▬▬▬▬▬▬▬▬▬▬▬▬▬▬▬▬▬▬▬▬▬▬▬▬▬▬▬▬▬▬▬▬▬▬▬▬▬▬▬
