09:06:52 §e[SkyHanni] Updated NEU repo§r
09:06:53 §e[SkyHanni] Reloaded 7646 items in the NEU repo§r
09:24:06 §c[SkyHanni 4.0.0 1.8.9]: Caught a NullPointerException in at.hannibal2.skyhanni.data.mob.MobDetection.onTick() at SkyHanniTickEvent: group(...) must not be null§c. Click here to copy the error into the clipboard.§r
09:34:58 §e[SkyHanni] §b+15 SkyBlock XP §7(Pet Score§7)§b (75/100)§r
09:35:00 §e[SkyHanni] §b+15 SkyBlock XP §7(Pet Score§7)§b (90/100)§r
09:35:01 §e[SkyHanni] §b+15 SkyBlock XP §7(Pet Score§7)§b (5/100)§r
09:35:03 §e[SkyHanni] §b+15 SkyBlock XP §7(Pet Score§7)§b (20/100)§r
09:35:37 §e[SkyHanni] §b+15 SkyBlock XP §7(Pet Score§7)§b (35/100)§r
09:36:19 §e[SkyHanni] §b+15 SkyBlock XP §7(Pet Score§7)§b (50/100)§r
09:36:21 §e[SkyHanni] §b+15 SkyBlock XP §7(Pet Score§7)§b (65/100)§r
09:36:53 §c[SkyHanni 4.0.0 1.8.9]: Caught a NullPointerException in at.hannibal2.skyhanni.data.mob.MobDetection.onTick() at SkyHanniTickEvent: group(...) must not be null§c. Click here to copy the error into the clipboard.§r
09:47:32 §c[SkyHanni 4.0.0 1.8.9]: Caught a NullPointerException in at.hannibal2.skyhanni.data.mob.MobDetection.onTick() at SkyHanniTickEvent: group(...) must not be null§c. Click here to copy the error into the clipboard.§r
10:01:14 §c[SkyHanni 4.0.0 1.8.9]: Caught a NullPointerException in at.hannibal2.skyhanni.data.mob.MobDetection.onTick() at SkyHanniTickEvent: group(...) must not be null§c. Click here to copy the error into the clipboard.§r
10:28:11 §6§lBESTIARY §r§b§lLost Adventurer §7§8XXIV §8➡§b §bXXV§r
10:31:42 §e[SkyHanni] §fYou were in Limbo for §e9s§f.§r
10:31:47 §e[SkyHanni] §cExtra Information from Tab list not found! Enable it: SkyBlock Menu ➜ Settings ➜ Personal ➜ User Interface ➜ Player List Info§r
10:31:51 §e[SkyHanni] §cExtra Information from Tab list not found! Enable it: SkyBlock Menu ➜ Settings ➜ Personal ➜ User Interface ➜ Player List Info§r
10:31:54 §e[SkyHanni] §cExtra Information from Tab list not found! Enable it: SkyBlock Menu ➜ Settings ➜ Personal ➜ User Interface ➜ Player List Info§r
10:31:57 §e[SkyHanni] §cExtra Information from Tab list not found! Enable it: SkyBlock Menu ➜ Settings ➜ Personal ➜ User Interface ➜ Player List Info§r
10:32:00 §e[SkyHanni] §cExtra Information from Tab list not found! Enable it: SkyBlock Menu ➜ Settings ➜ Personal ➜ User Interface ➜ Player List Info§r
10:32:03 §e[SkyHanni] §cExtra Information from Tab list not found! Enable it: SkyBlock Menu ➜ Settings ➜ Personal ➜ User Interface ➜ Player List Info§r§7 (2)§r
10:32:06 §e[SkyHanni] §cExtra Information from Tab list not found! Enable it: SkyBlock Menu ➜ Settings ➜ Personal ➜ User Interface ➜ Player List Info§r
10:32:09 §e[SkyHanni] §cExtra Information from Tab list not found! Enable it: SkyBlock Menu ➜ Settings ➜ Personal ➜ User Interface ➜ Player List Info§r
10:32:12 §e[SkyHanni] §cExtra Information from Tab list not found! Enable it: SkyBlock Menu ➜ Settings ➜ Personal ➜ User Interface ➜ Player List Info§r
10:32:15 §e[SkyHanni] §cExtra Information from Tab list not found! Enable it: SkyBlock Menu ➜ Settings ➜ Personal ➜ User Interface ➜ Player List Info§r§7 (2)§r
10:32:17 §c[SkyHanni 4.0.0 1.8.9]: Could not find server id§c. Click here to copy the error into the clipboard.§r
