23:06:43 [allowed] §f §r§r§r§f §r§r§r§1 §r§r§r§0 §r§r§r§2 §r§r§r§f §r§r§r§f §r§r§r§2 §r§r§r§0 §r§r§r§4 §r§r§r§3 §r§r§r§9 §r§r§r§2 §r§r§r§0 §r§r§r§0 §r§r§r§3 §r§r§r§9 §r§r§r§2 §r§r§r§0 §r§r§r§0 §r§r§r§3 §r§r§r§9 §r§r§r§2 §r§r§r§0 §r§r§r§0 
23:06:43 [allowed] §aYou have §b45 §aunclaimed leveling rewards!
23:06:43 [allowed] §eClick here to view them!
23:06:43 [allowed] §aYou have §68 §aunclaimed achievement rewards!
23:06:43 [allowed] §eClick here to view them!
23:06:44 [allowed] §b[MVP§c+§b] renpy3214§f §6spooked into the lobby!
23:06:44 [allowed]  §b>§c>§a>§r §r§6[MVP§1++§6] aikosHD§f §6spooked into the lobby!§r §a<§c<§b<
23:06:46 [allowed] §7Sending to server mega40E...
23:06:46 [allowed] §8 §r§8 §r§1 §r§3 §r§3 §r§7 §r§8 
23:06:54 [allowed] 
23:06:54 [allowed] §eWelcome to §r§aHypixel SkyBlock§r§e!
23:06:54 [allowed] 
23:06:54 [allowed] §eLatest update: §bSkyBlock v0.23.4 §e§lCLICK
23:06:54 [allowed] §aYou are playing on profile: §eOrange
23:06:54 [allowed] §8Profile ID: ff830177-eb82-4d06-aa5d-336dd4acec83
23:07:01 [allowed] §6[Bazaar] §r§7Executing instant sell...
23:07:01 [allowed] §6[Bazaar] §r§7Sold §r§a223§r§7x §r§aRevenant Flesh §r§7for §r§652,115 coins§r§7!
23:07:05 [allowed] §6[Bazaar] §r§7Executing instant sell...
23:07:05 [allowed] §6[Bazaar] §r§7Sold §r§a235§r§7x §r§fRotten Flesh §r§7for §r§6305.5 coins§r§7!
23:07:05 [allowed] §6[Bazaar] §r§7Sold §r§a4§r§7x §r§9Revenant Viscera §r§7for §r§6215,344 coins§r§7!
23:07:05 [allowed] §6[Bazaar] §r§7Sold §r§a1§r§7x §r§9Revenant Shard §r§7for §r§687,354 coins§r§7!
23:07:05 [allowed] §6[Bazaar] §r§7Sold §r§a60§r§7x §r§fGold Ingot §r§7for §r§6132.0 coins§r§7!
23:07:08 [allowed] §6[Sacks] §r§c-223§r§e items§r§e.§r§8 (Last 5s.)
23:07:40 [allowed] §a§l+5 Kill Combo §r§b+3% §r§b✯ Magic Find
23:07:46 [allowed] §a§l+10 Kill Combo §r§8+§r§610 §r§7coins per kill
23:07:55 [allowed] §cYour Kill Combo has expired! You reached a 13 Kill Combo!
23:07:56 [allowed] §a§l+5 Kill Combo §r§b+3% §r§b✯ Magic Find
23:07:57 [allowed] §6§lSLAYER MINI-BOSS §r§c§lAtoned Champion§r§7 has spawned!
23:08:06 [allowed] §a§l+10 Kill Combo §r§8+§r§610 §r§7coins per kill
23:08:06 [allowed] §6[Sacks] §r§a+5§r§e items§r§e.§r§8 (Last 5s.)
23:08:11 [allowed] §cYour Kill Combo has expired! You reached a 12 Kill Combo!
23:08:23 [allowed] §a§l+5 Kill Combo §r§b+3% §r§b✯ Magic Find
23:08:30 [allowed] §cYour Kill Combo has expired! You reached a 5 Kill Combo!
23:08:40 [allowed] §a§l+5 Kill Combo §r§b+3% §r§b✯ Magic Find
23:08:47 [allowed] §cYour Kill Combo has expired! You reached a 5 Kill Combo!
23:08:49 [allowed] §6§lSLAYER MINI-BOSS §r§c§lAtoned Champion§r§7 has spawned!
23:08:52 [allowed] §a§l+5 Kill Combo §r§b+3% §r§b✯ Magic Find
23:08:58 [allowed] §6[Sacks] §r§a+5§r§e items§r§e.§r§8 (Last 5s.)
23:08:59 [allowed] §cYour Kill Combo has expired! You reached a 5 Kill Combo!
23:09:09 [allowed] §a§l+5 Kill Combo §r§b+3% §r§b✯ Magic Find
23:09:10 [allowed] §9§lVERY RARE DROP! §r§7(§r§f§r§2◆ Pestilence Rune I§r§7) §r§b(+139% §r§b✯ Magic Find§r§b)
23:09:10 [allowed] §5§lVERY RARE DROP! §r§7(§r§f§r§9Revenant Shard§r§7) §r§b(+139% §r§b✯ Magic Find§r§b)
23:09:11 [allowed]   §r§a§lSLAYER QUEST COMPLETE!
23:09:11 [allowed]    §r§eZombie Slayer LVL 7 §r§5- §r§7Next LVL in §r§d124,546 XP§r§7!
23:09:11 [SLAYER_RNG_METER]    §dRNG Meter §f- §d196,500 Stored XP
23:09:11 [allowed]   §r§5§lSLAYER QUEST STARTED!
23:09:11 [allowed]    §5§l» §7Slay §c7,200 Combat XP §7worth of Zombies§7.
23:09:15 [allowed] §aYou earned §r§2198 GEXP §r§a+ §r§5198 Event EXP §r§afrom playing SkyBlock!
23:09:16 [allowed] §6[Sacks] §r§a+64§r§e items§r§e.§r§8 (Last 5s.)
23:09:17 [allowed] §a§l+10 Kill Combo §r§8+§r§610 §r§7coins per kill
