07:27:24 `5ir9gii46d`6 missed {
 is already Found: false).
 Position: LorenzVec(x=-20.625, y=120.0, z=-13.5)
 DistanceC: 19.725187709233182
Relative Position: LorenzVec(x=19.725187709233182, y=0.5, z=-19.511707560845615)
 }
07:31:29 `Villager`370 missed {
 is already Found: false).
 Position: LorenzVec(x=-11.3125, y=70.0, z=-95.71875)
 DistanceC: 21.7385680678632
Relative Position: LorenzVec(x=21.7385680678632, y=-1.0, z=-19.00238972307821)
 }
07:31:29 `1r9w2e6ruy`349 missed {
 is already Found: false).
 Position: LorenzVec(x=-10.0, y=70.0, z=-67.0)
 DistanceC: 23.0510680678632
Relative Position: LorenzVec(x=23.0510680678632, y=-1.0, z=9.71636027692179)
 }
07:31:58 `Bat`1459043 missed {
 is already Found: false).
 Position: LorenzVec(x=-57.5, y=63.96875, z=-41.5)
 DistanceC: 12.697581865389026
Relative Position: LorenzVec(x=-12.697581865389026, y=-19.03125, z=11.352057255902047)
 }
07:31:58 `Bat`1459045 missed {
 is already Found: false).
 Position: LorenzVec(x=-57.5, y=63.96875, z=-40.5)
 DistanceC: 12.697581865389026
Relative Position: LorenzVec(x=-12.697581865389026, y=-19.03125, z=12.352057255902047)
 }
07:31:58 `Bat`1459047 missed {
 is already Found: false).
 Position: LorenzVec(x=-57.5, y=63.96875, z=-39.5)
 DistanceC: 13.352057255902047
Relative Position: LorenzVec(x=-12.697581865389026, y=-19.03125, z=13.352057255902047)
 }
07:31:58 `Bat`1459049 missed {
 is already Found: false).
 Position: LorenzVec(x=-57.5, y=64.96875, z=-41.5)
 DistanceC: 12.697581865389026
Relative Position: LorenzVec(x=-12.697581865389026, y=-18.03125, z=11.352057255902047)
 }
07:31:58 `Bat`1459051 missed {
 is already Found: false).
 Position: LorenzVec(x=-57.5, y=64.96875, z=-40.5)
 DistanceC: 12.697581865389026
Relative Position: LorenzVec(x=-12.697581865389026, y=-18.03125, z=12.352057255902047)
 }
07:31:58 `Bat`1459053 missed {
 is already Found: false).
 Position: LorenzVec(x=-57.5, y=64.96875, z=-39.5)
 DistanceC: 13.352057255902047
Relative Position: LorenzVec(x=-12.697581865389026, y=-18.03125, z=13.352057255902047)
 }
07:31:58 `Bat`1459055 missed {
 is already Found: false).
 Position: LorenzVec(x=-57.5, y=65.96875, z=-41.5)
 DistanceC: 12.697581865389026
Relative Position: LorenzVec(x=-12.697581865389026, y=-17.03125, z=11.352057255902047)
 }
07:31:58 `Bat`1459057 missed {
 is already Found: false).
 Position: LorenzVec(x=-57.5, y=65.96875, z=-40.5)
 DistanceC: 12.697581865389026
Relative Position: LorenzVec(x=-12.697581865389026, y=-17.03125, z=12.352057255902047)
 }
07:31:58 `Bat`1459059 missed {
 is already Found: false).
 Position: LorenzVec(x=-57.5, y=65.96875, z=-39.5)
 DistanceC: 13.352057255902047
Relative Position: LorenzVec(x=-12.697581865389026, y=-17.03125, z=13.352057255902047)
 }
07:31:58 `Bat`1459061 missed {
 is already Found: false).
 Position: LorenzVec(x=-57.5, y=66.96875, z=-41.5)
 DistanceC: 12.697581865389026
Relative Position: LorenzVec(x=-12.697581865389026, y=-16.03125, z=11.352057255902047)
 }
07:31:58 `Bat`1459063 missed {
 is already Found: false).
 Position: LorenzVec(x=-57.5, y=66.96875, z=-40.5)
 DistanceC: 12.697581865389026
Relative Position: LorenzVec(x=-12.697581865389026, y=-16.03125, z=12.352057255902047)
 }
07:31:58 `Bat`1459065 missed {
 is already Found: false).
 Position: LorenzVec(x=-57.5, y=66.96875, z=-39.5)
 DistanceC: 13.352057255902047
Relative Position: LorenzVec(x=-12.697581865389026, y=-16.03125, z=13.352057255902047)
 }
07:31:58 `Bat`1459067 missed {
 is already Found: false).
 Position: LorenzVec(x=-56.5, y=63.96875, z=-41.5)
 DistanceC: 11.697581865389026
Relative Position: LorenzVec(x=-11.697581865389026, y=-19.03125, z=11.352057255902047)
 }
07:31:58 `Bat`1459069 missed {
 is already Found: false).
 Position: LorenzVec(x=-56.5, y=63.96875, z=-40.5)
 DistanceC: 12.352057255902047
Relative Position: LorenzVec(x=-11.697581865389026, y=-19.03125, z=12.352057255902047)
 }
07:31:58 `Bat`1459071 missed {
 is already Found: false).
 Position: LorenzVec(x=-56.5, y=63.96875, z=-39.5)
 DistanceC: 13.352057255902047
Relative Position: LorenzVec(x=-11.697581865389026, y=-19.03125, z=13.352057255902047)
 }
07:31:58 `Bat`1459073 missed {
 is already Found: false).
 Position: LorenzVec(x=-56.5, y=64.96875, z=-41.5)
 DistanceC: 11.697581865389026
Relative Position: LorenzVec(x=-11.697581865389026, y=-18.03125, z=11.352057255902047)
 }
07:31:58 `Bat`1459075 missed {
 is already Found: false).
 Position: LorenzVec(x=-56.5, y=64.96875, z=-40.5)
 DistanceC: 12.352057255902047
Relative Position: LorenzVec(x=-11.697581865389026, y=-18.03125, z=12.352057255902047)
 }
07:31:58 `Bat`1459077 missed {
 is already Found: false).
 Position: LorenzVec(x=-56.5, y=64.96875, z=-39.5)
 DistanceC: 13.352057255902047
Relative Position: LorenzVec(x=-11.697581865389026, y=-18.03125, z=13.352057255902047)
 }
07:31:58 `Bat`1459079 missed {
 is already Found: false).
 Position: LorenzVec(x=-56.5, y=65.96875, z=-41.5)
 DistanceC: 11.697581865389026
Relative Position: LorenzVec(x=-11.697581865389026, y=-17.03125, z=11.352057255902047)
 }
07:31:58 `Bat`1459081 missed {
 is already Found: false).
 Position: LorenzVec(x=-56.5, y=65.96875, z=-40.5)
 DistanceC: 12.352057255902047
Relative Position: LorenzVec(x=-11.697581865389026, y=-17.03125, z=12.352057255902047)
 }
07:31:58 `Bat`1459083 missed {
 is already Found: false).
 Position: LorenzVec(x=-56.5, y=65.96875, z=-39.5)
 DistanceC: 13.352057255902047
Relative Position: LorenzVec(x=-11.697581865389026, y=-17.03125, z=13.352057255902047)
 }
07:31:58 `Bat`1459085 missed {
 is already Found: false).
 Position: LorenzVec(x=-56.5, y=66.96875, z=-41.5)
 DistanceC: 11.697581865389026
Relative Position: LorenzVec(x=-11.697581865389026, y=-16.03125, z=11.352057255902047)
 }
07:31:58 `Bat`1459087 missed {
 is already Found: false).
 Position: LorenzVec(x=-56.5, y=66.96875, z=-40.5)
 DistanceC: 12.352057255902047
Relative Position: LorenzVec(x=-11.697581865389026, y=-16.03125, z=12.352057255902047)
 }
07:31:58 `Bat`1459089 missed {
 is already Found: false).
 Position: LorenzVec(x=-56.5, y=66.96875, z=-39.5)
 DistanceC: 13.352057255902047
Relative Position: LorenzVec(x=-11.697581865389026, y=-16.03125, z=13.352057255902047)
 }
07:31:58 `Bat`1459091 missed {
 is already Found: false).
 Position: LorenzVec(x=-55.5, y=63.96875, z=-41.5)
 DistanceC: 11.352057255902047
Relative Position: LorenzVec(x=-10.697581865389026, y=-19.03125, z=11.352057255902047)
 }
07:31:58 `Bat`1459093 missed {
 is already Found: false).
 Position: LorenzVec(x=-55.5, y=63.96875, z=-40.5)
 DistanceC: 12.352057255902047
Relative Position: LorenzVec(x=-10.697581865389026, y=-19.03125, z=12.352057255902047)
 }
07:31:58 `Bat`1459095 missed {
 is already Found: false).
 Position: LorenzVec(x=-55.5, y=63.96875, z=-39.5)
 DistanceC: 13.352057255902047
Relative Position: LorenzVec(x=-10.697581865389026, y=-19.03125, z=13.352057255902047)
 }
07:31:58 `Bat`1459097 missed {
 is already Found: false).
 Position: LorenzVec(x=-55.5, y=64.96875, z=-41.5)
 DistanceC: 11.352057255902047
Relative Position: LorenzVec(x=-10.697581865389026, y=-18.03125, z=11.352057255902047)
 }
07:31:58 `Bat`1459099 missed {
 is already Found: false).
 Position: LorenzVec(x=-55.5, y=64.96875, z=-40.5)
 DistanceC: 12.352057255902047
Relative Position: LorenzVec(x=-10.697581865389026, y=-18.03125, z=12.352057255902047)
 }
07:31:58 `Bat`1459101 missed {
 is already Found: false).
 Position: LorenzVec(x=-55.5, y=64.96875, z=-39.5)
 DistanceC: 13.352057255902047
Relative Position: LorenzVec(x=-10.697581865389026, y=-18.03125, z=13.352057255902047)
 }
07:31:58 `Bat`1459103 missed {
 is already Found: false).
 Position: LorenzVec(x=-55.5, y=65.96875, z=-41.5)
 DistanceC: 11.352057255902047
Relative Position: LorenzVec(x=-10.697581865389026, y=-17.03125, z=11.352057255902047)
 }
07:31:58 `Bat`1459105 missed {
 is already Found: false).
 Position: LorenzVec(x=-55.5, y=65.96875, z=-40.5)
 DistanceC: 12.352057255902047
Relative Position: LorenzVec(x=-10.697581865389026, y=-17.03125, z=12.352057255902047)
 }
07:31:58 `Bat`1459107 missed {
 is already Found: false).
 Position: LorenzVec(x=-55.5, y=65.96875, z=-39.5)
 DistanceC: 13.352057255902047
Relative Position: LorenzVec(x=-10.697581865389026, y=-17.03125, z=13.352057255902047)
 }
07:31:58 `Bat`1459109 missed {
 is already Found: false).
 Position: LorenzVec(x=-55.5, y=66.96875, z=-41.5)
 DistanceC: 11.352057255902047
Relative Position: LorenzVec(x=-10.697581865389026, y=-16.03125, z=11.352057255902047)
 }
07:31:58 `Bat`1459111 missed {
 is already Found: false).
 Position: LorenzVec(x=-55.5, y=66.96875, z=-40.5)
 DistanceC: 12.352057255902047
Relative Position: LorenzVec(x=-10.697581865389026, y=-16.03125, z=12.352057255902047)
 }
07:31:58 `Bat`1459113 missed {
 is already Found: false).
 Position: LorenzVec(x=-55.5, y=66.96875, z=-39.5)
 DistanceC: 13.352057255902047
Relative Position: LorenzVec(x=-10.697581865389026, y=-16.03125, z=13.352057255902047)
 }
07:32:09 `Bat`1460175 missed {
 is already Found: false).
 Position: LorenzVec(x=-57.5, y=65.21875, z=-73.5)
 DistanceC: 11.082414657616269
Relative Position: LorenzVec(x=-8.142847708954406, y=-3.78125, z=11.082414657616269)
 }
07:32:09 `Bat`1460177 missed {
 is already Found: false).
 Position: LorenzVec(x=-57.5, y=65.21875, z=-72.5)
 DistanceC: 12.082414657616269
Relative Position: LorenzVec(x=-8.142847708954406, y=-3.78125, z=12.082414657616269)
 }
07:32:09 `Bat`1460179 missed {
 is already Found: false).
 Position: LorenzVec(x=-57.5, y=65.21875, z=-71.5)
 DistanceC: 13.082414657616269
Relative Position: LorenzVec(x=-8.142847708954406, y=-3.78125, z=13.082414657616269)
 }
07:32:09 `Bat`1460181 missed {
 is already Found: false).
 Position: LorenzVec(x=-57.5, y=66.21875, z=-73.5)
 DistanceC: 11.082414657616269
Relative Position: LorenzVec(x=-8.142847708954406, y=-2.78125, z=11.082414657616269)
 }
07:32:09 `Bat`1460183 missed {
 is already Found: false).
 Position: LorenzVec(x=-57.5, y=66.21875, z=-72.5)
 DistanceC: 12.082414657616269
Relative Position: LorenzVec(x=-8.142847708954406, y=-2.78125, z=12.082414657616269)
 }
07:32:09 `Bat`1460185 missed {
 is already Found: false).
 Position: LorenzVec(x=-57.5, y=66.21875, z=-71.5)
 DistanceC: 13.082414657616269
Relative Position: LorenzVec(x=-8.142847708954406, y=-2.78125, z=13.082414657616269)
 }
07:32:09 `Bat`1460187 missed {
 is already Found: false).
 Position: LorenzVec(x=-57.5, y=67.21875, z=-73.5)
 DistanceC: 11.082414657616269
Relative Position: LorenzVec(x=-8.142847708954406, y=-1.78125, z=11.082414657616269)
 }
07:32:09 `Bat`1460189 missed {
 is already Found: false).
 Position: LorenzVec(x=-57.5, y=67.21875, z=-72.5)
 DistanceC: 12.082414657616269
Relative Position: LorenzVec(x=-8.142847708954406, y=-1.78125, z=12.082414657616269)
 }
07:32:09 `Bat`1460191 missed {
 is already Found: false).
 Position: LorenzVec(x=-57.5, y=67.21875, z=-71.5)
 DistanceC: 13.082414657616269
Relative Position: LorenzVec(x=-8.142847708954406, y=-1.78125, z=13.082414657616269)
 }
07:32:09 `Bat`1460193 missed {
 is already Found: false).
 Position: LorenzVec(x=-57.5, y=68.21875, z=-73.5)
 DistanceC: 11.082414657616269
Relative Position: LorenzVec(x=-8.142847708954406, y=-0.78125, z=11.082414657616269)
 }
07:32:09 `Bat`1460195 missed {
 is already Found: false).
 Position: LorenzVec(x=-57.5, y=68.21875, z=-72.5)
 DistanceC: 12.082414657616269
Relative Position: LorenzVec(x=-8.142847708954406, y=-0.78125, z=12.082414657616269)
 }
07:32:09 `Bat`1460197 missed {
 is already Found: false).
 Position: LorenzVec(x=-57.5, y=68.21875, z=-71.5)
 DistanceC: 13.082414657616269
Relative Position: LorenzVec(x=-8.142847708954406, y=-0.78125, z=13.082414657616269)
 }
07:32:09 `Bat`1460199 missed {
 is already Found: false).
 Position: LorenzVec(x=-56.5, y=65.21875, z=-73.5)
 DistanceC: 11.082414657616269
Relative Position: LorenzVec(x=-7.142847708954406, y=-3.78125, z=11.082414657616269)
 }
07:32:09 `Bat`1460201 missed {
 is already Found: false).
 Position: LorenzVec(x=-56.5, y=65.21875, z=-72.5)
 DistanceC: 12.082414657616269
Relative Position: LorenzVec(x=-7.142847708954406, y=-3.78125, z=12.082414657616269)
 }
07:32:09 `Bat`1460203 missed {
 is already Found: false).
 Position: LorenzVec(x=-56.5, y=65.21875, z=-71.5)
 DistanceC: 13.082414657616269
Relative Position: LorenzVec(x=-7.142847708954406, y=-3.78125, z=13.082414657616269)
 }
07:32:09 `Bat`1460205 missed {
 is already Found: false).
 Position: LorenzVec(x=-56.5, y=66.21875, z=-73.5)
 DistanceC: 11.082414657616269
Relative Position: LorenzVec(x=-7.142847708954406, y=-2.78125, z=11.082414657616269)
 }
07:32:09 `Bat`1460207 missed {
 is already Found: false).
 Position: LorenzVec(x=-56.5, y=66.21875, z=-72.5)
 DistanceC: 12.082414657616269
Relative Position: LorenzVec(x=-7.142847708954406, y=-2.78125, z=12.082414657616269)
 }
07:32:09 `Bat`1460209 missed {
 is already Found: false).
 Position: LorenzVec(x=-56.5, y=66.21875, z=-71.5)
 DistanceC: 13.082414657616269
Relative Position: LorenzVec(x=-7.142847708954406, y=-2.78125, z=13.082414657616269)
 }
07:32:09 `Bat`1460211 missed {
 is already Found: false).
 Position: LorenzVec(x=-56.5, y=67.21875, z=-73.5)
 DistanceC: 11.082414657616269
Relative Position: LorenzVec(x=-7.142847708954406, y=-1.78125, z=11.082414657616269)
 }
07:32:09 `Bat`1460213 missed {
 is already Found: false).
 Position: LorenzVec(x=-56.5, y=67.21875, z=-72.5)
 DistanceC: 12.082414657616269
Relative Position: LorenzVec(x=-7.142847708954406, y=-1.78125, z=12.082414657616269)
 }
07:32:09 `Bat`1460215 missed {
 is already Found: false).
 Position: LorenzVec(x=-56.5, y=67.21875, z=-71.5)
 DistanceC: 13.082414657616269
Relative Position: LorenzVec(x=-7.142847708954406, y=-1.78125, z=13.082414657616269)
 }
07:32:09 `Bat`1460217 missed {
 is already Found: false).
 Position: LorenzVec(x=-56.5, y=68.21875, z=-73.5)
 DistanceC: 11.082414657616269
Relative Position: LorenzVec(x=-7.142847708954406, y=-0.78125, z=11.082414657616269)
 }
07:32:09 `Bat`1460219 missed {
 is already Found: false).
 Position: LorenzVec(x=-56.5, y=68.21875, z=-72.5)
 DistanceC: 12.082414657616269
Relative Position: LorenzVec(x=-7.142847708954406, y=-0.78125, z=12.082414657616269)
 }
07:32:09 `Bat`1460221 missed {
 is already Found: false).
 Position: LorenzVec(x=-56.5, y=68.21875, z=-71.5)
 DistanceC: 13.082414657616269
Relative Position: LorenzVec(x=-7.142847708954406, y=-0.78125, z=13.082414657616269)
 }
07:32:09 `Bat`1460223 missed {
 is already Found: false).
 Position: LorenzVec(x=-55.5, y=65.21875, z=-73.5)
 DistanceC: 11.082414657616269
Relative Position: LorenzVec(x=-6.142847708954406, y=-3.78125, z=11.082414657616269)
 }
07:32:09 `Bat`1460225 missed {
 is already Found: false).
 Position: LorenzVec(x=-55.5, y=65.21875, z=-72.5)
 DistanceC: 12.082414657616269
Relative Position: LorenzVec(x=-6.142847708954406, y=-3.78125, z=12.082414657616269)
 }
07:32:09 `Bat`1460227 missed {
 is already Found: false).
 Position: LorenzVec(x=-55.5, y=65.21875, z=-71.5)
 DistanceC: 13.082414657616269
Relative Position: LorenzVec(x=-6.142847708954406, y=-3.78125, z=13.082414657616269)
 }
07:32:09 `Bat`1460229 missed {
 is already Found: false).
 Position: LorenzVec(x=-55.5, y=66.21875, z=-73.5)
 DistanceC: 11.082414657616269
Relative Position: LorenzVec(x=-6.142847708954406, y=-2.78125, z=11.082414657616269)
 }
07:32:09 `Bat`1460231 missed {
 is already Found: false).
 Position: LorenzVec(x=-55.5, y=66.21875, z=-72.5)
 DistanceC: 12.082414657616269
Relative Position: LorenzVec(x=-6.142847708954406, y=-2.78125, z=12.082414657616269)
 }
07:32:09 `Bat`1460233 missed {
 is already Found: false).
 Position: LorenzVec(x=-55.5, y=66.21875, z=-71.5)
 DistanceC: 13.082414657616269
Relative Position: LorenzVec(x=-6.142847708954406, y=-2.78125, z=13.082414657616269)
 }
07:32:09 `Bat`1460235 missed {
 is already Found: false).
 Position: LorenzVec(x=-55.5, y=67.21875, z=-73.5)
 DistanceC: 11.082414657616269
Relative Position: LorenzVec(x=-6.142847708954406, y=-1.78125, z=11.082414657616269)
 }
07:32:09 `Bat`1460237 missed {
 is already Found: false).
 Position: LorenzVec(x=-55.5, y=67.21875, z=-72.5)
 DistanceC: 12.082414657616269
Relative Position: LorenzVec(x=-6.142847708954406, y=-1.78125, z=12.082414657616269)
 }
07:32:09 `Bat`1460239 missed {
 is already Found: false).
 Position: LorenzVec(x=-55.5, y=67.21875, z=-71.5)
 DistanceC: 13.082414657616269
Relative Position: LorenzVec(x=-6.142847708954406, y=-1.78125, z=13.082414657616269)
 }
07:32:09 `Bat`1460241 missed {
 is already Found: false).
 Position: LorenzVec(x=-55.5, y=68.21875, z=-73.5)
 DistanceC: 11.082414657616269
Relative Position: LorenzVec(x=-6.142847708954406, y=-0.78125, z=11.082414657616269)
 }
07:32:09 `Bat`1460243 missed {
 is already Found: false).
 Position: LorenzVec(x=-55.5, y=68.21875, z=-72.5)
 DistanceC: 12.082414657616269
Relative Position: LorenzVec(x=-6.142847708954406, y=-0.78125, z=12.082414657616269)
 }
07:32:09 `Bat`1460245 missed {
 is already Found: false).
 Position: LorenzVec(x=-55.5, y=68.21875, z=-71.5)
 DistanceC: 13.082414657616269
Relative Position: LorenzVec(x=-6.142847708954406, y=-0.78125, z=13.082414657616269)
 }
07:32:13 `Skeleton`1460528 missed {
 is already Found: false).
 Position: LorenzVec(x=-35.5, y=71.0, z=-95.5)
 DistanceC: 8.199999988079071
Relative Position: LorenzVec(x=8.199999988079071, y=2.0, z=-5.580494201645848)
 }
07:32:13 `Zombie`1460532 missed {
 is already Found: false).
 Position: LorenzVec(x=-36.5, y=71.0, z=-98.5)
 DistanceC: 8.580494201645848
Relative Position: LorenzVec(x=7.199999988079071, y=2.0, z=-8.580494201645848)
 }
07:32:13 `Skeleton`1460526 missed {
 is already Found: false).
 Position: LorenzVec(x=-35.5, y=71.0, z=-98.5)
 DistanceC: 8.535390826242136
Relative Position: LorenzVec(x=8.199999988079071, y=2.0, z=-8.535390826242136)
 }
07:34:31 `Bat`1470601 missed {
 is already Found: false).
 Position: LorenzVec(x=-77.5, y=62.125, z=-133.5)
 DistanceC: 5.763791158138005
Relative Position: LorenzVec(x=5.763791158138005, y=-6.410840625044557, z=2.6062337035619123)
 }
07:34:31 `Bat`1470603 missed {
 is already Found: false).
 Position: LorenzVec(x=-77.5, y=63.125, z=-133.5)
 DistanceC: 5.763791158138005
Relative Position: LorenzVec(x=5.763791158138005, y=-5.410840625044557, z=2.6062337035619123)
 }
07:34:31 `Bat`1470605 missed {
 is already Found: false).
 Position: LorenzVec(x=-77.5, y=64.125, z=-133.5)
 DistanceC: 5.763791158138005
Relative Position: LorenzVec(x=5.763791158138005, y=-4.410840625044557, z=2.6062337035619123)
 }
07:34:31 `Bat`1470607 missed {
 is already Found: false).
 Position: LorenzVec(x=-77.5, y=65.125, z=-133.5)
 DistanceC: 5.763791158138005
Relative Position: LorenzVec(x=5.763791158138005, y=-3.410840625044557, z=2.6062337035619123)
 }
07:34:31 `Bat`1470609 missed {
 is already Found: false).
 Position: LorenzVec(x=-76.5, y=62.125, z=-133.5)
 DistanceC: 6.763791158138005
Relative Position: LorenzVec(x=6.763791158138005, y=-6.410840625044557, z=2.6062337035619123)
 }
07:34:31 `Bat`1470611 missed {
 is already Found: false).
 Position: LorenzVec(x=-76.5, y=63.125, z=-133.5)
 DistanceC: 6.763791158138005
Relative Position: LorenzVec(x=6.763791158138005, y=-5.410840625044557, z=2.6062337035619123)
 }
07:34:31 `Bat`1470613 missed {
 is already Found: false).
 Position: LorenzVec(x=-76.5, y=64.125, z=-133.5)
 DistanceC: 6.763791158138005
Relative Position: LorenzVec(x=6.763791158138005, y=-4.410840625044557, z=2.6062337035619123)
 }
07:34:31 `Bat`1470615 missed {
 is already Found: false).
 Position: LorenzVec(x=-76.5, y=65.125, z=-133.5)
 DistanceC: 6.763791158138005
Relative Position: LorenzVec(x=6.763791158138005, y=-3.410840625044557, z=2.6062337035619123)
 }
07:34:39 `Skeleton`1458907 missed {
 is already Found: false).
 Position: LorenzVec(x=-55.15625, y=59.53125, z=-56.03125)
 DistanceC: 10.665521131336646
Relative Position: LorenzVec(x=0.6134891657134318, y=-9.53125, z=10.665521131336646)
 }
07:34:39 `Skeleton`1458935 missed {
 is already Found: false).
 Position: LorenzVec(x=-48.59375, y=83.0, z=-55.46875)
 DistanceC: 11.228021131336646
Relative Position: LorenzVec(x=7.175989165713432, y=13.9375, z=11.228021131336646)
 }
07:34:42 `Bat`1461282 missed {
 is already Found: false).
 Position: LorenzVec(x=-41.5, y=64.28125, z=-87.5)
 DistanceC: 12.392103897571772
Relative Position: LorenzVec(x=12.392103897571772, y=-4.78125, z=8.59529959264924)
 }
07:34:42 `Bat`1461288 missed {
 is already Found: false).
 Position: LorenzVec(x=-41.5, y=65.28125, z=-87.5)
 DistanceC: 12.392103897571772
Relative Position: LorenzVec(x=12.392103897571772, y=-3.78125, z=8.59529959264924)
 }
07:34:42 `Bat`1461294 missed {
 is already Found: false).
 Position: LorenzVec(x=-41.5, y=66.28125, z=-87.5)
 DistanceC: 12.392103897571772
Relative Position: LorenzVec(x=12.392103897571772, y=-2.78125, z=8.59529959264924)
 }
07:34:42 `Bat`1461300 missed {
 is already Found: false).
 Position: LorenzVec(x=-41.5, y=67.28125, z=-87.5)
 DistanceC: 12.392103897571772
Relative Position: LorenzVec(x=12.392103897571772, y=-1.78125, z=8.59529959264924)
 }
07:34:42 `Bat`1461306 missed {
 is already Found: false).
 Position: LorenzVec(x=-40.5, y=64.28125, z=-87.5)
 DistanceC: 13.392103897571772
Relative Position: LorenzVec(x=13.392103897571772, y=-4.78125, z=8.59529959264924)
 }
07:34:42 `Bat`1461312 missed {
 is already Found: false).
 Position: LorenzVec(x=-40.5, y=65.28125, z=-87.5)
 DistanceC: 13.392103897571772
Relative Position: LorenzVec(x=13.392103897571772, y=-3.78125, z=8.59529959264924)
 }
07:34:42 `Bat`1461318 missed {
 is already Found: false).
 Position: LorenzVec(x=-40.5, y=66.28125, z=-87.5)
 DistanceC: 13.392103897571772
Relative Position: LorenzVec(x=13.392103897571772, y=-2.78125, z=8.59529959264924)
 }
07:34:42 `Bat`1461324 missed {
 is already Found: false).
 Position: LorenzVec(x=-40.5, y=67.28125, z=-87.5)
 DistanceC: 13.392103897571772
Relative Position: LorenzVec(x=13.392103897571772, y=-1.78125, z=8.59529959264924)
 }
07:34:42 `Bat`1461330 missed {
 is already Found: false).
 Position: LorenzVec(x=-39.5, y=64.28125, z=-87.5)
 DistanceC: 14.392103897571772
Relative Position: LorenzVec(x=14.392103897571772, y=-4.78125, z=8.59529959264924)
 }
07:34:42 `Bat`1461336 missed {
 is already Found: false).
 Position: LorenzVec(x=-39.5, y=65.28125, z=-87.5)
 DistanceC: 14.392103897571772
Relative Position: LorenzVec(x=14.392103897571772, y=-3.78125, z=8.59529959264924)
 }
07:34:42 `Bat`1461342 missed {
 is already Found: false).
 Position: LorenzVec(x=-39.5, y=66.28125, z=-87.5)
 DistanceC: 14.392103897571772
Relative Position: LorenzVec(x=14.392103897571772, y=-2.78125, z=8.59529959264924)
 }
07:34:42 `Bat`1461348 missed {
 is already Found: false).
 Position: LorenzVec(x=-39.5, y=67.28125, z=-87.5)
 DistanceC: 14.392103897571772
Relative Position: LorenzVec(x=14.392103897571772, y=-1.78125, z=8.59529959264924)
 }
07:34:42 `Bat`1461280 missed {
 is already Found: false).
 Position: LorenzVec(x=-41.5, y=64.28125, z=-88.5)
 DistanceC: 12.392103897571772
Relative Position: LorenzVec(x=12.392103897571772, y=-4.78125, z=7.595299592649241)
 }
07:34:42 `Bat`1461286 missed {
 is already Found: false).
 Position: LorenzVec(x=-41.5, y=65.28125, z=-88.5)
 DistanceC: 12.392103897571772
Relative Position: LorenzVec(x=12.392103897571772, y=-3.78125, z=7.595299592649241)
 }
07:34:42 `Bat`1461292 missed {
 is already Found: false).
 Position: LorenzVec(x=-41.5, y=66.28125, z=-88.5)
 DistanceC: 12.392103897571772
Relative Position: LorenzVec(x=12.392103897571772, y=-2.78125, z=7.595299592649241)
 }
07:34:42 `Bat`1461298 missed {
 is already Found: false).
 Position: LorenzVec(x=-41.5, y=67.28125, z=-88.5)
 DistanceC: 12.392103897571772
Relative Position: LorenzVec(x=12.392103897571772, y=-1.78125, z=7.595299592649241)
 }
07:34:42 `Bat`1461304 missed {
 is already Found: false).
 Position: LorenzVec(x=-40.5, y=64.28125, z=-88.5)
 DistanceC: 13.392103897571772
Relative Position: LorenzVec(x=13.392103897571772, y=-4.78125, z=7.595299592649241)
 }
07:34:42 `Bat`1461310 missed {
 is already Found: false).
 Position: LorenzVec(x=-40.5, y=65.28125, z=-88.5)
 DistanceC: 13.392103897571772
Relative Position: LorenzVec(x=13.392103897571772, y=-3.78125, z=7.595299592649241)
 }
07:34:42 `Bat`1461316 missed {
 is already Found: false).
 Position: LorenzVec(x=-40.5, y=66.28125, z=-88.5)
 DistanceC: 13.392103897571772
Relative Position: LorenzVec(x=13.392103897571772, y=-2.78125, z=7.595299592649241)
 }
07:34:42 `Bat`1461322 missed {
 is already Found: false).
 Position: LorenzVec(x=-40.5, y=67.28125, z=-88.5)
 DistanceC: 13.392103897571772
Relative Position: LorenzVec(x=13.392103897571772, y=-1.78125, z=7.595299592649241)
 }
07:34:42 `Bat`1461328 missed {
 is already Found: false).
 Position: LorenzVec(x=-39.5, y=64.28125, z=-88.5)
 DistanceC: 14.392103897571772
Relative Position: LorenzVec(x=14.392103897571772, y=-4.78125, z=7.595299592649241)
 }
07:34:42 `Bat`1461334 missed {
 is already Found: false).
 Position: LorenzVec(x=-39.5, y=65.28125, z=-88.5)
 DistanceC: 14.392103897571772
Relative Position: LorenzVec(x=14.392103897571772, y=-3.78125, z=7.595299592649241)
 }
07:34:42 `Bat`1461340 missed {
 is already Found: false).
 Position: LorenzVec(x=-39.5, y=66.28125, z=-88.5)
 DistanceC: 14.392103897571772
Relative Position: LorenzVec(x=14.392103897571772, y=-2.78125, z=7.595299592649241)
 }
07:34:42 `Bat`1461346 missed {
 is already Found: false).
 Position: LorenzVec(x=-39.5, y=67.28125, z=-88.5)
 DistanceC: 14.392103897571772
Relative Position: LorenzVec(x=14.392103897571772, y=-1.78125, z=7.595299592649241)
 }
07:34:42 `Bat`1461278 missed {
 is already Found: false).
 Position: LorenzVec(x=-41.5, y=64.28125, z=-89.5)
 DistanceC: 12.392103897571772
Relative Position: LorenzVec(x=12.392103897571772, y=-4.78125, z=6.595299592649241)
 }
07:34:42 `Bat`1461284 missed {
 is already Found: false).
 Position: LorenzVec(x=-41.5, y=65.28125, z=-89.5)
 DistanceC: 12.392103897571772
Relative Position: LorenzVec(x=12.392103897571772, y=-3.78125, z=6.595299592649241)
 }
07:34:42 `Bat`1461290 missed {
 is already Found: false).
 Position: LorenzVec(x=-41.5, y=66.28125, z=-89.5)
 DistanceC: 12.392103897571772
Relative Position: LorenzVec(x=12.392103897571772, y=-2.78125, z=6.595299592649241)
 }
07:34:42 `Bat`1461296 missed {
 is already Found: false).
 Position: LorenzVec(x=-41.5, y=67.28125, z=-89.5)
 DistanceC: 12.392103897571772
Relative Position: LorenzVec(x=12.392103897571772, y=-1.78125, z=6.595299592649241)
 }
07:34:42 `Bat`1461302 missed {
 is already Found: false).
 Position: LorenzVec(x=-40.5, y=64.28125, z=-89.5)
 DistanceC: 13.392103897571772
Relative Position: LorenzVec(x=13.392103897571772, y=-4.78125, z=6.595299592649241)
 }
07:34:42 `Bat`1461308 missed {
 is already Found: false).
 Position: LorenzVec(x=-40.5, y=65.28125, z=-89.5)
 DistanceC: 13.392103897571772
Relative Position: LorenzVec(x=13.392103897571772, y=-3.78125, z=6.595299592649241)
 }
07:34:42 `Bat`1461314 missed {
 is already Found: false).
 Position: LorenzVec(x=-40.5, y=66.28125, z=-89.5)
 DistanceC: 13.392103897571772
Relative Position: LorenzVec(x=13.392103897571772, y=-2.78125, z=6.595299592649241)
 }
07:34:42 `Bat`1461320 missed {
 is already Found: false).
 Position: LorenzVec(x=-40.5, y=67.28125, z=-89.5)
 DistanceC: 13.392103897571772
Relative Position: LorenzVec(x=13.392103897571772, y=-1.78125, z=6.595299592649241)
 }
07:34:42 `Bat`1461326 missed {
 is already Found: false).
 Position: LorenzVec(x=-39.5, y=64.28125, z=-89.5)
 DistanceC: 14.392103897571772
Relative Position: LorenzVec(x=14.392103897571772, y=-4.78125, z=6.595299592649241)
 }
07:34:42 `Bat`1461332 missed {
 is already Found: false).
 Position: LorenzVec(x=-39.5, y=65.28125, z=-89.5)
 DistanceC: 14.392103897571772
Relative Position: LorenzVec(x=14.392103897571772, y=-3.78125, z=6.595299592649241)
 }
07:34:42 `Bat`1461338 missed {
 is already Found: false).
 Position: LorenzVec(x=-39.5, y=66.28125, z=-89.5)
 DistanceC: 14.392103897571772
Relative Position: LorenzVec(x=14.392103897571772, y=-2.78125, z=6.595299592649241)
 }
07:34:42 `Bat`1461344 missed {
 is already Found: false).
 Position: LorenzVec(x=-39.5, y=67.28125, z=-89.5)
 DistanceC: 14.392103897571772
Relative Position: LorenzVec(x=14.392103897571772, y=-1.78125, z=6.595299592649241)
 }
07:35:03 `Skeleton`1474086 missed {
 is already Found: false).
 Position: LorenzVec(x=76.0625, y=225.0, z=74.46875)
 DistanceC: 11.354102469279582
Relative Position: LorenzVec(x=6.0622713166779505, y=0.4641593749554431, z=11.354102469279582)
 }
07:35:03 `Skeleton`1474098 missed {
 is already Found: false).
 Position: LorenzVec(x=82.875, y=226.0, z=73.84375)
 DistanceC: 12.87477131667795
Relative Position: LorenzVec(x=12.87477131667795, y=1.4641593749554431, z=10.729102469279582)
 }
07:35:04 `Skeleton`1474123 missed {
 is already Found: false).
 Position: LorenzVec(x=79.0625, y=225.0, z=74.40625)
 DistanceC: 11.859494835459216
Relative Position: LorenzVec(x=8.88252350530675, y=1.1451067006516382, z=11.859494835459216)
 }
07:35:04 `Skeleton`1474141 missed {
 is already Found: false).
 Position: LorenzVec(x=68.47211721204617, y=221.7679212583056, z=60.67030536716141)
 DistanceC: 1.8764497973793723
Relative Position: LorenzVec(x=-1.7078592826470782, y=-2.0869720410427703, z=-1.8764497973793723)
 }
07:35:04 `Skeleton`1473966 missed {
 is already Found: false).
 Position: LorenzVec(x=83.34375, y=222.07291666666669, z=49.92708333333333)
 DistanceC: 11.92717495334523
Relative Position: LorenzVec(x=11.92717495334523, y=0.5729166666666856, z=-10.143467063572132)
 }
07:35:04 `Skeleton`1473986 missed {
 is already Found: false).
 Position: LorenzVec(x=84.8125, y=221.0, z=51.53125)
 DistanceC: 13.318972867724398
Relative Position: LorenzVec(x=13.318972867724398, y=-0.5, z=-7.969663926924127)
 }
07:35:04 `Skeleton`1473974 missed {
 is already Found: false).
 Position: LorenzVec(x=79.34375, y=221.0625, z=48.5625)
 DistanceC: 9.57670563804308
Relative Position: LorenzVec(x=7.895053488743173, y=0.026659374955443127, z=-9.57670563804308)
 }
07:35:04 `Skeleton`1473970 missed {
 is already Found: false).
 Position: LorenzVec(x=81.72916666666667, y=223.0, z=51.520833333333336)
 DistanceC: 10.297657237686536
Relative Position: LorenzVec(x=10.297657237686536, y=2.0, z=-6.276603956533073)
 }
07:35:04 `Skeleton`1473982 missed {
 is already Found: false).
 Position: LorenzVec(x=78.92708333333333, y=221.0, z=50.59375)
 DistanceC: 7.4955739043531935
Relative Position: LorenzVec(x=7.4955739043531935, y=0.0, z=-7.203687289866409)
 }
07:35:04 `Skeleton`1473990 missed {
 is already Found: false).
 Position: LorenzVec(x=80.88503086419753, y=223.0, z=51.625)
 DistanceC: 9.453521435217397
Relative Position: LorenzVec(x=9.453521435217397, y=2.0, z=-6.172437289866409)
 }
07:35:05 `Skeleton`1473978 missed {
 is already Found: false).
 Position: LorenzVec(x=83.0625, y=223.0, z=48.90625)
 DistanceC: 12.048810042331226
Relative Position: LorenzVec(x=12.048810042331226, y=2.0, z=-6.06046859754521)
 }
07:35:05 `Skeleton`1474204 missed {
 is already Found: false).
 Position: LorenzVec(x=78.2986111111111, y=221.0, z=51.22067901234568)
 DistanceC: 7.284921153442326
Relative Position: LorenzVec(x=7.284921153442326, y=0.0, z=-3.730435266800349)
 }
07:35:05 `Skeleton`1474208 missed {
 is already Found: false).
 Position: LorenzVec(x=82.5, y=223.0, z=50.375)
 DistanceC: 11.486310042331226
Relative Position: LorenzVec(x=11.486310042331226, y=2.0, z=-4.576114279146026)
 }
07:35:05 `Skeleton`1474188 missed {
 is already Found: false).
 Position: LorenzVec(x=77.26470336076818, y=221.0, z=47.63597393689986)
 DistanceC: 7.315140342246167
Relative Position: LorenzVec(x=6.251013403099407, y=0.0, z=-7.315140342246167)
 }
07:35:06 `Skeleton`1474184 missed {
 is already Found: false).
 Position: LorenzVec(x=78.73958333333334, y=221.02083333333331, z=35.5625)
 DistanceC: 19.388614279146026
Relative Position: LorenzVec(x=7.725893375664569, y=0.020833333333314386, z=-19.388614279146026)
 }
07:35:06 `Skeleton`1474200 missed {
 is already Found: false).
 Position: LorenzVec(x=76.1693672839506, y=221.0, z=46.79629629629629)
 DistanceC: 8.154817982849735
Relative Position: LorenzVec(x=5.1556773262818325, y=0.0, z=-8.154817982849735)
 }
07:35:06 `Skeleton`1474196 missed {
 is already Found: false).
 Position: LorenzVec(x=82.875, y=223.0, z=51.625)
 DistanceC: 11.861310042331226
Relative Position: LorenzVec(x=11.861310042331226, y=2.0, z=-3.326114279146026)
 }
07:35:06 `Skeleton`1474192 missed {
 is already Found: false).
 Position: LorenzVec(x=80.65625, y=222.15625, z=49.5625)
 DistanceC: 9.642560042331226
Relative Position: LorenzVec(x=9.642560042331226, y=1.15625, z=-5.388614279146026)
 }
07:35:07 `Skeleton`1474078 missed {
 is already Found: false).
 Position: LorenzVec(x=58.812157064471876, y=222.44444444444446, z=43.049682784636495)
 DistanceC: 12.201532893196898
Relative Position: LorenzVec(x=-12.201532893196898, y=1.444444444444457, z=-11.90143149450953)
 }
07:35:07 `Skeleton`1474074 missed {
 is already Found: false).
 Position: LorenzVec(x=54.04848251028806, y=224.0439814814815, z=42.79128086419753)
 DistanceC: 19.774735741867566
Relative Position: LorenzVec(x=-19.774735741867566, y=3.043981481481495, z=-6.792708783915053)
 }
07:35:07 `Skeleton`1474070 missed {
 is already Found: false).
 Position: LorenzVec(x=55.0650720164609, y=224.05787037037038, z=43.352537722908096)
 DistanceC: 19.843715383395505
Relative Position: LorenzVec(x=-19.843715383395505, y=3.057870370370381, z=-5.377367299776743)
 }
07:35:07 `Skeleton`1474051 missed {
 is already Found: false).
 Position: LorenzVec(x=59.4375, y=221.40625, z=39.625)
 DistanceC: 16.115269057378782
Relative Position: LorenzVec(x=-16.115269057378782, y=0.40625, z=-8.788408305119937)
 }
07:35:09 `Skeleton`1474047 missed {
 is already Found: false).
 Position: LorenzVec(x=56.5150462962963, y=222.09953703703704, z=39.88078703703703)
 DistanceC: 21.816635601104302
Relative Position: LorenzVec(x=-21.816635601104302, y=1.099537037037038, z=-11.607383468297378)
 }
07:35:09 `Skeleton`1474043 missed {
 is already Found: false).
 Position: LorenzVec(x=56.43055555555556, y=221.94907407407408, z=39.60300925925926)
 DistanceC: 21.88512418899674
Relative Position: LorenzVec(x=-21.88512418899674, y=0.9490740740740762, z=-11.73616807273077)
 }
07:35:09 `Skeleton`1474284 missed {
 is already Found: false).
 Position: LorenzVec(x=56.45829999237921, y=222.43055555555554, z=42.39636361327033)
 DistanceC: 21.804268130183146
Relative Position: LorenzVec(x=-21.804268130183146, y=1.430555555555543, z=-8.023631999623518)
 }
07:35:09 `Skeleton`1474407 missed {
 is already Found: false).
 Position: LorenzVec(x=56.34375, y=221.0, z=43.34375)
 DistanceC: 21.90991980754245
Relative Position: LorenzVec(x=-21.90991980754245, y=0.0, z=-6.519789081035235)
 }
07:35:09 `Skeleton`1474395 missed {
 is already Found: false).
 Position: LorenzVec(x=57.40509259259259, y=221.13541666666666, z=39.55787037037037)
 DistanceC: 20.94091576607675
Relative Position: LorenzVec(x=-20.94091576607675, y=0.1354166666666572, z=-8.345341064050771)
 }
07:35:10 `Skeleton`1474272 missed {
 is already Found: false).
 Position: LorenzVec(x=59.84375, y=220.48958333333334, z=33.125)
 DistanceC: 18.659957353978385
Relative Position: LorenzVec(x=-18.659957353978385, y=-0.5104166666666572, z=-14.561045250374697)
 }
07:35:10 `Skeleton`1474368 missed {
 is already Found: false).
 Position: LorenzVec(x=56.59375, y=220.375, z=34.3125)
 DistanceC: 21.78302965827092
Relative Position: LorenzVec(x=-21.78302965827092, y=-0.625, z=-12.920470663732416)
 }
07:35:12 `Skeleton`1474391 missed {
 is already Found: false).
 Position: LorenzVec(x=66.66319444444444, y=221.04166666666669, z=38.27777777777778)
 DistanceC: 11.574305567476486
Relative Position: LorenzVec(x=-11.574305567476486, y=0.041666666666685614, z=-9.17690071848952)
 }
07:35:13 `Skeleton`1474039 missed {
 is already Found: false).
 Position: LorenzVec(x=64.5625, y=222.0, z=40.46875)
 DistanceC: 13.675000011920929
Relative Position: LorenzVec(x=-13.675000011920929, y=1.0, z=-6.985928496267299)
 }
07:35:25 `Skeleton`1477116 missed {
 is already Found: false).
 Position: LorenzVec(x=45.927054380295694, y=169.0, z=51.809772790485404)
 DistanceC: 17.411123310547886
Relative Position: LorenzVec(x=5.076435744624703, y=0.0, z=-17.411123310547886)
 }
07:38:12 `0s125z08a5`1494234 missed {
 is already Found: false).
 Position: LorenzVec(x=56.8125, y=106.0, z=36.6875)
 DistanceC: 4.887459434029161
Relative Position: LorenzVec(x=1.2131215535422655, y=-9.0, z=-4.887459434029161)
 }
07:38:18 `Giant`1494220 missed {
 is already Found: false).
 Position: LorenzVec(x=36.90625, y=110.28125, z=39.64583333333333)
 DistanceC: 18.693128446457735
Relative Position: LorenzVec(x=-18.693128446457735, y=-4.71875, z=-1.9291261006958322)
 }
07:38:19 `Giant`1494519 missed {
 is already Found: false).
 Position: LorenzVec(x=36.36458333333333, y=110.30208333333334, z=37.21875)
 DistanceC: 19.234795113124406
Relative Position: LorenzVec(x=-19.234795113124406, y=-4.697916666666657, z=-4.356209434029161)
 }
07:38:20 `Giant`1494959 missed {
 is already Found: false).
 Position: LorenzVec(x=38.5625, y=110.3125, z=34.833333333333336)
 DistanceC: 17.036878446457735
Relative Position: LorenzVec(x=-17.036878446457735, y=-4.6875, z=-6.741626100695825)
 }
07:38:21 `Wither`1486351 missed {
 is already Found: false).
 Position: LorenzVec(x=38.74768518518518, y=118.3125, z=40.3125)
 DistanceC: 16.85169326127255
Relative Position: LorenzVec(x=-16.85169326127255, y=3.3125, z=-1.2624594340291608)
 }
07:40:02 `Bat`1501422 missed {
 is already Found: false).
 Position: LorenzVec(x=52.5, y=103.84375, z=54.5)
 DistanceC: 16.423241810224525
Relative Position: LorenzVec(x=-1.2389285146218754, y=-10.15625, z=-16.423241810224525)
 }
07:40:02 `Bat`1501424 missed {
 is already Found: false).
 Position: LorenzVec(x=52.5, y=104.84375, z=54.5)
 DistanceC: 16.423241810224525
Relative Position: LorenzVec(x=-1.2389285146218754, y=-9.15625, z=-16.423241810224525)
 }
07:40:02 `Bat`1501426 missed {
 is already Found: false).
 Position: LorenzVec(x=52.5, y=105.84375, z=54.5)
 DistanceC: 16.423241810224525
Relative Position: LorenzVec(x=-1.2389285146218754, y=-8.15625, z=-16.423241810224525)
 }
07:40:02 `Bat`1501428 missed {
 is already Found: false).
 Position: LorenzVec(x=52.5, y=106.84375, z=54.5)
 DistanceC: 16.423241810224525
Relative Position: LorenzVec(x=-1.2389285146218754, y=-7.15625, z=-16.423241810224525)
 }
07:40:02 `Bat`1501430 missed {
 is already Found: false).
 Position: LorenzVec(x=52.5, y=107.84375, z=54.5)
 DistanceC: 16.423241810224525
Relative Position: LorenzVec(x=-1.2389285146218754, y=-6.15625, z=-16.423241810224525)
 }
07:40:02 `Bat`1501432 missed {
 is already Found: false).
 Position: LorenzVec(x=52.5, y=108.84375, z=54.5)
 DistanceC: 16.423241810224525
Relative Position: LorenzVec(x=-1.2389285146218754, y=-5.15625, z=-16.423241810224525)
 }
07:40:02 `Bat`1501434 missed {
 is already Found: false).
 Position: LorenzVec(x=52.5, y=109.84375, z=54.5)
 DistanceC: 16.423241810224525
Relative Position: LorenzVec(x=-1.2389285146218754, y=-4.15625, z=-16.423241810224525)
 }
07:40:02 `Bat`1501436 missed {
 is already Found: false).
 Position: LorenzVec(x=53.5, y=103.84375, z=54.5)
 DistanceC: 16.423241810224525
Relative Position: LorenzVec(x=-0.23892851462187537, y=-10.15625, z=-16.423241810224525)
 }
07:40:02 `Bat`1501438 missed {
 is already Found: false).
 Position: LorenzVec(x=53.5, y=104.84375, z=54.5)
 DistanceC: 16.423241810224525
Relative Position: LorenzVec(x=-0.23892851462187537, y=-9.15625, z=-16.423241810224525)
 }
07:40:02 `Bat`1501440 missed {
 is already Found: false).
 Position: LorenzVec(x=53.5, y=105.84375, z=54.5)
 DistanceC: 16.423241810224525
Relative Position: LorenzVec(x=-0.23892851462187537, y=-8.15625, z=-16.423241810224525)
 }
07:40:02 `Bat`1501442 missed {
 is already Found: false).
 Position: LorenzVec(x=53.5, y=106.84375, z=54.5)
 DistanceC: 16.423241810224525
Relative Position: LorenzVec(x=-0.23892851462187537, y=-7.15625, z=-16.423241810224525)
 }
07:40:02 `Bat`1501444 missed {
 is already Found: false).
 Position: LorenzVec(x=53.5, y=107.84375, z=54.5)
 DistanceC: 16.423241810224525
Relative Position: LorenzVec(x=-0.23892851462187537, y=-6.15625, z=-16.423241810224525)
 }
07:40:02 `Bat`1501446 missed {
 is already Found: false).
 Position: LorenzVec(x=53.5, y=108.84375, z=54.5)
 DistanceC: 16.423241810224525
Relative Position: LorenzVec(x=-0.23892851462187537, y=-5.15625, z=-16.423241810224525)
 }
07:40:02 `Bat`1501448 missed {
 is already Found: false).
 Position: LorenzVec(x=53.5, y=109.84375, z=54.5)
 DistanceC: 16.423241810224525
Relative Position: LorenzVec(x=-0.23892851462187537, y=-4.15625, z=-16.423241810224525)
 }
07:40:02 `Bat`1501450 missed {
 is already Found: false).
 Position: LorenzVec(x=54.5, y=103.84375, z=54.5)
 DistanceC: 16.423241810224525
Relative Position: LorenzVec(x=0.7610714853781246, y=-10.15625, z=-16.423241810224525)
 }
07:40:02 `Bat`1501452 missed {
 is already Found: false).
 Position: LorenzVec(x=54.5, y=104.84375, z=54.5)
 DistanceC: 16.423241810224525
Relative Position: LorenzVec(x=0.7610714853781246, y=-9.15625, z=-16.423241810224525)
 }
07:40:02 `Bat`1501454 missed {
 is already Found: false).
 Position: LorenzVec(x=54.5, y=105.84375, z=54.5)
 DistanceC: 16.423241810224525
Relative Position: LorenzVec(x=0.7610714853781246, y=-8.15625, z=-16.423241810224525)
 }
07:40:02 `Bat`1501456 missed {
 is already Found: false).
 Position: LorenzVec(x=54.5, y=106.84375, z=54.5)
 DistanceC: 16.423241810224525
Relative Position: LorenzVec(x=0.7610714853781246, y=-7.15625, z=-16.423241810224525)
 }
07:40:02 `Bat`1501458 missed {
 is already Found: false).
 Position: LorenzVec(x=54.5, y=107.84375, z=54.5)
 DistanceC: 16.423241810224525
Relative Position: LorenzVec(x=0.7610714853781246, y=-6.15625, z=-16.423241810224525)
 }
07:40:02 `Bat`1501460 missed {
 is already Found: false).
 Position: LorenzVec(x=54.5, y=108.84375, z=54.5)
 DistanceC: 16.423241810224525
Relative Position: LorenzVec(x=0.7610714853781246, y=-5.15625, z=-16.423241810224525)
 }
07:40:02 `Bat`1501462 missed {
 is already Found: false).
 Position: LorenzVec(x=54.5, y=109.84375, z=54.5)
 DistanceC: 16.423241810224525
Relative Position: LorenzVec(x=0.7610714853781246, y=-4.15625, z=-16.423241810224525)
 }
07:40:02 `Bat`1501464 missed {
 is already Found: false).
 Position: LorenzVec(x=55.5, y=103.84375, z=54.5)
 DistanceC: 16.423241810224525
Relative Position: LorenzVec(x=1.7610714853781246, y=-10.15625, z=-16.423241810224525)
 }
07:40:02 `Bat`1501466 missed {
 is already Found: false).
 Position: LorenzVec(x=55.5, y=104.84375, z=54.5)
 DistanceC: 16.423241810224525
Relative Position: LorenzVec(x=1.7610714853781246, y=-9.15625, z=-16.423241810224525)
 }
07:40:02 `Bat`1501468 missed {
 is already Found: false).
 Position: LorenzVec(x=55.5, y=105.84375, z=54.5)
 DistanceC: 16.423241810224525
Relative Position: LorenzVec(x=1.7610714853781246, y=-8.15625, z=-16.423241810224525)
 }
07:40:02 `Bat`1501470 missed {
 is already Found: false).
 Position: LorenzVec(x=55.5, y=106.84375, z=54.5)
 DistanceC: 16.423241810224525
Relative Position: LorenzVec(x=1.7610714853781246, y=-7.15625, z=-16.423241810224525)
 }
07:40:02 `Bat`1501472 missed {
 is already Found: false).
 Position: LorenzVec(x=55.5, y=107.84375, z=54.5)
 DistanceC: 16.423241810224525
Relative Position: LorenzVec(x=1.7610714853781246, y=-6.15625, z=-16.423241810224525)
 }
07:40:02 `Bat`1501474 missed {
 is already Found: false).
 Position: LorenzVec(x=55.5, y=108.84375, z=54.5)
 DistanceC: 16.423241810224525
Relative Position: LorenzVec(x=1.7610714853781246, y=-5.15625, z=-16.423241810224525)
 }
07:40:02 `Bat`1501476 missed {
 is already Found: false).
 Position: LorenzVec(x=55.5, y=109.84375, z=54.5)
 DistanceC: 16.423241810224525
Relative Position: LorenzVec(x=1.7610714853781246, y=-4.15625, z=-16.423241810224525)
 }
07:40:02 `Bat`1501478 missed {
 is already Found: false).
 Position: LorenzVec(x=56.5, y=103.84375, z=54.5)
 DistanceC: 16.423241810224525
Relative Position: LorenzVec(x=2.7610714853781246, y=-10.15625, z=-16.423241810224525)
 }
07:40:02 `Bat`1501480 missed {
 is already Found: false).
 Position: LorenzVec(x=56.5, y=104.84375, z=54.5)
 DistanceC: 16.423241810224525
Relative Position: LorenzVec(x=2.7610714853781246, y=-9.15625, z=-16.423241810224525)
 }
07:40:02 `Bat`1501482 missed {
 is already Found: false).
 Position: LorenzVec(x=56.5, y=105.84375, z=54.5)
 DistanceC: 16.423241810224525
Relative Position: LorenzVec(x=2.7610714853781246, y=-8.15625, z=-16.423241810224525)
 }
07:40:02 `Bat`1501484 missed {
 is already Found: false).
 Position: LorenzVec(x=56.5, y=106.84375, z=54.5)
 DistanceC: 16.423241810224525
Relative Position: LorenzVec(x=2.7610714853781246, y=-7.15625, z=-16.423241810224525)
 }
07:40:02 `Bat`1501486 missed {
 is already Found: false).
 Position: LorenzVec(x=56.5, y=107.84375, z=54.5)
 DistanceC: 16.423241810224525
Relative Position: LorenzVec(x=2.7610714853781246, y=-6.15625, z=-16.423241810224525)
 }
07:40:02 `Bat`1501488 missed {
 is already Found: false).
 Position: LorenzVec(x=56.5, y=108.84375, z=54.5)
 DistanceC: 16.423241810224525
Relative Position: LorenzVec(x=2.7610714853781246, y=-5.15625, z=-16.423241810224525)
 }
07:40:02 `Bat`1501490 missed {
 is already Found: false).
 Position: LorenzVec(x=56.5, y=109.84375, z=54.5)
 DistanceC: 16.423241810224525
Relative Position: LorenzVec(x=2.7610714853781246, y=-4.15625, z=-16.423241810224525)
 }
